2025-02-02 21:10:50,274 - INFO - 已載入 811 篇已處理文章
2025-02-02 21:10:50,275 - INFO - 掃描模式: recent
2025-02-02 21:10:50,276 - INFO - 日期範圍: 2025-01-03 到 2025-02-02
2025-02-02 21:10:50,277 - INFO - 開始掃描文章...
2025-02-02 21:10:50,680 - WARNING - 請求失敗 (重試 1/5): 404 Client Error: Not Found for url: https://real-estate.get.com.tw/Columns/list?page=1
2025-02-02 21:10:53,696 - WARNING - 請求失敗 (重試 2/5): 404 Client Error: Not Found for url: https://real-estate.get.com.tw/Columns/list?page=1
2025-02-02 21:10:59,708 - WARNING - 請求失敗 (重試 3/5): 404 Client Error: Not Found for url: https://real-estate.get.com.tw/Columns/list?page=1
2025-02-02 21:11:08,724 - WARNING - 請求失敗 (重試 4/5): 404 Client Error: Not Found for url: https://real-estate.get.com.tw/Columns/list?page=1
2025-02-02 21:11:20,746 - WARNING - 請求失敗 (重試 5/5): 404 Client Error: Not Found for url: https://real-estate.get.com.tw/Columns/list?page=1
2025-02-02 21:11:35,749 - ERROR - 達到最大重試次數 (5)
2025-02-02 21:11:35,750 - INFO - 掃描完成，共處理 0 篇文章
2025-02-02 21:18:45,072 - INFO - 初始化更新模式: recent
2025-02-02 21:18:45,072 - INFO - 更新時間範圍: 2025-01-03 到 2025-02-02
2025-02-02 21:18:45,072 - INFO - 開始檢查文章更新 (檢查範圍: 2025-01-03 到 2025-02-02)
2025-02-02 21:18:45,559 - INFO - 檢測到期刊總頁數: 1
2025-02-02 21:18:45,561 - INFO - 正在檢查第 1 頁的文章列表
2025-02-02 21:18:46,641 - INFO - 第 1 頁沒有找到新文章，停止檢查
2025-02-02 21:18:46,641 - INFO - 找到 0 篇待檢查文章
2025-02-02 21:18:46,648 - INFO - 更新完成：成功 0 篇，失敗 0 篇
2025-02-02 21:18:46,657 - INFO - 更新程序結束
