2025-04-13 23:15:30,117 - INFO - 使用固定頁數: 176
2025-04-13 23:15:30,126 - INFO - 正在處理第 1 頁，共 176 頁
2025-04-13 23:15:43,004 - INFO - 正在處理第 2 頁，共 176 頁
2025-04-13 23:15:55,024 - INFO - 正在處理第 3 頁，共 176 頁
2025-04-13 23:16:13,643 - INFO - 正在處理第 4 頁，共 176 頁
2025-04-13 23:16:33,661 - INFO - 正在處理第 5 頁，共 176 頁
2025-04-13 23:16:47,941 - INFO - 正在處理第 6 頁，共 176 頁
2025-04-13 23:17:01,778 - INFO - 正在處理第 7 頁，共 176 頁
2025-04-13 23:17:21,904 - INFO - 正在處理第 8 頁，共 176 頁
2025-04-13 23:17:40,515 - INFO - 正在處理第 9 頁，共 176 頁
2025-04-13 23:17:53,748 - INFO - 正在處理第 10 頁，共 176 頁
2025-04-13 23:18:07,826 - INFO - 正在處理第 11 頁，共 176 頁
2025-04-13 23:18:22,112 - INFO - 正在處理第 12 頁，共 176 頁
2025-04-13 23:18:39,038 - INFO - 正在處理第 13 頁，共 176 頁
2025-04-13 23:18:57,376 - INFO - 正在處理第 14 頁，共 176 頁
2025-04-13 23:19:10,120 - INFO - 正在處理第 15 頁，共 176 頁
2025-04-13 23:19:22,025 - INFO - 正在處理第 16 頁，共 176 頁
2025-04-13 23:19:41,627 - INFO - 正在處理第 17 頁，共 176 頁
2025-04-13 23:20:00,085 - INFO - 正在處理第 18 頁，共 176 頁
2025-04-13 23:20:15,139 - INFO - 正在處理第 19 頁，共 176 頁
2025-04-13 23:20:26,627 - INFO - 正在處理第 20 頁，共 176 頁
2025-04-13 23:20:38,996 - INFO - 正在處理第 21 頁，共 176 頁
2025-04-13 23:20:51,188 - INFO - 正在處理第 22 頁，共 176 頁
2025-04-13 23:21:03,982 - INFO - 正在處理第 23 頁，共 176 頁
2025-04-13 23:21:17,695 - INFO - 正在處理第 24 頁，共 176 頁
2025-04-13 23:21:35,760 - INFO - 正在處理第 25 頁，共 176 頁
2025-04-13 23:21:50,656 - INFO - 正在處理第 26 頁，共 176 頁
2025-04-13 23:22:10,758 - INFO - 正在處理第 27 頁，共 176 頁
2025-04-13 23:22:21,561 - INFO - 正在處理第 28 頁，共 176 頁
2025-04-13 23:22:34,491 - INFO - 正在處理第 29 頁，共 176 頁
2025-04-13 23:22:46,526 - INFO - 正在處理第 30 頁，共 176 頁
2025-04-13 23:23:02,264 - INFO - 正在處理第 31 頁，共 176 頁
2025-04-13 23:23:16,202 - INFO - 正在處理第 32 頁，共 176 頁
2025-04-13 23:23:34,282 - INFO - 正在處理第 33 頁，共 176 頁
2025-04-13 23:23:48,493 - INFO - 正在處理第 34 頁，共 176 頁
2025-04-13 23:24:01,155 - INFO - 正在處理第 35 頁，共 176 頁
2025-04-13 23:24:17,602 - INFO - 正在處理第 36 頁，共 176 頁
2025-04-13 23:24:33,452 - INFO - 正在處理第 37 頁，共 176 頁
2025-04-13 23:24:50,817 - INFO - 正在處理第 38 頁，共 176 頁
2025-04-13 23:25:09,243 - INFO - 正在處理第 39 頁，共 176 頁
2025-04-13 23:25:22,864 - INFO - 正在處理第 40 頁，共 176 頁
2025-04-13 23:25:41,266 - INFO - 正在處理第 41 頁，共 176 頁
2025-04-13 23:26:00,422 - INFO - 正在處理第 42 頁，共 176 頁
2025-04-13 23:26:10,954 - INFO - 正在處理第 43 頁，共 176 頁
2025-04-13 23:26:21,278 - INFO - 正在處理第 44 頁，共 176 頁
2025-04-13 23:26:38,354 - INFO - 正在處理第 45 頁，共 176 頁
2025-04-13 23:26:50,783 - INFO - 正在處理第 46 頁，共 176 頁
2025-04-13 23:27:04,372 - INFO - 正在處理第 47 頁，共 176 頁
2025-04-13 23:27:16,412 - INFO - 正在處理第 48 頁，共 176 頁
2025-04-13 23:27:33,063 - INFO - 正在處理第 49 頁，共 176 頁
2025-04-13 23:27:51,357 - INFO - 正在處理第 50 頁，共 176 頁
2025-04-13 23:28:08,226 - INFO - 正在處理第 51 頁，共 176 頁
2025-04-13 23:28:22,826 - INFO - 正在處理第 52 頁，共 176 頁
2025-04-13 23:28:41,278 - INFO - 正在處理第 53 頁，共 176 頁
2025-04-13 23:28:52,328 - INFO - 正在處理第 54 頁，共 176 頁
2025-04-13 23:29:07,236 - INFO - 正在處理第 55 頁，共 176 頁
2025-04-13 23:29:23,674 - INFO - 正在處理第 56 頁，共 176 頁
2025-04-13 23:29:34,133 - INFO - 正在處理第 57 頁，共 176 頁
2025-04-13 23:29:51,659 - INFO - 正在處理第 58 頁，共 176 頁
2025-04-13 23:30:05,050 - INFO - 正在處理第 59 頁，共 176 頁
2025-04-13 23:30:16,279 - INFO - 正在處理第 60 頁，共 176 頁
2025-04-13 23:30:32,402 - INFO - 正在處理第 61 頁，共 176 頁
2025-04-13 23:30:52,001 - INFO - 正在處理第 62 頁，共 176 頁
2025-04-13 23:31:02,579 - INFO - 正在處理第 63 頁，共 176 頁
2025-04-13 23:31:21,152 - INFO - 正在處理第 64 頁，共 176 頁
2025-04-13 23:31:34,390 - INFO - 正在處理第 65 頁，共 176 頁
2025-04-13 23:31:45,083 - INFO - 正在處理第 66 頁，共 176 頁
2025-04-13 23:32:02,788 - INFO - 正在處理第 67 頁，共 176 頁
2025-04-13 23:32:15,007 - INFO - 正在處理第 68 頁，共 176 頁
2025-04-13 23:32:31,390 - INFO - 正在處理第 69 頁，共 176 頁
2025-04-13 23:32:41,709 - INFO - 正在處理第 70 頁，共 176 頁
2025-04-13 23:32:57,851 - INFO - 正在處理第 71 頁，共 176 頁
2025-04-13 23:33:11,423 - INFO - 正在處理第 72 頁，共 176 頁
2025-04-13 23:33:27,950 - INFO - 正在處理第 73 頁，共 176 頁
2025-04-13 23:33:45,518 - INFO - 正在處理第 74 頁，共 176 頁
2025-04-13 23:34:00,419 - INFO - 正在處理第 75 頁，共 176 頁
2025-04-13 23:34:14,598 - INFO - 正在處理第 76 頁，共 176 頁
2025-04-13 23:34:28,795 - INFO - 正在處理第 77 頁，共 176 頁
2025-04-13 23:34:40,987 - INFO - 正在處理第 78 頁，共 176 頁
2025-04-13 23:34:52,424 - INFO - 正在處理第 79 頁，共 176 頁
2025-04-13 23:35:05,392 - INFO - 正在處理第 80 頁，共 176 頁
2025-04-13 23:35:24,609 - INFO - 正在處理第 81 頁，共 176 頁
2025-04-13 23:35:42,558 - INFO - 正在處理第 82 頁，共 176 頁
2025-04-13 23:36:01,170 - INFO - 正在處理第 83 頁，共 176 頁
2025-04-13 23:36:17,018 - INFO - 正在處理第 84 頁，共 176 頁
2025-04-13 23:36:37,319 - INFO - 正在處理第 85 頁，共 176 頁
2025-04-13 23:36:48,787 - INFO - 正在處理第 86 頁，共 176 頁
2025-04-13 23:37:08,433 - INFO - 正在處理第 87 頁，共 176 頁
2025-04-13 23:37:21,117 - INFO - 正在處理第 88 頁，共 176 頁
2025-04-13 23:37:34,233 - INFO - 正在處理第 89 頁，共 176 頁
2025-04-13 23:37:54,607 - INFO - 正在處理第 90 頁，共 176 頁
2025-04-13 23:38:14,354 - INFO - 正在處理第 91 頁，共 176 頁
2025-04-13 23:38:30,419 - INFO - 正在處理第 92 頁，共 176 頁
2025-04-13 23:38:48,359 - INFO - 正在處理第 93 頁，共 176 頁
2025-04-13 23:39:07,556 - INFO - 正在處理第 94 頁，共 176 頁
2025-04-13 23:39:21,981 - INFO - 正在處理第 95 頁，共 176 頁
2025-04-13 23:39:39,731 - INFO - 正在處理第 96 頁，共 176 頁
2025-04-13 23:39:53,835 - INFO - 正在處理第 97 頁，共 176 頁
2025-04-13 23:40:10,912 - INFO - 正在處理第 98 頁，共 176 頁
2025-04-13 23:40:24,285 - INFO - 正在處理第 99 頁，共 176 頁
2025-04-13 23:40:37,285 - INFO - 正在處理第 100 頁，共 176 頁
2025-04-13 23:40:48,190 - INFO - 正在處理第 101 頁，共 176 頁
2025-04-13 23:41:07,485 - INFO - 正在處理第 102 頁，共 176 頁
2025-04-13 23:41:19,230 - INFO - 正在處理第 103 頁，共 176 頁
2025-04-13 23:41:34,506 - INFO - 正在處理第 104 頁，共 176 頁
2025-04-13 23:41:54,432 - INFO - 正在處理第 105 頁，共 176 頁
2025-04-13 23:42:05,513 - INFO - 正在處理第 106 頁，共 176 頁
2025-04-13 23:42:18,995 - INFO - 正在處理第 107 頁，共 176 頁
2025-04-13 23:42:35,802 - INFO - 正在處理第 108 頁，共 176 頁
2025-04-13 23:42:54,916 - INFO - 正在處理第 109 頁，共 176 頁
2025-04-13 23:43:10,940 - INFO - 正在處理第 110 頁，共 176 頁
2025-04-13 23:43:30,236 - INFO - 正在處理第 111 頁，共 176 頁
2025-04-13 23:43:44,822 - INFO - 正在處理第 112 頁，共 176 頁
2025-04-13 23:43:57,072 - INFO - 正在處理第 113 頁，共 176 頁
2025-04-13 23:44:12,025 - INFO - 正在處理第 114 頁，共 176 頁
2025-04-13 23:44:30,686 - INFO - 正在處理第 115 頁，共 176 頁
2025-04-13 23:44:45,504 - INFO - 正在處理第 116 頁，共 176 頁
2025-04-13 23:45:00,418 - INFO - 正在處理第 117 頁，共 176 頁
2025-04-13 23:45:18,051 - INFO - 正在處理第 118 頁，共 176 頁
2025-04-13 23:45:28,879 - INFO - 正在處理第 119 頁，共 176 頁
2025-04-13 23:45:44,628 - INFO - 正在處理第 120 頁，共 176 頁
2025-04-13 23:46:04,510 - INFO - 正在處理第 121 頁，共 176 頁
2025-04-13 23:46:17,161 - INFO - 正在處理第 122 頁，共 176 頁
2025-04-13 23:46:34,935 - INFO - 正在處理第 123 頁，共 176 頁
2025-04-13 23:46:50,968 - INFO - 正在處理第 124 頁，共 176 頁
2025-04-13 23:47:06,911 - INFO - 正在處理第 125 頁，共 176 頁
2025-04-13 23:47:20,091 - INFO - 正在處理第 126 頁，共 176 頁
2025-04-13 23:47:37,469 - INFO - 正在處理第 127 頁，共 176 頁
2025-04-13 23:47:57,489 - INFO - 正在處理第 128 頁，共 176 頁
2025-04-13 23:48:15,006 - INFO - 正在處理第 129 頁，共 176 頁
2025-04-13 23:48:34,942 - INFO - 正在處理第 130 頁，共 176 頁
2025-04-13 23:48:54,220 - INFO - 正在處理第 131 頁，共 176 頁
2025-04-13 23:49:08,539 - INFO - 正在處理第 132 頁，共 176 頁
2025-04-13 23:49:24,691 - INFO - 正在處理第 133 頁，共 176 頁
2025-04-13 23:49:41,529 - INFO - 正在處理第 134 頁，共 176 頁
2025-04-13 23:49:59,646 - INFO - 正在處理第 135 頁，共 176 頁
2025-04-13 23:50:12,408 - INFO - 正在處理第 136 頁，共 176 頁
2025-04-13 23:50:25,476 - INFO - 正在處理第 137 頁，共 176 頁
2025-04-13 23:50:43,066 - INFO - 正在處理第 138 頁，共 176 頁
2025-04-13 23:50:55,973 - INFO - 正在處理第 139 頁，共 176 頁
2025-04-13 23:51:15,970 - INFO - 正在處理第 140 頁，共 176 頁
2025-04-13 23:51:28,289 - INFO - 正在處理第 141 頁，共 176 頁
2025-04-13 23:51:42,285 - INFO - 正在處理第 142 頁，共 176 頁
2025-04-13 23:51:57,046 - INFO - 正在處理第 143 頁，共 176 頁
2025-04-13 23:52:13,345 - INFO - 正在處理第 144 頁，共 176 頁
2025-04-13 23:52:32,712 - INFO - 正在處理第 145 頁，共 176 頁
2025-04-13 23:52:46,032 - INFO - 正在處理第 146 頁，共 176 頁
2025-04-13 23:53:04,917 - INFO - 正在處理第 147 頁，共 176 頁
2025-04-13 23:53:19,724 - INFO - 正在處理第 148 頁，共 176 頁
2025-04-13 23:53:34,151 - INFO - 正在處理第 149 頁，共 176 頁
2025-04-13 23:53:45,976 - INFO - 正在處理第 150 頁，共 176 頁
2025-04-13 23:53:56,627 - INFO - 正在處理第 151 頁，共 176 頁
2025-04-13 23:54:13,050 - INFO - 正在處理第 152 頁，共 176 頁
2025-04-13 23:54:27,104 - INFO - 正在處理第 153 頁，共 176 頁
2025-04-13 23:54:42,493 - INFO - 正在處理第 154 頁，共 176 頁
2025-04-13 23:55:02,127 - INFO - 正在處理第 155 頁，共 176 頁
2025-04-13 23:55:14,135 - INFO - 正在處理第 156 頁，共 176 頁
2025-04-13 23:55:25,145 - INFO - 正在處理第 157 頁，共 176 頁
2025-04-13 23:55:43,013 - INFO - 正在處理第 158 頁，共 176 頁
2025-04-13 23:55:59,251 - INFO - 正在處理第 159 頁，共 176 頁
2025-04-13 23:56:10,567 - INFO - 正在處理第 160 頁，共 176 頁
2025-04-13 23:56:24,900 - INFO - 正在處理第 161 頁，共 176 頁
2025-04-13 23:56:36,358 - INFO - 正在處理第 162 頁，共 176 頁
2025-04-13 23:56:56,493 - INFO - 正在處理第 163 頁，共 176 頁
2025-04-13 23:57:07,635 - INFO - 正在處理第 164 頁，共 176 頁
2025-04-13 23:57:25,419 - INFO - 正在處理第 165 頁，共 176 頁
2025-04-13 23:57:45,470 - INFO - 正在處理第 166 頁，共 176 頁
2025-04-13 23:57:57,092 - INFO - 正在處理第 167 頁，共 176 頁
2025-04-13 23:58:10,316 - INFO - 正在處理第 168 頁，共 176 頁
2025-04-13 23:58:25,785 - INFO - 正在處理第 169 頁，共 176 頁
2025-04-13 23:58:44,216 - INFO - 正在處理第 170 頁，共 176 頁
2025-04-13 23:58:58,421 - INFO - 正在處理第 171 頁，共 176 頁
2025-04-13 23:59:11,007 - INFO - 正在處理第 172 頁，共 176 頁
2025-04-13 23:59:25,683 - INFO - 正在處理第 173 頁，共 176 頁
2025-04-13 23:59:39,070 - INFO - 正在處理第 174 頁，共 176 頁
2025-04-13 23:59:52,528 - INFO - 正在處理第 175 頁，共 176 頁
2025-04-14 00:00:06,516 - INFO - 正在處理第 176 頁，共 176 頁
2025-04-14 00:00:26,362 - INFO - 共收集到 2635 份考古題資訊
2025-04-14 00:00:26,362 - INFO - 正在匯出考古題資訊到CSV檔案...
2025-04-14 00:00:26,378 - INFO - 已匯出 2635 筆考古題資訊到 ./高點法律考古題\all_exams.csv
2025-04-14 00:00:26,378 - INFO - 正在生成README.md檔案...
2025-04-14 00:00:26,400 - INFO - README.md 檔案已生成
2025-04-14 00:00:26,400 - INFO - 開始下載 2635 份考古題 (分批下載，每批 5 份，批次間隔 120 秒)...
2025-04-14 00:00:26,400 - INFO - 處理第 1 批，共 5 份考古題 (總進度: 0/2635)
2025-04-14 00:00:31,026 - INFO - 已解鎖: 113年_地方政府特考三等-法制_立法程序與技術.pdf
2025-04-14 00:00:47,861 - INFO - 已解鎖: 113年_地方政府特考三等-法制_國文（作文與測驗）.pdf
2025-04-14 00:01:00,522 - INFO - 已解鎖: 113年_地方政府特考三等-法制_法學知識與英文（包括中華民國憲法、法學緒論、英文）.pdf
2025-04-14 00:01:24,166 - INFO - 已解鎖: 113年_地方政府特考三等-法制_刑法.pdf
2025-04-14 00:01:48,373 - INFO - 已解鎖: 113年_地方政府特考三等-法制_行政法.pdf
2025-04-14 00:02:06,456 - INFO - 批次處理完成，等待 120 秒後繼續下一批...
2025-04-14 00:04:06,460 - INFO - 處理第 2 批，共 5 份考古題 (總進度: 5/2635)
2025-04-14 00:04:13,490 - INFO - 已解鎖: 113年_地方政府特考三等-法制_民事訴訟法與刑事訴訟法.pdf
2025-04-14 00:04:37,383 - INFO - 已解鎖: 113年_地方政府特考三等-法制_民法.pdf
2025-04-14 00:04:53,846 - INFO - 已解鎖: 113年_地方政府特考三等-法律廉政_國文（作文與測驗）.pdf
2025-04-14 00:05:07,743 - INFO - 已解鎖: 113年_地方政府特考三等-法律廉政_法學知識與英文（包括中華民國憲法、法學緒論、英文）.pdf
