2025-02-01 23:01:49,024 - INFO - [MainThread] - 開始執行文章爬蟲程序
2025-02-01 23:01:49,027 - INFO - [MainThread] - 開始掃描文章...
2025-02-01 23:02:15,422 - INFO - [MainThread] - 成功抓取文章: 國土計畫法延後至民國120年4月30日上路,許文昌老師 (2025/01/23)
2025-02-01 23:02:15,449 - INFO - [MainThread] - 成功儲存文章: 國土計畫法延後至民國120年4月30日上路,許文昌老師
2025-02-01 23:02:18,698 - INFO - [MainThread] - 成功抓取文章: 都市計畫訴訟(1)-臺北高等行政法院111年度都訴字第1號判決,曾榮耀老師 (2025/01/21)
2025-02-01 23:02:18,729 - INFO - [MainThread] - 成功儲存文章: 都市計畫訴訟(1)-臺北高等行政法院111年度都訴字第1號判決,曾榮耀老師
2025-02-01 23:02:39,255 - INFO - [MainThread] - 成功下載圖片: 913286_792f4c082ec06ef8133871fcf9573cea.png
2025-02-01 23:02:39,255 - INFO - [MainThread] - 成功抓取文章: 借名契約,許文昌老師 (2025/01/16)
2025-02-01 23:02:39,304 - INFO - [MainThread] - 成功儲存文章: 借名契約,許文昌老師
2025-02-01 23:02:39,893 - INFO - [MainThread] - 成功抓取文章: 承攬人抵押權登記之性質,曾榮耀老師 (2025/01/14)
2025-02-01 23:02:39,921 - INFO - [MainThread] - 成功儲存文章: 承攬人抵押權登記之性質,曾榮耀老師
2025-02-01 23:02:45,977 - INFO - [MainThread] - 成功抓取文章: 公路法之私有公路之土地增值稅問題,許文昌老師 (2025/01/09)
2025-02-01 23:02:46,021 - INFO - [MainThread] - 成功儲存文章: 公路法之私有公路之土地增值稅問題,許文昌老師
2025-02-01 23:02:56,893 - INFO - [MainThread] - 成功抓取文章: 市地重劃之辦理方式（舉辦主體）,曾榮耀老師 (2025/01/07)
2025-02-01 23:02:56,937 - INFO - [MainThread] - 成功儲存文章: 市地重劃之辦理方式（舉辦主體）,曾榮耀老師
2025-02-01 23:03:11,807 - INFO - [MainThread] - 成功下載圖片: 913225_19dfb21a62a8bd23dc7d4c9cf36a6a4d.png
2025-02-01 23:03:11,811 - INFO - [MainThread] - 成功抓取文章: 112年憲判字第20號判決之影響,許文昌老師 (2025/01/02)
2025-02-01 23:03:11,875 - INFO - [MainThread] - 成功儲存文章: 112年憲判字第20號判決之影響,許文昌老師
2025-02-01 23:03:30,371 - INFO - [MainThread] - 成功下載圖片: 913190_b01af43a185535c257862760effa98f8.png
2025-02-01 23:03:30,373 - INFO - [MainThread] - 成功抓取文章: 114年贈與稅計算範例,曾榮耀老師 (2024/12/31)
2025-02-01 23:03:30,414 - INFO - [MainThread] - 成功儲存文章: 114年贈與稅計算範例,曾榮耀老師
2025-02-01 23:03:47,700 - INFO - [MainThread] - 成功抓取文章: 內部估價與外部估價,許文昌老師 (2024/12/26)
2025-02-01 23:03:47,735 - INFO - [MainThread] - 成功儲存文章: 內部估價與外部估價,許文昌老師
2025-02-01 23:03:59,884 - INFO - [MainThread] - 成功下載圖片: 913135_aefad8c58bcf9485b9305b1bf9e5b31e.png
2025-02-01 23:03:59,887 - INFO - [MainThread] - 成功抓取文章: 114年遺產稅計算範例,曾榮耀老師 (2024/12/24)
2025-02-01 23:03:59,933 - INFO - [MainThread] - 成功儲存文章: 114年遺產稅計算範例,曾榮耀老師
2025-02-01 23:09:13,497 - INFO - [MainThread] - 程式被使用者中斷
2025-02-01 23:09:13,501 - INFO - [MainThread] - 完成文章掃描
2025-02-01 23:09:13,505 - INFO - [MainThread] - 程式結束執行
2025-02-01 23:10:53,782 - INFO - [MainThread] - 已載入 10 篇已處理文章記錄
2025-02-01 23:10:53,786 - INFO - [MainThread] - 開始執行文章爬蟲程序
2025-02-01 23:10:53,789 - INFO - [MainThread] - 開始掃描文章...
2025-02-01 23:12:28,867 - INFO - [MainThread] - 程式被使用者中斷
2025-02-01 23:12:28,870 - INFO - [MainThread] - 完成文章掃描
2025-02-01 23:12:28,872 - INFO - [MainThread] - 程式結束執行
2025-02-01 23:15:15,715 - INFO - [MainThread] - 開始執行文章爬蟲程序 (模式: all)
2025-02-01 23:15:15,728 - INFO - [MainThread] - 開始掃描新文章...
2025-02-01 23:15:15,733 - INFO - [MainThread] - 開始掃描 forward 方向的文章 (913332 -> 915000)
2025-02-01 23:15:15,936 - ERROR - [ThreadPoolExecutor-4_0] - 處理文章 913339 時發生錯誤: 'RecentArticleScraper' object has no attribute 'parse_date'
2025-02-01 23:15:16,045 - ERROR - [ThreadPoolExecutor-4_1] - 處理文章 913362 時發生錯誤: 'RecentArticleScraper' object has no attribute 'parse_date'
2025-02-01 23:15:16,099 - ERROR - [ThreadPoolExecutor-4_3] - 處理文章 913361 時發生錯誤: 'RecentArticleScraper' object has no attribute 'parse_date'
2025-02-01 23:15:16,099 - ERROR - [ThreadPoolExecutor-4_2] - 處理文章 913363 時發生錯誤: 'RecentArticleScraper' object has no attribute 'parse_date'
2025-02-01 23:15:16,124 - ERROR - [ThreadPoolExecutor-4_0] - 處理文章 913364 時發生錯誤: 'RecentArticleScraper' object has no attribute 'parse_date'
2025-02-01 23:15:16,192 - ERROR - [ThreadPoolExecutor-4_1] - 處理文章 913365 時發生錯誤: 'RecentArticleScraper' object has no attribute 'parse_date'
2025-02-01 23:15:16,217 - ERROR - [ThreadPoolExecutor-4_3] - 處理文章 913366 時發生錯誤: 'RecentArticleScraper' object has no attribute 'parse_date'
2025-02-01 23:15:16,232 - ERROR - [ThreadPoolExecutor-4_2] - 處理文章 913367 時發生錯誤: 'RecentArticleScraper' object has no attribute 'parse_date'
2025-02-01 23:15:16,285 - ERROR - [MainThread] - 執行過程中發生錯誤: name 'futures' is not defined
2025-02-01 23:15:16,285 - INFO - [MainThread] - 程式結束執行
2025-02-01 23:15:24,759 - INFO - [MainThread] - 開始執行文章爬蟲程序 (模式: all)
2025-02-01 23:15:24,765 - INFO - [MainThread] - 開始掃描新文章...
2025-02-01 23:15:24,772 - INFO - [MainThread] - 開始掃描 forward 方向的文章 (913332 -> 915000)
2025-02-01 23:15:24,889 - ERROR - [ThreadPoolExecutor-5_1] - 處理文章 913339 時發生錯誤: 'RecentArticleScraper' object has no attribute 'parse_date'
2025-02-01 23:15:25,020 - ERROR - [ThreadPoolExecutor-5_1] - 處理文章 913363 時發生錯誤: 'RecentArticleScraper' object has no attribute 'parse_date'
2025-02-01 23:15:25,054 - ERROR - [ThreadPoolExecutor-5_3] - 處理文章 913361 時發生錯誤: 'RecentArticleScraper' object has no attribute 'parse_date'
2025-02-01 23:15:25,079 - ERROR - [ThreadPoolExecutor-5_0] - 處理文章 913364 時發生錯誤: 'RecentArticleScraper' object has no attribute 'parse_date'
2025-02-01 23:15:25,156 - ERROR - [ThreadPoolExecutor-5_1] - 處理文章 913365 時發生錯誤: 'RecentArticleScraper' object has no attribute 'parse_date'
2025-02-01 23:15:25,263 - ERROR - [ThreadPoolExecutor-5_2] - 處理文章 913362 時發生錯誤: 'RecentArticleScraper' object has no attribute 'parse_date'
2025-02-01 23:15:25,289 - ERROR - [ThreadPoolExecutor-5_3] - 處理文章 913366 時發生錯誤: 'RecentArticleScraper' object has no attribute 'parse_date'
2025-02-01 23:15:25,307 - ERROR - [ThreadPoolExecutor-5_0] - 處理文章 913367 時發生錯誤: 'RecentArticleScraper' object has no attribute 'parse_date'
2025-02-01 23:15:25,358 - ERROR - [MainThread] - 執行過程中發生錯誤: name 'futures' is not defined
2025-02-01 23:15:25,358 - INFO - [MainThread] - 程式結束執行
2025-02-01 23:18:10,627 - INFO - [MainThread] - 開始執行文章爬蟲程序 (模式: all)
2025-02-01 23:18:10,635 - INFO - [MainThread] - 開始掃描新文章...
2025-02-01 23:18:10,640 - INFO - [MainThread] - 開始掃描 forward 方向的文章 (913332 -> 915000)
2025-02-01 23:18:51,421 - INFO - [MainThread] - 開始掃描舊文章...
2025-02-01 23:18:51,448 - INFO - [MainThread] - 開始掃描 backward 方向的文章 (913330 -> 900000)
2025-02-01 23:21:19,351 - ERROR - [ThreadPoolExecutor-134_2] - 下載圖片失敗 http://real-estate.get.com.tw/Columns/File/image/20230727_AB’.jpg: 404 Client Error: Not Found for url: http://real-estate.get.com.tw/Columns/File/image/20230727_AB%E2%80%99.jpg
2025-02-01 23:21:19,615 - ERROR - [ThreadPoolExecutor-134_2] - 下載圖片失敗 http://real-estate.get.com.tw/Columns/File/image/20230727_CD’.jpg: 404 Client Error: Not Found for url: http://real-estate.get.com.tw/Columns/File/image/20230727_CD%E2%80%99.jpg
2025-02-01 23:21:19,753 - ERROR - [ThreadPoolExecutor-134_2] - 下載圖片失敗 http://real-estate.get.com.tw/Columns/File/image/20230727_EF’.jpg: 404 Client Error: Not Found for url: http://real-estate.get.com.tw/Columns/File/image/20230727_EF%E2%80%99.jpg
2025-02-01 23:26:28,505 - INFO - [MainThread] - 完成文章掃描
2025-02-01 23:26:28,518 - INFO - [MainThread] - 程式結束執行
