2025-02-01 22:35:10,490 - INFO - 開始執行爬蟲程序
2025-02-01 22:35:10,492 - INFO - 開始檢查新文章...
2025-02-01 22:35:10,493 - INFO - 正在尋找最新文章編號...
2025-02-01 22:35:17,925 - INFO - 找到最新文章編號: 900474
2025-02-01 22:35:17,928 - INFO - 發現新文章！從 900001 到 900474
2025-02-01 22:35:17,930 - INFO - 
開始處理批次 900001 到 900050
2025-02-01 22:35:17,947 - INFO - 文章 900001 不存在
2025-02-01 22:35:17,969 - INFO - 文章 900006 不存在
2025-02-01 22:35:17,981 - INFO - 文章 900002 不存在
2025-02-01 22:35:17,984 - INFO - 文章 900007 不存在
2025-02-01 22:35:17,985 - INFO - 文章 900005 不存在
2025-02-01 22:35:17,985 - INFO - 文章 900004 不存在
2025-02-01 22:35:17,995 - INFO - 文章 900003 不存在
2025-02-01 22:35:17,999 - INFO - 文章 900008 不存在
2025-02-01 22:35:18,008 - INFO - 文章 900009 不存在
2025-02-01 22:35:18,021 - INFO - 文章 900010 不存在
2025-02-01 22:35:18,021 - INFO - 文章 900011 不存在
2025-02-01 22:35:18,021 - INFO - 文章 900014 不存在
2025-02-01 22:35:18,025 - INFO - 文章 900012 不存在
2025-02-01 22:35:18,026 - INFO - 文章 900013 不存在
2025-02-01 22:35:18,040 - INFO - 文章 900015 不存在
2025-02-01 22:35:18,043 - INFO - 文章 900016 不存在
2025-02-01 22:35:18,044 - INFO - 文章 900017 不存在
2025-02-01 22:35:18,046 - INFO - 文章 900018 不存在
2025-02-01 22:35:18,048 - INFO - 文章 900019 不存在
2025-02-01 22:35:18,054 - INFO - 文章 900020 不存在
2025-02-01 22:35:18,060 - INFO - 文章 900021 不存在
2025-02-01 22:35:18,062 - INFO - 文章 900022 不存在
2025-02-01 22:35:18,064 - INFO - 文章 900023 不存在
2025-02-01 22:35:18,068 - INFO - 文章 900024 不存在
2025-02-01 22:35:18,071 - INFO - 文章 900025 不存在
2025-02-01 22:35:18,076 - INFO - 文章 900026 不存在
2025-02-01 22:35:18,082 - INFO - 文章 900028 不存在
2025-02-01 22:35:18,083 - INFO - 文章 900027 不存在
2025-02-01 22:35:18,085 - INFO - 文章 900029 不存在
2025-02-01 22:35:18,087 - INFO - 文章 900030 不存在
2025-02-01 22:35:18,092 - INFO - 文章 900031 不存在
2025-02-01 22:35:18,098 - INFO - 文章 900032 不存在
2025-02-01 22:35:18,101 - INFO - 文章 900033 不存在
2025-02-01 22:35:18,107 - INFO - 文章 900034 不存在
2025-02-01 22:35:18,108 - INFO - 文章 900035 不存在
2025-02-01 22:35:18,113 - INFO - 文章 900036 不存在
2025-02-01 22:35:18,114 - INFO - 文章 900037 不存在
2025-02-01 22:35:18,116 - INFO - 文章 900038 不存在
2025-02-01 22:35:18,123 - INFO - 文章 900039 不存在
2025-02-01 22:35:18,124 - INFO - 文章 900040 不存在
2025-02-01 22:35:18,128 - INFO - 文章 900041 不存在
2025-02-01 22:35:18,132 - INFO - 文章 900042 不存在
2025-02-01 22:35:18,133 - INFO - 文章 900043 不存在
2025-02-01 22:35:18,137 - INFO - 文章 900044 不存在
2025-02-01 22:35:18,140 - INFO - 文章 900045 不存在
2025-02-01 22:35:18,147 - INFO - 文章 900046 不存在
2025-02-01 22:35:18,151 - INFO - 文章 900048 不存在
2025-02-01 22:35:18,152 - INFO - 文章 900047 不存在
2025-02-01 22:35:18,156 - INFO - 文章 900049 不存在
2025-02-01 22:35:18,156 - INFO - 文章 900050 不存在
2025-02-01 22:35:19,161 - INFO - 
開始處理批次 900051 到 900100
2025-02-01 22:35:19,175 - INFO - 文章 900052 不存在
2025-02-01 22:35:19,177 - INFO - 文章 900054 不存在
2025-02-01 22:35:19,180 - INFO - 文章 900051 不存在
2025-02-01 22:35:19,182 - INFO - 文章 900053 不存在
2025-02-01 22:35:19,216 - INFO - 文章 900055 不是目標作者的文章
2025-02-01 22:35:19,298 - INFO - 文章 900057 不是目標作者的文章
2025-02-01 22:35:19,317 - INFO - 文章 900056 不是目標作者的文章
2025-02-01 22:35:19,351 - INFO - 文章 900060 不是目標作者的文章
2025-02-01 22:35:19,401 - INFO - 文章 900061 不是目標作者的文章
2025-02-01 22:35:19,418 - INFO - 文章 900059 不是目標作者的文章
2025-02-01 22:35:19,483 - INFO - 成功抓取文章: 不動產估價：公部門對公共設施保留地之地價查估,許文昌老師
2025-02-01 22:35:19,549 - INFO - 文章 900062 不是目標作者的文章
2025-02-01 22:35:19,549 - INFO - 文章 900063 不是目標作者的文章
2025-02-01 22:35:19,614 - INFO - 文章 900064 不是目標作者的文章
2025-02-01 22:35:19,650 - INFO - 文章 900065 不是目標作者的文章
2025-02-01 22:35:19,678 - INFO - 文章 900066 不是目標作者的文章
2025-02-01 22:35:19,678 - INFO - 文章 900067 不是目標作者的文章
2025-02-01 22:35:19,694 - INFO - 文章 900069 不存在
2025-02-01 22:35:19,710 - INFO - 文章 900070 不存在
2025-02-01 22:35:19,710 - INFO - 文章 900071 不存在
2025-02-01 22:35:19,712 - INFO - 文章 900072 不存在
2025-02-01 22:35:19,746 - INFO - 文章 900074 不存在
2025-02-01 22:35:19,751 - INFO - 文章 900068 不是目標作者的文章
2025-02-01 22:35:19,752 - INFO - 文章 900076 不存在
2025-02-01 22:35:19,752 - INFO - 文章 900075 不存在
2025-02-01 22:35:19,753 - INFO - 文章 900073 不存在
2025-02-01 22:35:19,763 - INFO - 文章 900078 不存在
2025-02-01 22:35:19,763 - INFO - 文章 900077 不存在
2025-02-01 22:35:19,763 - INFO - 文章 900079 不存在
2025-02-01 22:35:19,772 - INFO - 文章 900080 不存在
2025-02-01 22:35:19,783 - INFO - 文章 900083 不存在
2025-02-01 22:35:19,801 - INFO - 文章 900084 不存在
2025-02-01 22:35:19,817 - INFO - 成功抓取文章: 原地價之認定,許文昌老師
2025-02-01 22:35:19,817 - INFO - 文章 900085 不存在
2025-02-01 22:35:19,829 - INFO - 文章 900086 不存在
2025-02-01 22:35:19,846 - INFO - 文章 900087 不存在
2025-02-01 22:35:19,846 - INFO - 文章 900088 不存在
2025-02-01 22:35:19,912 - INFO - 文章 900089 不存在
2025-02-01 22:35:19,928 - INFO - 文章 900090 不存在
2025-02-01 22:35:19,932 - INFO - 文章 900081 不是目標作者的文章
2025-02-01 22:35:19,948 - INFO - 文章 900091 不存在
2025-02-01 22:35:19,952 - INFO - 文章 900092 不存在
2025-02-01 22:35:19,952 - INFO - 文章 900093 不存在
2025-02-01 22:35:19,957 - INFO - 文章 900094 不存在
2025-02-01 22:35:19,974 - INFO - 文章 900097 不存在
2025-02-01 22:35:19,975 - INFO - 文章 900099 不存在
2025-02-01 22:35:19,976 - INFO - 文章 900098 不存在
2025-02-01 22:35:20,011 - INFO - 文章 900096 不是目標作者的文章
2025-02-01 22:35:20,011 - INFO - 文章 900100 不存在
2025-02-01 22:35:20,039 - INFO - 文章 900095 不是目標作者的文章
2025-02-01 22:35:20,406 - INFO - 
已儲存 2 篇文章
2025-02-01 22:35:20,407 - INFO - 可以在 articles 目錄下查看所有文章
2025-02-01 22:35:20,408 - INFO - 索引檔案：articles\index.md
2025-02-01 22:35:20,410 - INFO - Excel資料庫：articles\articles.xlsx
2025-02-01 22:35:21,412 - INFO - 
開始處理批次 900101 到 900150
2025-02-01 22:35:21,419 - INFO - 文章 900102 不存在
2025-02-01 22:35:21,419 - INFO - 文章 900101 不存在
2025-02-01 22:35:21,419 - INFO - 文章 900105 不存在
2025-02-01 22:35:21,419 - INFO - 文章 900104 不存在
2025-02-01 22:35:21,453 - INFO - 文章 900107 不存在
2025-02-01 22:35:21,455 - INFO - 文章 900108 不存在
2025-02-01 22:35:21,456 - INFO - 文章 900106 不存在
2025-02-01 22:35:21,456 - INFO - 文章 900109 不存在
2025-02-01 22:35:21,481 - INFO - 文章 900103 不是目標作者的文章
2025-02-01 22:35:21,495 - INFO - 文章 900110 不存在
2025-02-01 22:35:21,496 - INFO - 文章 900111 不存在
2025-02-01 22:35:21,497 - INFO - 文章 900112 不存在
2025-02-01 22:35:21,501 - INFO - 文章 900113 不存在
2025-02-01 22:35:21,503 - INFO - 文章 900114 不存在
2025-02-01 22:35:21,511 - INFO - 文章 900115 不存在
2025-02-01 22:35:21,516 - INFO - 文章 900116 不存在
2025-02-01 22:35:21,516 - INFO - 文章 900117 不存在
2025-02-01 22:35:21,518 - INFO - 文章 900118 不存在
2025-02-01 22:35:21,521 - INFO - 文章 900119 不存在
2025-02-01 22:35:21,525 - INFO - 文章 900120 不存在
2025-02-01 22:35:21,532 - INFO - 文章 900121 不存在
2025-02-01 22:35:21,534 - INFO - 文章 900122 不存在
2025-02-01 22:35:21,537 - INFO - 文章 900123 不存在
2025-02-01 22:35:21,540 - INFO - 文章 900124 不存在
2025-02-01 22:35:21,543 - INFO - 文章 900125 不存在
2025-02-01 22:35:21,548 - INFO - 文章 900126 不存在
2025-02-01 22:35:21,551 - INFO - 文章 900127 不存在
2025-02-01 22:35:21,554 - INFO - 文章 900128 不存在
2025-02-01 22:35:21,567 - INFO - 文章 900129 不存在
2025-02-01 22:35:21,568 - INFO - 文章 900130 不存在
2025-02-01 22:35:21,577 - INFO - 文章 900132 不存在
2025-02-01 22:35:21,577 - INFO - 文章 900133 不存在
2025-02-01 22:35:21,577 - INFO - 文章 900131 不存在
2025-02-01 22:35:21,582 - INFO - 文章 900134 不存在
2025-02-01 22:35:21,587 - INFO - 文章 900135 不存在
2025-02-01 22:35:21,590 - INFO - 文章 900136 不存在
2025-02-01 22:35:21,598 - INFO - 文章 900137 不存在
2025-02-01 22:35:21,599 - INFO - 文章 900138 不存在
2025-02-01 22:35:21,601 - INFO - 文章 900139 不存在
2025-02-01 22:35:21,647 - INFO - 文章 900140 不是目標作者的文章
2025-02-01 22:35:21,648 - INFO - 文章 900143 不存在
2025-02-01 22:35:21,664 - INFO - 文章 900141 不是目標作者的文章
2025-02-01 22:35:21,714 - INFO - 文章 900142 不是目標作者的文章
2025-02-01 22:35:21,728 - INFO - 成功抓取文章: 土地增值稅之納稅義務人、代繳義務人及代繳人,許文昌老師
2025-02-01 22:35:21,785 - INFO - 文章 900145 不是目標作者的文章
2025-02-01 22:35:21,807 - INFO - 文章 900150 不存在
2025-02-01 22:35:21,917 - INFO - 文章 900146 不是目標作者的文章
2025-02-01 22:35:21,924 - INFO - 文章 900149 不是目標作者的文章
2025-02-01 22:35:21,937 - INFO - 文章 900148 不是目標作者的文章
2025-02-01 22:35:21,946 - INFO - 文章 900147 不是目標作者的文章
2025-02-01 22:35:21,986 - INFO - 
已儲存 1 篇文章
2025-02-01 22:35:21,988 - INFO - 可以在 articles 目錄下查看所有文章
2025-02-01 22:35:21,989 - INFO - 索引檔案：articles\index.md
2025-02-01 22:35:21,990 - INFO - Excel資料庫：articles\articles.xlsx
2025-02-01 22:35:22,993 - INFO - 
開始處理批次 900151 到 900200
2025-02-01 22:35:23,007 - INFO - 文章 900151 不存在
2025-02-01 22:35:23,008 - INFO - 文章 900152 不存在
2025-02-01 22:35:23,009 - INFO - 文章 900155 不存在
2025-02-01 22:35:23,010 - INFO - 文章 900153 不存在
2025-02-01 22:35:23,011 - INFO - 文章 900154 不存在
2025-02-01 22:35:23,018 - INFO - 文章 900158 不存在
2025-02-01 22:35:23,018 - INFO - 文章 900156 不存在
2025-02-01 22:35:23,018 - INFO - 文章 900157 不存在
2025-02-01 22:35:23,018 - INFO - 文章 900160 不存在
2025-02-01 22:35:23,018 - INFO - 文章 900159 不存在
2025-02-01 22:35:23,037 - INFO - 文章 900161 不存在
2025-02-01 22:35:23,037 - INFO - 文章 900162 不存在
2025-02-01 22:35:23,037 - INFO - 文章 900163 不存在
2025-02-01 22:35:23,037 - INFO - 文章 900164 不存在
2025-02-01 22:35:23,052 - INFO - 文章 900165 不存在
2025-02-01 22:35:23,054 - INFO - 文章 900166 不存在
2025-02-01 22:35:23,054 - INFO - 文章 900167 不存在
2025-02-01 22:35:23,054 - INFO - 文章 900168 不存在
2025-02-01 22:35:23,054 - INFO - 文章 900169 不存在
2025-02-01 22:35:23,067 - INFO - 文章 900170 不存在
2025-02-01 22:35:23,072 - INFO - 文章 900172 不存在
2025-02-01 22:35:23,072 - INFO - 文章 900171 不存在
2025-02-01 22:35:23,072 - INFO - 文章 900173 不存在
2025-02-01 22:35:23,072 - INFO - 文章 900174 不存在
2025-02-01 22:35:23,083 - INFO - 文章 900175 不存在
2025-02-01 22:35:23,087 - INFO - 文章 900176 不存在
2025-02-01 22:35:23,087 - INFO - 文章 900178 不存在
2025-02-01 22:35:23,103 - INFO - 文章 900180 不存在
2025-02-01 22:35:23,103 - INFO - 文章 900179 不存在
2025-02-01 22:35:23,133 - INFO - 文章 900177 不是目標作者的文章
2025-02-01 22:35:23,134 - INFO - 文章 900182 不存在
2025-02-01 22:35:23,135 - INFO - 文章 900181 不存在
2025-02-01 22:35:23,148 - INFO - 文章 900184 不存在
2025-02-01 22:35:23,149 - INFO - 文章 900183 不存在
2025-02-01 22:35:23,153 - INFO - 文章 900185 不存在
2025-02-01 22:35:23,156 - INFO - 文章 900186 不存在
2025-02-01 22:35:23,157 - INFO - 文章 900187 不存在
2025-02-01 22:35:23,167 - INFO - 文章 900188 不存在
2025-02-01 22:35:23,172 - INFO - 文章 900190 不存在
2025-02-01 22:35:23,174 - INFO - 文章 900189 不存在
2025-02-01 22:35:23,178 - INFO - 文章 900191 不存在
2025-02-01 22:35:23,179 - INFO - 文章 900192 不存在
2025-02-01 22:35:23,187 - INFO - 文章 900193 不存在
2025-02-01 22:35:23,192 - INFO - 文章 900194 不存在
2025-02-01 22:35:23,198 - INFO - 文章 900195 不存在
2025-02-01 22:35:23,203 - INFO - 文章 900196 不存在
2025-02-01 22:35:23,204 - INFO - 文章 900197 不存在
2025-02-01 22:35:23,208 - INFO - 文章 900198 不存在
2025-02-01 22:35:23,212 - INFO - 文章 900199 不存在
2025-02-01 22:35:23,214 - INFO - 文章 900200 不存在
2025-02-01 22:35:24,216 - INFO - 
開始處理批次 900201 到 900250
2025-02-01 22:35:24,235 - INFO - 文章 900202 不存在
2025-02-01 22:35:24,238 - INFO - 文章 900201 不存在
2025-02-01 22:35:24,239 - INFO - 文章 900203 不存在
2025-02-01 22:35:24,239 - INFO - 文章 900204 不存在
2025-02-01 22:35:24,283 - INFO - 文章 900207 不存在
2025-02-01 22:35:24,283 - INFO - 文章 900206 不存在
2025-02-01 22:35:24,283 - INFO - 文章 900208 不存在
2025-02-01 22:35:24,283 - INFO - 文章 900209 不存在
2025-02-01 22:35:24,301 - INFO - 文章 900205 不是目標作者的文章
2025-02-01 22:35:24,303 - INFO - 文章 900210 不存在
2025-02-01 22:35:24,303 - INFO - 文章 900211 不存在
2025-02-01 22:35:24,303 - INFO - 文章 900212 不存在
2025-02-01 22:35:24,321 - INFO - 文章 900213 不存在
2025-02-01 22:35:24,350 - INFO - 文章 900218 不存在
2025-02-01 22:35:24,364 - INFO - 文章 900214 不是目標作者的文章
2025-02-01 22:35:24,383 - INFO - 文章 900216 不是目標作者的文章
2025-02-01 22:35:24,399 - INFO - 文章 900217 不是目標作者的文章
2025-02-01 22:35:24,442 - INFO - 文章 900215 不是目標作者的文章
2025-02-01 22:35:24,444 - INFO - 文章 900219 不存在
2025-02-01 22:35:24,451 - INFO - 文章 900220 不存在
2025-02-01 22:35:24,451 - INFO - 文章 900221 不存在
2025-02-01 22:35:24,459 - INFO - 文章 900224 不存在
2025-02-01 22:35:24,467 - INFO - 文章 900225 不存在
2025-02-01 22:35:24,505 - INFO - 文章 900222 不是目標作者的文章
2025-02-01 22:35:24,506 - INFO - 文章 900228 不存在
2025-02-01 22:35:24,522 - INFO - 文章 900227 不存在
2025-02-01 22:35:24,598 - INFO - 成功抓取文章: 興建農舍套繪管制,許文昌老師
2025-02-01 22:35:24,615 - INFO - 文章 900226 不是目標作者的文章
2025-02-01 22:35:24,623 - INFO - 文章 900229 不存在
2025-02-01 22:35:24,623 - INFO - 文章 900230 不存在
2025-02-01 22:35:24,623 - INFO - 文章 900232 不存在
2025-02-01 22:35:24,635 - INFO - 文章 900231 不存在
2025-02-01 22:35:24,638 - INFO - 文章 900234 不存在
2025-02-01 22:35:24,640 - INFO - 文章 900233 不存在
2025-02-01 22:35:24,640 - INFO - 文章 900235 不存在
2025-02-01 22:35:24,651 - INFO - 文章 900237 不存在
2025-02-01 22:35:24,652 - INFO - 文章 900239 不存在
2025-02-01 22:35:24,652 - INFO - 文章 900238 不存在
2025-02-01 22:35:24,685 - INFO - 文章 900240 不存在
2025-02-01 22:35:24,685 - INFO - 文章 900243 不存在
2025-02-01 22:35:24,685 - INFO - 文章 900236 不是目標作者的文章
2025-02-01 22:35:24,685 - INFO - 文章 900242 不存在
2025-02-01 22:35:24,738 - INFO - 文章 900241 不是目標作者的文章
2025-02-01 22:35:24,751 - INFO - 文章 900244 不存在
2025-02-01 22:35:24,752 - INFO - 文章 900245 不存在
2025-02-01 22:35:24,754 - INFO - 文章 900246 不存在
2025-02-01 22:35:24,757 - INFO - 文章 900247 不存在
2025-02-01 22:35:24,757 - INFO - 文章 900248 不存在
2025-02-01 22:35:24,765 - INFO - 文章 900249 不存在
2025-02-01 22:35:24,770 - INFO - 文章 900250 不存在
2025-02-01 22:35:24,809 - INFO - 
已儲存 1 篇文章
2025-02-01 22:35:24,810 - INFO - 可以在 articles 目錄下查看所有文章
2025-02-01 22:35:24,812 - INFO - 索引檔案：articles\index.md
2025-02-01 22:35:24,813 - INFO - Excel資料庫：articles\articles.xlsx
2025-02-01 22:35:25,815 - INFO - 
開始處理批次 900251 到 900300
2025-02-01 22:35:25,844 - INFO - 文章 900252 不存在
2025-02-01 22:35:25,844 - INFO - 文章 900253 不存在
2025-02-01 22:35:25,853 - INFO - 文章 900254 不存在
2025-02-01 22:35:25,857 - INFO - 文章 900251 不存在
2025-02-01 22:35:25,860 - INFO - 文章 900255 不存在
2025-02-01 22:35:25,876 - INFO - 文章 900256 不存在
2025-02-01 22:35:25,877 - INFO - 文章 900258 不存在
2025-02-01 22:35:25,877 - INFO - 文章 900257 不存在
2025-02-01 22:35:25,877 - INFO - 文章 900259 不存在
2025-02-01 22:35:25,887 - INFO - 文章 900260 不存在
2025-02-01 22:35:25,887 - INFO - 文章 900261 不存在
2025-02-01 22:35:25,887 - INFO - 文章 900263 不存在
2025-02-01 22:35:25,902 - INFO - 文章 900264 不存在
2025-02-01 22:35:25,935 - INFO - 文章 900268 不存在
2025-02-01 22:35:25,937 - INFO - 文章 900267 不存在
2025-02-01 22:35:25,938 - INFO - 文章 900265 不存在
2025-02-01 22:35:25,939 - INFO - 文章 900262 不是目標作者的文章
2025-02-01 22:35:25,940 - INFO - 文章 900266 不存在
2025-02-01 22:35:25,952 - INFO - 文章 900269 不存在
2025-02-01 22:35:25,956 - INFO - 文章 900270 不存在
2025-02-01 22:35:25,958 - INFO - 文章 900271 不存在
2025-02-01 22:35:25,960 - INFO - 文章 900272 不存在
2025-02-01 22:35:25,961 - INFO - 文章 900273 不存在
2025-02-01 22:35:25,967 - INFO - 文章 900274 不存在
2025-02-01 22:35:26,016 - INFO - 文章 900275 不是目標作者的文章
2025-02-01 22:35:26,035 - INFO - 文章 900276 不是目標作者的文章
2025-02-01 22:35:26,066 - INFO - 文章 900278 不是目標作者的文章
2025-02-01 22:35:26,110 - INFO - 文章 900279 不是目標作者的文章
2025-02-01 22:35:26,110 - INFO - 文章 900277 不是目標作者的文章
2025-02-01 22:35:26,128 - INFO - 文章 900280 不存在
2025-02-01 22:35:26,130 - INFO - 文章 900281 不存在
2025-02-01 22:35:26,132 - INFO - 文章 900282 不存在
2025-02-01 22:35:26,137 - INFO - 文章 900283 不存在
2025-02-01 22:35:26,138 - INFO - 文章 900284 不存在
2025-02-01 22:35:26,140 - INFO - 文章 900285 不存在
2025-02-01 22:35:26,146 - INFO - 文章 900286 不存在
2025-02-01 22:35:26,149 - INFO - 文章 900287 不存在
2025-02-01 22:35:26,155 - INFO - 文章 900288 不存在
2025-02-01 22:35:26,164 - INFO - 文章 900292 不存在
2025-02-01 22:35:26,201 - INFO - 文章 900293 不存在
2025-02-01 22:35:26,204 - INFO - 文章 900289 不是目標作者的文章
2025-02-01 22:35:26,219 - INFO - 文章 900291 不是目標作者的文章
2025-02-01 22:35:26,219 - INFO - 文章 900294 不存在
2025-02-01 22:35:26,257 - INFO - 成功抓取文章: 負擔行為與處分行為,許文昌老師
2025-02-01 22:35:26,270 - INFO - 文章 900295 不存在
2025-02-01 22:35:26,273 - INFO - 文章 900296 不存在
2025-02-01 22:35:26,275 - INFO - 文章 900297 不存在
2025-02-01 22:35:26,278 - INFO - 文章 900298 不存在
2025-02-01 22:35:26,278 - INFO - 文章 900299 不存在
2025-02-01 22:35:26,287 - INFO - 文章 900300 不存在
2025-02-01 22:35:26,325 - INFO - 
已儲存 1 篇文章
2025-02-01 22:35:26,326 - INFO - 可以在 articles 目錄下查看所有文章
2025-02-01 22:35:26,327 - INFO - 索引檔案：articles\index.md
2025-02-01 22:35:26,328 - INFO - Excel資料庫：articles\articles.xlsx
2025-02-01 22:35:27,331 - INFO - 
開始處理批次 900301 到 900350
2025-02-01 22:35:27,350 - INFO - 文章 900302 不存在
2025-02-01 22:35:27,351 - INFO - 文章 900301 不存在
2025-02-01 22:35:27,354 - INFO - 文章 900303 不存在
2025-02-01 22:35:27,355 - INFO - 文章 900305 不存在
2025-02-01 22:35:27,357 - INFO - 文章 900304 不存在
2025-02-01 22:35:27,374 - INFO - 文章 900307 不存在
2025-02-01 22:35:27,378 - INFO - 文章 900306 不存在
2025-02-01 22:35:27,387 - INFO - 文章 900309 不存在
2025-02-01 22:35:27,389 - INFO - 文章 900308 不存在
2025-02-01 22:35:27,396 - INFO - 文章 900310 不存在
2025-02-01 22:35:27,406 - INFO - 文章 900312 不存在
2025-02-01 22:35:27,414 - INFO - 文章 900313 不存在
2025-02-01 22:35:27,444 - INFO - 文章 900316 不存在
2025-02-01 22:35:27,445 - INFO - 文章 900317 不存在
2025-02-01 22:35:27,462 - INFO - 文章 900311 不是目標作者的文章
2025-02-01 22:35:27,463 - INFO - 文章 900315 不存在
2025-02-01 22:35:27,464 - INFO - 文章 900314 不存在
2025-02-01 22:35:27,470 - INFO - 文章 900319 不存在
2025-02-01 22:35:27,470 - INFO - 文章 900320 不存在
2025-02-01 22:35:27,485 - INFO - 文章 900321 不存在
2025-02-01 22:35:27,486 - INFO - 文章 900318 不存在
2025-02-01 22:35:27,529 - INFO - 文章 900322 不是目標作者的文章
2025-02-01 22:35:27,554 - INFO - 文章 900324 不是目標作者的文章
2025-02-01 22:35:27,578 - INFO - 文章 900325 不是目標作者的文章
2025-02-01 22:35:27,602 - INFO - 文章 900326 不是目標作者的文章
2025-02-01 22:35:27,627 - INFO - 成功抓取文章: 債權行為與物權行為之實例研習(一),許文昌老師
2025-02-01 22:35:27,654 - INFO - 文章 900327 不是目標作者的文章
2025-02-01 22:35:27,662 - INFO - 文章 900328 不存在
2025-02-01 22:35:27,662 - INFO - 文章 900329 不存在
2025-02-01 22:35:27,673 - INFO - 文章 900330 不存在
2025-02-01 22:35:27,675 - INFO - 文章 900331 不存在
2025-02-01 22:35:27,676 - INFO - 文章 900332 不存在
2025-02-01 22:35:27,681 - INFO - 文章 900333 不存在
2025-02-01 22:35:27,690 - INFO - 文章 900334 不存在
2025-02-01 22:35:27,692 - INFO - 文章 900335 不存在
2025-02-01 22:35:27,695 - INFO - 文章 900336 不存在
2025-02-01 22:35:27,698 - INFO - 文章 900337 不存在
2025-02-01 22:35:27,698 - INFO - 文章 900338 不存在
2025-02-01 22:35:27,711 - INFO - 文章 900339 不存在
2025-02-01 22:35:27,714 - INFO - 文章 900340 不存在
2025-02-01 22:35:27,720 - INFO - 文章 900342 不存在
2025-02-01 22:35:27,726 - INFO - 文章 900343 不存在
2025-02-01 22:35:27,732 - INFO - 文章 900344 不存在
2025-02-01 22:35:27,735 - INFO - 文章 900345 不存在
2025-02-01 22:35:27,737 - INFO - 文章 900346 不存在
2025-02-01 22:35:27,741 - INFO - 文章 900347 不存在
2025-02-01 22:35:27,745 - INFO - 文章 900348 不存在
2025-02-01 22:35:27,750 - INFO - 文章 900349 不存在
2025-02-01 22:35:27,754 - INFO - 文章 900350 不存在
2025-02-01 22:35:27,790 - INFO - 文章 900341 不存在
2025-02-01 22:35:27,830 - INFO - 
已儲存 1 篇文章
2025-02-01 22:35:27,832 - INFO - 可以在 articles 目錄下查看所有文章
2025-02-01 22:35:27,833 - INFO - 索引檔案：articles\index.md
2025-02-01 22:35:27,834 - INFO - Excel資料庫：articles\articles.xlsx
2025-02-01 22:35:28,837 - INFO - 
開始處理批次 900351 到 900400
2025-02-01 22:35:28,862 - INFO - 文章 900352 不存在
2025-02-01 22:35:28,868 - INFO - 文章 900354 不存在
2025-02-01 22:35:28,869 - INFO - 文章 900351 不存在
2025-02-01 22:35:28,873 - INFO - 文章 900355 不存在
2025-02-01 22:35:28,874 - INFO - 文章 900353 不存在
2025-02-01 22:35:28,891 - INFO - 文章 900356 不存在
2025-02-01 22:35:28,893 - INFO - 文章 900357 不存在
2025-02-01 22:35:28,910 - INFO - 文章 900360 不存在
2025-02-01 22:35:28,910 - INFO - 文章 900361 不存在
2025-02-01 22:35:28,918 - INFO - 文章 900362 不存在
2025-02-01 22:35:28,951 - INFO - 文章 900358 不是目標作者的文章
2025-02-01 22:35:28,953 - INFO - 文章 900365 不存在
2025-02-01 22:35:28,954 - INFO - 文章 900363 不存在
2025-02-01 22:35:29,000 - INFO - 文章 900359 不是目標作者的文章
2025-02-01 22:35:29,010 - INFO - 文章 900364 不是目標作者的文章
2025-02-01 22:35:29,022 - INFO - 文章 900366 不存在
2025-02-01 22:35:29,025 - INFO - 文章 900367 不存在
2025-02-01 22:35:29,027 - INFO - 文章 900368 不存在
2025-02-01 22:35:29,028 - INFO - 文章 900369 不存在
2025-02-01 22:35:29,030 - INFO - 文章 900370 不存在
2025-02-01 22:35:29,038 - INFO - 文章 900371 不存在
2025-02-01 22:35:29,041 - INFO - 文章 900372 不存在
2025-02-01 22:35:29,044 - INFO - 文章 900373 不存在
2025-02-01 22:35:29,044 - INFO - 文章 900374 不存在
2025-02-01 22:35:29,044 - INFO - 文章 900375 不存在
2025-02-01 22:35:29,044 - INFO - 文章 900376 不存在
2025-02-01 22:35:29,056 - INFO - 文章 900377 不存在
2025-02-01 22:35:29,056 - INFO - 文章 900378 不存在
2025-02-01 22:35:29,056 - INFO - 文章 900380 不存在
2025-02-01 22:35:29,056 - INFO - 文章 900379 不存在
2025-02-01 22:35:29,074 - INFO - 文章 900381 不存在
2025-02-01 22:35:29,074 - INFO - 文章 900382 不存在
2025-02-01 22:35:29,074 - INFO - 文章 900383 不存在
2025-02-01 22:35:29,074 - INFO - 文章 900384 不存在
2025-02-01 22:35:29,074 - INFO - 文章 900385 不存在
2025-02-01 22:35:29,089 - INFO - 文章 900386 不存在
2025-02-01 22:35:29,090 - INFO - 文章 900387 不存在
2025-02-01 22:35:29,090 - INFO - 文章 900388 不存在
2025-02-01 22:35:29,090 - INFO - 文章 900390 不存在
2025-02-01 22:35:29,090 - INFO - 文章 900389 不存在
2025-02-01 22:35:29,105 - INFO - 文章 900391 不存在
2025-02-01 22:35:29,106 - INFO - 文章 900392 不存在
2025-02-01 22:35:29,106 - INFO - 文章 900393 不存在
2025-02-01 22:35:29,106 - INFO - 文章 900394 不存在
2025-02-01 22:35:29,106 - INFO - 文章 900395 不存在
2025-02-01 22:35:29,122 - INFO - 文章 900396 不存在
2025-02-01 22:35:29,125 - INFO - 文章 900397 不存在
2025-02-01 22:35:29,127 - INFO - 文章 900398 不存在
2025-02-01 22:35:29,129 - INFO - 文章 900399 不存在
2025-02-01 22:35:29,134 - INFO - 文章 900400 不存在
2025-02-01 22:35:30,135 - INFO - 
開始處理批次 900401 到 900450
2025-02-01 22:35:30,151 - INFO - 文章 900403 不存在
2025-02-01 22:35:30,152 - INFO - 文章 900404 不存在
2025-02-01 22:35:30,153 - INFO - 文章 900401 不存在
2025-02-01 22:35:30,158 - INFO - 文章 900402 不存在
2025-02-01 22:35:30,158 - INFO - 文章 900405 不存在
2025-02-01 22:35:30,168 - INFO - 文章 900406 不存在
2025-02-01 22:35:30,172 - INFO - 文章 900407 不存在
2025-02-01 22:35:30,177 - INFO - 文章 900408 不存在
2025-02-01 22:35:30,178 - INFO - 文章 900409 不存在
2025-02-01 22:35:30,178 - INFO - 文章 900410 不存在
2025-02-01 22:35:30,183 - INFO - 文章 900411 不存在
2025-02-01 22:35:30,190 - INFO - 文章 900412 不存在
2025-02-01 22:35:30,192 - INFO - 文章 900414 不存在
2025-02-01 22:35:30,199 - INFO - 文章 900413 不存在
2025-02-01 22:35:30,199 - INFO - 文章 900416 不存在
2025-02-01 22:35:30,200 - INFO - 文章 900415 不存在
2025-02-01 22:35:30,205 - INFO - 文章 900417 不存在
2025-02-01 22:35:30,206 - INFO - 文章 900418 不存在
2025-02-01 22:35:30,215 - INFO - 文章 900419 不存在
2025-02-01 22:35:30,219 - INFO - 文章 900420 不存在
2025-02-01 22:35:30,219 - INFO - 文章 900421 不存在
2025-02-01 22:35:30,225 - INFO - 文章 900422 不存在
2025-02-01 22:35:30,226 - INFO - 文章 900423 不存在
2025-02-01 22:35:30,228 - INFO - 文章 900424 不存在
2025-02-01 22:35:30,228 - INFO - 文章 900425 不存在
2025-02-01 22:35:30,228 - INFO - 文章 900426 不存在
2025-02-01 22:35:30,241 - INFO - 文章 900428 不存在
2025-02-01 22:35:30,242 - INFO - 文章 900427 不存在
2025-02-01 22:35:30,244 - INFO - 文章 900429 不存在
2025-02-01 22:35:30,246 - INFO - 文章 900431 不存在
2025-02-01 22:35:30,292 - INFO - 文章 900435 不存在
2025-02-01 22:35:30,293 - INFO - 文章 900433 不存在
2025-02-01 22:35:30,294 - INFO - 文章 900430 不是目標作者的文章
2025-02-01 22:35:30,295 - INFO - 文章 900432 不存在
2025-02-01 22:35:30,296 - INFO - 文章 900434 不存在
2025-02-01 22:35:30,308 - INFO - 文章 900436 不存在
2025-02-01 22:35:30,312 - INFO - 文章 900437 不存在
2025-02-01 22:35:30,314 - INFO - 文章 900439 不存在
2025-02-01 22:35:30,314 - INFO - 文章 900438 不存在
2025-02-01 22:35:30,316 - INFO - 文章 900440 不存在
2025-02-01 22:35:30,331 - INFO - 文章 900441 不存在
2025-02-01 22:35:30,334 - INFO - 文章 900442 不存在
2025-02-01 22:35:30,340 - INFO - 文章 900443 不存在
2025-02-01 22:35:30,341 - INFO - 文章 900444 不存在
2025-02-01 22:35:30,343 - INFO - 文章 900445 不存在
2025-02-01 22:35:30,352 - INFO - 文章 900446 不存在
2025-02-01 22:35:30,355 - INFO - 文章 900447 不存在
2025-02-01 22:35:30,357 - INFO - 文章 900448 不存在
2025-02-01 22:35:30,361 - INFO - 文章 900449 不存在
2025-02-01 22:35:30,362 - INFO - 文章 900450 不存在
2025-02-01 22:35:31,365 - INFO - 
開始處理批次 900451 到 900474
2025-02-01 22:35:31,377 - INFO - 文章 900452 不存在
2025-02-01 22:35:31,377 - INFO - 文章 900453 不存在
2025-02-01 22:35:31,377 - INFO - 文章 900451 不存在
2025-02-01 22:35:31,377 - INFO - 文章 900454 不存在
2025-02-01 22:35:31,377 - INFO - 文章 900455 不存在
2025-02-01 22:35:31,401 - INFO - 文章 900456 不存在
2025-02-01 22:35:31,406 - INFO - 文章 900457 不存在
2025-02-01 22:35:31,409 - INFO - 文章 900458 不存在
2025-02-01 22:35:31,412 - INFO - 文章 900459 不存在
2025-02-01 22:35:31,412 - INFO - 文章 900460 不存在
2025-02-01 22:35:31,412 - INFO - 文章 900461 不存在
2025-02-01 22:35:31,425 - INFO - 文章 900463 不存在
2025-02-01 22:35:31,425 - INFO - 文章 900462 不存在
2025-02-01 22:35:31,434 - INFO - 文章 900464 不存在
2025-02-01 22:35:31,434 - INFO - 文章 900465 不存在
2025-02-01 22:35:31,434 - INFO - 文章 900466 不存在
2025-02-01 22:35:31,476 - INFO - 文章 900467 不是目標作者的文章
2025-02-01 22:35:31,546 - INFO - 文章 900470 不是目標作者的文章
2025-02-01 22:35:31,619 - INFO - 文章 900469 不是目標作者的文章
2025-02-01 22:35:31,622 - INFO - 文章 900468 不是目標作者的文章
2025-02-01 22:35:31,639 - INFO - 文章 900471 不是目標作者的文章
2025-02-01 22:35:31,680 - INFO - 文章 900472 不是目標作者的文章
2025-02-01 22:35:31,800 - INFO - 文章 900474 不是目標作者的文章
2025-02-01 22:35:32,045 - INFO - 成功抓取文章: 債權行為與物權行為之實例研習(二),許文昌老師
2025-02-01 22:35:32,099 - INFO - 
已儲存 1 篇文章
2025-02-01 22:35:32,100 - INFO - 可以在 articles 目錄下查看所有文章
2025-02-01 22:35:32,102 - INFO - 索引檔案：articles\index.md
2025-02-01 22:35:32,103 - INFO - Excel資料庫：articles\articles.xlsx
2025-02-01 22:35:33,107 - INFO - 本次爬取到 7 篇目標作者的文章
2025-02-01 22:35:33,113 - INFO - 
等待 3600 秒後再次檢查...
