2025-02-01 22:45:41,482 - INFO - 開始執行爬蟲程序
2025-02-01 22:45:41,484 - INFO - 開始檢查新文章...
2025-02-01 22:45:41,484 - INFO - 正在尋找最新文章編號...
2025-02-01 22:45:48,246 - INFO - 沒有新文章
2025-02-01 22:45:48,246 - INFO - 
等待 10 秒後再次檢查...
2025-02-01 22:45:58,249 - INFO - 開始檢查新文章...
2025-02-01 22:45:58,249 - INFO - 正在尋找最新文章編號...
2025-02-01 22:46:05,023 - INFO - 沒有新文章
2025-02-01 22:46:05,023 - INFO - 
等待 10 秒後再次檢查...
2025-02-01 22:46:15,031 - INFO - 開始檢查新文章...
2025-02-01 22:46:15,031 - INFO - 正在尋找最新文章編號...
2025-02-01 22:46:21,829 - INFO - 沒有新文章
2025-02-01 22:46:21,829 - INFO - 
等待 10 秒後再次檢查...
2025-02-01 22:46:31,834 - INFO - 開始檢查新文章...
2025-02-01 22:46:31,838 - INFO - 正在尋找最新文章編號...
2025-02-01 22:46:38,701 - INFO - 沒有新文章
2025-02-01 22:46:38,704 - INFO - 
等待 10 秒後再次檢查...
2025-02-01 22:46:48,709 - INFO - 開始檢查新文章...
2025-02-01 22:46:48,709 - INFO - 正在尋找最新文章編號...
2025-02-01 22:46:55,436 - INFO - 沒有新文章
2025-02-01 22:46:55,436 - INFO - 
等待 10 秒後再次檢查...
2025-02-01 22:47:05,440 - INFO - 開始檢查新文章...
2025-02-01 22:47:05,442 - INFO - 正在尋找最新文章編號...
2025-02-01 22:47:12,160 - INFO - 沒有新文章
2025-02-01 22:47:12,160 - INFO - 
等待 10 秒後再次檢查...
2025-02-01 22:47:22,164 - INFO - 程式被使用者中斷
2025-02-01 22:47:22,167 - INFO - 程式結束執行
