2025-05-22 20:24:20,386 - INFO - 初始化更新模式: recent, 檢查特定文章: True
2025-05-22 20:24:20,386 - INFO - 設定文章範圍: 近期文章範圍 - 從 914900 到 915000
2025-05-22 20:24:20,401 - INFO - 特定文章 913706 已處理，跳過檢查
2025-05-22 20:24:20,402 - INFO - 特定文章 913623 已處理，跳過檢查
2025-05-22 20:24:20,402 - INFO - 特定文章 913646 已處理，跳過檢查
2025-05-22 20:24:20,402 - INFO - 開始執行爬蟲 (模式: recent)
2025-05-22 20:24:20,519 - INFO - pno=51120 第 1 頁找到 2 篇新文章: [913907, 913907]
2025-05-22 20:24:22,235 - INFO - pno=51121 第 1 頁找到 4 篇新文章: [913907, 913907, 913919, 913919]
2025-05-22 20:24:22,236 - INFO - 第 1 頁共找到 4 篇新文章: [913907, 913907, 913919, 913919]
2025-05-22 20:24:22,236 - INFO - 檢測到最新文章編號: 913919
2025-05-22 20:24:22,304 - INFO - pno=51120 第 1 頁找到 2 篇新文章: [913907, 913907]
2025-05-22 20:24:24,267 - INFO - pno=51121 第 1 頁找到 4 篇新文章: [913907, 913907, 913919, 913919]
2025-05-22 20:24:24,267 - INFO - 第 1 頁共找到 4 篇新文章: [913907, 913907, 913919, 913919]
2025-05-22 20:24:24,267 - INFO - 近期模式：第一頁找到 4 篇新文章
2025-05-22 20:24:24,267 - INFO - 期刊頁面文章範圍: 913907 到 913919
2025-05-22 20:24:24,283 - INFO - 設定動態上限: 914419 (原始最大值 913919 + 緩衝區 500)
2025-05-22 20:24:24,283 - INFO - 共找到 2 篇新文章: [913907, 913919]...
2025-05-22 20:24:24,283 - INFO - 開始請求文章 URL: https://real-estate.get.com.tw/Columns/detail.aspx?no=913907
2025-05-22 20:24:24,324 - INFO - 文章 913907 請求狀態碼: 200
2025-05-22 20:24:24,324 - INFO - 文章 913907 響應內容長度: 31024
2025-05-22 20:24:24,337 - INFO - 已保存文章 913907 的原始響應到: real_estate_articles\logs\article_913907_response.html
2025-05-22 20:24:24,356 - INFO - 從 meta 標籤找到文章資訊
2025-05-22 20:24:24,356 - INFO - 文章 913907 找到 8 個資料列
2025-05-22 20:24:24,356 - INFO - 文章 913907 成功解析 8 個欄位
2025-05-22 20:24:24,371 - INFO - 文章 913907 解析成功
2025-05-22 20:24:25,166 - INFO - 文章 913907 已保存到 real_estate_articles\articles\913907_房地合一所得稅之稅基計算,曾榮耀老師.md
2025-05-22 20:24:26,091 - INFO - 開始請求文章 URL: https://real-estate.get.com.tw/Columns/detail.aspx?no=913919
2025-05-22 20:24:26,115 - INFO - 文章 913919 請求狀態碼: 200
2025-05-22 20:24:26,115 - INFO - 文章 913919 響應內容長度: 30769
2025-05-22 20:24:26,115 - INFO - 已保存文章 913919 的原始響應到: real_estate_articles\logs\article_913919_response.html
2025-05-22 20:24:26,141 - INFO - 從 meta 標籤找到文章資訊
2025-05-22 20:24:26,141 - INFO - 文章 913919 找到 8 個資料列
2025-05-22 20:24:26,141 - INFO - 文章 913919 成功解析 8 個欄位
2025-05-22 20:24:26,154 - INFO - 文章 913919 解析成功
2025-05-22 20:24:26,908 - INFO - 文章 913919 已保存到 real_estate_articles\articles\913919_預售屋銷售管理,許文昌老師.md
2025-05-22 20:24:26,909 - INFO - 更新完成：成功 2 篇，失敗 0 篇
2025-05-22 20:24:27,332 - INFO - 已成功更新文章目錄，新增 2 篇文章
2025-05-22 20:24:27,333 - INFO - 程式結束執行
