2025-04-22 20:19:11,850 - INFO - 初始化更新模式: recent, 檢查特定文章: True
2025-04-22 20:19:11,850 - INFO - 設定文章範圍: 近期文章範圍 - 從 914900 到 915000
2025-04-22 20:19:11,851 - INFO - 特定文章 913706 已處理，跳過檢查
2025-04-22 20:19:11,851 - INFO - 特定文章 913623 已處理，跳過檢查
2025-04-22 20:19:11,851 - INFO - 特定文章 913646 已處理，跳過檢查
2025-04-22 20:19:11,851 - INFO - 開始執行爬蟲 (模式: recent)
2025-04-22 20:19:12,016 - INFO - pno=51120 第 1 頁找到 2 篇新文章: [913739, 913739]
2025-04-22 20:19:13,726 - INFO - pno=51121 第 1 頁找到 2 篇新文章: [913739, 913739]
2025-04-22 20:19:13,726 - INFO - 第 1 頁共找到 2 篇新文章: [913739, 913739]
2025-04-22 20:19:13,726 - INFO - 檢測到最新文章編號: 913739
2025-04-22 20:19:13,876 - INFO - pno=51120 第 1 頁找到 2 篇新文章: [913739, 913739]
2025-04-22 20:19:15,502 - INFO - pno=51121 第 1 頁找到 2 篇新文章: [913739, 913739]
2025-04-22 20:19:15,502 - INFO - 第 1 頁共找到 2 篇新文章: [913739, 913739]
2025-04-22 20:19:15,503 - INFO - 近期模式：第一頁找到 2 篇新文章
2025-04-22 20:19:15,503 - INFO - 期刊頁面文章範圍: 913739 到 913739
2025-04-22 20:19:15,503 - INFO - 設定動態上限: 914239 (原始最大值 913739 + 緩衝區 500)
2025-04-22 20:19:15,504 - INFO - 共找到 1 篇新文章: [913739]...
2025-04-22 20:19:15,513 - INFO - 開始請求文章 URL: https://real-estate.get.com.tw/Columns/detail.aspx?no=913739
2025-04-22 20:19:16,046 - INFO - 文章 913739 請求狀態碼: 200
2025-04-22 20:19:16,046 - INFO - 文章 913739 響應內容長度: 30866
2025-04-22 20:19:16,046 - INFO - 已保存文章 913739 的原始響應到: real_estate_articles\logs\article_913739_response.html
2025-04-22 20:19:16,072 - INFO - 從 meta 標籤找到文章資訊
2025-04-22 20:19:16,076 - INFO - 文章 913739 找到 8 個資料列
2025-04-22 20:19:16,078 - INFO - 文章 913739 成功解析 8 個欄位
2025-04-22 20:19:16,086 - INFO - 文章 913739 解析成功
2025-04-22 20:19:16,889 - INFO - 文章 913739 已保存到 real_estate_articles\articles\913739_死亡前2年贈與之相關概念比較,曾榮耀老師.md
2025-04-22 20:19:16,891 - INFO - 更新完成：成功 1 篇，失敗 0 篇
2025-04-22 20:19:17,330 - INFO - 已成功更新文章目錄，新增 2 篇文章
2025-04-22 20:19:17,331 - INFO - 程式結束執行
