2025-04-19 11:45:48,892 - INFO - 初始化更新模式: recent
2025-04-19 11:45:48,894 - INFO - 開始檢查特定文章: 913706
2025-04-19 11:45:48,896 - INFO - 請求 URL: https://real-estate.get.com.tw/Columns/detail.aspx?no=913706
2025-04-19 11:45:49,391 - INFO - 已保存原始 HTML 到: real_estate_articles\logs\debug_article_913706.html
2025-04-19 11:45:49,412 - INFO - 頁面 meta 信息: {'description': '蘇偉強,信託契約,自由處分,委託人,信託法,甲乙丙三人共有一筆A地，每人應有部分為1/ 3，由於丙具有地政士專業，因而三人協議將該A地共同信託給丙，並簽訂信託,高點來勝不動產,提供不動產經紀人,不動產估價師,地政士,高普考地政,地方特考地政等最新考試訊息!', 'keywords': '蘇偉強,信託契約,自由處分,委託人,信託法,不動產經紀人,不動產估價師,地政士,高考地政,普考地政,地方特考地政,許文昌,不動產證照,', 'viewport': 'width=device-width,initial-scale=1', 'robots': 'index,follow', 'citation_title': '共有土地協議信託給共有人之一,曾榮耀老師', 'citation_author': '蘇偉強', 'citation_publication_date': '2025/04/01', 'citation_journal_t??itle': '許文昌/曾榮耀不動產全制霸', 'citation_firstpage': '1', 'citation_lastpage': '1'}
2025-04-19 11:45:49,415 - INFO - Meta 標籤中的作者: 蘇偉強
2025-04-19 11:45:49,416 - ERROR - 無法抓取文章 913706
2025-04-19 11:45:49,417 - INFO - 開始檢查特定文章: 913646
2025-04-19 11:45:49,419 - INFO - 請求 URL: https://real-estate.get.com.tw/Columns/detail.aspx?no=913646
2025-04-19 11:45:49,452 - INFO - 已保存原始 HTML 到: real_estate_articles\logs\debug_article_913646.html
2025-04-19 11:45:49,474 - INFO - 頁面 meta 信息: {'description': '蘇偉強,信託,受益權,受託人,受益人,案例\r\n老張信託其所有之不動產給小美，約定受託人小美基於老張之女,高點來勝不動產,提供不動產經紀人,不動產估價師,地政士,高普考地政,地方特考地政等最新考試訊息!', 'keywords': '蘇偉強,信託,受益權,受託人,受益人,不動產經紀人,不動產估價師,地政士,高考地政,普考地政,地方特考地政,許文昌,不動產證照,', 'viewport': 'width=device-width,initial-scale=1', 'robots': 'index,follow', 'citation_title': '信託受益人死亡之處理方式,曾榮耀老師', 'citation_author': '蘇偉強', 'citation_publication_date': '2025/04/01', 'citation_journal_t??itle': '許文昌/曾榮耀不動產全制霸', 'citation_firstpage': '1', 'citation_lastpage': '1'}
2025-04-19 11:45:49,475 - INFO - Meta 標籤中的作者: 蘇偉強
2025-04-19 11:45:49,476 - INFO - 開始請求文章 URL: https://real-estate.get.com.tw/Columns/detail.aspx?no=913646
2025-04-19 11:45:49,509 - INFO - 文章 913646 請求狀態碼: 200
2025-04-19 11:45:49,509 - INFO - 文章 913646 響應內容長度: 30302
2025-04-19 11:45:49,512 - INFO - 已保存文章 913646 的原始響應到: real_estate_articles\logs\article_913646_response.html
2025-04-19 11:45:49,537 - INFO - 從 meta 標籤找到文章資訊
2025-04-19 11:45:49,542 - INFO - 文章 913646 找到 9 個資料列
2025-04-19 11:45:49,544 - INFO - 文章 913646 成功解析 7 個欄位
2025-04-19 11:45:49,546 - INFO - 文章 913646 實際作者: 蘇偉強
2025-04-19 11:45:49,548 - INFO - 文章 913646 解析成功
2025-04-19 11:45:49,550 - INFO - 文章 913646 抓取成功，開始保存
2025-04-19 11:45:50,683 - INFO - 已成功更新文章目錄，新增 1 篇文章
2025-04-19 11:45:50,684 - INFO - 成功抓取並保存文章 913646
2025-04-19 11:45:50,686 - INFO - 開始檢查文章更新
2025-04-19 11:45:51,035 - INFO - 檢測到期刊總頁數: 1
2025-04-19 11:45:51,035 - INFO - 正在檢查第 1 頁的文章列表
2025-04-19 11:45:52,269 - INFO - 找到 0 篇待檢查文章
2025-04-19 11:45:52,273 - INFO - 更新完成：成功 0 篇，失敗 0 篇
2025-04-19 11:45:52,274 - INFO - 更新程序結束
