2025-05-17 16:35:21,319 - INFO - 初始化更新模式: recent, 檢查特定文章: True
2025-05-17 16:35:21,319 - INFO - 設定文章範圍: 近期文章範圍 - 從 914900 到 915000
2025-05-17 16:35:21,319 - INFO - 特定文章 913706 已處理，跳過檢查
2025-05-17 16:35:21,320 - INFO - 特定文章 913623 已處理，跳過檢查
2025-05-17 16:35:21,320 - INFO - 特定文章 913646 已處理，跳過檢查
2025-05-17 16:35:21,320 - INFO - 開始執行爬蟲 (模式: recent)
2025-05-17 16:35:21,547 - INFO - pno=51120 第 1 頁找到 2 篇新文章: [913820, 913820]
2025-05-17 16:35:23,315 - INFO - pno=51121 第 1 頁找到 5 篇新文章: [913820, 913820, 913859, 913859, 913800]
2025-05-17 16:35:23,315 - INFO - 第 1 頁共找到 5 篇新文章: [913820, 913820, 913859, 913859, 913800]
2025-05-17 16:35:23,315 - INFO - 檢測到最新文章編號: 913859
2025-05-17 16:35:23,369 - INFO - pno=51120 第 1 頁找到 2 篇新文章: [913820, 913820]
2025-05-17 16:35:25,042 - INFO - pno=51121 第 1 頁找到 5 篇新文章: [913820, 913820, 913859, 913859, 913800]
2025-05-17 16:35:25,042 - INFO - 第 1 頁共找到 5 篇新文章: [913820, 913820, 913859, 913859, 913800]
2025-05-17 16:35:25,042 - INFO - 近期模式：第一頁找到 5 篇新文章
2025-05-17 16:35:25,043 - INFO - 期刊頁面文章範圍: 913800 到 913859
2025-05-17 16:35:25,043 - INFO - 設定動態上限: 914359 (原始最大值 913859 + 緩衝區 500)
2025-05-17 16:35:25,043 - INFO - 共找到 3 篇新文章: [913800, 913820, 913859]...
2025-05-17 16:35:25,058 - INFO - 開始請求文章 URL: https://real-estate.get.com.tw/Columns/detail.aspx?no=913800
2025-05-17 16:35:25,088 - INFO - 文章 913800 請求狀態碼: 200
2025-05-17 16:35:25,088 - INFO - 文章 913800 響應內容長度: 30894
2025-05-17 16:35:25,089 - INFO - 已保存文章 913800 的原始響應到: real_estate_articles\logs\article_913800_response.html
2025-05-17 16:35:25,114 - INFO - 從 meta 標籤找到文章資訊
2025-05-17 16:35:25,118 - INFO - 文章 913800 找到 9 個資料列
2025-05-17 16:35:25,120 - INFO - 文章 913800 成功解析 8 個欄位
2025-05-17 16:35:25,127 - INFO - 文章 913800 解析成功
2025-05-17 16:35:25,982 - INFO - 文章 913800 已保存到 real_estate_articles\articles\913800_四則免徵土地增值稅之理由,許文昌老師.md
2025-05-17 16:35:26,637 - INFO - 開始請求文章 URL: https://real-estate.get.com.tw/Columns/detail.aspx?no=913820
2025-05-17 16:35:26,652 - INFO - 開始請求文章 URL: https://real-estate.get.com.tw/Columns/detail.aspx?no=913859
2025-05-17 16:35:26,668 - INFO - 文章 913820 請求狀態碼: 200
2025-05-17 16:35:26,668 - INFO - 文章 913820 響應內容長度: 30592
2025-05-17 16:35:26,670 - INFO - 已保存文章 913820 的原始響應到: real_estate_articles\logs\article_913820_response.html
2025-05-17 16:35:26,691 - INFO - 從 meta 標籤找到文章資訊
2025-05-17 16:35:26,706 - INFO - 文章 913820 找到 8 個資料列
2025-05-17 16:35:26,723 - INFO - 文章 913820 成功解析 8 個欄位
2025-05-17 16:35:26,790 - INFO - 文章 913859 請求狀態碼: 200
2025-05-17 16:35:26,791 - INFO - 文章 913859 響應內容長度: 30322
2025-05-17 16:35:26,795 - INFO - 已保存文章 913859 的原始響應到: real_estate_articles\logs\article_913859_response.html
2025-05-17 16:35:26,816 - INFO - 從 meta 標籤找到文章資訊
2025-05-17 16:35:26,819 - INFO - 文章 913859 找到 8 個資料列
2025-05-17 16:35:26,821 - INFO - 文章 913859 成功解析 8 個欄位
2025-05-17 16:35:26,823 - INFO - 文章 913859 解析成功
2025-05-17 16:35:26,824 - INFO - 文章 913820 解析成功
2025-05-17 16:35:27,645 - INFO - 文章 913859 已保存到 real_estate_articles\articles\913859_租稅平等原則,許文昌老師.md
2025-05-17 16:35:28,558 - INFO - 文章 913820 已保存到 real_estate_articles\articles\913820_房地合一所得稅「免納(徵)」、「非課稅範圍」及「無所得」之釐清,曾榮耀老師.md
2025-05-17 16:35:28,560 - INFO - 更新完成：成功 3 篇，失敗 0 篇
2025-05-17 16:35:29,047 - INFO - 已成功更新文章目錄，新增 3 篇文章
2025-05-17 16:35:29,047 - INFO - 程式結束執行
