2025-04-20 19:54:08,553 - INFO - 初始化更新模式: all, 檢查特定文章: True
2025-04-20 19:54:08,553 - INFO - 設定文章範圍: 近期文章範圍 - 從 914900 到 915000
2025-04-20 19:54:08,553 - INFO - 開始重新處理已爬取文章的表格格式
2025-04-20 19:54:08,856 - INFO - 將重新處理 833 篇文章
2025-04-20 19:54:08,869 - WARNING - 找不到文章 913286 的原始 HTML 檔案
2025-04-20 19:54:08,871 - WARNING - 找不到文章 913158 的原始 HTML 檔案
2025-04-20 19:54:08,873 - WARNING - 找不到文章 912910 的原始 HTML 檔案
2025-04-20 19:54:08,876 - WARNING - 找不到文章 912784 的原始 HTML 檔案
2025-04-20 19:54:08,879 - WARNING - 找不到文章 913054 的原始 HTML 檔案
2025-04-20 19:54:08,881 - WARNING - 找不到文章 912425 的原始 HTML 檔案
2025-04-20 19:54:08,883 - WARNING - 找不到文章 913331 的原始 HTML 檔案
2025-04-20 19:54:08,885 - WARNING - 找不到文章 912956 的原始 HTML 檔案
2025-04-20 19:54:08,887 - WARNING - 找不到文章 912836 的原始 HTML 檔案
2025-04-20 19:54:08,889 - WARNING - 找不到文章 912452 的原始 HTML 檔案
2025-04-20 19:54:08,892 - WARNING - 找不到文章 913225 的原始 HTML 檔案
2025-04-20 19:54:08,895 - WARNING - 找不到文章 913112 的原始 HTML 檔案
2025-04-20 19:54:08,898 - WARNING - 找不到文章 912355 的原始 HTML 檔案
2025-04-20 19:54:08,900 - WARNING - 找不到文章 912485 的原始 HTML 檔案
2025-04-20 19:54:08,902 - WARNING - 找不到文章 912242 的原始 HTML 檔案
2025-04-20 19:54:08,903 - WARNING - 找不到文章 913011 的原始 HTML 檔案
2025-04-20 19:54:08,906 - WARNING - 找不到文章 912885 的原始 HTML 檔案
2025-04-20 19:54:08,908 - WARNING - 找不到文章 912631 的原始 HTML 檔案
2025-04-20 19:54:08,910 - WARNING - 找不到文章 912632 的原始 HTML 檔案
2025-04-20 19:54:08,912 - WARNING - 找不到文章 913274 的原始 HTML 檔案
2025-04-20 19:54:08,914 - WARNING - 找不到文章 900055 的原始 HTML 檔案
2025-04-20 19:54:08,917 - WARNING - 找不到文章 900058 的原始 HTML 檔案
2025-04-20 19:54:08,919 - WARNING - 找不到文章 900081 的原始 HTML 檔案
2025-04-20 19:54:08,921 - WARNING - 找不到文章 900082 的原始 HTML 檔案
2025-04-20 19:54:08,924 - WARNING - 找不到文章 900142 的原始 HTML 檔案
2025-04-20 19:54:08,926 - WARNING - 找不到文章 900144 的原始 HTML 檔案
2025-04-20 19:54:08,928 - WARNING - 找不到文章 900222 的原始 HTML 檔案
2025-04-20 19:54:08,930 - WARNING - 找不到文章 900223 的原始 HTML 檔案
2025-04-20 19:54:08,932 - WARNING - 找不到文章 900289 的原始 HTML 檔案
2025-04-20 19:54:08,934 - WARNING - 找不到文章 900290 的原始 HTML 檔案
2025-04-20 19:54:08,936 - WARNING - 找不到文章 900322 的原始 HTML 檔案
2025-04-20 19:54:08,939 - WARNING - 找不到文章 900323 的原始 HTML 檔案
2025-04-20 19:54:08,941 - WARNING - 找不到文章 900472 的原始 HTML 檔案
2025-04-20 19:54:08,943 - WARNING - 找不到文章 900473 的原始 HTML 檔案
2025-04-20 19:54:08,945 - WARNING - 找不到文章 900512 的原始 HTML 檔案
2025-04-20 19:54:08,947 - WARNING - 找不到文章 900513 的原始 HTML 檔案
2025-04-20 19:54:08,949 - WARNING - 找不到文章 900554 的原始 HTML 檔案
2025-04-20 19:54:08,951 - WARNING - 找不到文章 900555 的原始 HTML 檔案
2025-04-20 19:54:08,953 - WARNING - 找不到文章 900609 的原始 HTML 檔案
2025-04-20 19:54:08,956 - WARNING - 找不到文章 900610 的原始 HTML 檔案
2025-04-20 19:54:08,958 - WARNING - 找不到文章 900663 的原始 HTML 檔案
2025-04-20 19:54:08,960 - WARNING - 找不到文章 900664 的原始 HTML 檔案
2025-04-20 19:54:08,962 - WARNING - 找不到文章 900704 的原始 HTML 檔案
2025-04-20 19:54:08,964 - WARNING - 找不到文章 900705 的原始 HTML 檔案
2025-04-20 19:54:08,966 - WARNING - 找不到文章 900830 的原始 HTML 檔案
2025-04-20 19:54:08,968 - WARNING - 找不到文章 900831 的原始 HTML 檔案
2025-04-20 19:54:08,971 - WARNING - 找不到文章 900948 的原始 HTML 檔案
2025-04-20 19:54:08,974 - WARNING - 找不到文章 900949 的原始 HTML 檔案
2025-04-20 19:54:08,976 - WARNING - 找不到文章 901029 的原始 HTML 檔案
2025-04-20 19:54:08,978 - WARNING - 找不到文章 901030 的原始 HTML 檔案
2025-04-20 19:54:08,980 - WARNING - 找不到文章 901072 的原始 HTML 檔案
2025-04-20 19:54:08,982 - WARNING - 找不到文章 901073 的原始 HTML 檔案
2025-04-20 19:54:08,984 - WARNING - 找不到文章 901141 的原始 HTML 檔案
2025-04-20 19:54:08,987 - WARNING - 找不到文章 901142 的原始 HTML 檔案
2025-04-20 19:54:08,989 - WARNING - 找不到文章 901191 的原始 HTML 檔案
2025-04-20 19:54:08,991 - WARNING - 找不到文章 901192 的原始 HTML 檔案
2025-04-20 19:54:08,993 - WARNING - 找不到文章 901261 的原始 HTML 檔案
2025-04-20 19:54:08,995 - WARNING - 找不到文章 901262 的原始 HTML 檔案
2025-04-20 19:54:08,997 - WARNING - 找不到文章 901352 的原始 HTML 檔案
2025-04-20 19:54:08,999 - WARNING - 找不到文章 901353 的原始 HTML 檔案
2025-04-20 19:54:09,001 - WARNING - 找不到文章 901454 的原始 HTML 檔案
2025-04-20 19:54:09,003 - WARNING - 找不到文章 901455 的原始 HTML 檔案
2025-04-20 19:54:09,005 - WARNING - 找不到文章 901487 的原始 HTML 檔案
2025-04-20 19:54:09,008 - WARNING - 找不到文章 901488 的原始 HTML 檔案
2025-04-20 19:54:09,010 - WARNING - 找不到文章 901543 的原始 HTML 檔案
2025-04-20 19:54:09,012 - WARNING - 找不到文章 901544 的原始 HTML 檔案
2025-04-20 19:54:09,015 - WARNING - 找不到文章 901616 的原始 HTML 檔案
2025-04-20 19:54:09,017 - WARNING - 找不到文章 901617 的原始 HTML 檔案
2025-04-20 19:54:09,019 - WARNING - 找不到文章 901664 的原始 HTML 檔案
2025-04-20 19:54:09,020 - WARNING - 找不到文章 901665 的原始 HTML 檔案
2025-04-20 19:54:09,023 - WARNING - 找不到文章 901708 的原始 HTML 檔案
2025-04-20 19:54:09,025 - WARNING - 找不到文章 901834 的原始 HTML 檔案
2025-04-20 19:54:09,027 - WARNING - 找不到文章 901835 的原始 HTML 檔案
2025-04-20 19:54:09,029 - WARNING - 找不到文章 901908 的原始 HTML 檔案
2025-04-20 19:54:09,031 - WARNING - 找不到文章 901909 的原始 HTML 檔案
2025-04-20 19:54:09,033 - WARNING - 找不到文章 902022 的原始 HTML 檔案
2025-04-20 19:54:09,035 - WARNING - 找不到文章 902023 的原始 HTML 檔案
2025-04-20 19:54:09,037 - WARNING - 找不到文章 902057 的原始 HTML 檔案
2025-04-20 19:54:09,040 - WARNING - 找不到文章 902058 的原始 HTML 檔案
2025-04-20 19:54:09,042 - WARNING - 找不到文章 902106 的原始 HTML 檔案
2025-04-20 19:54:09,044 - WARNING - 找不到文章 902107 的原始 HTML 檔案
2025-04-20 19:54:09,046 - WARNING - 找不到文章 902213 的原始 HTML 檔案
2025-04-20 19:54:09,048 - WARNING - 找不到文章 902214 的原始 HTML 檔案
2025-04-20 19:54:09,050 - WARNING - 找不到文章 902313 的原始 HTML 檔案
2025-04-20 19:54:09,052 - WARNING - 找不到文章 902378 的原始 HTML 檔案
2025-04-20 19:54:09,054 - WARNING - 找不到文章 902379 的原始 HTML 檔案
2025-04-20 19:54:09,057 - WARNING - 找不到文章 902539 的原始 HTML 檔案
2025-04-20 19:54:09,059 - WARNING - 找不到文章 902540 的原始 HTML 檔案
2025-04-20 19:54:09,061 - WARNING - 找不到文章 902588 的原始 HTML 檔案
2025-04-20 19:54:09,063 - WARNING - 找不到文章 902589 的原始 HTML 檔案
2025-04-20 19:54:09,065 - WARNING - 找不到文章 902606 的原始 HTML 檔案
2025-04-20 19:54:09,067 - WARNING - 找不到文章 902608 的原始 HTML 檔案
2025-04-20 19:54:09,069 - WARNING - 找不到文章 902685 的原始 HTML 檔案
2025-04-20 19:54:09,072 - WARNING - 找不到文章 902686 的原始 HTML 檔案
2025-04-20 19:54:09,074 - WARNING - 找不到文章 902764 的原始 HTML 檔案
2025-04-20 19:54:09,076 - WARNING - 找不到文章 902765 的原始 HTML 檔案
2025-04-20 19:54:09,078 - WARNING - 找不到文章 902871 的原始 HTML 檔案
2025-04-20 19:54:09,081 - WARNING - 找不到文章 902872 的原始 HTML 檔案
2025-04-20 19:54:09,083 - WARNING - 找不到文章 902905 的原始 HTML 檔案
2025-04-20 19:54:09,085 - WARNING - 找不到文章 902907 的原始 HTML 檔案
2025-04-20 19:54:09,087 - WARNING - 找不到文章 902970 的原始 HTML 檔案
2025-04-20 19:54:09,090 - WARNING - 找不到文章 902971 的原始 HTML 檔案
2025-04-20 19:54:09,092 - WARNING - 找不到文章 903051 的原始 HTML 檔案
2025-04-20 19:54:09,094 - WARNING - 找不到文章 903052 的原始 HTML 檔案
2025-04-20 19:54:09,096 - WARNING - 找不到文章 903114 的原始 HTML 檔案
2025-04-20 19:54:09,098 - WARNING - 找不到文章 903115 的原始 HTML 檔案
2025-04-20 19:54:09,100 - WARNING - 找不到文章 903253 的原始 HTML 檔案
2025-04-20 19:54:09,102 - WARNING - 找不到文章 903254 的原始 HTML 檔案
2025-04-20 19:54:09,104 - WARNING - 找不到文章 903315 的原始 HTML 檔案
2025-04-20 19:54:09,107 - WARNING - 找不到文章 903316 的原始 HTML 檔案
2025-04-20 19:54:09,109 - WARNING - 找不到文章 903370 的原始 HTML 檔案
2025-04-20 19:54:09,112 - WARNING - 找不到文章 903371 的原始 HTML 檔案
2025-04-20 19:54:09,114 - WARNING - 找不到文章 903405 的原始 HTML 檔案
2025-04-20 19:54:09,116 - WARNING - 找不到文章 903455 的原始 HTML 檔案
2025-04-20 19:54:09,118 - WARNING - 找不到文章 903560 的原始 HTML 檔案
2025-04-20 19:54:09,121 - WARNING - 找不到文章 903561 的原始 HTML 檔案
2025-04-20 19:54:09,124 - WARNING - 找不到文章 903589 的原始 HTML 檔案
2025-04-20 19:54:09,126 - WARNING - 找不到文章 903622 的原始 HTML 檔案
2025-04-20 19:54:09,128 - WARNING - 找不到文章 903625 的原始 HTML 檔案
2025-04-20 19:54:09,131 - WARNING - 找不到文章 903658 的原始 HTML 檔案
2025-04-20 19:54:09,134 - WARNING - 找不到文章 903687 的原始 HTML 檔案
2025-04-20 19:54:09,137 - WARNING - 找不到文章 903716 的原始 HTML 檔案
2025-04-20 19:54:09,139 - WARNING - 找不到文章 903810 的原始 HTML 檔案
2025-04-20 19:54:09,142 - WARNING - 找不到文章 903829 的原始 HTML 檔案
2025-04-20 19:54:09,144 - WARNING - 找不到文章 903830 的原始 HTML 檔案
2025-04-20 19:54:09,146 - WARNING - 找不到文章 903831 的原始 HTML 檔案
2025-04-20 19:54:09,149 - WARNING - 找不到文章 903940 的原始 HTML 檔案
2025-04-20 19:54:09,151 - WARNING - 找不到文章 903980 的原始 HTML 檔案
2025-04-20 19:54:09,154 - WARNING - 找不到文章 904053 的原始 HTML 檔案
2025-04-20 19:54:09,156 - WARNING - 找不到文章 904099 的原始 HTML 檔案
2025-04-20 19:54:09,159 - WARNING - 找不到文章 904159 的原始 HTML 檔案
2025-04-20 19:54:09,161 - WARNING - 找不到文章 904215 的原始 HTML 檔案
2025-04-20 19:54:09,164 - WARNING - 找不到文章 904228 的原始 HTML 檔案
2025-04-20 19:54:09,166 - WARNING - 找不到文章 904229 的原始 HTML 檔案
2025-04-20 19:54:09,169 - WARNING - 找不到文章 904279 的原始 HTML 檔案
2025-04-20 19:54:09,171 - WARNING - 找不到文章 904299 的原始 HTML 檔案
2025-04-20 19:54:09,173 - WARNING - 找不到文章 904323 的原始 HTML 檔案
2025-04-20 19:54:09,175 - WARNING - 找不到文章 904456 的原始 HTML 檔案
2025-04-20 19:54:09,177 - WARNING - 找不到文章 904457 的原始 HTML 檔案
2025-04-20 19:54:09,180 - WARNING - 找不到文章 904486 的原始 HTML 檔案
2025-04-20 19:54:09,183 - WARNING - 找不到文章 904500 的原始 HTML 檔案
2025-04-20 19:54:09,185 - WARNING - 找不到文章 904512 的原始 HTML 檔案
2025-04-20 19:54:09,187 - WARNING - 找不到文章 904567 的原始 HTML 檔案
2025-04-20 19:54:09,190 - WARNING - 找不到文章 904576 的原始 HTML 檔案
2025-04-20 19:54:09,192 - WARNING - 找不到文章 904672 的原始 HTML 檔案
2025-04-20 19:54:09,194 - WARNING - 找不到文章 904741 的原始 HTML 檔案
2025-04-20 19:54:09,197 - WARNING - 找不到文章 904745 的原始 HTML 檔案
2025-04-20 19:54:09,199 - WARNING - 找不到文章 904765 的原始 HTML 檔案
2025-04-20 19:54:09,202 - WARNING - 找不到文章 904815 的原始 HTML 檔案
2025-04-20 19:54:09,204 - WARNING - 找不到文章 904888 的原始 HTML 檔案
2025-04-20 19:54:09,207 - WARNING - 找不到文章 904954 的原始 HTML 檔案
2025-04-20 19:54:09,211 - WARNING - 找不到文章 904960 的原始 HTML 檔案
2025-04-20 19:54:09,213 - WARNING - 找不到文章 904980 的原始 HTML 檔案
2025-04-20 19:54:09,215 - WARNING - 找不到文章 905019 的原始 HTML 檔案
2025-04-20 19:54:09,218 - WARNING - 找不到文章 905028 的原始 HTML 檔案
2025-04-20 19:54:09,221 - WARNING - 找不到文章 905102 的原始 HTML 檔案
2025-04-20 19:54:09,223 - WARNING - 找不到文章 905136 的原始 HTML 檔案
2025-04-20 19:54:09,227 - WARNING - 找不到文章 905141 的原始 HTML 檔案
2025-04-20 19:54:09,229 - WARNING - 找不到文章 905153 的原始 HTML 檔案
2025-04-20 19:54:09,231 - WARNING - 找不到文章 905202 的原始 HTML 檔案
2025-04-20 19:54:09,234 - WARNING - 找不到文章 905215 的原始 HTML 檔案
2025-04-20 19:54:09,236 - WARNING - 找不到文章 905227 的原始 HTML 檔案
2025-04-20 19:54:09,238 - WARNING - 找不到文章 905273 的原始 HTML 檔案
2025-04-20 19:54:09,241 - WARNING - 找不到文章 905298 的原始 HTML 檔案
2025-04-20 19:54:09,243 - WARNING - 找不到文章 905315 的原始 HTML 檔案
2025-04-20 19:54:09,245 - WARNING - 找不到文章 905387 的原始 HTML 檔案
2025-04-20 19:54:09,246 - WARNING - 找不到文章 905406 的原始 HTML 檔案
2025-04-20 19:54:09,259 - WARNING - 找不到文章 905499 的原始 HTML 檔案
2025-04-20 19:54:09,263 - WARNING - 找不到文章 905515 的原始 HTML 檔案
2025-04-20 19:54:09,267 - WARNING - 找不到文章 905576 的原始 HTML 檔案
2025-04-20 19:54:09,267 - WARNING - 找不到文章 905586 的原始 HTML 檔案
2025-04-20 19:54:09,274 - WARNING - 找不到文章 905700 的原始 HTML 檔案
2025-04-20 19:54:09,277 - WARNING - 找不到文章 905713 的原始 HTML 檔案
2025-04-20 19:54:09,285 - WARNING - 找不到文章 905731 的原始 HTML 檔案
2025-04-20 19:54:09,290 - WARNING - 找不到文章 905759 的原始 HTML 檔案
2025-04-20 19:54:09,290 - WARNING - 找不到文章 905771 的原始 HTML 檔案
2025-04-20 19:54:09,296 - WARNING - 找不到文章 905790 的原始 HTML 檔案
2025-04-20 19:54:09,298 - WARNING - 找不到文章 905810 的原始 HTML 檔案
2025-04-20 19:54:09,300 - WARNING - 找不到文章 905845 的原始 HTML 檔案
2025-04-20 19:54:09,300 - WARNING - 找不到文章 905867 的原始 HTML 檔案
2025-04-20 19:54:09,305 - WARNING - 找不到文章 905884 的原始 HTML 檔案
2025-04-20 19:54:09,307 - WARNING - 找不到文章 905973 的原始 HTML 檔案
2025-04-20 19:54:09,309 - WARNING - 找不到文章 905979 的原始 HTML 檔案
2025-04-20 19:54:09,312 - WARNING - 找不到文章 906041 的原始 HTML 檔案
2025-04-20 19:54:09,314 - WARNING - 找不到文章 906076 的原始 HTML 檔案
2025-04-20 19:54:09,316 - WARNING - 找不到文章 906103 的原始 HTML 檔案
2025-04-20 19:54:09,316 - WARNING - 找不到文章 906119 的原始 HTML 檔案
2025-04-20 19:54:09,320 - WARNING - 找不到文章 906127 的原始 HTML 檔案
2025-04-20 19:54:09,323 - WARNING - 找不到文章 906230 的原始 HTML 檔案
2025-04-20 19:54:09,325 - WARNING - 找不到文章 906247 的原始 HTML 檔案
2025-04-20 19:54:09,327 - WARNING - 找不到文章 906252 的原始 HTML 檔案
2025-04-20 19:54:09,330 - WARNING - 找不到文章 906267 的原始 HTML 檔案
2025-04-20 19:54:09,332 - WARNING - 找不到文章 906268 的原始 HTML 檔案
2025-04-20 19:54:09,334 - WARNING - 找不到文章 906347 的原始 HTML 檔案
2025-04-20 19:54:09,336 - WARNING - 找不到文章 906377 的原始 HTML 檔案
2025-04-20 19:54:09,338 - WARNING - 找不到文章 906404 的原始 HTML 檔案
2025-04-20 19:54:09,340 - WARNING - 找不到文章 906425 的原始 HTML 檔案
2025-04-20 19:54:09,342 - WARNING - 找不到文章 906482 的原始 HTML 檔案
2025-04-20 19:54:09,344 - WARNING - 找不到文章 906594 的原始 HTML 檔案
2025-04-20 19:54:09,346 - WARNING - 找不到文章 906631 的原始 HTML 檔案
2025-04-20 19:54:09,347 - WARNING - 找不到文章 906671 的原始 HTML 檔案
2025-04-20 19:54:09,350 - WARNING - 找不到文章 906739 的原始 HTML 檔案
2025-04-20 19:54:09,352 - WARNING - 找不到文章 906740 的原始 HTML 檔案
2025-04-20 19:54:09,354 - WARNING - 找不到文章 906744 的原始 HTML 檔案
2025-04-20 19:54:09,357 - WARNING - 找不到文章 906785 的原始 HTML 檔案
2025-04-20 19:54:09,358 - WARNING - 找不到文章 906824 的原始 HTML 檔案
2025-04-20 19:54:09,360 - WARNING - 找不到文章 906891 的原始 HTML 檔案
2025-04-20 19:54:09,362 - WARNING - 找不到文章 906932 的原始 HTML 檔案
2025-04-20 19:54:09,365 - WARNING - 找不到文章 906980 的原始 HTML 檔案
2025-04-20 19:54:09,367 - WARNING - 找不到文章 907040 的原始 HTML 檔案
2025-04-20 19:54:09,369 - WARNING - 找不到文章 907095 的原始 HTML 檔案
2025-04-20 19:54:09,369 - WARNING - 找不到文章 907119 的原始 HTML 檔案
2025-04-20 19:54:09,373 - WARNING - 找不到文章 907121 的原始 HTML 檔案
2025-04-20 19:54:09,374 - WARNING - 找不到文章 907147 的原始 HTML 檔案
2025-04-20 19:54:09,377 - WARNING - 找不到文章 907167 的原始 HTML 檔案
2025-04-20 19:54:09,379 - WARNING - 找不到文章 907249 的原始 HTML 檔案
2025-04-20 19:54:09,381 - WARNING - 找不到文章 907296 的原始 HTML 檔案
2025-04-20 19:54:09,383 - WARNING - 找不到文章 907334 的原始 HTML 檔案
2025-04-20 19:54:09,384 - WARNING - 找不到文章 907359 的原始 HTML 檔案
2025-04-20 19:54:09,387 - WARNING - 找不到文章 907403 的原始 HTML 檔案
2025-04-20 19:54:09,390 - WARNING - 找不到文章 907421 的原始 HTML 檔案
2025-04-20 19:54:09,391 - WARNING - 找不到文章 907485 的原始 HTML 檔案
2025-04-20 19:54:09,391 - WARNING - 找不到文章 907523 的原始 HTML 檔案
2025-04-20 19:54:09,396 - WARNING - 找不到文章 907535 的原始 HTML 檔案
2025-04-20 19:54:09,397 - WARNING - 找不到文章 907536 的原始 HTML 檔案
2025-04-20 19:54:09,399 - WARNING - 找不到文章 907569 的原始 HTML 檔案
2025-04-20 19:54:09,400 - WARNING - 找不到文章 907646 的原始 HTML 檔案
2025-04-20 19:54:09,403 - WARNING - 找不到文章 907657 的原始 HTML 檔案
2025-04-20 19:54:09,406 - WARNING - 找不到文章 907677 的原始 HTML 檔案
2025-04-20 19:54:09,408 - WARNING - 找不到文章 907714 的原始 HTML 檔案
2025-04-20 19:54:09,410 - WARNING - 找不到文章 907761 的原始 HTML 檔案
2025-04-20 19:54:09,411 - WARNING - 找不到文章 907810 的原始 HTML 檔案
2025-04-20 19:54:09,414 - WARNING - 找不到文章 907845 的原始 HTML 檔案
2025-04-20 19:54:09,414 - WARNING - 找不到文章 907883 的原始 HTML 檔案
2025-04-20 19:54:09,418 - WARNING - 找不到文章 907918 的原始 HTML 檔案
2025-04-20 19:54:09,420 - WARNING - 找不到文章 907950 的原始 HTML 檔案
2025-04-20 19:54:09,422 - WARNING - 找不到文章 907978 的原始 HTML 檔案
2025-04-20 19:54:09,423 - WARNING - 找不到文章 908023 的原始 HTML 檔案
2025-04-20 19:54:09,427 - WARNING - 找不到文章 908042 的原始 HTML 檔案
2025-04-20 19:54:09,432 - WARNING - 找不到文章 908098 的原始 HTML 檔案
2025-04-20 19:54:09,434 - WARNING - 找不到文章 908130 的原始 HTML 檔案
2025-04-20 19:54:09,441 - WARNING - 找不到文章 908150 的原始 HTML 檔案
2025-04-20 19:54:09,444 - WARNING - 找不到文章 908246 的原始 HTML 檔案
2025-04-20 19:54:09,447 - WARNING - 找不到文章 908283 的原始 HTML 檔案
2025-04-20 19:54:09,449 - WARNING - 找不到文章 908295 的原始 HTML 檔案
2025-04-20 19:54:09,453 - WARNING - 找不到文章 908315 的原始 HTML 檔案
2025-04-20 19:54:09,456 - WARNING - 找不到文章 908340 的原始 HTML 檔案
2025-04-20 19:54:09,459 - WARNING - 找不到文章 908409 的原始 HTML 檔案
2025-04-20 19:54:09,464 - WARNING - 找不到文章 908440 的原始 HTML 檔案
2025-04-20 19:54:09,466 - WARNING - 找不到文章 908466 的原始 HTML 檔案
2025-04-20 19:54:09,470 - WARNING - 找不到文章 908484 的原始 HTML 檔案
2025-04-20 19:54:09,476 - WARNING - 找不到文章 908525 的原始 HTML 檔案
2025-04-20 19:54:09,478 - WARNING - 找不到文章 908537 的原始 HTML 檔案
2025-04-20 19:54:09,482 - WARNING - 找不到文章 908583 的原始 HTML 檔案
2025-04-20 19:54:09,486 - WARNING - 找不到文章 908628 的原始 HTML 檔案
2025-04-20 19:54:09,490 - WARNING - 找不到文章 908691 的原始 HTML 檔案
2025-04-20 19:54:09,492 - WARNING - 找不到文章 908746 的原始 HTML 檔案
2025-04-20 19:54:09,492 - WARNING - 找不到文章 908757 的原始 HTML 檔案
2025-04-20 19:54:09,492 - WARNING - 找不到文章 908758 的原始 HTML 檔案
2025-04-20 19:54:09,492 - WARNING - 找不到文章 908796 的原始 HTML 檔案
2025-04-20 19:54:09,492 - WARNING - 找不到文章 908808 的原始 HTML 檔案
2025-04-20 19:54:09,492 - WARNING - 找不到文章 908837 的原始 HTML 檔案
2025-04-20 19:54:09,507 - WARNING - 找不到文章 908855 的原始 HTML 檔案
2025-04-20 19:54:09,513 - WARNING - 找不到文章 908892 的原始 HTML 檔案
2025-04-20 19:54:09,516 - WARNING - 找不到文章 908938 的原始 HTML 檔案
2025-04-20 19:54:09,518 - WARNING - 找不到文章 908951 的原始 HTML 檔案
2025-04-20 19:54:09,521 - WARNING - 找不到文章 909027 的原始 HTML 檔案
2025-04-20 19:54:09,523 - WARNING - 找不到文章 909082 的原始 HTML 檔案
2025-04-20 19:54:09,525 - WARNING - 找不到文章 909083 的原始 HTML 檔案
2025-04-20 19:54:09,526 - WARNING - 找不到文章 909089 的原始 HTML 檔案
2025-04-20 19:54:09,529 - WARNING - 找不到文章 909095 的原始 HTML 檔案
2025-04-20 19:54:09,531 - WARNING - 找不到文章 909129 的原始 HTML 檔案
2025-04-20 19:54:09,532 - WARNING - 找不到文章 909273 的原始 HTML 檔案
2025-04-20 19:54:09,536 - WARNING - 找不到文章 909293 的原始 HTML 檔案
2025-04-20 19:54:09,538 - WARNING - 找不到文章 909314 的原始 HTML 檔案
2025-04-20 19:54:09,540 - WARNING - 找不到文章 909339 的原始 HTML 檔案
2025-04-20 19:54:09,542 - WARNING - 找不到文章 909354 的原始 HTML 檔案
2025-04-20 19:54:09,544 - WARNING - 找不到文章 909359 的原始 HTML 檔案
2025-04-20 19:54:09,545 - WARNING - 找不到文章 909412 的原始 HTML 檔案
2025-04-20 19:54:09,546 - WARNING - 找不到文章 909439 的原始 HTML 檔案
2025-04-20 19:54:09,550 - WARNING - 找不到文章 909457 的原始 HTML 檔案
2025-04-20 19:54:09,552 - WARNING - 找不到文章 909527 的原始 HTML 檔案
2025-04-20 19:54:09,553 - WARNING - 找不到文章 909546 的原始 HTML 檔案
2025-04-20 19:54:09,556 - WARNING - 找不到文章 909608 的原始 HTML 檔案
2025-04-20 19:54:09,558 - WARNING - 找不到文章 909639 的原始 HTML 檔案
2025-04-20 19:54:09,560 - WARNING - 找不到文章 909682 的原始 HTML 檔案
2025-04-20 19:54:09,561 - WARNING - 找不到文章 909717 的原始 HTML 檔案
2025-04-20 19:54:09,562 - WARNING - 找不到文章 909739 的原始 HTML 檔案
2025-04-20 19:54:09,566 - WARNING - 找不到文章 909767 的原始 HTML 檔案
2025-04-20 19:54:09,568 - WARNING - 找不到文章 909798 的原始 HTML 檔案
2025-04-20 19:54:09,570 - WARNING - 找不到文章 909870 的原始 HTML 檔案
2025-04-20 19:54:09,572 - WARNING - 找不到文章 909905 的原始 HTML 檔案
2025-04-20 19:54:09,575 - WARNING - 找不到文章 909954 的原始 HTML 檔案
2025-04-20 19:54:09,577 - WARNING - 找不到文章 909991 的原始 HTML 檔案
2025-04-20 19:54:09,577 - WARNING - 找不到文章 909997 的原始 HTML 檔案
2025-04-20 19:54:09,580 - WARNING - 找不到文章 910031 的原始 HTML 檔案
2025-04-20 19:54:09,582 - WARNING - 找不到文章 910088 的原始 HTML 檔案
2025-04-20 19:54:09,584 - WARNING - 找不到文章 910147 的原始 HTML 檔案
2025-04-20 19:54:09,585 - WARNING - 找不到文章 910181 的原始 HTML 檔案
2025-04-20 19:54:09,588 - WARNING - 找不到文章 910262 的原始 HTML 檔案
2025-04-20 19:54:09,591 - WARNING - 找不到文章 910304 的原始 HTML 檔案
2025-04-20 19:54:09,593 - WARNING - 找不到文章 910325 的原始 HTML 檔案
2025-04-20 19:54:09,595 - WARNING - 找不到文章 910359 的原始 HTML 檔案
2025-04-20 19:54:09,597 - WARNING - 找不到文章 910373 的原始 HTML 檔案
2025-04-20 19:54:09,598 - WARNING - 找不到文章 910390 的原始 HTML 檔案
2025-04-20 19:54:09,599 - WARNING - 找不到文章 910414 的原始 HTML 檔案
2025-04-20 19:54:09,602 - WARNING - 找不到文章 910429 的原始 HTML 檔案
2025-04-20 19:54:09,604 - WARNING - 找不到文章 910446 的原始 HTML 檔案
2025-04-20 19:54:09,607 - WARNING - 找不到文章 910500 的原始 HTML 檔案
2025-04-20 19:54:09,610 - WARNING - 找不到文章 910554 的原始 HTML 檔案
2025-04-20 19:54:09,613 - WARNING - 找不到文章 910560 的原始 HTML 檔案
2025-04-20 19:54:09,614 - WARNING - 找不到文章 910575 的原始 HTML 檔案
2025-04-20 19:54:09,616 - WARNING - 找不到文章 910617 的原始 HTML 檔案
2025-04-20 19:54:09,618 - WARNING - 找不到文章 910627 的原始 HTML 檔案
2025-04-20 19:54:09,620 - WARNING - 找不到文章 910659 的原始 HTML 檔案
2025-04-20 19:54:09,623 - WARNING - 找不到文章 910700 的原始 HTML 檔案
2025-04-20 19:54:09,625 - WARNING - 找不到文章 910709 的原始 HTML 檔案
2025-04-20 19:54:09,627 - WARNING - 找不到文章 910761 的原始 HTML 檔案
2025-04-20 19:54:09,629 - WARNING - 找不到文章 910827 的原始 HTML 檔案
2025-04-20 19:54:09,629 - WARNING - 找不到文章 910837 的原始 HTML 檔案
2025-04-20 19:54:09,629 - WARNING - 找不到文章 910860 的原始 HTML 檔案
2025-04-20 19:54:09,629 - WARNING - 找不到文章 910874 的原始 HTML 檔案
2025-04-20 19:54:09,637 - WARNING - 找不到文章 910921 的原始 HTML 檔案
2025-04-20 19:54:09,640 - WARNING - 找不到文章 910960 的原始 HTML 檔案
2025-04-20 19:54:09,642 - WARNING - 找不到文章 910966 的原始 HTML 檔案
2025-04-20 19:54:09,643 - WARNING - 找不到文章 911012 的原始 HTML 檔案
2025-04-20 19:54:09,645 - WARNING - 找不到文章 911049 的原始 HTML 檔案
2025-04-20 19:54:09,648 - WARNING - 找不到文章 911127 的原始 HTML 檔案
2025-04-20 19:54:09,648 - WARNING - 找不到文章 911137 的原始 HTML 檔案
2025-04-20 19:54:09,651 - WARNING - 找不到文章 911150 的原始 HTML 檔案
2025-04-20 19:54:09,653 - WARNING - 找不到文章 911173 的原始 HTML 檔案
2025-04-20 19:54:09,656 - WARNING - 找不到文章 911189 的原始 HTML 檔案
2025-04-20 19:54:09,656 - WARNING - 找不到文章 911195 的原始 HTML 檔案
2025-04-20 19:54:09,661 - WARNING - 找不到文章 911262 的原始 HTML 檔案
2025-04-20 19:54:09,663 - WARNING - 找不到文章 911354 的原始 HTML 檔案
2025-04-20 19:54:09,665 - WARNING - 找不到文章 911364 的原始 HTML 檔案
2025-04-20 19:54:09,666 - WARNING - 找不到文章 911405 的原始 HTML 檔案
2025-04-20 19:54:09,668 - WARNING - 找不到文章 911432 的原始 HTML 檔案
2025-04-20 19:54:09,670 - WARNING - 找不到文章 911446 的原始 HTML 檔案
2025-04-20 19:54:09,673 - WARNING - 找不到文章 911491 的原始 HTML 檔案
2025-04-20 19:54:09,675 - WARNING - 找不到文章 911547 的原始 HTML 檔案
2025-04-20 19:54:09,677 - WARNING - 找不到文章 911564 的原始 HTML 檔案
2025-04-20 19:54:09,679 - WARNING - 找不到文章 911612 的原始 HTML 檔案
2025-04-20 19:54:09,680 - WARNING - 找不到文章 911627 的原始 HTML 檔案
2025-04-20 19:54:09,683 - WARNING - 找不到文章 911654 的原始 HTML 檔案
2025-04-20 19:54:09,685 - WARNING - 找不到文章 911673 的原始 HTML 檔案
2025-04-20 19:54:09,687 - WARNING - 找不到文章 911692 的原始 HTML 檔案
2025-04-20 19:54:09,690 - WARNING - 找不到文章 911726 的原始 HTML 檔案
2025-04-20 19:54:09,691 - WARNING - 找不到文章 911837 的原始 HTML 檔案
2025-04-20 19:54:09,693 - WARNING - 找不到文章 911940 的原始 HTML 檔案
2025-04-20 19:54:09,695 - WARNING - 找不到文章 912000 的原始 HTML 檔案
2025-04-20 19:54:09,696 - WARNING - 找不到文章 912009 的原始 HTML 檔案
2025-04-20 19:54:09,696 - WARNING - 找不到文章 912036 的原始 HTML 檔案
2025-04-20 19:54:09,696 - WARNING - 找不到文章 912049 的原始 HTML 檔案
2025-04-20 19:54:09,703 - WARNING - 找不到文章 912059 的原始 HTML 檔案
2025-04-20 19:54:09,706 - WARNING - 找不到文章 912098 的原始 HTML 檔案
2025-04-20 19:54:09,708 - WARNING - 找不到文章 912110 的原始 HTML 檔案
2025-04-20 19:54:09,710 - WARNING - 找不到文章 912152 的原始 HTML 檔案
2025-04-20 19:54:09,712 - WARNING - 找不到文章 912171 的原始 HTML 檔案
2025-04-20 19:54:09,715 - WARNING - 找不到文章 912197 的原始 HTML 檔案
2025-04-20 19:54:09,716 - WARNING - 找不到文章 912206 的原始 HTML 檔案
2025-04-20 19:54:09,718 - WARNING - 找不到文章 912225 的原始 HTML 檔案
2025-04-20 19:54:09,720 - WARNING - 找不到文章 912231 的原始 HTML 檔案
2025-04-20 19:54:09,722 - WARNING - 找不到文章 912241 的原始 HTML 檔案
2025-04-20 19:54:09,725 - WARNING - 找不到文章 912332 的原始 HTML 檔案
2025-04-20 19:54:09,727 - WARNING - 找不到文章 912422 的原始 HTML 檔案
2025-04-20 19:54:09,728 - WARNING - 找不到文章 912468 的原始 HTML 檔案
2025-04-20 19:54:09,729 - WARNING - 找不到文章 912499 的原始 HTML 檔案
2025-04-20 19:54:09,729 - WARNING - 找不到文章 912569 的原始 HTML 檔案
2025-04-20 19:54:09,734 - WARNING - 找不到文章 912603 的原始 HTML 檔案
2025-04-20 19:54:09,736 - WARNING - 找不到文章 912664 的原始 HTML 檔案
2025-04-20 19:54:09,739 - WARNING - 找不到文章 912735 的原始 HTML 檔案
2025-04-20 19:54:09,741 - WARNING - 找不到文章 912736 的原始 HTML 檔案
2025-04-20 19:54:09,744 - WARNING - 找不到文章 912862 的原始 HTML 檔案
2025-04-20 19:54:09,746 - WARNING - 找不到文章 912898 的原始 HTML 檔案
2025-04-20 19:54:09,748 - WARNING - 找不到文章 912933 的原始 HTML 檔案
2025-04-20 19:54:09,749 - WARNING - 找不到文章 912981 的原始 HTML 檔案
2025-04-20 19:54:09,752 - WARNING - 找不到文章 913024 的原始 HTML 檔案
2025-04-20 19:54:09,754 - WARNING - 找不到文章 913109 的原始 HTML 檔案
2025-04-20 19:54:09,756 - WARNING - 找不到文章 913135 的原始 HTML 檔案
2025-04-20 19:54:09,758 - WARNING - 找不到文章 913190 的原始 HTML 檔案
2025-04-20 19:54:09,760 - WARNING - 找不到文章 913253 的原始 HTML 檔案
2025-04-20 19:54:09,762 - WARNING - 找不到文章 913285 的原始 HTML 檔案
2025-04-20 19:54:09,764 - WARNING - 找不到文章 913325 的原始 HTML 檔案
2025-04-20 19:54:09,766 - WARNING - 找不到文章 409187 的原始 HTML 檔案
2025-04-20 19:54:09,768 - WARNING - 找不到文章 409188 的原始 HTML 檔案
2025-04-20 19:54:09,769 - WARNING - 找不到文章 409189 的原始 HTML 檔案
2025-04-20 19:54:09,772 - WARNING - 找不到文章 409190 的原始 HTML 檔案
2025-04-20 19:54:09,774 - WARNING - 找不到文章 409191 的原始 HTML 檔案
2025-04-20 19:54:09,776 - WARNING - 找不到文章 409192 的原始 HTML 檔案
2025-04-20 19:54:09,778 - WARNING - 找不到文章 409193 的原始 HTML 檔案
2025-04-20 19:54:09,780 - WARNING - 找不到文章 409194 的原始 HTML 檔案
2025-04-20 19:54:09,782 - WARNING - 找不到文章 409195 的原始 HTML 檔案
2025-04-20 19:54:09,783 - WARNING - 找不到文章 409196 的原始 HTML 檔案
2025-04-20 19:54:09,785 - WARNING - 找不到文章 409197 的原始 HTML 檔案
2025-04-20 19:54:09,787 - WARNING - 找不到文章 409198 的原始 HTML 檔案
2025-04-20 19:54:09,790 - WARNING - 找不到文章 409199 的原始 HTML 檔案
2025-04-20 19:54:09,791 - WARNING - 找不到文章 409206 的原始 HTML 檔案
2025-04-20 19:54:09,794 - WARNING - 找不到文章 409207 的原始 HTML 檔案
2025-04-20 19:54:09,796 - WARNING - 找不到文章 409208 的原始 HTML 檔案
2025-04-20 19:54:09,798 - WARNING - 找不到文章 409209 的原始 HTML 檔案
2025-04-20 19:54:09,799 - WARNING - 找不到文章 409210 的原始 HTML 檔案
2025-04-20 19:54:09,802 - WARNING - 找不到文章 409211 的原始 HTML 檔案
2025-04-20 19:54:09,804 - WARNING - 找不到文章 409212 的原始 HTML 檔案
2025-04-20 19:54:09,806 - WARNING - 找不到文章 409213 的原始 HTML 檔案
2025-04-20 19:54:09,807 - WARNING - 找不到文章 409214 的原始 HTML 檔案
2025-04-20 19:54:09,810 - WARNING - 找不到文章 409215 的原始 HTML 檔案
2025-04-20 19:54:09,812 - WARNING - 找不到文章 409216 的原始 HTML 檔案
2025-04-20 19:54:09,814 - WARNING - 找不到文章 409217 的原始 HTML 檔案
2025-04-20 19:54:09,815 - WARNING - 找不到文章 409218 的原始 HTML 檔案
2025-04-20 19:54:09,818 - WARNING - 找不到文章 409219 的原始 HTML 檔案
2025-04-20 19:54:09,820 - WARNING - 找不到文章 409220 的原始 HTML 檔案
2025-04-20 19:54:09,823 - WARNING - 找不到文章 409221 的原始 HTML 檔案
2025-04-20 19:54:09,824 - WARNING - 找不到文章 409243 的原始 HTML 檔案
2025-04-20 19:54:09,826 - WARNING - 找不到文章 409244 的原始 HTML 檔案
2025-04-20 19:54:09,828 - WARNING - 找不到文章 409245 的原始 HTML 檔案
2025-04-20 19:54:09,830 - WARNING - 找不到文章 409246 的原始 HTML 檔案
2025-04-20 19:54:09,832 - WARNING - 找不到文章 409247 的原始 HTML 檔案
2025-04-20 19:54:09,834 - WARNING - 找不到文章 409248 的原始 HTML 檔案
2025-04-20 19:54:09,835 - WARNING - 找不到文章 409249 的原始 HTML 檔案
2025-04-20 19:54:09,839 - WARNING - 找不到文章 409250 的原始 HTML 檔案
2025-04-20 19:54:09,842 - WARNING - 找不到文章 409251 的原始 HTML 檔案
2025-04-20 19:54:09,843 - WARNING - 找不到文章 409252 的原始 HTML 檔案
2025-04-20 19:54:09,843 - WARNING - 找不到文章 409253 的原始 HTML 檔案
2025-04-20 19:54:09,843 - WARNING - 找不到文章 409289 的原始 HTML 檔案
2025-04-20 19:54:09,843 - WARNING - 找不到文章 409290 的原始 HTML 檔案
2025-04-20 19:54:09,851 - WARNING - 找不到文章 409291 的原始 HTML 檔案
2025-04-20 19:54:09,853 - WARNING - 找不到文章 409292 的原始 HTML 檔案
2025-04-20 19:54:09,856 - WARNING - 找不到文章 409293 的原始 HTML 檔案
2025-04-20 19:54:09,857 - WARNING - 找不到文章 409294 的原始 HTML 檔案
2025-04-20 19:54:09,860 - WARNING - 找不到文章 409334 的原始 HTML 檔案
2025-04-20 19:54:09,862 - WARNING - 找不到文章 409335 的原始 HTML 檔案
2025-04-20 19:54:09,864 - WARNING - 找不到文章 409460 的原始 HTML 檔案
2025-04-20 19:54:09,864 - WARNING - 找不到文章 409461 的原始 HTML 檔案
2025-04-20 19:54:09,868 - WARNING - 找不到文章 409567 的原始 HTML 檔案
2025-04-20 19:54:09,870 - WARNING - 找不到文章 409568 的原始 HTML 檔案
2025-04-20 19:54:09,872 - WARNING - 找不到文章 409583 的原始 HTML 檔案
2025-04-20 19:54:09,873 - WARNING - 找不到文章 409584 的原始 HTML 檔案
2025-04-20 19:54:09,877 - WARNING - 找不到文章 409630 的原始 HTML 檔案
2025-04-20 19:54:09,879 - WARNING - 找不到文章 409631 的原始 HTML 檔案
2025-04-20 19:54:09,881 - WARNING - 找不到文章 409706 的原始 HTML 檔案
2025-04-20 19:54:09,882 - WARNING - 找不到文章 409749 的原始 HTML 檔案
2025-04-20 19:54:09,884 - WARNING - 找不到文章 409750 的原始 HTML 檔案
2025-04-20 19:54:09,886 - WARNING - 找不到文章 409764 的原始 HTML 檔案
2025-04-20 19:54:09,888 - WARNING - 找不到文章 409765 的原始 HTML 檔案
2025-04-20 19:54:09,891 - WARNING - 找不到文章 409799 的原始 HTML 檔案
2025-04-20 19:54:09,893 - WARNING - 找不到文章 409800 的原始 HTML 檔案
2025-04-20 19:54:09,895 - WARNING - 找不到文章 409878 的原始 HTML 檔案
2025-04-20 19:54:09,896 - WARNING - 找不到文章 409879 的原始 HTML 檔案
2025-04-20 19:54:09,898 - WARNING - 找不到文章 409911 的原始 HTML 檔案
2025-04-20 19:54:09,900 - WARNING - 找不到文章 409912 的原始 HTML 檔案
2025-04-20 19:54:09,902 - WARNING - 找不到文章 409940 的原始 HTML 檔案
2025-04-20 19:54:09,903 - WARNING - 找不到文章 409941 的原始 HTML 檔案
2025-04-20 19:54:09,907 - WARNING - 找不到文章 410020 的原始 HTML 檔案
2025-04-20 19:54:09,909 - WARNING - 找不到文章 410103 的原始 HTML 檔案
2025-04-20 19:54:09,911 - WARNING - 找不到文章 410104 的原始 HTML 檔案
2025-04-20 19:54:09,913 - WARNING - 找不到文章 410134 的原始 HTML 檔案
2025-04-20 19:54:09,915 - WARNING - 找不到文章 410135 的原始 HTML 檔案
2025-04-20 19:54:09,917 - WARNING - 找不到文章 410202 的原始 HTML 檔案
2025-04-20 19:54:09,918 - WARNING - 找不到文章 410203 的原始 HTML 檔案
2025-04-20 19:54:09,920 - WARNING - 找不到文章 410230 的原始 HTML 檔案
2025-04-20 19:54:09,923 - WARNING - 找不到文章 410231 的原始 HTML 檔案
2025-04-20 19:54:09,926 - WARNING - 找不到文章 410321 的原始 HTML 檔案
2025-04-20 19:54:09,926 - WARNING - 找不到文章 410322 的原始 HTML 檔案
2025-04-20 19:54:09,929 - WARNING - 找不到文章 410370 的原始 HTML 檔案
2025-04-20 19:54:09,931 - WARNING - 找不到文章 410371 的原始 HTML 檔案
2025-04-20 19:54:09,933 - WARNING - 找不到文章 410429 的原始 HTML 檔案
2025-04-20 19:54:09,934 - WARNING - 找不到文章 410479 的原始 HTML 檔案
2025-04-20 19:54:09,937 - WARNING - 找不到文章 410480 的原始 HTML 檔案
2025-04-20 19:54:09,940 - WARNING - 找不到文章 410529 的原始 HTML 檔案
2025-04-20 19:54:09,942 - WARNING - 找不到文章 410530 的原始 HTML 檔案
2025-04-20 19:54:09,944 - WARNING - 找不到文章 410569 的原始 HTML 檔案
2025-04-20 19:54:09,946 - WARNING - 找不到文章 410570 的原始 HTML 檔案
2025-04-20 19:54:09,948 - WARNING - 找不到文章 410649 的原始 HTML 檔案
2025-04-20 19:54:09,948 - WARNING - 找不到文章 410650 的原始 HTML 檔案
2025-04-20 19:54:09,952 - WARNING - 找不到文章 410765 的原始 HTML 檔案
2025-04-20 19:54:09,954 - WARNING - 找不到文章 410766 的原始 HTML 檔案
2025-04-20 19:54:09,956 - WARNING - 找不到文章 410818 的原始 HTML 檔案
2025-04-20 19:54:09,957 - WARNING - 找不到文章 410819 的原始 HTML 檔案
2025-04-20 19:54:09,960 - WARNING - 找不到文章 410845 的原始 HTML 檔案
2025-04-20 19:54:09,962 - WARNING - 找不到文章 410846 的原始 HTML 檔案
2025-04-20 19:54:09,964 - WARNING - 找不到文章 411132 的原始 HTML 檔案
2025-04-20 19:54:09,965 - WARNING - 找不到文章 411224 的原始 HTML 檔案
2025-04-20 19:54:09,968 - WARNING - 找不到文章 411225 的原始 HTML 檔案
2025-04-20 19:54:09,970 - WARNING - 找不到文章 411317 的原始 HTML 檔案
2025-04-20 19:54:09,973 - WARNING - 找不到文章 411320 的原始 HTML 檔案
2025-04-20 19:54:09,975 - WARNING - 找不到文章 411347 的原始 HTML 檔案
2025-04-20 19:54:09,977 - WARNING - 找不到文章 411348 的原始 HTML 檔案
2025-04-20 19:54:09,979 - WARNING - 找不到文章 411493 的原始 HTML 檔案
2025-04-20 19:54:09,979 - WARNING - 找不到文章 411494 的原始 HTML 檔案
2025-04-20 19:54:09,983 - WARNING - 找不到文章 411527 的原始 HTML 檔案
2025-04-20 19:54:09,985 - WARNING - 找不到文章 411528 的原始 HTML 檔案
2025-04-20 19:54:09,987 - WARNING - 找不到文章 411543 的原始 HTML 檔案
2025-04-20 19:54:09,989 - WARNING - 找不到文章 411544 的原始 HTML 檔案
2025-04-20 19:54:09,991 - WARNING - 找不到文章 411701 的原始 HTML 檔案
2025-04-20 19:54:09,993 - WARNING - 找不到文章 411715 的原始 HTML 檔案
2025-04-20 19:54:09,995 - WARNING - 找不到文章 411831 的原始 HTML 檔案
2025-04-20 19:54:09,997 - WARNING - 找不到文章 411833 的原始 HTML 檔案
2025-04-20 19:54:09,999 - WARNING - 找不到文章 411881 的原始 HTML 檔案
2025-04-20 19:54:10,001 - WARNING - 找不到文章 411913 的原始 HTML 檔案
2025-04-20 19:54:10,002 - WARNING - 找不到文章 411914 的原始 HTML 檔案
2025-04-20 19:54:10,005 - WARNING - 找不到文章 412002 的原始 HTML 檔案
2025-04-20 19:54:10,008 - WARNING - 找不到文章 412003 的原始 HTML 檔案
2025-04-20 19:54:10,010 - WARNING - 找不到文章 412047 的原始 HTML 檔案
2025-04-20 19:54:10,010 - WARNING - 找不到文章 412057 的原始 HTML 檔案
2025-04-20 19:54:10,013 - WARNING - 找不到文章 412178 的原始 HTML 檔案
2025-04-20 19:54:10,015 - WARNING - 找不到文章 412179 的原始 HTML 檔案
2025-04-20 19:54:10,017 - WARNING - 找不到文章 412220 的原始 HTML 檔案
2025-04-20 19:54:10,018 - WARNING - 找不到文章 412221 的原始 HTML 檔案
2025-04-20 19:54:10,021 - WARNING - 找不到文章 412288 的原始 HTML 檔案
2025-04-20 19:54:10,023 - WARNING - 找不到文章 412289 的原始 HTML 檔案
2025-04-20 19:54:10,025 - WARNING - 找不到文章 412314 的原始 HTML 檔案
2025-04-20 19:54:10,026 - WARNING - 找不到文章 412315 的原始 HTML 檔案
2025-04-20 19:54:10,029 - WARNING - 找不到文章 412316 的原始 HTML 檔案
2025-04-20 19:54:10,031 - WARNING - 找不到文章 412380 的原始 HTML 檔案
2025-04-20 19:54:10,033 - WARNING - 找不到文章 412414 的原始 HTML 檔案
2025-04-20 19:54:10,034 - WARNING - 找不到文章 412415 的原始 HTML 檔案
2025-04-20 19:54:10,037 - WARNING - 找不到文章 412450 的原始 HTML 檔案
2025-04-20 19:54:10,040 - WARNING - 找不到文章 412451 的原始 HTML 檔案
2025-04-20 19:54:10,042 - WARNING - 找不到文章 412601 的原始 HTML 檔案
2025-04-20 19:54:10,044 - WARNING - 找不到文章 412602 的原始 HTML 檔案
2025-04-20 19:54:10,046 - WARNING - 找不到文章 412657 的原始 HTML 檔案
2025-04-20 19:54:10,048 - WARNING - 找不到文章 412658 的原始 HTML 檔案
2025-04-20 19:54:10,048 - WARNING - 找不到文章 412669 的原始 HTML 檔案
2025-04-20 19:54:10,051 - WARNING - 找不到文章 412735 的原始 HTML 檔案
2025-04-20 19:54:10,053 - WARNING - 找不到文章 412736 的原始 HTML 檔案
2025-04-20 19:54:10,056 - WARNING - 找不到文章 412782 的原始 HTML 檔案
2025-04-20 19:54:10,060 - WARNING - 找不到文章 412783 的原始 HTML 檔案
2025-04-20 19:54:10,063 - WARNING - 找不到文章 412827 的原始 HTML 檔案
2025-04-20 19:54:10,064 - WARNING - 找不到文章 412833 的原始 HTML 檔案
2025-04-20 19:54:10,065 - WARNING - 找不到文章 412839 的原始 HTML 檔案
2025-04-20 19:54:10,068 - WARNING - 找不到文章 412840 的原始 HTML 檔案
2025-04-20 19:54:10,070 - WARNING - 找不到文章 412913 的原始 HTML 檔案
2025-04-20 19:54:10,073 - WARNING - 找不到文章 412914 的原始 HTML 檔案
2025-04-20 19:54:10,075 - WARNING - 找不到文章 413033 的原始 HTML 檔案
2025-04-20 19:54:10,077 - WARNING - 找不到文章 413034 的原始 HTML 檔案
2025-04-20 19:54:10,078 - WARNING - 找不到文章 413072 的原始 HTML 檔案
2025-04-20 19:54:10,079 - WARNING - 找不到文章 413073 的原始 HTML 檔案
2025-04-20 19:54:10,082 - WARNING - 找不到文章 413124 的原始 HTML 檔案
2025-04-20 19:54:10,084 - WARNING - 找不到文章 413125 的原始 HTML 檔案
2025-04-20 19:54:10,086 - WARNING - 找不到文章 413223 的原始 HTML 檔案
2025-04-20 19:54:10,090 - WARNING - 找不到文章 413224 的原始 HTML 檔案
2025-04-20 19:54:10,091 - WARNING - 找不到文章 413251 的原始 HTML 檔案
2025-04-20 19:54:10,093 - WARNING - 找不到文章 413252 的原始 HTML 檔案
2025-04-20 19:54:10,095 - WARNING - 找不到文章 413357 的原始 HTML 檔案
2025-04-20 19:54:10,097 - WARNING - 找不到文章 413358 的原始 HTML 檔案
2025-04-20 19:54:10,099 - WARNING - 找不到文章 413365 的原始 HTML 檔案
2025-04-20 19:54:10,101 - WARNING - 找不到文章 413366 的原始 HTML 檔案
2025-04-20 19:54:10,102 - WARNING - 找不到文章 413453 的原始 HTML 檔案
2025-04-20 19:54:10,106 - WARNING - 找不到文章 413454 的原始 HTML 檔案
2025-04-20 19:54:10,108 - WARNING - 找不到文章 413504 的原始 HTML 檔案
2025-04-20 19:54:10,110 - WARNING - 找不到文章 413505 的原始 HTML 檔案
2025-04-20 19:54:10,112 - WARNING - 找不到文章 413525 的原始 HTML 檔案
2025-04-20 19:54:10,114 - WARNING - 找不到文章 413526 的原始 HTML 檔案
2025-04-20 19:54:10,116 - WARNING - 找不到文章 413587 的原始 HTML 檔案
2025-04-20 19:54:10,116 - WARNING - 找不到文章 413588 的原始 HTML 檔案
2025-04-20 19:54:10,119 - WARNING - 找不到文章 413695 的原始 HTML 檔案
2025-04-20 19:54:10,121 - WARNING - 找不到文章 413696 的原始 HTML 檔案
2025-04-20 19:54:10,124 - WARNING - 找不到文章 413703 的原始 HTML 檔案
2025-04-20 19:54:10,126 - WARNING - 找不到文章 413749 的原始 HTML 檔案
2025-04-20 19:54:10,128 - WARNING - 找不到文章 413750 的原始 HTML 檔案
2025-04-20 19:54:10,130 - WARNING - 找不到文章 413777 的原始 HTML 檔案
2025-04-20 19:54:10,130 - WARNING - 找不到文章 413778 的原始 HTML 檔案
2025-04-20 19:54:10,134 - WARNING - 找不到文章 413779 的原始 HTML 檔案
2025-04-20 19:54:10,136 - WARNING - 找不到文章 413785 的原始 HTML 檔案
2025-04-20 19:54:10,138 - WARNING - 找不到文章 413787 的原始 HTML 檔案
2025-04-20 19:54:10,141 - WARNING - 找不到文章 413800 的原始 HTML 檔案
2025-04-20 19:54:10,143 - WARNING - 找不到文章 413829 的原始 HTML 檔案
2025-04-20 19:54:10,145 - WARNING - 找不到文章 413830 的原始 HTML 檔案
2025-04-20 19:54:10,146 - WARNING - 找不到文章 413831 的原始 HTML 檔案
2025-04-20 19:54:10,149 - WARNING - 找不到文章 413838 的原始 HTML 檔案
2025-04-20 19:54:10,151 - WARNING - 找不到文章 413922 的原始 HTML 檔案
2025-04-20 19:54:10,152 - WARNING - 找不到文章 413923 的原始 HTML 檔案
2025-04-20 19:54:10,154 - WARNING - 找不到文章 413935 的原始 HTML 檔案
2025-04-20 19:54:10,157 - WARNING - 找不到文章 413943 的原始 HTML 檔案
2025-04-20 19:54:10,159 - WARNING - 找不到文章 413985 的原始 HTML 檔案
2025-04-20 19:54:10,161 - WARNING - 找不到文章 413986 的原始 HTML 檔案
2025-04-20 19:54:10,163 - WARNING - 找不到文章 414050 的原始 HTML 檔案
2025-04-20 19:54:10,163 - WARNING - 找不到文章 414051 的原始 HTML 檔案
2025-04-20 19:54:10,167 - WARNING - 找不到文章 414116 的原始 HTML 檔案
2025-04-20 19:54:10,169 - WARNING - 找不到文章 414117 的原始 HTML 檔案
2025-04-20 19:54:10,171 - WARNING - 找不到文章 414162 的原始 HTML 檔案
2025-04-20 19:54:10,174 - WARNING - 找不到文章 414163 的原始 HTML 檔案
2025-04-20 19:54:10,176 - WARNING - 找不到文章 414216 的原始 HTML 檔案
2025-04-20 19:54:10,178 - WARNING - 找不到文章 414217 的原始 HTML 檔案
2025-04-20 19:54:10,179 - WARNING - 找不到文章 414280 的原始 HTML 檔案
2025-04-20 19:54:10,179 - WARNING - 找不到文章 414281 的原始 HTML 檔案
2025-04-20 19:54:10,179 - WARNING - 找不到文章 414307 的原始 HTML 檔案
2025-04-20 19:54:10,179 - WARNING - 找不到文章 414308 的原始 HTML 檔案
2025-04-20 19:54:10,187 - WARNING - 找不到文章 414476 的原始 HTML 檔案
2025-04-20 19:54:10,190 - WARNING - 找不到文章 414477 的原始 HTML 檔案
2025-04-20 19:54:10,192 - WARNING - 找不到文章 414511 的原始 HTML 檔案
2025-04-20 19:54:10,194 - WARNING - 找不到文章 414512 的原始 HTML 檔案
2025-04-20 19:54:10,196 - WARNING - 找不到文章 414538 的原始 HTML 檔案
2025-04-20 19:54:10,198 - WARNING - 找不到文章 414539 的原始 HTML 檔案
2025-04-20 19:54:10,198 - WARNING - 找不到文章 414702 的原始 HTML 檔案
2025-04-20 19:54:10,201 - WARNING - 找不到文章 414703 的原始 HTML 檔案
2025-04-20 19:54:10,203 - WARNING - 找不到文章 414719 的原始 HTML 檔案
2025-04-20 19:54:10,206 - WARNING - 找不到文章 414752 的原始 HTML 檔案
2025-04-20 19:54:10,207 - WARNING - 找不到文章 414753 的原始 HTML 檔案
2025-04-20 19:54:10,210 - WARNING - 找不到文章 414791 的原始 HTML 檔案
2025-04-20 19:54:10,212 - WARNING - 找不到文章 414792 的原始 HTML 檔案
2025-04-20 19:54:10,214 - WARNING - 找不到文章 414849 的原始 HTML 檔案
2025-04-20 19:54:10,215 - WARNING - 找不到文章 414850 的原始 HTML 檔案
2025-04-20 19:54:10,219 - WARNING - 找不到文章 414905 的原始 HTML 檔案
2025-04-20 19:54:10,221 - WARNING - 找不到文章 414906 的原始 HTML 檔案
2025-04-20 19:54:10,223 - WARNING - 找不到文章 414971 的原始 HTML 檔案
2025-04-20 19:54:10,224 - WARNING - 找不到文章 414972 的原始 HTML 檔案
2025-04-20 19:54:10,227 - WARNING - 找不到文章 415013 的原始 HTML 檔案
2025-04-20 19:54:10,229 - WARNING - 找不到文章 415014 的原始 HTML 檔案
2025-04-20 19:54:10,230 - WARNING - 找不到文章 415140 的原始 HTML 檔案
2025-04-20 19:54:10,231 - WARNING - 找不到文章 415141 的原始 HTML 檔案
2025-04-20 19:54:10,234 - WARNING - 找不到文章 415190 的原始 HTML 檔案
2025-04-20 19:54:10,236 - WARNING - 找不到文章 415191 的原始 HTML 檔案
2025-04-20 19:54:10,238 - WARNING - 找不到文章 415215 的原始 HTML 檔案
2025-04-20 19:54:10,241 - WARNING - 找不到文章 415216 的原始 HTML 檔案
2025-04-20 19:54:10,244 - WARNING - 找不到文章 415321 的原始 HTML 檔案
2025-04-20 19:54:10,246 - WARNING - 找不到文章 415322 的原始 HTML 檔案
2025-04-20 19:54:10,247 - WARNING - 找不到文章 415383 的原始 HTML 檔案
2025-04-20 19:54:10,249 - WARNING - 找不到文章 415384 的原始 HTML 檔案
2025-04-20 19:54:10,251 - WARNING - 找不到文章 415421 的原始 HTML 檔案
2025-04-20 19:54:10,252 - WARNING - 找不到文章 415422 的原始 HTML 檔案
2025-04-20 19:54:10,256 - WARNING - 找不到文章 415451 的原始 HTML 檔案
2025-04-20 19:54:10,258 - WARNING - 找不到文章 415452 的原始 HTML 檔案
2025-04-20 19:54:10,260 - WARNING - 找不到文章 415527 的原始 HTML 檔案
2025-04-20 19:54:10,261 - WARNING - 找不到文章 415528 的原始 HTML 檔案
2025-04-20 19:54:10,264 - WARNING - 找不到文章 415617 的原始 HTML 檔案
2025-04-20 19:54:10,266 - WARNING - 找不到文章 415618 的原始 HTML 檔案
2025-04-20 19:54:10,267 - WARNING - 找不到文章 415640 的原始 HTML 檔案
2025-04-20 19:54:10,269 - WARNING - 找不到文章 415641 的原始 HTML 檔案
2025-04-20 19:54:10,271 - WARNING - 找不到文章 415732 的原始 HTML 檔案
2025-04-20 19:54:10,274 - WARNING - 找不到文章 415733 的原始 HTML 檔案
2025-04-20 19:54:10,275 - WARNING - 找不到文章 415790 的原始 HTML 檔案
2025-04-20 19:54:10,278 - WARNING - 找不到文章 415819 的原始 HTML 檔案
2025-04-20 19:54:10,280 - WARNING - 找不到文章 415901 的原始 HTML 檔案
2025-04-20 19:54:10,282 - WARNING - 找不到文章 415902 的原始 HTML 檔案
2025-04-20 19:54:10,283 - WARNING - 找不到文章 415993 的原始 HTML 檔案
2025-04-20 19:54:10,285 - WARNING - 找不到文章 416007 的原始 HTML 檔案
2025-04-20 19:54:10,287 - WARNING - 找不到文章 416059 的原始 HTML 檔案
2025-04-20 19:54:10,290 - WARNING - 找不到文章 416060 的原始 HTML 檔案
2025-04-20 19:54:10,290 - WARNING - 找不到文章 416101 的原始 HTML 檔案
2025-04-20 19:54:10,294 - WARNING - 找不到文章 416102 的原始 HTML 檔案
2025-04-20 19:54:10,297 - WARNING - 找不到文章 416132 的原始 HTML 檔案
2025-04-20 19:54:10,299 - WARNING - 找不到文章 416133 的原始 HTML 檔案
2025-04-20 19:54:10,299 - WARNING - 找不到文章 416159 的原始 HTML 檔案
2025-04-20 19:54:10,302 - WARNING - 找不到文章 416160 的原始 HTML 檔案
2025-04-20 19:54:10,304 - WARNING - 找不到文章 416233 的原始 HTML 檔案
2025-04-20 19:54:10,306 - WARNING - 找不到文章 416234 的原始 HTML 檔案
2025-04-20 19:54:10,307 - WARNING - 找不到文章 416255 的原始 HTML 檔案
2025-04-20 19:54:10,311 - WARNING - 找不到文章 416256 的原始 HTML 檔案
2025-04-20 19:54:10,312 - WARNING - 找不到文章 416352 的原始 HTML 檔案
2025-04-20 19:54:10,314 - WARNING - 找不到文章 416353 的原始 HTML 檔案
2025-04-20 19:54:10,315 - WARNING - 找不到文章 416406 的原始 HTML 檔案
2025-04-20 19:54:10,319 - WARNING - 找不到文章 416407 的原始 HTML 檔案
2025-04-20 19:54:10,321 - WARNING - 找不到文章 416498 的原始 HTML 檔案
2025-04-20 19:54:10,323 - WARNING - 找不到文章 416499 的原始 HTML 檔案
2025-04-20 19:54:10,325 - WARNING - 找不到文章 416563 的原始 HTML 檔案
2025-04-20 19:54:10,328 - WARNING - 找不到文章 416564 的原始 HTML 檔案
2025-04-20 19:54:10,329 - WARNING - 找不到文章 416638 的原始 HTML 檔案
2025-04-20 19:54:10,330 - WARNING - 找不到文章 416639 的原始 HTML 檔案
2025-04-20 19:54:10,333 - WARNING - 找不到文章 416653 的原始 HTML 檔案
2025-04-20 19:54:10,335 - WARNING - 找不到文章 416654 的原始 HTML 檔案
2025-04-20 19:54:10,337 - WARNING - 找不到文章 416701 的原始 HTML 檔案
2025-04-20 19:54:10,338 - WARNING - 找不到文章 416702 的原始 HTML 檔案
2025-04-20 19:54:10,341 - WARNING - 找不到文章 416752 的原始 HTML 檔案
2025-04-20 19:54:10,344 - WARNING - 找不到文章 416753 的原始 HTML 檔案
2025-04-20 19:54:10,346 - WARNING - 找不到文章 416761 的原始 HTML 檔案
2025-04-20 19:54:10,348 - WARNING - 找不到文章 416762 的原始 HTML 檔案
2025-04-20 19:54:10,350 - WARNING - 找不到文章 416878 的原始 HTML 檔案
2025-04-20 19:54:10,352 - WARNING - 找不到文章 416879 的原始 HTML 檔案
2025-04-20 19:54:10,354 - WARNING - 找不到文章 416972 的原始 HTML 檔案
2025-04-20 19:54:10,356 - WARNING - 找不到文章 416973 的原始 HTML 檔案
2025-04-20 19:54:10,358 - WARNING - 找不到文章 417025 的原始 HTML 檔案
2025-04-20 19:54:10,361 - WARNING - 找不到文章 417026 的原始 HTML 檔案
2025-04-20 19:54:10,363 - WARNING - 找不到文章 417097 的原始 HTML 檔案
2025-04-20 19:54:10,365 - WARNING - 找不到文章 417098 的原始 HTML 檔案
2025-04-20 19:54:10,365 - WARNING - 找不到文章 417122 的原始 HTML 檔案
2025-04-20 19:54:10,368 - WARNING - 找不到文章 417123 的原始 HTML 檔案
2025-04-20 19:54:10,370 - WARNING - 找不到文章 417228 的原始 HTML 檔案
2025-04-20 19:54:10,372 - WARNING - 找不到文章 417229 的原始 HTML 檔案
2025-04-20 19:54:10,375 - WARNING - 找不到文章 417294 的原始 HTML 檔案
2025-04-20 19:54:10,377 - WARNING - 找不到文章 417300 的原始 HTML 檔案
2025-04-20 19:54:10,379 - WARNING - 找不到文章 417361 的原始 HTML 檔案
2025-04-20 19:54:10,380 - WARNING - 找不到文章 417362 的原始 HTML 檔案
2025-04-20 19:54:10,382 - WARNING - 找不到文章 417391 的原始 HTML 檔案
2025-04-20 19:54:10,384 - WARNING - 找不到文章 417392 的原始 HTML 檔案
2025-04-20 19:54:10,386 - WARNING - 找不到文章 417491 的原始 HTML 檔案
2025-04-20 19:54:10,387 - WARNING - 找不到文章 417492 的原始 HTML 檔案
2025-04-20 19:54:10,391 - WARNING - 找不到文章 417601 的原始 HTML 檔案
2025-04-20 19:54:10,393 - WARNING - 找不到文章 417602 的原始 HTML 檔案
2025-04-20 19:54:10,395 - WARNING - 找不到文章 417611 的原始 HTML 檔案
2025-04-20 19:54:10,397 - WARNING - 找不到文章 417612 的原始 HTML 檔案
2025-04-20 19:54:10,399 - WARNING - 找不到文章 417630 的原始 HTML 檔案
2025-04-20 19:54:10,401 - WARNING - 找不到文章 417669 的原始 HTML 檔案
2025-04-20 19:54:10,402 - WARNING - 找不到文章 417670 的原始 HTML 檔案
2025-04-20 19:54:10,405 - WARNING - 找不到文章 417773 的原始 HTML 檔案
2025-04-20 19:54:10,407 - WARNING - 找不到文章 417774 的原始 HTML 檔案
2025-04-20 19:54:10,409 - WARNING - 找不到文章 417898 的原始 HTML 檔案
2025-04-20 19:54:10,411 - WARNING - 找不到文章 417899 的原始 HTML 檔案
2025-04-20 19:54:10,413 - WARNING - 找不到文章 417921 的原始 HTML 檔案
2025-04-20 19:54:10,415 - WARNING - 找不到文章 417922 的原始 HTML 檔案
2025-04-20 19:54:10,415 - WARNING - 找不到文章 417985 的原始 HTML 檔案
2025-04-20 19:54:10,419 - WARNING - 找不到文章 417986 的原始 HTML 檔案
2025-04-20 19:54:10,421 - WARNING - 找不到文章 418020 的原始 HTML 檔案
2025-04-20 19:54:10,423 - WARNING - 找不到文章 418021 的原始 HTML 檔案
2025-04-20 19:54:10,424 - WARNING - 找不到文章 418054 的原始 HTML 檔案
2025-04-20 19:54:10,427 - WARNING - 找不到文章 418055 的原始 HTML 檔案
2025-04-20 19:54:10,429 - WARNING - 找不到文章 418087 的原始 HTML 檔案
2025-04-20 19:54:10,431 - WARNING - 找不到文章 418088 的原始 HTML 檔案
2025-04-20 19:54:10,432 - WARNING - 找不到文章 418212 的原始 HTML 檔案
2025-04-20 19:54:10,435 - WARNING - 找不到文章 418213 的原始 HTML 檔案
2025-04-20 19:54:10,437 - WARNING - 找不到文章 418220 的原始 HTML 檔案
2025-04-20 19:54:10,440 - WARNING - 找不到文章 418221 的原始 HTML 檔案
2025-04-20 19:54:10,440 - WARNING - 找不到文章 418251 的原始 HTML 檔案
2025-04-20 19:54:10,443 - WARNING - 找不到文章 418252 的原始 HTML 檔案
2025-04-20 19:54:10,446 - WARNING - 找不到文章 418337 的原始 HTML 檔案
2025-04-20 19:54:10,448 - WARNING - 找不到文章 418338 的原始 HTML 檔案
2025-04-20 19:54:10,449 - WARNING - 找不到文章 418376 的原始 HTML 檔案
2025-04-20 19:54:10,451 - WARNING - 找不到文章 418377 的原始 HTML 檔案
2025-04-20 19:54:10,453 - WARNING - 找不到文章 418475 的原始 HTML 檔案
2025-04-20 19:54:10,456 - WARNING - 找不到文章 418476 的原始 HTML 檔案
2025-04-20 19:54:10,458 - WARNING - 找不到文章 418521 的原始 HTML 檔案
2025-04-20 19:54:10,461 - WARNING - 找不到文章 418522 的原始 HTML 檔案
2025-04-20 19:54:10,463 - WARNING - 找不到文章 418596 的原始 HTML 檔案
2025-04-20 19:54:10,464 - WARNING - 找不到文章 418597 的原始 HTML 檔案
2025-04-20 19:54:10,466 - WARNING - 找不到文章 418679 的原始 HTML 檔案
2025-04-20 19:54:10,468 - WARNING - 找不到文章 418680 的原始 HTML 檔案
2025-04-20 19:54:10,469 - WARNING - 找不到文章 418759 的原始 HTML 檔案
2025-04-20 19:54:10,472 - WARNING - 找不到文章 418760 的原始 HTML 檔案
2025-04-20 19:54:10,475 - WARNING - 找不到文章 418934 的原始 HTML 檔案
2025-04-20 19:54:10,477 - WARNING - 找不到文章 418935 的原始 HTML 檔案
2025-04-20 19:54:10,478 - WARNING - 找不到文章 418967 的原始 HTML 檔案
2025-04-20 19:54:10,480 - WARNING - 找不到文章 418968 的原始 HTML 檔案
2025-04-20 19:54:10,482 - WARNING - 找不到文章 419077 的原始 HTML 檔案
2025-04-20 19:54:10,483 - WARNING - 找不到文章 419078 的原始 HTML 檔案
2025-04-20 19:54:10,486 - WARNING - 找不到文章 419090 的原始 HTML 檔案
2025-04-20 19:54:10,488 - WARNING - 找不到文章 419091 的原始 HTML 檔案
2025-04-20 19:54:10,491 - WARNING - 找不到文章 419124 的原始 HTML 檔案
2025-04-20 19:54:10,493 - WARNING - 找不到文章 419125 的原始 HTML 檔案
2025-04-20 19:54:10,495 - WARNING - 找不到文章 419179 的原始 HTML 檔案
2025-04-20 19:54:10,497 - WARNING - 找不到文章 419180 的原始 HTML 檔案
2025-04-20 19:54:10,497 - WARNING - 找不到文章 419239 的原始 HTML 檔案
2025-04-20 19:54:10,501 - WARNING - 找不到文章 419240 的原始 HTML 檔案
2025-04-20 19:54:10,503 - WARNING - 找不到文章 419270 的原始 HTML 檔案
2025-04-20 19:54:10,505 - WARNING - 找不到文章 419271 的原始 HTML 檔案
2025-04-20 19:54:10,508 - WARNING - 找不到文章 419336 的原始 HTML 檔案
2025-04-20 19:54:10,509 - WARNING - 找不到文章 419337 的原始 HTML 檔案
2025-04-20 19:54:10,511 - WARNING - 找不到文章 419379 的原始 HTML 檔案
2025-04-20 19:54:10,513 - WARNING - 找不到文章 419380 的原始 HTML 檔案
2025-04-20 19:54:10,515 - WARNING - 找不到文章 419490 的原始 HTML 檔案
2025-04-20 19:54:10,517 - WARNING - 找不到文章 419491 的原始 HTML 檔案
2025-04-20 19:54:10,519 - WARNING - 找不到文章 419534 的原始 HTML 檔案
2025-04-20 19:54:10,520 - WARNING - 找不到文章 419535 的原始 HTML 檔案
2025-04-20 19:54:10,524 - WARNING - 找不到文章 419593 的原始 HTML 檔案
2025-04-20 19:54:10,526 - WARNING - 找不到文章 419594 的原始 HTML 檔案
2025-04-20 19:54:10,528 - WARNING - 找不到文章 419635 的原始 HTML 檔案
2025-04-20 19:54:10,530 - WARNING - 找不到文章 419636 的原始 HTML 檔案
2025-04-20 19:54:10,533 - WARNING - 找不到文章 419729 的原始 HTML 檔案
2025-04-20 19:54:10,535 - WARNING - 找不到文章 419730 的原始 HTML 檔案
2025-04-20 19:54:10,536 - WARNING - 找不到文章 419788 的原始 HTML 檔案
2025-04-20 19:54:10,539 - WARNING - 找不到文章 419789 的原始 HTML 檔案
2025-04-20 19:54:10,541 - WARNING - 找不到文章 419813 的原始 HTML 檔案
2025-04-20 19:54:10,542 - WARNING - 找不到文章 419814 的原始 HTML 檔案
2025-04-20 19:54:10,545 - WARNING - 找不到文章 419883 的原始 HTML 檔案
2025-04-20 19:54:10,547 - WARNING - 找不到文章 419884 的原始 HTML 檔案
2025-04-20 19:54:10,549 - WARNING - 找不到文章 419885 的原始 HTML 檔案
2025-04-20 19:54:10,551 - WARNING - 找不到文章 419975 的原始 HTML 檔案
2025-04-20 19:54:10,553 - WARNING - 找不到文章 420042 的原始 HTML 檔案
2025-04-20 19:54:10,555 - WARNING - 找不到文章 420043 的原始 HTML 檔案
2025-04-20 19:54:10,558 - WARNING - 找不到文章 420126 的原始 HTML 檔案
2025-04-20 19:54:10,558 - WARNING - 找不到文章 420127 的原始 HTML 檔案
2025-04-20 19:54:10,558 - WARNING - 找不到文章 420163 的原始 HTML 檔案
2025-04-20 19:54:10,558 - WARNING - 找不到文章 420164 的原始 HTML 檔案
2025-04-20 19:54:10,566 - WARNING - 找不到文章 420268 的原始 HTML 檔案
2025-04-20 19:54:10,569 - WARNING - 找不到文章 420269 的原始 HTML 檔案
2025-04-20 19:54:10,571 - WARNING - 找不到文章 420327 的原始 HTML 檔案
2025-04-20 19:54:10,571 - WARNING - 找不到文章 420328 的原始 HTML 檔案
2025-04-20 19:54:10,575 - WARNING - 找不到文章 420421 的原始 HTML 檔案
2025-04-20 19:54:10,577 - WARNING - 找不到文章 420422 的原始 HTML 檔案
2025-04-20 19:54:10,580 - WARNING - 找不到文章 420514 的原始 HTML 檔案
2025-04-20 19:54:10,582 - WARNING - 找不到文章 420515 的原始 HTML 檔案
2025-04-20 19:54:10,584 - WARNING - 找不到文章 420585 的原始 HTML 檔案
2025-04-20 19:54:10,586 - WARNING - 找不到文章 420586 的原始 HTML 檔案
2025-04-20 19:54:10,588 - WARNING - 找不到文章 420650 的原始 HTML 檔案
2025-04-20 19:54:10,591 - WARNING - 找不到文章 420651 的原始 HTML 檔案
2025-04-20 19:54:10,592 - WARNING - 找不到文章 420665 的原始 HTML 檔案
2025-04-20 19:54:10,596 - WARNING - 找不到文章 420666 的原始 HTML 檔案
2025-04-20 19:54:10,597 - WARNING - 找不到文章 420792 的原始 HTML 檔案
2025-04-20 19:54:10,599 - WARNING - 找不到文章 420793 的原始 HTML 檔案
2025-04-20 19:54:10,602 - WARNING - 找不到文章 420837 的原始 HTML 檔案
2025-04-20 19:54:10,604 - WARNING - 找不到文章 420838 的原始 HTML 檔案
2025-04-20 19:54:10,606 - WARNING - 找不到文章 420931 的原始 HTML 檔案
2025-04-20 19:54:10,608 - WARNING - 找不到文章 420932 的原始 HTML 檔案
2025-04-20 19:54:10,611 - WARNING - 找不到文章 420995 的原始 HTML 檔案
2025-04-20 19:54:10,612 - WARNING - 找不到文章 420996 的原始 HTML 檔案
2025-04-20 19:54:10,614 - WARNING - 找不到文章 421040 的原始 HTML 檔案
2025-04-20 19:54:10,617 - WARNING - 找不到文章 421041 的原始 HTML 檔案
2025-04-20 19:54:10,619 - WARNING - 找不到文章 421113 的原始 HTML 檔案
2025-04-20 19:54:10,621 - WARNING - 找不到文章 421114 的原始 HTML 檔案
2025-04-20 19:54:10,623 - WARNING - 找不到文章 421163 的原始 HTML 檔案
2025-04-20 19:54:10,626 - WARNING - 找不到文章 421164 的原始 HTML 檔案
2025-04-20 19:54:10,628 - WARNING - 找不到文章 421205 的原始 HTML 檔案
2025-04-20 19:54:10,630 - WARNING - 找不到文章 421206 的原始 HTML 檔案
2025-04-20 19:54:10,631 - WARNING - 找不到文章 421225 的原始 HTML 檔案
2025-04-20 19:54:10,634 - WARNING - 找不到文章 421226 的原始 HTML 檔案
2025-04-20 19:54:10,636 - WARNING - 找不到文章 421337 的原始 HTML 檔案
2025-04-20 19:54:10,637 - WARNING - 找不到文章 421338 的原始 HTML 檔案
2025-04-20 19:54:10,640 - WARNING - 找不到文章 421459 的原始 HTML 檔案
2025-04-20 19:54:10,642 - WARNING - 找不到文章 421460 的原始 HTML 檔案
2025-04-20 19:54:10,644 - WARNING - 找不到文章 421515 的原始 HTML 檔案
2025-04-20 19:54:10,645 - WARNING - 找不到文章 421516 的原始 HTML 檔案
2025-04-20 19:54:10,647 - WARNING - 找不到文章 913375 的原始 HTML 檔案
2025-04-20 19:54:10,707 - INFO - 成功更新文章 913381 的表格格式
2025-04-20 19:54:10,809 - INFO - 成功更新文章 913421 的表格格式
2025-04-20 19:54:10,891 - INFO - 成功更新文章 913445 的表格格式
2025-04-20 19:54:10,966 - INFO - 成功更新文章 913460 的表格格式
2025-04-20 19:54:11,033 - INFO - 成功更新文章 913517 的表格格式
2025-04-20 19:54:11,103 - INFO - 成功更新文章 913557 的表格格式
2025-04-20 19:54:11,167 - INFO - 成功更新文章 913597 的表格格式
2025-04-20 19:54:11,230 - INFO - 成功更新文章 913628 的表格格式
2025-04-20 19:54:11,296 - INFO - 成功更新文章 913674 的表格格式
2025-04-20 19:54:11,361 - INFO - 成功更新文章 913726 的表格格式
2025-04-20 19:54:11,431 - INFO - 成功更新文章 913706 的表格格式
2025-04-20 19:54:11,508 - INFO - 成功更新文章 913646 的表格格式
2025-04-20 19:54:11,575 - INFO - 成功更新文章 913623 的表格格式
2025-04-20 19:54:11,656 - INFO - 成功更新文章 913666 的表格格式
2025-04-20 19:54:11,720 - INFO - 成功更新文章 913542 的表格格式
2025-04-20 19:54:11,787 - INFO - 成功更新文章 913574 的表格格式
2025-04-20 19:54:11,862 - INFO - 成功更新文章 913481 的表格格式
2025-04-20 19:54:11,927 - INFO - 成功更新文章 913419 的表格格式
2025-04-20 19:54:11,993 - INFO - 成功更新文章 913455 的表格格式
2025-04-20 19:54:12,058 - INFO - 成功更新文章 913430 的表格格式
2025-04-20 19:54:12,123 - INFO - 成功更新文章 411880 的表格格式
2025-04-20 19:54:12,123 - INFO - 重新處理完成：成功 21 篇，失敗 812 篇
