2025-03-08 10:08:47,550 - INFO - 初始化更新模式: recent
2025-03-08 10:08:47,558 - INFO - 更新時間範圍: 2025-02-06 到 2025-03-08
2025-03-08 10:08:47,559 - INFO - 開始檢查文章更新 (檢查範圍: 2025-02-06 到 2025-03-08)
2025-03-08 10:08:48,390 - INFO - 檢測到期刊總頁數: 1
2025-03-08 10:08:48,392 - INFO - 正在檢查第 1 頁的文章列表
2025-03-08 10:08:49,129 - INFO - 第 1 頁找到 4 篇新文章
2025-03-08 10:08:49,129 - INFO - 找到 3 篇待檢查文章
2025-03-08 10:08:49,902 - INFO - 開始請求文章 URL: https://real-estate.get.com.tw/Columns/detail.aspx?no=913445
2025-03-08 10:08:49,902 - INFO - 開始請求文章 URL: https://real-estate.get.com.tw/Columns/detail.aspx?no=913460
2025-03-08 10:08:49,903 - INFO - 開始請求文章 URL: https://real-estate.get.com.tw/Columns/detail.aspx?no=913517
2025-03-08 10:08:49,933 - INFO - 文章 913445 請求狀態碼: 200
2025-03-08 10:08:49,936 - INFO - 文章 913445 響應內容長度: 30337
2025-03-08 10:08:50,021 - INFO - 已保存文章 913445 的原始響應到: real_estate_articles\logs\article_913445_response.html
2025-03-08 10:08:50,067 - INFO - 文章 913445 找到 9 個資料列
2025-03-08 10:08:50,071 - INFO - 文章 913445 成功解析 4 個欄位
2025-03-08 10:08:50,075 - INFO - 文章 913445 解析成功
2025-03-08 10:08:50,812 - INFO - 文章 913517 請求狀態碼: 200
2025-03-08 10:08:50,879 - INFO - 文章 913460 請求狀態碼: 200
2025-03-08 10:08:50,879 - INFO - 文章 913517 響應內容長度: 30809
2025-03-08 10:08:50,879 - INFO - 文章 913460 響應內容長度: 30672
2025-03-08 10:08:50,879 - INFO - 已保存文章 913517 的原始響應到: real_estate_articles\logs\article_913517_response.html
2025-03-08 10:08:50,896 - INFO - 已保存文章 913460 的原始響應到: real_estate_articles\logs\article_913460_response.html
2025-03-08 10:08:50,934 - INFO - 文章 913517 找到 8 個資料列
2025-03-08 10:08:50,969 - INFO - 文章 913460 找到 9 個資料列
2025-03-08 10:08:50,969 - INFO - 文章 913517 成功解析 4 個欄位
2025-03-08 10:08:50,969 - INFO - 文章 913460 成功解析 4 個欄位
2025-03-08 10:08:50,986 - INFO - 文章 913460 解析成功
2025-03-08 10:08:51,020 - INFO - 文章 913517 解析成功
2025-03-08 10:08:53,382 - INFO - 更新完成：成功 3 篇，失敗 0 篇
2025-03-08 10:08:53,920 - INFO - 已成功更新文章目錄，新增 3 篇文章
2025-03-08 10:08:53,921 - INFO - 更新程序結束
