2025-08-14 18:58:59,014 - INFO - 初始化更新模式: recent, 檢查特定文章: True
2025-08-14 18:58:59,016 - INFO - 設定文章範圍: 近期文章範圍 - 從 914900 到 915000
2025-08-14 18:58:59,016 - INFO - 特定文章 913706 已處理，跳過檢查
2025-08-14 18:58:59,016 - INFO - 特定文章 913623 已處理，跳過檢查
2025-08-14 18:58:59,016 - INFO - 特定文章 913646 已處理，跳過檢查
2025-08-14 18:58:59,017 - INFO - 開始執行爬蟲 (模式: recent)
2025-08-14 18:58:59,197 - INFO - pno=51120 第 1 頁找到 4 篇新文章: [914311, 914311, 914287, 914251]
2025-08-14 18:59:01,024 - INFO - pno=51121 第 1 頁找到 8 篇新文章: [914311, 914311, 914287, 914251, 914295, 914295, 914294, 914269]
2025-08-14 18:59:01,024 - INFO - 第 1 頁共找到 8 篇新文章: [914311, 914311, 914287, 914251, 914295, 914295, 914294, 914269]
2025-08-14 18:59:01,024 - INFO - 檢測到最新文章編號: 914311
2025-08-14 18:59:01,129 - INFO - pno=51120 第 1 頁找到 4 篇新文章: [914311, 914311, 914287, 914251]
2025-08-14 18:59:02,759 - INFO - pno=51121 第 1 頁找到 8 篇新文章: [914311, 914311, 914287, 914251, 914295, 914295, 914294, 914269]
2025-08-14 18:59:02,759 - INFO - 第 1 頁共找到 8 篇新文章: [914311, 914311, 914287, 914251, 914295, 914295, 914294, 914269]
2025-08-14 18:59:02,759 - INFO - 近期模式：第一頁找到 8 篇新文章
2025-08-14 18:59:02,759 - INFO - 期刊頁面文章範圍: 914251 到 914311
2025-08-14 18:59:02,759 - INFO - 設定動態上限: 914811 (原始最大值 914311 + 緩衝區 500)
2025-08-14 18:59:02,759 - INFO - 共找到 6 篇新文章: [914251, 914269, 914287, 914294, 914295, 914311]...
2025-08-14 18:59:02,775 - INFO - 開始請求文章 URL: https://real-estate.get.com.tw/Columns/detail.aspx?no=914294
2025-08-14 18:59:02,821 - INFO - 文章 914294 請求狀態碼: 200
2025-08-14 18:59:02,821 - INFO - 文章 914294 響應內容長度: 32778
2025-08-14 18:59:02,821 - INFO - 已保存文章 914294 的原始響應到: real_estate_articles\logs\article_914294_response.html
2025-08-14 18:59:02,845 - INFO - 從 meta 標籤找到文章資訊
2025-08-14 18:59:02,857 - INFO - 文章 914294 找到 9 個資料列
2025-08-14 18:59:02,859 - INFO - 文章 914294 成功解析 8 個欄位
2025-08-14 18:59:04,413 - INFO - 開始請求文章 URL: https://real-estate.get.com.tw/Columns/detail.aspx?no=914251
2025-08-14 18:59:04,466 - INFO - 開始請求文章 URL: https://real-estate.get.com.tw/Columns/detail.aspx?no=914287
2025-08-14 18:59:04,472 - INFO - 文章 914251 請求狀態碼: 200
2025-08-14 18:59:04,472 - INFO - 文章 914251 響應內容長度: 31325
2025-08-14 18:59:04,473 - INFO - 已保存文章 914251 的原始響應到: real_estate_articles\logs\article_914251_response.html
2025-08-14 18:59:04,495 - INFO - 從 meta 標籤找到文章資訊
2025-08-14 18:59:04,499 - INFO - 文章 914251 找到 9 個資料列
2025-08-14 18:59:04,499 - INFO - 文章 914251 成功解析 8 個欄位
2025-08-14 18:59:04,499 - INFO - 文章 914251 解析成功
2025-08-14 18:59:04,499 - INFO - 開始請求文章 URL: https://real-estate.get.com.tw/Columns/detail.aspx?no=914295
2025-08-14 18:59:04,628 - INFO - 文章 914295 請求狀態碼: 200
2025-08-14 18:59:04,628 - INFO - 文章 914295 響應內容長度: 31858
2025-08-14 18:59:04,628 - INFO - 已保存文章 914295 的原始響應到: real_estate_articles\logs\article_914295_response.html
2025-08-14 18:59:04,649 - INFO - 從 meta 標籤找到文章資訊
2025-08-14 18:59:04,660 - INFO - 文章 914295 找到 8 個資料列
2025-08-14 18:59:04,661 - INFO - 文章 914295 成功解析 8 個欄位
2025-08-14 18:59:04,694 - INFO - 開始請求文章 URL: https://real-estate.get.com.tw/Columns/detail.aspx?no=914311
2025-08-14 18:59:04,723 - INFO - 文章 914287 請求狀態碼: 200
2025-08-14 18:59:04,723 - INFO - 文章 914287 響應內容長度: 30672
2025-08-14 18:59:04,724 - INFO - 已保存文章 914287 的原始響應到: real_estate_articles\logs\article_914287_response.html
2025-08-14 18:59:04,761 - INFO - 從 meta 標籤找到文章資訊
2025-08-14 18:59:04,769 - INFO - 文章 914287 找到 9 個資料列
2025-08-14 18:59:04,771 - INFO - 文章 914287 成功解析 8 個欄位
2025-08-14 18:59:04,774 - INFO - 文章 914287 解析成功
2025-08-14 18:59:04,774 - INFO - 開始請求文章 URL: https://real-estate.get.com.tw/Columns/detail.aspx?no=914269
2025-08-14 18:59:04,907 - INFO - 文章 914311 請求狀態碼: 200
2025-08-14 18:59:04,923 - INFO - 文章 914311 響應內容長度: 30574
2025-08-14 18:59:04,923 - INFO - 已保存文章 914311 的原始響應到: real_estate_articles\logs\article_914311_response.html
2025-08-14 18:59:04,960 - INFO - 從 meta 標籤找到文章資訊
2025-08-14 18:59:04,977 - INFO - 文章 914311 找到 8 個資料列
2025-08-14 18:59:04,977 - INFO - 文章 914311 成功解析 8 個欄位
2025-08-14 18:59:04,981 - INFO - 文章 914311 解析成功
2025-08-14 18:59:05,205 - INFO - 文章 914269 請求狀態碼: 200
2025-08-14 18:59:05,205 - INFO - 文章 914269 響應內容長度: 30246
2025-08-14 18:59:05,221 - INFO - 已保存文章 914269 的原始響應到: real_estate_articles\logs\article_914269_response.html
2025-08-14 18:59:05,243 - INFO - 從 meta 標籤找到文章資訊
2025-08-14 18:59:05,252 - INFO - 文章 914269 找到 9 個資料列
2025-08-14 18:59:05,256 - INFO - 文章 914269 成功解析 8 個欄位
2025-08-14 18:59:05,860 - INFO - 文章 914311 已保存到 real_estate_articles\articles\914311_房屋同時作營業與自住使用之房屋稅計算案例,曾榮耀老師.md
2025-08-14 18:59:06,440 - INFO - 文章 914294 解析成功
2025-08-14 18:59:06,500 - INFO - 文章 914295 解析成功
2025-08-14 18:59:06,652 - INFO - 文章 914251 已保存到 real_estate_articles\articles\914251_農地(業)權,曾榮耀老師.md
2025-08-14 18:59:06,780 - INFO - 文章 914269 解析成功
2025-08-14 18:59:07,480 - INFO - 文章 914287 已保存到 real_estate_articles\articles\914287_鄉村地區整體規劃及鄉村地區計畫,曾榮耀老師.md
2025-08-14 18:59:08,244 - INFO - 文章 914294 已保存到 real_estate_articles\articles\914294_不動產市場(二),許文昌老師.md
2025-08-14 18:59:09,031 - INFO - 文章 914295 已保存到 real_estate_articles\articles\914295_非市場價值之估價方法,許文昌老師.md
2025-08-14 18:59:10,423 - INFO - 文章 914269 已保存到 real_estate_articles\articles\914269_不動產市場(一),許文昌老師.md
2025-08-14 18:59:10,423 - INFO - 更新完成：成功 6 篇，失敗 0 篇
2025-08-14 18:59:11,149 - INFO - 已成功更新文章目錄，新增 6 篇文章
2025-08-14 18:59:11,155 - INFO - 程式結束執行
