2025-02-05 19:34:10,306 - INFO - 設定文章範圍: 新年份範圍 - 從 900000 到 915000
2025-02-05 19:34:10,306 - INFO - 設定文章範圍: 早期年份範圍 - 從 409187 到 421516
2025-02-05 19:34:10,306 - INFO - 開始執行爬蟲 (模式: all)
2025-02-05 19:34:10,883 - INFO - 檢測到期刊總頁數: 1
2025-02-05 19:34:10,883 - INFO - 正在獲取第 1 頁的文章列表
2025-02-05 19:34:11,850 - WARNING - 第 1 頁沒有找到新文章，可能已到達最後一頁
2025-02-05 19:34:11,850 - INFO - 從期刊頁面共找到 0 篇新文章
2025-02-05 19:34:11,850 - INFO - 開始處理範圍 900000 到 915000
2025-02-05 19:34:12,199 - INFO - 開始處理範圍 409187 到 421516
2025-02-05 19:34:12,467 - INFO - 正在抓取文章 900002
2025-02-05 19:34:12,467 - INFO - 正在抓取文章 900001
2025-02-05 19:34:12,467 - INFO - 正在抓取文章 900003
2025-02-05 19:34:12,483 - INFO - 正在抓取文章 900000
2025-02-05 19:34:12,501 - INFO - 文章 900002 回應狀態碼: 200
2025-02-05 19:34:12,502 - INFO - 文章 900002 不符合條件或解析失敗
2025-02-05 19:34:13,015 - INFO - 文章 900001 回應狀態碼: 200
2025-02-05 19:34:13,015 - INFO - 文章 900001 不符合條件或解析失敗
2025-02-05 19:34:13,051 - INFO - 文章 900000 回應狀態碼: 200
2025-02-05 19:34:13,051 - INFO - 文章 900000 不符合條件或解析失敗
2025-02-05 19:34:13,069 - INFO - 文章 900003 回應狀態碼: 200
2025-02-05 19:34:13,069 - INFO - 文章 900003 不符合條件或解析失敗
2025-02-05 19:34:13,367 - INFO - 正在抓取文章 900004
2025-02-05 19:34:13,371 - INFO - 正在抓取文章 900006
2025-02-05 19:34:13,376 - INFO - 正在抓取文章 900007
2025-02-05 19:34:13,376 - INFO - 正在抓取文章 900005
2025-02-05 19:34:13,380 - INFO - 文章 900004 回應狀態碼: 200
2025-02-05 19:34:13,382 - INFO - 文章 900006 回應狀態碼: 200
2025-02-05 19:34:13,383 - INFO - 文章 900004 不符合條件或解析失敗
2025-02-05 19:34:13,384 - INFO - 文章 900006 不符合條件或解析失敗
2025-02-05 19:34:13,400 - INFO - 文章 900007 回應狀態碼: 200
2025-02-05 19:34:13,401 - INFO - 文章 900007 不符合條件或解析失敗
2025-02-05 19:34:13,401 - INFO - 文章 900005 回應狀態碼: 200
2025-02-05 19:34:13,404 - INFO - 文章 900005 不符合條件或解析失敗
2025-02-05 19:34:14,516 - INFO - 正在抓取文章 900009
2025-02-05 19:34:14,517 - INFO - 正在抓取文章 900011
2025-02-05 19:34:14,517 - INFO - 正在抓取文章 900008
2025-02-05 19:34:14,518 - INFO - 正在抓取文章 900010
2025-02-05 19:34:14,521 - INFO - 文章 900009 回應狀態碼: 200
2025-02-05 19:34:14,521 - INFO - 文章 900009 不符合條件或解析失敗
2025-02-05 19:34:14,532 - INFO - 文章 900011 回應狀態碼: 200
2025-02-05 19:34:14,533 - INFO - 文章 900011 不符合條件或解析失敗
2025-02-05 19:34:14,534 - INFO - 文章 900010 回應狀態碼: 200
2025-02-05 19:34:14,535 - INFO - 文章 900008 回應狀態碼: 200
2025-02-05 19:34:14,536 - INFO - 文章 900010 不符合條件或解析失敗
2025-02-05 19:34:14,538 - INFO - 文章 900008 不符合條件或解析失敗
2025-02-05 19:34:14,901 - INFO - 正在抓取文章 900013
2025-02-05 19:34:14,902 - INFO - 正在抓取文章 900015
2025-02-05 19:34:14,902 - INFO - 正在抓取文章 900014
2025-02-05 19:34:14,911 - INFO - 正在抓取文章 900012
2025-02-05 19:34:14,915 - INFO - 文章 900013 回應狀態碼: 200
2025-02-05 19:34:14,916 - INFO - 文章 900013 不符合條件或解析失敗
2025-02-05 19:34:14,918 - INFO - 文章 900014 回應狀態碼: 200
2025-02-05 19:34:14,919 - INFO - 文章 900014 不符合條件或解析失敗
2025-02-05 19:34:14,922 - INFO - 文章 900012 回應狀態碼: 200
2025-02-05 19:34:14,922 - INFO - 文章 900012 不符合條件或解析失敗
2025-02-05 19:34:14,922 - INFO - 文章 900015 回應狀態碼: 200
2025-02-05 19:34:14,922 - INFO - 文章 900015 不符合條件或解析失敗
2025-02-05 19:34:16,021 - INFO - 正在抓取文章 900019
2025-02-05 19:34:16,021 - INFO - 正在抓取文章 900016
2025-02-05 19:34:16,022 - INFO - 正在抓取文章 900017
2025-02-05 19:34:16,024 - INFO - 正在抓取文章 900018
2025-02-05 19:34:16,024 - INFO - 文章 900019 回應狀態碼: 200
2025-02-05 19:34:16,034 - INFO - 文章 900019 不符合條件或解析失敗
2025-02-05 19:34:16,034 - INFO - 文章 900016 回應狀態碼: 200
2025-02-05 19:34:16,034 - INFO - 文章 900016 不符合條件或解析失敗
2025-02-05 19:34:16,040 - INFO - 文章 900017 回應狀態碼: 200
2025-02-05 19:34:16,041 - INFO - 文章 900017 不符合條件或解析失敗
2025-02-05 19:34:16,041 - INFO - 文章 900018 回應狀態碼: 200
2025-02-05 19:34:16,041 - INFO - 文章 900018 不符合條件或解析失敗
2025-02-05 19:34:16,424 - INFO - 正在抓取文章 900020
2025-02-05 19:34:16,424 - INFO - 正在抓取文章 900022
2025-02-05 19:34:16,426 - INFO - 正在抓取文章 900021
2025-02-05 19:34:16,427 - INFO - 正在抓取文章 900023
2025-02-05 19:34:16,437 - INFO - 文章 900020 回應狀態碼: 200
2025-02-05 19:34:16,437 - INFO - 文章 900020 不符合條件或解析失敗
2025-02-05 19:34:16,441 - INFO - 文章 900022 回應狀態碼: 200
2025-02-05 19:34:16,442 - INFO - 文章 900023 回應狀態碼: 200
2025-02-05 19:34:16,442 - INFO - 文章 900021 回應狀態碼: 200
2025-02-05 19:34:16,442 - INFO - 文章 900022 不符合條件或解析失敗
2025-02-05 19:34:16,442 - INFO - 文章 900023 不符合條件或解析失敗
2025-02-05 19:34:16,442 - INFO - 文章 900021 不符合條件或解析失敗
2025-02-05 19:34:17,541 - INFO - 正在抓取文章 900024
2025-02-05 19:34:17,547 - INFO - 正在抓取文章 900025
2025-02-05 19:34:17,548 - INFO - 正在抓取文章 900026
2025-02-05 19:34:17,549 - INFO - 正在抓取文章 900027
2025-02-05 19:34:17,571 - INFO - 文章 900025 回應狀態碼: 200
2025-02-05 19:34:17,571 - INFO - 文章 900027 回應狀態碼: 200
2025-02-05 19:34:17,571 - INFO - 文章 900025 不符合條件或解析失敗
2025-02-05 19:34:17,571 - INFO - 文章 900024 回應狀態碼: 200
2025-02-05 19:34:17,571 - INFO - 文章 900027 不符合條件或解析失敗
2025-02-05 19:34:17,571 - INFO - 文章 900026 回應狀態碼: 200
2025-02-05 19:34:17,571 - INFO - 文章 900024 不符合條件或解析失敗
2025-02-05 19:34:17,584 - INFO - 文章 900026 不符合條件或解析失敗
2025-02-05 19:34:17,942 - INFO - 正在抓取文章 900030
2025-02-05 19:34:17,943 - INFO - 正在抓取文章 900031
2025-02-05 19:34:17,952 - INFO - 正在抓取文章 900028
2025-02-05 19:34:17,954 - INFO - 正在抓取文章 900029
2025-02-05 19:34:17,958 - INFO - 文章 900031 回應狀態碼: 200
2025-02-05 19:34:17,959 - INFO - 文章 900031 不符合條件或解析失敗
2025-02-05 19:34:17,960 - INFO - 文章 900028 回應狀態碼: 200
2025-02-05 19:34:17,960 - INFO - 文章 900028 不符合條件或解析失敗
2025-02-05 19:34:17,967 - INFO - 文章 900029 回應狀態碼: 200
2025-02-05 19:34:17,969 - INFO - 文章 900029 不符合條件或解析失敗
2025-02-05 19:34:18,087 - INFO - 文章 900030 回應狀態碼: 200
2025-02-05 19:34:18,087 - INFO - 文章 900030 不符合條件或解析失敗
2025-02-05 19:34:19,072 - INFO - 正在抓取文章 900034
2025-02-05 19:34:19,072 - INFO - 正在抓取文章 900032
2025-02-05 19:34:19,077 - INFO - 正在抓取文章 900035
2025-02-05 19:34:19,077 - INFO - 正在抓取文章 900033
2025-02-05 19:34:19,083 - INFO - 文章 900034 回應狀態碼: 200
2025-02-05 19:34:19,084 - INFO - 文章 900034 不符合條件或解析失敗
2025-02-05 19:34:19,085 - INFO - 文章 900032 回應狀態碼: 200
2025-02-05 19:34:19,087 - INFO - 文章 900032 不符合條件或解析失敗
2025-02-05 19:34:19,089 - INFO - 文章 900035 回應狀態碼: 200
2025-02-05 19:34:19,090 - INFO - 文章 900035 不符合條件或解析失敗
2025-02-05 19:34:19,095 - INFO - 文章 900033 回應狀態碼: 200
2025-02-05 19:34:19,096 - INFO - 文章 900033 不符合條件或解析失敗
2025-02-05 19:34:19,460 - INFO - 正在抓取文章 900037
2025-02-05 19:34:19,461 - INFO - 正在抓取文章 900036
2025-02-05 19:34:19,461 - INFO - 正在抓取文章 900038
2025-02-05 19:34:19,461 - INFO - 正在抓取文章 900039
2025-02-05 19:34:19,474 - INFO - 文章 900037 回應狀態碼: 200
2025-02-05 19:34:19,474 - INFO - 文章 900037 不符合條件或解析失敗
2025-02-05 19:34:19,474 - INFO - 文章 900036 回應狀態碼: 200
2025-02-05 19:34:19,477 - INFO - 文章 900038 回應狀態碼: 200
2025-02-05 19:34:19,478 - INFO - 文章 900039 回應狀態碼: 200
2025-02-05 19:34:19,479 - INFO - 文章 900036 不符合條件或解析失敗
2025-02-05 19:34:19,480 - INFO - 文章 900038 不符合條件或解析失敗
2025-02-05 19:34:19,480 - INFO - 文章 900039 不符合條件或解析失敗
2025-02-05 19:34:20,598 - INFO - 正在抓取文章 900043
2025-02-05 19:34:20,598 - INFO - 正在抓取文章 900040
2025-02-05 19:34:20,601 - INFO - 正在抓取文章 900041
2025-02-05 19:34:20,602 - INFO - 正在抓取文章 900042
2025-02-05 19:34:20,607 - INFO - 文章 900043 回應狀態碼: 200
2025-02-05 19:34:20,607 - INFO - 文章 900043 不符合條件或解析失敗
2025-02-05 19:34:20,607 - INFO - 文章 900040 回應狀態碼: 200
2025-02-05 19:34:20,607 - INFO - 文章 900040 不符合條件或解析失敗
2025-02-05 19:34:20,616 - INFO - 文章 900041 回應狀態碼: 200
2025-02-05 19:34:20,616 - INFO - 文章 900042 回應狀態碼: 200
2025-02-05 19:34:20,619 - INFO - 文章 900041 不符合條件或解析失敗
2025-02-05 19:34:20,621 - INFO - 文章 900042 不符合條件或解析失敗
2025-02-05 19:34:20,981 - INFO - 正在抓取文章 900047
2025-02-05 19:34:20,981 - INFO - 正在抓取文章 900046
2025-02-05 19:34:20,981 - INFO - 正在抓取文章 900045
2025-02-05 19:34:20,988 - INFO - 正在抓取文章 900044
2025-02-05 19:34:20,991 - INFO - 文章 900047 回應狀態碼: 200
2025-02-05 19:34:20,991 - INFO - 文章 900046 回應狀態碼: 200
2025-02-05 19:34:20,991 - INFO - 文章 900045 回應狀態碼: 200
2025-02-05 19:34:20,991 - INFO - 文章 900047 不符合條件或解析失敗
2025-02-05 19:34:20,991 - INFO - 文章 900046 不符合條件或解析失敗
2025-02-05 19:34:20,999 - INFO - 文章 900044 回應狀態碼: 200
2025-02-05 19:34:20,999 - INFO - 文章 900045 不符合條件或解析失敗
2025-02-05 19:34:21,003 - INFO - 文章 900044 不符合條件或解析失敗
2025-02-05 19:34:22,107 - INFO - 正在抓取文章 900051
2025-02-05 19:34:22,108 - INFO - 正在抓取文章 900050
2025-02-05 19:34:22,110 - INFO - 正在抓取文章 900048
2025-02-05 19:34:22,112 - INFO - 正在抓取文章 900049
2025-02-05 19:34:22,124 - INFO - 文章 900051 回應狀態碼: 200
2025-02-05 19:34:22,124 - INFO - 文章 900050 回應狀態碼: 200
2025-02-05 19:34:22,125 - INFO - 文章 900051 不符合條件或解析失敗
2025-02-05 19:34:22,127 - INFO - 文章 900050 不符合條件或解析失敗
2025-02-05 19:34:22,128 - INFO - 文章 900048 回應狀態碼: 200
2025-02-05 19:34:22,128 - INFO - 文章 900048 不符合條件或解析失敗
2025-02-05 19:34:22,128 - INFO - 文章 900049 回應狀態碼: 200
2025-02-05 19:34:22,128 - INFO - 文章 900049 不符合條件或解析失敗
2025-02-05 19:34:22,500 - INFO - 正在抓取文章 900053
2025-02-05 19:34:22,500 - INFO - 正在抓取文章 900052
2025-02-05 19:34:22,503 - INFO - 正在抓取文章 900054
2025-02-05 19:34:22,506 - INFO - 正在抓取文章 900056
2025-02-05 19:34:22,513 - INFO - 文章 900053 回應狀態碼: 200
2025-02-05 19:34:22,514 - INFO - 文章 900052 回應狀態碼: 200
2025-02-05 19:34:22,515 - INFO - 文章 900053 不符合條件或解析失敗
2025-02-05 19:34:22,516 - INFO - 文章 900052 不符合條件或解析失敗
2025-02-05 19:34:22,517 - INFO - 文章 900054 回應狀態碼: 200
2025-02-05 19:34:22,520 - INFO - 文章 900054 不符合條件或解析失敗
2025-02-05 19:34:22,535 - INFO - 文章 900056 回應狀態碼: 200
2025-02-05 19:34:22,561 - INFO - 文章 900056 不符合條件或解析失敗
2025-02-05 19:34:23,629 - INFO - 正在抓取文章 900057
2025-02-05 19:34:23,630 - INFO - 正在抓取文章 900059
2025-02-05 19:34:23,630 - INFO - 正在抓取文章 900060
2025-02-05 19:34:23,630 - INFO - 正在抓取文章 900061
2025-02-05 19:34:23,660 - INFO - 文章 900057 回應狀態碼: 200
2025-02-05 19:34:23,693 - INFO - 文章 900059 回應狀態碼: 200
2025-02-05 19:34:23,697 - INFO - 文章 900057 不符合條件或解析失敗
2025-02-05 19:34:23,698 - INFO - 文章 900061 回應狀態碼: 200
2025-02-05 19:34:23,698 - INFO - 文章 900060 回應狀態碼: 200
2025-02-05 19:34:23,727 - INFO - 文章 900059 不符合條件或解析失敗
2025-02-05 19:34:23,744 - INFO - 文章 900061 不符合條件或解析失敗
2025-02-05 19:34:23,775 - INFO - 文章 900060 不符合條件或解析失敗
2025-02-05 19:34:24,062 - INFO - 正在抓取文章 900063
2025-02-05 19:34:24,062 - INFO - 正在抓取文章 900064
2025-02-05 19:34:24,062 - INFO - 正在抓取文章 900065
2025-02-05 19:34:24,063 - INFO - 正在抓取文章 900062
2025-02-05 19:34:24,104 - INFO - 文章 900064 回應狀態碼: 200
2025-02-05 19:34:24,124 - INFO - 文章 900065 回應狀態碼: 200
2025-02-05 19:34:24,127 - INFO - 文章 900064 不符合條件或解析失敗
2025-02-05 19:34:24,128 - INFO - 文章 900062 回應狀態碼: 200
2025-02-05 19:34:24,146 - INFO - 文章 900065 不符合條件或解析失敗
2025-02-05 19:34:24,174 - INFO - 文章 900062 不符合條件或解析失敗
2025-02-05 19:34:24,175 - INFO - 文章 900063 回應狀態碼: 200
2025-02-05 19:34:24,200 - INFO - 文章 900063 不符合條件或解析失敗
2025-02-05 19:34:25,228 - INFO - 正在抓取文章 900069
2025-02-05 19:34:25,228 - INFO - 正在抓取文章 900068
2025-02-05 19:34:25,228 - INFO - 正在抓取文章 900067
2025-02-05 19:34:25,232 - INFO - 正在抓取文章 900066
2025-02-05 19:34:25,240 - INFO - 文章 900069 回應狀態碼: 200
2025-02-05 19:34:25,240 - INFO - 文章 900069 不符合條件或解析失敗
2025-02-05 19:34:25,304 - INFO - 文章 900067 回應狀態碼: 200
2025-02-05 19:34:25,325 - INFO - 文章 900067 不符合條件或解析失敗
2025-02-05 19:34:25,364 - INFO - 文章 900066 回應狀態碼: 200
2025-02-05 19:34:25,374 - INFO - 文章 900066 不符合條件或解析失敗
2025-02-05 19:34:25,394 - INFO - 文章 900068 回應狀態碼: 200
2025-02-05 19:34:25,416 - INFO - 文章 900068 不符合條件或解析失敗
2025-02-05 19:34:25,647 - INFO - 正在抓取文章 900071
2025-02-05 19:34:25,651 - INFO - 正在抓取文章 900073
2025-02-05 19:34:25,652 - INFO - 正在抓取文章 900070
2025-02-05 19:34:25,660 - INFO - 正在抓取文章 900072
2025-02-05 19:34:25,662 - INFO - 文章 900071 回應狀態碼: 200
2025-02-05 19:34:25,663 - INFO - 文章 900071 不符合條件或解析失敗
2025-02-05 19:34:25,663 - INFO - 文章 900073 回應狀態碼: 200
2025-02-05 19:34:25,664 - INFO - 文章 900070 回應狀態碼: 200
2025-02-05 19:34:25,665 - INFO - 文章 900073 不符合條件或解析失敗
2025-02-05 19:34:25,667 - INFO - 文章 900070 不符合條件或解析失敗
2025-02-05 19:34:25,672 - INFO - 文章 900072 回應狀態碼: 200
2025-02-05 19:34:25,673 - INFO - 文章 900072 不符合條件或解析失敗
2025-02-05 19:34:26,875 - INFO - 正在抓取文章 900076
2025-02-05 19:34:26,875 - INFO - 正在抓取文章 900074
2025-02-05 19:34:26,876 - INFO - 正在抓取文章 900077
2025-02-05 19:34:26,876 - INFO - 正在抓取文章 900075
2025-02-05 19:34:26,917 - INFO - 文章 900076 回應狀態碼: 200
2025-02-05 19:34:26,917 - INFO - 文章 900076 不符合條件或解析失敗
2025-02-05 19:34:26,919 - INFO - 文章 900074 回應狀態碼: 200
2025-02-05 19:34:26,920 - INFO - 文章 900077 回應狀態碼: 200
2025-02-05 19:34:26,921 - INFO - 文章 900075 回應狀態碼: 200
2025-02-05 19:34:26,922 - INFO - 文章 900074 不符合條件或解析失敗
2025-02-05 19:34:26,923 - INFO - 文章 900077 不符合條件或解析失敗
2025-02-05 19:34:26,925 - INFO - 文章 900075 不符合條件或解析失敗
2025-02-05 19:34:27,168 - INFO - 正在抓取文章 900080
2025-02-05 19:34:27,168 - INFO - 正在抓取文章 900079
2025-02-05 19:34:27,168 - INFO - 正在抓取文章 900083
2025-02-05 19:34:27,168 - INFO - 正在抓取文章 900078
2025-02-05 19:34:27,192 - INFO - 文章 900080 回應狀態碼: 200
2025-02-05 19:34:27,193 - INFO - 文章 900079 回應狀態碼: 200
2025-02-05 19:34:27,193 - INFO - 文章 900080 不符合條件或解析失敗
2025-02-05 19:34:27,193 - INFO - 文章 900083 回應狀態碼: 200
2025-02-05 19:34:27,193 - INFO - 文章 900079 不符合條件或解析失敗
2025-02-05 19:34:27,193 - INFO - 文章 900078 回應狀態碼: 200
2025-02-05 19:34:27,193 - INFO - 文章 900083 不符合條件或解析失敗
2025-02-05 19:34:27,193 - INFO - 文章 900078 不符合條件或解析失敗
2025-02-05 19:34:28,422 - INFO - 正在抓取文章 900084
2025-02-05 19:34:28,426 - INFO - 正在抓取文章 900085
2025-02-05 19:34:28,428 - INFO - 正在抓取文章 900086
2025-02-05 19:34:28,429 - INFO - 正在抓取文章 900087
2025-02-05 19:34:28,431 - INFO - 文章 900084 回應狀態碼: 200
2025-02-05 19:34:28,431 - INFO - 文章 900084 不符合條件或解析失敗
2025-02-05 19:34:28,431 - INFO - 文章 900085 回應狀態碼: 200
2025-02-05 19:34:28,439 - INFO - 文章 900085 不符合條件或解析失敗
2025-02-05 19:34:28,485 - INFO - 文章 900086 回應狀態碼: 200
2025-02-05 19:34:28,486 - INFO - 文章 900087 回應狀態碼: 200
2025-02-05 19:34:28,487 - INFO - 文章 900086 不符合條件或解析失敗
2025-02-05 19:34:28,488 - INFO - 文章 900087 不符合條件或解析失敗
2025-02-05 19:34:28,693 - INFO - 正在抓取文章 900091
2025-02-05 19:34:28,693 - INFO - 正在抓取文章 900090
2025-02-05 19:34:28,693 - INFO - 正在抓取文章 900089
2025-02-05 19:34:28,699 - INFO - 正在抓取文章 900088
2025-02-05 19:34:28,699 - INFO - 文章 900091 回應狀態碼: 200
2025-02-05 19:34:28,699 - INFO - 文章 900091 不符合條件或解析失敗
2025-02-05 19:34:28,699 - INFO - 文章 900090 回應狀態碼: 200
2025-02-05 19:34:28,699 - INFO - 文章 900090 不符合條件或解析失敗
2025-02-05 19:34:28,711 - INFO - 文章 900089 回應狀態碼: 200
2025-02-05 19:34:28,712 - INFO - 文章 900088 回應狀態碼: 200
2025-02-05 19:34:28,712 - INFO - 文章 900089 不符合條件或解析失敗
2025-02-05 19:34:28,713 - INFO - 文章 900088 不符合條件或解析失敗
2025-02-05 19:34:29,932 - INFO - 正在抓取文章 900094
2025-02-05 19:34:29,932 - INFO - 正在抓取文章 900095
2025-02-05 19:34:29,932 - INFO - 正在抓取文章 900093
2025-02-05 19:34:29,939 - INFO - 正在抓取文章 900092
2025-02-05 19:34:29,945 - INFO - 文章 900094 回應狀態碼: 200
2025-02-05 19:34:29,946 - INFO - 文章 900094 不符合條件或解析失敗
2025-02-05 19:34:29,988 - INFO - 文章 900093 回應狀態碼: 200
2025-02-05 19:34:29,989 - INFO - 文章 900093 不符合條件或解析失敗
2025-02-05 19:34:29,993 - INFO - 文章 900092 回應狀態碼: 200
2025-02-05 19:34:29,995 - INFO - 文章 900095 回應狀態碼: 200
2025-02-05 19:34:29,995 - INFO - 文章 900092 不符合條件或解析失敗
2025-02-05 19:34:30,020 - INFO - 文章 900095 不符合條件或解析失敗
2025-02-05 19:34:30,200 - INFO - 正在抓取文章 900096
2025-02-05 19:34:30,200 - INFO - 正在抓取文章 900097
2025-02-05 19:34:30,201 - INFO - 正在抓取文章 900098
2025-02-05 19:34:30,203 - INFO - 正在抓取文章 900099
2025-02-05 19:34:30,215 - INFO - 文章 900097 回應狀態碼: 200
2025-02-05 19:34:30,216 - INFO - 文章 900098 回應狀態碼: 200
2025-02-05 19:34:30,216 - INFO - 文章 900097 不符合條件或解析失敗
2025-02-05 19:34:30,218 - INFO - 文章 900098 不符合條件或解析失敗
2025-02-05 19:34:30,240 - INFO - 文章 900096 回應狀態碼: 200
2025-02-05 19:34:30,241 - INFO - 文章 900099 回應狀態碼: 200
2025-02-05 19:34:30,266 - INFO - 文章 900096 不符合條件或解析失敗
2025-02-05 19:34:30,266 - INFO - 文章 900099 不符合條件或解析失敗
2025-02-05 19:34:31,521 - INFO - 正在抓取文章 900101
2025-02-05 19:34:31,521 - INFO - 正在抓取文章 900100
2025-02-05 19:34:31,523 - INFO - 正在抓取文章 900102
2025-02-05 19:34:31,525 - INFO - 正在抓取文章 900103
2025-02-05 19:34:31,534 - INFO - 文章 900101 回應狀態碼: 200
2025-02-05 19:34:31,535 - INFO - 文章 900101 不符合條件或解析失敗
2025-02-05 19:34:31,538 - INFO - 文章 900100 回應狀態碼: 200
2025-02-05 19:34:31,538 - INFO - 文章 900102 回應狀態碼: 200
2025-02-05 19:34:31,541 - INFO - 文章 900100 不符合條件或解析失敗
2025-02-05 19:34:31,542 - INFO - 文章 900102 不符合條件或解析失敗
2025-02-05 19:34:31,551 - INFO - 文章 900103 回應狀態碼: 200
2025-02-05 19:34:31,583 - INFO - 文章 900103 不符合條件或解析失敗
2025-02-05 19:34:31,767 - INFO - 正在抓取文章 900104
2025-02-05 19:34:31,767 - INFO - 正在抓取文章 900105
2025-02-05 19:34:31,767 - INFO - 正在抓取文章 900106
2025-02-05 19:34:31,774 - INFO - 正在抓取文章 900107
2025-02-05 19:34:31,779 - INFO - 文章 900104 回應狀態碼: 200
2025-02-05 19:34:31,780 - INFO - 文章 900104 不符合條件或解析失敗
2025-02-05 19:34:31,782 - INFO - 文章 900105 回應狀態碼: 200
2025-02-05 19:34:31,783 - INFO - 文章 900106 回應狀態碼: 200
2025-02-05 19:34:31,784 - INFO - 文章 900105 不符合條件或解析失敗
2025-02-05 19:34:31,785 - INFO - 文章 900107 回應狀態碼: 200
2025-02-05 19:34:31,786 - INFO - 文章 900106 不符合條件或解析失敗
2025-02-05 19:34:31,786 - INFO - 文章 900107 不符合條件或解析失敗
2025-02-05 19:34:33,085 - INFO - 正在抓取文章 900108
2025-02-05 19:34:33,085 - INFO - 正在抓取文章 900109
2025-02-05 19:34:33,088 - INFO - 正在抓取文章 900111
2025-02-05 19:34:33,088 - INFO - 正在抓取文章 900110
2025-02-05 19:34:33,103 - INFO - 文章 900109 回應狀態碼: 200
2025-02-05 19:34:33,105 - INFO - 文章 900109 不符合條件或解析失敗
2025-02-05 19:34:33,105 - INFO - 文章 900108 回應狀態碼: 200
2025-02-05 19:34:33,105 - INFO - 文章 900111 回應狀態碼: 200
2025-02-05 19:34:33,105 - INFO - 文章 900110 回應狀態碼: 200
2025-02-05 19:34:33,105 - INFO - 文章 900108 不符合條件或解析失敗
2025-02-05 19:34:33,105 - INFO - 文章 900111 不符合條件或解析失敗
2025-02-05 19:34:33,105 - INFO - 文章 900110 不符合條件或解析失敗
2025-02-05 19:34:33,287 - INFO - 正在抓取文章 900115
2025-02-05 19:34:33,287 - INFO - 正在抓取文章 900114
2025-02-05 19:34:33,287 - INFO - 正在抓取文章 900113
2025-02-05 19:34:33,291 - INFO - 正在抓取文章 900112
2025-02-05 19:34:33,298 - INFO - 文章 900115 回應狀態碼: 200
2025-02-05 19:34:33,298 - INFO - 文章 900115 不符合條件或解析失敗
2025-02-05 19:34:33,298 - INFO - 文章 900114 回應狀態碼: 200
2025-02-05 19:34:33,298 - INFO - 文章 900114 不符合條件或解析失敗
2025-02-05 19:34:33,304 - INFO - 文章 900113 回應狀態碼: 200
2025-02-05 19:34:33,305 - INFO - 文章 900112 回應狀態碼: 200
2025-02-05 19:34:33,306 - INFO - 文章 900113 不符合條件或解析失敗
2025-02-05 19:34:33,308 - INFO - 文章 900112 不符合條件或解析失敗
2025-02-05 19:34:34,605 - INFO - 正在抓取文章 900117
2025-02-05 19:34:34,606 - INFO - 正在抓取文章 900118
2025-02-05 19:34:34,607 - INFO - 正在抓取文章 900119
2025-02-05 19:34:34,609 - INFO - 正在抓取文章 900116
2025-02-05 19:34:34,616 - INFO - 文章 900117 回應狀態碼: 200
2025-02-05 19:34:34,616 - INFO - 文章 900117 不符合條件或解析失敗
2025-02-05 19:34:34,616 - INFO - 文章 900118 回應狀態碼: 200
2025-02-05 19:34:34,616 - INFO - 文章 900119 回應狀態碼: 200
2025-02-05 19:34:34,616 - INFO - 文章 900116 回應狀態碼: 200
2025-02-05 19:34:34,616 - INFO - 文章 900118 不符合條件或解析失敗
2025-02-05 19:34:34,626 - INFO - 文章 900119 不符合條件或解析失敗
2025-02-05 19:34:34,628 - INFO - 文章 900116 不符合條件或解析失敗
2025-02-05 19:34:34,799 - INFO - 正在抓取文章 900123
2025-02-05 19:34:34,799 - INFO - 正在抓取文章 900122
2025-02-05 19:34:34,799 - INFO - 正在抓取文章 900121
2025-02-05 19:34:34,806 - INFO - 正在抓取文章 900120
2025-02-05 19:34:34,806 - INFO - 文章 900123 回應狀態碼: 200
2025-02-05 19:34:34,806 - INFO - 文章 900123 不符合條件或解析失敗
2025-02-05 19:34:34,806 - INFO - 文章 900122 回應狀態碼: 200
2025-02-05 19:34:34,806 - INFO - 文章 900121 回應狀態碼: 200
2025-02-05 19:34:34,815 - INFO - 文章 900122 不符合條件或解析失敗
2025-02-05 19:34:34,816 - INFO - 文章 900121 不符合條件或解析失敗
2025-02-05 19:34:34,817 - INFO - 文章 900120 回應狀態碼: 200
2025-02-05 19:34:34,821 - INFO - 文章 900120 不符合條件或解析失敗
2025-02-05 19:34:36,116 - INFO - 正在抓取文章 900127
2025-02-05 19:34:36,117 - INFO - 正在抓取文章 900125
2025-02-05 19:34:36,117 - INFO - 正在抓取文章 900126
2025-02-05 19:34:36,124 - INFO - 正在抓取文章 900124
2025-02-05 19:34:36,124 - INFO - 文章 900125 回應狀態碼: 200
2025-02-05 19:34:36,124 - INFO - 文章 900127 回應狀態碼: 200
2025-02-05 19:34:36,124 - INFO - 文章 900125 不符合條件或解析失敗
2025-02-05 19:34:36,124 - INFO - 文章 900126 回應狀態碼: 200
2025-02-05 19:34:36,133 - INFO - 文章 900127 不符合條件或解析失敗
2025-02-05 19:34:36,135 - INFO - 文章 900126 不符合條件或解析失敗
2025-02-05 19:34:36,136 - INFO - 文章 900124 回應狀態碼: 200
2025-02-05 19:34:36,140 - INFO - 文章 900124 不符合條件或解析失敗
2025-02-05 19:34:36,306 - INFO - 正在抓取文章 900129
2025-02-05 19:34:36,306 - INFO - 正在抓取文章 900130
2025-02-05 19:34:36,307 - INFO - 正在抓取文章 900128
2025-02-05 19:34:36,307 - INFO - 正在抓取文章 900131
2025-02-05 19:34:36,307 - INFO - 文章 900129 回應狀態碼: 200
2025-02-05 19:34:36,319 - INFO - 文章 900129 不符合條件或解析失敗
2025-02-05 19:34:36,319 - INFO - 文章 900130 回應狀態碼: 200
2025-02-05 19:34:36,322 - INFO - 文章 900130 不符合條件或解析失敗
2025-02-05 19:34:36,323 - INFO - 文章 900131 回應狀態碼: 200
2025-02-05 19:34:36,324 - INFO - 文章 900128 回應狀態碼: 200
2025-02-05 19:34:36,325 - INFO - 文章 900131 不符合條件或解析失敗
2025-02-05 19:34:36,326 - INFO - 文章 900128 不符合條件或解析失敗
2025-02-05 19:34:37,640 - INFO - 正在抓取文章 900133
2025-02-05 19:34:37,642 - INFO - 正在抓取文章 900132
2025-02-05 19:34:37,643 - INFO - 正在抓取文章 900134
2025-02-05 19:34:37,643 - INFO - 正在抓取文章 900135
2025-02-05 19:34:37,651 - INFO - 文章 900133 回應狀態碼: 200
2025-02-05 19:34:37,651 - INFO - 文章 900133 不符合條件或解析失敗
2025-02-05 19:34:37,651 - INFO - 文章 900132 回應狀態碼: 200
2025-02-05 19:34:37,651 - INFO - 文章 900132 不符合條件或解析失敗
2025-02-05 19:34:37,651 - INFO - 文章 900134 回應狀態碼: 200
2025-02-05 19:34:37,651 - INFO - 文章 900135 回應狀態碼: 200
2025-02-05 19:34:37,651 - INFO - 文章 900134 不符合條件或解析失敗
2025-02-05 19:34:37,651 - INFO - 文章 900135 不符合條件或解析失敗
2025-02-05 19:34:37,831 - INFO - 正在抓取文章 900136
2025-02-05 19:34:37,833 - INFO - 正在抓取文章 900137
2025-02-05 19:34:37,839 - INFO - 正在抓取文章 900138
2025-02-05 19:34:37,840 - INFO - 正在抓取文章 900139
2025-02-05 19:34:37,840 - INFO - 文章 900136 回應狀態碼: 200
2025-02-05 19:34:37,840 - INFO - 文章 900136 不符合條件或解析失敗
2025-02-05 19:34:37,846 - INFO - 文章 900137 回應狀態碼: 200
2025-02-05 19:34:37,847 - INFO - 文章 900137 不符合條件或解析失敗
2025-02-05 19:34:37,850 - INFO - 文章 900138 回應狀態碼: 200
2025-02-05 19:34:37,852 - INFO - 文章 900138 不符合條件或解析失敗
2025-02-05 19:34:37,853 - INFO - 文章 900139 回應狀態碼: 200
2025-02-05 19:34:37,855 - INFO - 文章 900139 不符合條件或解析失敗
2025-02-05 19:34:39,152 - INFO - 正在抓取文章 900145
2025-02-05 19:34:39,152 - INFO - 正在抓取文章 900141
2025-02-05 19:34:39,152 - INFO - 正在抓取文章 900143
2025-02-05 19:34:39,158 - INFO - 正在抓取文章 900140
2025-02-05 19:34:39,159 - INFO - 文章 900143 回應狀態碼: 200
2025-02-05 19:34:39,159 - INFO - 文章 900143 不符合條件或解析失敗
2025-02-05 19:34:39,181 - INFO - 文章 900145 回應狀態碼: 200
2025-02-05 19:34:39,206 - INFO - 文章 900145 不符合條件或解析失敗
2025-02-05 19:34:39,207 - INFO - 文章 900141 回應狀態碼: 200
2025-02-05 19:34:39,207 - INFO - 文章 900140 回應狀態碼: 200
2025-02-05 19:34:39,229 - INFO - 文章 900141 不符合條件或解析失敗
2025-02-05 19:34:39,260 - INFO - 文章 900140 不符合條件或解析失敗
2025-02-05 19:34:39,340 - INFO - 正在抓取文章 900149
2025-02-05 19:34:39,340 - INFO - 正在抓取文章 900146
2025-02-05 19:34:39,340 - INFO - 正在抓取文章 900148
2025-02-05 19:34:39,342 - INFO - 正在抓取文章 900147
2025-02-05 19:34:39,386 - INFO - 文章 900149 回應狀態碼: 200
2025-02-05 19:34:39,406 - INFO - 文章 900149 不符合條件或解析失敗
2025-02-05 19:34:39,406 - INFO - 文章 900146 回應狀態碼: 200
2025-02-05 19:34:39,406 - INFO - 文章 900148 回應狀態碼: 200
2025-02-05 19:34:39,418 - INFO - 文章 900147 回應狀態碼: 200
2025-02-05 19:34:39,462 - INFO - 文章 900148 不符合條件或解析失敗
2025-02-05 19:34:39,481 - INFO - 文章 900146 不符合條件或解析失敗
2025-02-05 19:34:39,508 - INFO - 文章 900147 不符合條件或解析失敗
2025-02-05 19:34:40,707 - INFO - 正在抓取文章 900151
2025-02-05 19:34:40,707 - INFO - 正在抓取文章 900153
2025-02-05 19:34:40,708 - INFO - 正在抓取文章 900152
2025-02-05 19:34:40,716 - INFO - 正在抓取文章 900150
2025-02-05 19:34:40,716 - INFO - 文章 900151 回應狀態碼: 200
2025-02-05 19:34:40,716 - INFO - 文章 900153 回應狀態碼: 200
2025-02-05 19:34:40,716 - INFO - 文章 900151 不符合條件或解析失敗
2025-02-05 19:34:40,724 - INFO - 文章 900152 回應狀態碼: 200
2025-02-05 19:34:40,724 - INFO - 文章 900153 不符合條件或解析失敗
2025-02-05 19:34:40,724 - INFO - 文章 900152 不符合條件或解析失敗
2025-02-05 19:34:40,728 - INFO - 文章 900150 回應狀態碼: 200
2025-02-05 19:34:40,731 - INFO - 文章 900150 不符合條件或解析失敗
2025-02-05 19:34:40,906 - INFO - 正在抓取文章 900156
2025-02-05 19:34:40,907 - INFO - 正在抓取文章 900155
2025-02-05 19:34:40,908 - INFO - 正在抓取文章 900157
2025-02-05 19:34:40,908 - INFO - 正在抓取文章 900154
2025-02-05 19:34:40,908 - INFO - 文章 900155 回應狀態碼: 200
2025-02-05 19:34:40,908 - INFO - 文章 900155 不符合條件或解析失敗
2025-02-05 19:34:40,908 - INFO - 文章 900156 回應狀態碼: 200
2025-02-05 19:34:40,908 - INFO - 文章 900157 回應狀態碼: 200
2025-02-05 19:34:40,908 - INFO - 文章 900156 不符合條件或解析失敗
2025-02-05 19:34:40,924 - INFO - 文章 900154 回應狀態碼: 200
2025-02-05 19:34:40,924 - INFO - 文章 900157 不符合條件或解析失敗
2025-02-05 19:34:40,926 - INFO - 文章 900154 不符合條件或解析失敗
2025-02-05 19:34:42,225 - INFO - 正在抓取文章 900160
2025-02-05 19:34:42,225 - INFO - 正在抓取文章 900161
2025-02-05 19:34:42,225 - INFO - 正在抓取文章 900159
2025-02-05 19:34:42,237 - INFO - 正在抓取文章 900158
2025-02-05 19:34:42,272 - INFO - 文章 900161 回應狀態碼: 200
2025-02-05 19:34:42,272 - INFO - 文章 900161 不符合條件或解析失敗
2025-02-05 19:34:42,272 - INFO - 文章 900160 回應狀態碼: 200
2025-02-05 19:34:42,287 - INFO - 文章 900158 回應狀態碼: 200
2025-02-05 19:34:42,289 - INFO - 文章 900159 回應狀態碼: 200
2025-02-05 19:34:42,289 - INFO - 文章 900160 不符合條件或解析失敗
2025-02-05 19:34:42,289 - INFO - 文章 900158 不符合條件或解析失敗
2025-02-05 19:34:42,289 - INFO - 文章 900159 不符合條件或解析失敗
2025-02-05 19:34:42,413 - INFO - 正在抓取文章 900163
2025-02-05 19:34:42,414 - INFO - 正在抓取文章 900164
2025-02-05 19:34:42,415 - INFO - 正在抓取文章 900165
2025-02-05 19:34:42,422 - INFO - 正在抓取文章 900162
2025-02-05 19:34:42,426 - INFO - 文章 900163 回應狀態碼: 200
2025-02-05 19:34:42,428 - INFO - 文章 900163 不符合條件或解析失敗
2025-02-05 19:34:42,428 - INFO - 文章 900164 回應狀態碼: 200
2025-02-05 19:34:42,428 - INFO - 文章 900165 回應狀態碼: 200
2025-02-05 19:34:42,431 - INFO - 文章 900164 不符合條件或解析失敗
2025-02-05 19:34:42,433 - INFO - 文章 900165 不符合條件或解析失敗
2025-02-05 19:34:42,434 - INFO - 文章 900162 回應狀態碼: 200
2025-02-05 19:34:42,437 - INFO - 文章 900162 不符合條件或解析失敗
2025-02-05 19:34:43,773 - INFO - 正在抓取文章 900169
2025-02-05 19:34:43,773 - INFO - 正在抓取文章 900167
2025-02-05 19:34:43,773 - INFO - 正在抓取文章 900168
2025-02-05 19:34:43,774 - INFO - 正在抓取文章 900166
2025-02-05 19:34:43,786 - INFO - 文章 900169 回應狀態碼: 200
2025-02-05 19:34:43,786 - INFO - 文章 900167 回應狀態碼: 200
2025-02-05 19:34:43,786 - INFO - 文章 900169 不符合條件或解析失敗
2025-02-05 19:34:43,786 - INFO - 文章 900168 回應狀態碼: 200
2025-02-05 19:34:43,786 - INFO - 文章 900167 不符合條件或解析失敗
2025-02-05 19:34:43,786 - INFO - 文章 900166 回應狀態碼: 200
2025-02-05 19:34:43,794 - INFO - 文章 900168 不符合條件或解析失敗
2025-02-05 19:34:43,796 - INFO - 文章 900166 不符合條件或解析失敗
2025-02-05 19:34:43,928 - INFO - 正在抓取文章 900173
2025-02-05 19:34:43,928 - INFO - 正在抓取文章 900172
2025-02-05 19:34:43,929 - INFO - 正在抓取文章 900171
2025-02-05 19:34:43,935 - INFO - 正在抓取文章 900170
2025-02-05 19:34:43,938 - INFO - 文章 900173 回應狀態碼: 200
2025-02-05 19:34:43,941 - INFO - 文章 900172 回應狀態碼: 200
2025-02-05 19:34:43,941 - INFO - 文章 900171 回應狀態碼: 200
2025-02-05 19:34:43,941 - INFO - 文章 900173 不符合條件或解析失敗
2025-02-05 19:34:43,941 - INFO - 文章 900172 不符合條件或解析失敗
2025-02-05 19:34:43,941 - INFO - 文章 900171 不符合條件或解析失敗
2025-02-05 19:34:43,941 - INFO - 文章 900170 回應狀態碼: 200
2025-02-05 19:34:43,950 - INFO - 文章 900170 不符合條件或解析失敗
2025-02-05 19:34:45,287 - INFO - 正在抓取文章 900177
2025-02-05 19:34:45,292 - INFO - 正在抓取文章 900174
2025-02-05 19:34:45,294 - INFO - 正在抓取文章 900175
2025-02-05 19:34:45,295 - INFO - 正在抓取文章 900176
2025-02-05 19:34:45,295 - INFO - 文章 900174 回應狀態碼: 200
2025-02-05 19:34:45,295 - INFO - 文章 900174 不符合條件或解析失敗
2025-02-05 19:34:45,309 - INFO - 文章 900175 回應狀態碼: 200
2025-02-05 19:34:45,310 - INFO - 文章 900176 回應狀態碼: 200
2025-02-05 19:34:45,311 - INFO - 文章 900175 不符合條件或解析失敗
2025-02-05 19:34:45,312 - INFO - 文章 900176 不符合條件或解析失敗
2025-02-05 19:34:45,325 - INFO - 文章 900177 回應狀態碼: 200
2025-02-05 19:34:45,348 - INFO - 文章 900177 不符合條件或解析失敗
2025-02-05 19:34:45,441 - INFO - 正在抓取文章 900180
2025-02-05 19:34:45,442 - INFO - 正在抓取文章 900179
2025-02-05 19:34:45,442 - INFO - 正在抓取文章 900181
2025-02-05 19:34:45,452 - INFO - 正在抓取文章 900178
2025-02-05 19:34:45,452 - INFO - 文章 900180 回應狀態碼: 200
2025-02-05 19:34:45,452 - INFO - 文章 900180 不符合條件或解析失敗
2025-02-05 19:34:45,456 - INFO - 文章 900179 回應狀態碼: 200
2025-02-05 19:34:45,457 - INFO - 文章 900181 回應狀態碼: 200
2025-02-05 19:34:45,458 - INFO - 文章 900179 不符合條件或解析失敗
2025-02-05 19:34:45,460 - INFO - 文章 900181 不符合條件或解析失敗
2025-02-05 19:34:45,465 - INFO - 文章 900178 回應狀態碼: 200
2025-02-05 19:34:45,466 - INFO - 文章 900178 不符合條件或解析失敗
2025-02-05 19:34:46,796 - INFO - 正在抓取文章 900183
2025-02-05 19:34:46,796 - INFO - 正在抓取文章 900182
2025-02-05 19:34:46,797 - INFO - 正在抓取文章 900184
2025-02-05 19:34:46,797 - INFO - 正在抓取文章 900185
2025-02-05 19:34:46,797 - INFO - 文章 900183 回應狀態碼: 200
2025-02-05 19:34:46,810 - INFO - 文章 900182 回應狀態碼: 200
2025-02-05 19:34:46,811 - INFO - 文章 900184 回應狀態碼: 200
2025-02-05 19:34:46,812 - INFO - 文章 900183 不符合條件或解析失敗
2025-02-05 19:34:46,813 - INFO - 文章 900182 不符合條件或解析失敗
2025-02-05 19:34:46,814 - INFO - 文章 900184 不符合條件或解析失敗
2025-02-05 19:34:46,814 - INFO - 文章 900185 回應狀態碼: 200
2025-02-05 19:34:46,819 - INFO - 文章 900185 不符合條件或解析失敗
2025-02-05 19:34:46,967 - INFO - 正在抓取文章 900189
2025-02-05 19:34:46,967 - INFO - 正在抓取文章 900188
2025-02-05 19:34:46,969 - INFO - 正在抓取文章 900186
2025-02-05 19:34:46,970 - INFO - 正在抓取文章 900187
2025-02-05 19:34:46,981 - INFO - 文章 900189 回應狀態碼: 200
2025-02-05 19:34:46,982 - INFO - 文章 900188 回應狀態碼: 200
2025-02-05 19:34:46,982 - INFO - 文章 900189 不符合條件或解析失敗
2025-02-05 19:34:46,982 - INFO - 文章 900186 回應狀態碼: 200
2025-02-05 19:34:46,986 - INFO - 文章 900188 不符合條件或解析失敗
2025-02-05 19:34:46,989 - INFO - 文章 900186 不符合條件或解析失敗
2025-02-05 19:34:46,991 - INFO - 文章 900187 回應狀態碼: 200
2025-02-05 19:34:46,994 - INFO - 文章 900187 不符合條件或解析失敗
2025-02-05 19:34:48,314 - INFO - 正在抓取文章 900193
2025-02-05 19:34:48,314 - INFO - 正在抓取文章 900191
2025-02-05 19:34:48,315 - INFO - 正在抓取文章 900190
2025-02-05 19:34:48,316 - INFO - 正在抓取文章 900192
2025-02-05 19:34:48,327 - INFO - 文章 900193 回應狀態碼: 200
2025-02-05 19:34:48,328 - INFO - 文章 900191 回應狀態碼: 200
2025-02-05 19:34:48,329 - INFO - 文章 900193 不符合條件或解析失敗
2025-02-05 19:34:48,330 - INFO - 文章 900190 回應狀態碼: 200
2025-02-05 19:34:48,331 - INFO - 文章 900192 回應狀態碼: 200
2025-02-05 19:34:48,331 - INFO - 文章 900191 不符合條件或解析失敗
2025-02-05 19:34:48,334 - INFO - 文章 900190 不符合條件或解析失敗
2025-02-05 19:34:48,334 - INFO - 文章 900192 不符合條件或解析失敗
2025-02-05 19:34:48,492 - INFO - 正在抓取文章 900194
2025-02-05 19:34:48,494 - INFO - 正在抓取文章 900195
2025-02-05 19:34:48,495 - INFO - 正在抓取文章 900196
2025-02-05 19:34:48,496 - INFO - 正在抓取文章 900197
2025-02-05 19:34:48,505 - INFO - 文章 900194 回應狀態碼: 200
2025-02-05 19:34:48,506 - INFO - 文章 900194 不符合條件或解析失敗
2025-02-05 19:34:48,509 - INFO - 文章 900196 回應狀態碼: 200
2025-02-05 19:34:48,509 - INFO - 文章 900195 回應狀態碼: 200
2025-02-05 19:34:48,510 - INFO - 文章 900196 不符合條件或解析失敗
2025-02-05 19:34:48,511 - INFO - 文章 900197 回應狀態碼: 200
2025-02-05 19:34:48,512 - INFO - 文章 900195 不符合條件或解析失敗
2025-02-05 19:34:48,516 - INFO - 文章 900197 不符合條件或解析失敗
2025-02-05 19:34:49,835 - INFO - 正在抓取文章 900201
2025-02-05 19:34:49,835 - INFO - 正在抓取文章 900200
2025-02-05 19:34:49,835 - INFO - 正在抓取文章 900199
2025-02-05 19:34:49,835 - INFO - 正在抓取文章 900198
2025-02-05 19:34:49,847 - INFO - 文章 900201 回應狀態碼: 200
2025-02-05 19:34:49,848 - INFO - 文章 900201 不符合條件或解析失敗
2025-02-05 19:34:49,849 - INFO - 文章 900200 回應狀態碼: 200
2025-02-05 19:34:49,850 - INFO - 文章 900199 回應狀態碼: 200
2025-02-05 19:34:49,851 - INFO - 文章 900200 不符合條件或解析失敗
2025-02-05 19:34:49,853 - INFO - 文章 900199 不符合條件或解析失敗
2025-02-05 19:34:49,853 - INFO - 文章 900198 回應狀態碼: 200
2025-02-05 19:34:49,857 - INFO - 文章 900198 不符合條件或解析失敗
2025-02-05 19:34:50,006 - INFO - 正在抓取文章 900203
2025-02-05 19:34:50,006 - INFO - 正在抓取文章 900202
2025-02-05 19:34:50,007 - INFO - 正在抓取文章 900205
2025-02-05 19:34:50,007 - INFO - 正在抓取文章 900204
2025-02-05 19:34:50,034 - INFO - 文章 900203 回應狀態碼: 200
2025-02-05 19:34:50,035 - INFO - 文章 900203 不符合條件或解析失敗
2025-02-05 19:34:50,041 - INFO - 文章 900205 回應狀態碼: 200
2025-02-05 19:34:50,042 - INFO - 文章 900202 回應狀態碼: 200
2025-02-05 19:34:50,043 - INFO - 文章 900204 回應狀態碼: 200
2025-02-05 19:34:50,085 - INFO - 文章 900205 不符合條件或解析失敗
2025-02-05 19:34:50,085 - INFO - 文章 900202 不符合條件或解析失敗
2025-02-05 19:34:50,085 - INFO - 文章 900204 不符合條件或解析失敗
