2025-05-07 20:39:53,060 - INFO - 初始化更新模式: recent, 檢查特定文章: True
2025-05-07 20:39:53,060 - INFO - 設定文章範圍: 近期文章範圍 - 從 914900 到 915000
2025-05-07 20:39:53,061 - INFO - 特定文章 913706 已處理，跳過檢查
2025-05-07 20:39:53,061 - INFO - 特定文章 913623 已處理，跳過檢查
2025-05-07 20:39:53,061 - INFO - 特定文章 913646 已處理，跳過檢查
2025-05-07 20:39:53,061 - INFO - 開始執行爬蟲 (模式: recent)
2025-05-07 20:39:53,238 - INFO - pno=51120 第 1 頁找到 2 篇新文章: [913776, 913776]
2025-05-07 20:39:54,732 - INFO - pno=51121 第 1 頁找到 2 篇新文章: [913776, 913776]
2025-05-07 20:39:54,733 - INFO - 第 1 頁共找到 2 篇新文章: [913776, 913776]
2025-05-07 20:39:54,733 - INFO - 檢測到最新文章編號: 913776
2025-05-07 20:39:54,934 - INFO - pno=51120 第 1 頁找到 2 篇新文章: [913776, 913776]
2025-05-07 20:39:56,703 - INFO - pno=51121 第 1 頁找到 2 篇新文章: [913776, 913776]
2025-05-07 20:39:56,703 - INFO - 第 1 頁共找到 2 篇新文章: [913776, 913776]
2025-05-07 20:39:56,703 - INFO - 近期模式：第一頁找到 2 篇新文章
2025-05-07 20:39:56,703 - INFO - 期刊頁面文章範圍: 913776 到 913776
2025-05-07 20:39:56,703 - INFO - 設定動態上限: 914276 (原始最大值 913776 + 緩衝區 500)
2025-05-07 20:39:56,703 - INFO - 共找到 1 篇新文章: [913776]...
2025-05-07 20:39:56,703 - INFO - 開始請求文章 URL: https://real-estate.get.com.tw/Columns/detail.aspx?no=913776
2025-05-07 20:39:56,739 - INFO - 文章 913776 請求狀態碼: 200
2025-05-07 20:39:56,739 - INFO - 文章 913776 響應內容長度: 31136
2025-05-07 20:39:56,751 - INFO - 已保存文章 913776 的原始響應到: real_estate_articles\logs\article_913776_response.html
2025-05-07 20:39:56,772 - INFO - 從 meta 標籤找到文章資訊
2025-05-07 20:39:56,772 - INFO - 文章 913776 找到 8 個資料列
2025-05-07 20:39:56,772 - INFO - 文章 913776 成功解析 8 個欄位
2025-05-07 20:39:56,787 - INFO - 文章 913776 解析成功
2025-05-07 20:39:57,539 - INFO - 文章 913776 已保存到 real_estate_articles\articles\913776_違反信託約定之處分,曾榮耀老師.md
2025-05-07 20:39:57,539 - INFO - 更新完成：成功 1 篇，失敗 0 篇
2025-05-07 20:39:58,016 - INFO - 已成功更新文章目錄，新增 1 篇文章
2025-05-07 20:39:58,016 - INFO - 程式結束執行
