2025-04-19 16:11:41,806 - INFO - 初始化更新模式: all, 檢查特定文章: True
2025-04-19 16:11:41,806 - INFO - 設定文章範圍: 近期文章範圍 - 從 914900 到 915000
2025-04-19 16:11:41,807 - INFO - 特定文章 913706 已處理，跳過檢查
2025-04-19 16:11:41,807 - INFO - 特定文章 913623 已處理，跳過檢查
2025-04-19 16:11:41,807 - INFO - 特定文章 913646 已處理，跳過檢查
2025-04-19 16:11:41,807 - INFO - 開始執行爬蟲 (模式: all)
2025-04-19 16:11:41,946 - INFO - pno=51120 檢測到最大頁數: 1
2025-04-19 16:11:43,722 - INFO - pno=51121 檢測到最大頁數: 1
2025-04-19 16:11:43,722 - INFO - 最終最大頁數: 1
2025-04-19 16:11:43,805 - INFO - pno=51120 第 1 頁找到 0 篇新文章: []
2025-04-19 16:11:45,386 - INFO - pno=51121 第 1 頁找到 0 篇新文章: []
2025-04-19 16:11:45,386 - INFO - 第 1 頁沒有新文章
2025-04-19 16:11:45,387 - INFO - 共找到 101 篇新文章: [914900, 914901, 914902, 914903, 914904, 914905, 914906, 914907, 914908, 914909, 914910, 914911, 914912, 914913, 914914, 914915, 914916, 914917, 914918, 914919, 914920, 914921, 914922, 914923, 914924, 914925, 914926, 914927, 914928, 914929, 914930, 914931, 914932, 914933, 914934, 914935, 914936, 914937, 914938, 914939, 914940, 914941, 914942, 914943, 914944, 914945, 914946, 914947, 914948, 914949, 914950, 914951, 914952, 914953, 914954, 914955, 914956, 914957, 914958, 914959, 914960, 914961, 914962, 914963, 914964, 914965, 914966, 914967, 914968, 914969, 914970, 914971, 914972, 914973, 914974, 914975, 914976, 914977, 914978, 914979, 914980, 914981, 914982, 914983, 914984, 914985, 914986, 914987, 914988, 914989, 914990, 914991, 914992, 914993, 914994, 914995, 914996, 914997, 914998, 914999, 915000]
2025-04-19 16:11:45,388 - INFO - 開始請求文章 URL: https://real-estate.get.com.tw/Columns/detail.aspx?no=914944
2025-04-19 16:11:45,404 - INFO - 文章 914944 請求狀態碼: 200
2025-04-19 16:11:45,404 - INFO - 文章 914944 響應內容長度: 129
2025-04-19 16:11:45,405 - ERROR - 文章 914944 響應內容過短，可能是無效頁面
2025-04-19 16:11:46,924 - INFO - 開始請求文章 URL: https://real-estate.get.com.tw/Columns/detail.aspx?no=914946
2025-04-19 16:11:46,935 - INFO - 文章 914946 請求狀態碼: 200
2025-04-19 16:11:46,935 - INFO - 文章 914946 響應內容長度: 129
2025-04-19 16:11:46,935 - ERROR - 文章 914946 響應內容過短，可能是無效頁面
2025-04-19 16:11:46,947 - INFO - 開始請求文章 URL: https://real-estate.get.com.tw/Columns/detail.aspx?no=914949
2025-04-19 16:11:46,961 - INFO - 文章 914949 請求狀態碼: 200
2025-04-19 16:11:46,961 - INFO - 文章 914949 響應內容長度: 129
2025-04-19 16:11:46,961 - ERROR - 文章 914949 響應內容過短，可能是無效頁面
2025-04-19 16:11:46,981 - INFO - 開始請求文章 URL: https://real-estate.get.com.tw/Columns/detail.aspx?no=914947
2025-04-19 16:11:47,004 - INFO - 文章 914947 請求狀態碼: 200
2025-04-19 16:11:47,004 - INFO - 文章 914947 響應內容長度: 129
2025-04-19 16:11:47,004 - ERROR - 文章 914947 響應內容過短，可能是無效頁面
2025-04-19 16:11:47,012 - INFO - 開始請求文章 URL: https://real-estate.get.com.tw/Columns/detail.aspx?no=914951
2025-04-19 16:11:47,023 - INFO - 文章 914951 請求狀態碼: 200
2025-04-19 16:11:47,023 - INFO - 文章 914951 響應內容長度: 129
2025-04-19 16:11:47,024 - ERROR - 文章 914951 響應內容過短，可能是無效頁面
2025-04-19 16:11:47,104 - INFO - 開始請求文章 URL: https://real-estate.get.com.tw/Columns/detail.aspx?no=914945
2025-04-19 16:11:47,114 - INFO - 文章 914945 請求狀態碼: 200
2025-04-19 16:11:47,114 - INFO - 文章 914945 響應內容長度: 129
2025-04-19 16:11:47,115 - ERROR - 文章 914945 響應內容過短，可能是無效頁面
2025-04-19 16:11:47,123 - INFO - 開始請求文章 URL: https://real-estate.get.com.tw/Columns/detail.aspx?no=914953
2025-04-19 16:11:47,134 - INFO - 文章 914953 請求狀態碼: 200
2025-04-19 16:11:47,134 - INFO - 文章 914953 響應內容長度: 129
2025-04-19 16:11:47,135 - ERROR - 文章 914953 響應內容過短，可能是無效頁面
2025-04-19 16:11:47,221 - INFO - 開始請求文章 URL: https://real-estate.get.com.tw/Columns/detail.aspx?no=914948
2025-04-19 16:11:47,234 - INFO - 文章 914948 請求狀態碼: 200
2025-04-19 16:11:47,235 - INFO - 文章 914948 響應內容長度: 129
2025-04-19 16:11:47,235 - ERROR - 文章 914948 響應內容過短，可能是無效頁面
2025-04-19 16:11:47,242 - INFO - 開始請求文章 URL: https://real-estate.get.com.tw/Columns/detail.aspx?no=914955
2025-04-19 16:11:47,254 - INFO - 文章 914955 請求狀態碼: 200
2025-04-19 16:11:47,254 - INFO - 文章 914955 響應內容長度: 129
2025-04-19 16:11:47,256 - ERROR - 文章 914955 響應內容過短，可能是無效頁面
2025-04-19 16:11:48,762 - INFO - 開始請求文章 URL: https://real-estate.get.com.tw/Columns/detail.aspx?no=914952
2025-04-19 16:11:48,773 - INFO - 文章 914952 請求狀態碼: 200
2025-04-19 16:11:48,774 - INFO - 文章 914952 響應內容長度: 129
2025-04-19 16:11:48,774 - ERROR - 文章 914952 響應內容過短，可能是無效頁面
2025-04-19 16:11:48,785 - INFO - 開始請求文章 URL: https://real-estate.get.com.tw/Columns/detail.aspx?no=914957
2025-04-19 16:11:48,797 - INFO - 文章 914957 請求狀態碼: 200
2025-04-19 16:11:48,798 - INFO - 文章 914957 響應內容長度: 129
2025-04-19 16:11:48,798 - ERROR - 文章 914957 響應內容過短，可能是無效頁面
2025-04-19 16:11:48,832 - INFO - 開始請求文章 URL: https://real-estate.get.com.tw/Columns/detail.aspx?no=914956
2025-04-19 16:11:48,839 - INFO - 開始請求文章 URL: https://real-estate.get.com.tw/Columns/detail.aspx?no=914950
2025-04-19 16:11:48,846 - INFO - 文章 914956 請求狀態碼: 200
2025-04-19 16:11:48,846 - INFO - 文章 914956 響應內容長度: 129
2025-04-19 16:11:48,846 - ERROR - 文章 914956 響應內容過短，可能是無效頁面
2025-04-19 16:11:48,858 - INFO - 開始請求文章 URL: https://real-estate.get.com.tw/Columns/detail.aspx?no=914959
2025-04-19 16:11:48,888 - INFO - 文章 914959 請求狀態碼: 200
2025-04-19 16:11:48,888 - INFO - 文章 914959 響應內容長度: 129
2025-04-19 16:11:48,888 - ERROR - 文章 914959 響應內容過短，可能是無效頁面
2025-04-19 16:11:48,916 - INFO - 文章 914950 請求狀態碼: 200
2025-04-19 16:11:48,916 - INFO - 文章 914950 響應內容長度: 129
2025-04-19 16:11:48,917 - ERROR - 文章 914950 響應內容過短，可能是無效頁面
2025-04-19 16:11:48,964 - INFO - 開始請求文章 URL: https://real-estate.get.com.tw/Columns/detail.aspx?no=914954
2025-04-19 16:11:48,976 - INFO - 文章 914954 請求狀態碼: 200
2025-04-19 16:11:48,976 - INFO - 文章 914954 響應內容長度: 129
2025-04-19 16:11:48,976 - ERROR - 文章 914954 響應內容過短，可能是無效頁面
2025-04-19 16:11:48,984 - INFO - 開始請求文章 URL: https://real-estate.get.com.tw/Columns/detail.aspx?no=914962
2025-04-19 16:11:48,996 - INFO - 文章 914962 請求狀態碼: 200
2025-04-19 16:11:48,996 - INFO - 文章 914962 響應內容長度: 129
2025-04-19 16:11:48,996 - ERROR - 文章 914962 響應內容過短，可能是無效頁面
2025-04-19 16:11:50,369 - INFO - 開始請求文章 URL: https://real-estate.get.com.tw/Columns/detail.aspx?no=914958
2025-04-19 16:11:50,383 - INFO - 文章 914958 請求狀態碼: 200
2025-04-19 16:11:50,383 - INFO - 文章 914958 響應內容長度: 129
2025-04-19 16:11:50,384 - ERROR - 文章 914958 響應內容過短，可能是無效頁面
2025-04-19 16:11:50,393 - INFO - 開始請求文章 URL: https://real-estate.get.com.tw/Columns/detail.aspx?no=914964
2025-04-19 16:11:50,403 - INFO - 文章 914964 請求狀態碼: 200
2025-04-19 16:11:50,403 - INFO - 文章 914964 響應內容長度: 129
2025-04-19 16:11:50,403 - ERROR - 文章 914964 響應內容過短，可能是無效頁面
2025-04-19 16:11:50,498 - INFO - 開始請求文章 URL: https://real-estate.get.com.tw/Columns/detail.aspx?no=914961
2025-04-19 16:11:50,512 - INFO - 文章 914961 請求狀態碼: 200
2025-04-19 16:11:50,513 - INFO - 文章 914961 響應內容長度: 129
2025-04-19 16:11:50,513 - ERROR - 文章 914961 響應內容過短，可能是無效頁面
2025-04-19 16:11:50,521 - INFO - 開始請求文章 URL: https://real-estate.get.com.tw/Columns/detail.aspx?no=914966
2025-04-19 16:11:50,537 - INFO - 文章 914966 請求狀態碼: 200
2025-04-19 16:11:50,538 - INFO - 文章 914966 響應內容長度: 129
2025-04-19 16:11:50,538 - ERROR - 文章 914966 響應內容過短，可能是無效頁面
2025-04-19 16:11:50,739 - INFO - 開始請求文章 URL: https://real-estate.get.com.tw/Columns/detail.aspx?no=914963
2025-04-19 16:11:50,742 - INFO - 文章 914963 請求狀態碼: 200
2025-04-19 16:11:50,742 - INFO - 文章 914963 響應內容長度: 129
2025-04-19 16:11:50,742 - ERROR - 文章 914963 響應內容過短，可能是無效頁面
2025-04-19 16:11:50,759 - INFO - 開始請求文章 URL: https://real-estate.get.com.tw/Columns/detail.aspx?no=914968
2025-04-19 16:11:50,777 - INFO - 文章 914968 請求狀態碼: 200
2025-04-19 16:11:50,778 - INFO - 開始請求文章 URL: https://real-estate.get.com.tw/Columns/detail.aspx?no=914960
2025-04-19 16:11:50,778 - INFO - 文章 914968 響應內容長度: 129
2025-04-19 16:11:50,778 - ERROR - 文章 914968 響應內容過短，可能是無效頁面
2025-04-19 16:11:50,788 - INFO - 開始請求文章 URL: https://real-estate.get.com.tw/Columns/detail.aspx?no=914969
2025-04-19 16:11:50,804 - INFO - 文章 914960 請求狀態碼: 200
2025-04-19 16:11:50,804 - INFO - 文章 914960 響應內容長度: 129
2025-04-19 16:11:50,804 - ERROR - 文章 914960 響應內容過短，可能是無效頁面
2025-04-19 16:11:50,805 - INFO - 文章 914969 請求狀態碼: 200
2025-04-19 16:11:50,806 - INFO - 文章 914969 響應內容長度: 129
2025-04-19 16:11:50,806 - ERROR - 文章 914969 響應內容過短，可能是無效頁面
2025-04-19 16:11:51,900 - INFO - 開始請求文章 URL: https://real-estate.get.com.tw/Columns/detail.aspx?no=914965
2025-04-19 16:11:51,913 - INFO - 文章 914965 請求狀態碼: 200
2025-04-19 16:11:51,913 - INFO - 文章 914965 響應內容長度: 129
2025-04-19 16:11:51,913 - ERROR - 文章 914965 響應內容過短，可能是無效頁面
2025-04-19 16:11:51,924 - INFO - 開始請求文章 URL: https://real-estate.get.com.tw/Columns/detail.aspx?no=914972
2025-04-19 16:11:51,936 - INFO - 文章 914972 請求狀態碼: 200
2025-04-19 16:11:51,937 - INFO - 文章 914972 響應內容長度: 129
2025-04-19 16:11:51,937 - ERROR - 文章 914972 響應內容過短，可能是無效頁面
2025-04-19 16:11:52,029 - INFO - 開始請求文章 URL: https://real-estate.get.com.tw/Columns/detail.aspx?no=914967
2025-04-19 16:11:52,039 - INFO - 文章 914967 請求狀態碼: 200
2025-04-19 16:11:52,041 - INFO - 文章 914967 響應內容長度: 129
2025-04-19 16:11:52,041 - ERROR - 文章 914967 響應內容過短，可能是無效頁面
2025-04-19 16:11:52,055 - INFO - 開始請求文章 URL: https://real-estate.get.com.tw/Columns/detail.aspx?no=914974
2025-04-19 16:11:52,069 - INFO - 文章 914974 請求狀態碼: 200
2025-04-19 16:11:52,070 - INFO - 文章 914974 響應內容長度: 129
2025-04-19 16:11:52,070 - ERROR - 文章 914974 響應內容過短，可能是無效頁面
2025-04-19 16:11:52,309 - INFO - 開始請求文章 URL: https://real-estate.get.com.tw/Columns/detail.aspx?no=914971
2025-04-19 16:11:52,322 - INFO - 文章 914971 請求狀態碼: 200
2025-04-19 16:11:52,323 - INFO - 文章 914971 響應內容長度: 129
2025-04-19 16:11:52,323 - ERROR - 文章 914971 響應內容過短，可能是無效頁面
2025-04-19 16:11:52,331 - INFO - 開始請求文章 URL: https://real-estate.get.com.tw/Columns/detail.aspx?no=914976
2025-04-19 16:11:52,342 - INFO - 文章 914976 請求狀態碼: 200
2025-04-19 16:11:52,343 - INFO - 文章 914976 響應內容長度: 129
2025-04-19 16:11:52,343 - ERROR - 文章 914976 響應內容過短，可能是無效頁面
2025-04-19 16:11:52,720 - INFO - 開始請求文章 URL: https://real-estate.get.com.tw/Columns/detail.aspx?no=914970
2025-04-19 16:11:52,751 - INFO - 文章 914970 請求狀態碼: 200
2025-04-19 16:11:52,752 - INFO - 文章 914970 響應內容長度: 129
2025-04-19 16:11:52,752 - ERROR - 文章 914970 響應內容過短，可能是無效頁面
2025-04-19 16:11:52,755 - INFO - 開始請求文章 URL: https://real-estate.get.com.tw/Columns/detail.aspx?no=914978
2025-04-19 16:11:52,806 - INFO - 文章 914978 請求狀態碼: 200
2025-04-19 16:11:52,806 - INFO - 文章 914978 響應內容長度: 129
2025-04-19 16:11:52,807 - ERROR - 文章 914978 響應內容過短，可能是無效頁面
2025-04-19 16:11:53,744 - INFO - 開始請求文章 URL: https://real-estate.get.com.tw/Columns/detail.aspx?no=914973
2025-04-19 16:11:53,757 - INFO - 文章 914973 請求狀態碼: 200
2025-04-19 16:11:53,757 - INFO - 文章 914973 響應內容長度: 129
2025-04-19 16:11:53,757 - ERROR - 文章 914973 響應內容過短，可能是無效頁面
2025-04-19 16:11:53,766 - INFO - 開始請求文章 URL: https://real-estate.get.com.tw/Columns/detail.aspx?no=914980
2025-04-19 16:11:53,778 - INFO - 文章 914980 請求狀態碼: 200
2025-04-19 16:11:53,779 - INFO - 文章 914980 響應內容長度: 129
2025-04-19 16:11:53,779 - ERROR - 文章 914980 響應內容過短，可能是無效頁面
2025-04-19 16:11:53,842 - INFO - 開始請求文章 URL: https://real-estate.get.com.tw/Columns/detail.aspx?no=914975
2025-04-19 16:11:53,853 - INFO - 文章 914975 請求狀態碼: 200
2025-04-19 16:11:53,854 - INFO - 文章 914975 響應內容長度: 129
2025-04-19 16:11:53,854 - ERROR - 文章 914975 響應內容過短，可能是無效頁面
2025-04-19 16:11:53,862 - INFO - 開始請求文章 URL: https://real-estate.get.com.tw/Columns/detail.aspx?no=914982
2025-04-19 16:11:53,873 - INFO - 文章 914982 請求狀態碼: 200
2025-04-19 16:11:53,873 - INFO - 文章 914982 響應內容長度: 129
2025-04-19 16:11:53,874 - ERROR - 文章 914982 響應內容過短，可能是無效頁面
2025-04-19 16:11:54,230 - INFO - 開始請求文章 URL: https://real-estate.get.com.tw/Columns/detail.aspx?no=914977
2025-04-19 16:11:54,244 - INFO - 文章 914977 請求狀態碼: 200
2025-04-19 16:11:54,244 - INFO - 文章 914977 響應內容長度: 129
2025-04-19 16:11:54,244 - ERROR - 文章 914977 響應內容過短，可能是無效頁面
2025-04-19 16:11:54,257 - INFO - 開始請求文章 URL: https://real-estate.get.com.tw/Columns/detail.aspx?no=914984
2025-04-19 16:11:54,273 - INFO - 文章 914984 請求狀態碼: 200
2025-04-19 16:11:54,273 - INFO - 文章 914984 響應內容長度: 129
2025-04-19 16:11:54,274 - ERROR - 文章 914984 響應內容過短，可能是無效頁面
2025-04-19 16:11:54,710 - INFO - 開始請求文章 URL: https://real-estate.get.com.tw/Columns/detail.aspx?no=914979
2025-04-19 16:11:54,721 - INFO - 文章 914979 請求狀態碼: 200
2025-04-19 16:11:54,721 - INFO - 文章 914979 響應內容長度: 129
2025-04-19 16:11:54,722 - ERROR - 文章 914979 響應內容過短，可能是無效頁面
2025-04-19 16:11:54,730 - INFO - 開始請求文章 URL: https://real-estate.get.com.tw/Columns/detail.aspx?no=914986
2025-04-19 16:11:54,744 - INFO - 文章 914986 請求狀態碼: 200
2025-04-19 16:11:54,744 - INFO - 文章 914986 響應內容長度: 129
2025-04-19 16:11:54,744 - ERROR - 文章 914986 響應內容過短，可能是無效頁面
2025-04-19 16:11:55,682 - INFO - 開始請求文章 URL: https://real-estate.get.com.tw/Columns/detail.aspx?no=914981
2025-04-19 16:11:55,692 - INFO - 文章 914981 請求狀態碼: 200
2025-04-19 16:11:55,692 - INFO - 文章 914981 響應內容長度: 129
2025-04-19 16:11:55,694 - ERROR - 文章 914981 響應內容過短，可能是無效頁面
2025-04-19 16:11:55,697 - INFO - 開始請求文章 URL: https://real-estate.get.com.tw/Columns/detail.aspx?no=914988
2025-04-19 16:11:55,712 - INFO - 文章 914988 請求狀態碼: 200
2025-04-19 16:11:55,712 - INFO - 文章 914988 響應內容長度: 129
2025-04-19 16:11:55,712 - ERROR - 文章 914988 響應內容過短，可能是無效頁面
2025-04-19 16:11:55,723 - INFO - 開始請求文章 URL: https://real-estate.get.com.tw/Columns/detail.aspx?no=914983
2025-04-19 16:11:55,724 - INFO - 開始請求文章 URL: https://real-estate.get.com.tw/Columns/detail.aspx?no=914989
2025-04-19 16:11:55,733 - INFO - 文章 914983 請求狀態碼: 200
2025-04-19 16:11:55,733 - INFO - 文章 914983 響應內容長度: 129
2025-04-19 16:11:55,733 - ERROR - 文章 914983 響應內容過短，可能是無效頁面
2025-04-19 16:11:55,735 - INFO - 文章 914989 請求狀態碼: 200
2025-04-19 16:11:55,735 - INFO - 文章 914989 響應內容長度: 129
2025-04-19 16:11:55,735 - ERROR - 文章 914989 響應內容過短，可能是無效頁面
2025-04-19 16:11:56,121 - INFO - 開始請求文章 URL: https://real-estate.get.com.tw/Columns/detail.aspx?no=914985
2025-04-19 16:11:56,124 - INFO - 文章 914985 請求狀態碼: 200
2025-04-19 16:11:56,124 - INFO - 文章 914985 響應內容長度: 129
2025-04-19 16:11:56,132 - ERROR - 文章 914985 響應內容過短，可能是無效頁面
2025-04-19 16:11:56,142 - INFO - 開始請求文章 URL: https://real-estate.get.com.tw/Columns/detail.aspx?no=914992
2025-04-19 16:11:56,157 - INFO - 文章 914992 請求狀態碼: 200
2025-04-19 16:11:56,157 - INFO - 文章 914992 響應內容長度: 129
2025-04-19 16:11:56,157 - ERROR - 文章 914992 響應內容過短，可能是無效頁面
2025-04-19 16:11:56,296 - INFO - 開始請求文章 URL: https://real-estate.get.com.tw/Columns/detail.aspx?no=914987
2025-04-19 16:11:56,312 - INFO - 文章 914987 請求狀態碼: 200
2025-04-19 16:11:56,312 - INFO - 文章 914987 響應內容長度: 129
2025-04-19 16:11:56,312 - ERROR - 文章 914987 響應內容過短，可能是無效頁面
2025-04-19 16:11:56,314 - INFO - 開始請求文章 URL: https://real-estate.get.com.tw/Columns/detail.aspx?no=914994
2025-04-19 16:11:56,335 - INFO - 文章 914994 請求狀態碼: 200
2025-04-19 16:11:56,335 - INFO - 文章 914994 響應內容長度: 129
2025-04-19 16:11:56,335 - ERROR - 文章 914994 響應內容過短，可能是無效頁面
2025-04-19 16:11:57,654 - INFO - 開始請求文章 URL: https://real-estate.get.com.tw/Columns/detail.aspx?no=914991
2025-04-19 16:11:57,667 - INFO - 文章 914991 請求狀態碼: 200
2025-04-19 16:11:57,667 - INFO - 文章 914991 響應內容長度: 129
2025-04-19 16:11:57,668 - ERROR - 文章 914991 響應內容過短，可能是無效頁面
2025-04-19 16:11:57,677 - INFO - 開始請求文章 URL: https://real-estate.get.com.tw/Columns/detail.aspx?no=914996
2025-04-19 16:11:57,688 - INFO - 文章 914996 請求狀態碼: 200
2025-04-19 16:11:57,688 - INFO - 文章 914996 響應內容長度: 129
2025-04-19 16:11:57,689 - ERROR - 文章 914996 響應內容過短，可能是無效頁面
2025-04-19 16:11:57,706 - INFO - 開始請求文章 URL: https://real-estate.get.com.tw/Columns/detail.aspx?no=914990
2025-04-19 16:11:57,714 - INFO - 文章 914990 請求狀態碼: 200
2025-04-19 16:11:57,714 - INFO - 文章 914990 響應內容長度: 129
2025-04-19 16:11:57,714 - ERROR - 文章 914990 響應內容過短，可能是無效頁面
2025-04-19 16:11:57,727 - INFO - 開始請求文章 URL: https://real-estate.get.com.tw/Columns/detail.aspx?no=914998
2025-04-19 16:11:57,739 - INFO - 文章 914998 請求狀態碼: 200
2025-04-19 16:11:57,739 - INFO - 文章 914998 響應內容長度: 129
2025-04-19 16:11:57,739 - ERROR - 文章 914998 響應內容過短，可能是無效頁面
2025-04-19 16:11:57,755 - INFO - 開始請求文章 URL: https://real-estate.get.com.tw/Columns/detail.aspx?no=914993
2025-04-19 16:11:57,764 - INFO - 文章 914993 請求狀態碼: 200
2025-04-19 16:11:57,765 - INFO - 文章 914993 響應內容長度: 129
2025-04-19 16:11:57,765 - ERROR - 文章 914993 響應內容過短，可能是無效頁面
2025-04-19 16:11:57,774 - INFO - 開始請求文章 URL: https://real-estate.get.com.tw/Columns/detail.aspx?no=915000
2025-04-19 16:11:57,785 - INFO - 文章 915000 請求狀態碼: 200
2025-04-19 16:11:57,785 - INFO - 文章 915000 響應內容長度: 129
2025-04-19 16:11:57,785 - ERROR - 文章 915000 響應內容過短，可能是無效頁面
2025-04-19 16:11:58,190 - INFO - 開始請求文章 URL: https://real-estate.get.com.tw/Columns/detail.aspx?no=914995
2025-04-19 16:11:58,204 - INFO - 文章 914995 請求狀態碼: 200
2025-04-19 16:11:58,204 - INFO - 文章 914995 響應內容長度: 129
2025-04-19 16:11:58,205 - ERROR - 文章 914995 響應內容過短，可能是無效頁面
2025-04-19 16:11:58,214 - INFO - 開始請求文章 URL: https://real-estate.get.com.tw/Columns/detail.aspx?no=914901
2025-04-19 16:11:58,222 - INFO - 文章 914901 請求狀態碼: 200
2025-04-19 16:11:58,222 - INFO - 文章 914901 響應內容長度: 129
2025-04-19 16:11:58,226 - ERROR - 文章 914901 響應內容過短，可能是無效頁面
2025-04-19 16:11:59,228 - INFO - 開始請求文章 URL: https://real-estate.get.com.tw/Columns/detail.aspx?no=914999
2025-04-19 16:11:59,239 - INFO - 文章 914999 請求狀態碼: 200
2025-04-19 16:11:59,240 - INFO - 文章 914999 響應內容長度: 129
2025-04-19 16:11:59,240 - ERROR - 文章 914999 響應內容過短，可能是無效頁面
2025-04-19 16:11:59,249 - INFO - 開始請求文章 URL: https://real-estate.get.com.tw/Columns/detail.aspx?no=914903
2025-04-19 16:11:59,263 - INFO - 文章 914903 請求狀態碼: 200
2025-04-19 16:11:59,263 - INFO - 文章 914903 響應內容長度: 129
2025-04-19 16:11:59,263 - ERROR - 文章 914903 響應內容過短，可能是無效頁面
2025-04-19 16:11:59,470 - INFO - 開始請求文章 URL: https://real-estate.get.com.tw/Columns/detail.aspx?no=914997
2025-04-19 16:11:59,480 - INFO - 文章 914997 請求狀態碼: 200
2025-04-19 16:11:59,480 - INFO - 文章 914997 響應內容長度: 129
2025-04-19 16:11:59,480 - ERROR - 文章 914997 響應內容過短，可能是無效頁面
2025-04-19 16:11:59,487 - INFO - 開始請求文章 URL: https://real-estate.get.com.tw/Columns/detail.aspx?no=914905
2025-04-19 16:11:59,502 - INFO - 文章 914905 請求狀態碼: 200
2025-04-19 16:11:59,502 - INFO - 文章 914905 響應內容長度: 129
2025-04-19 16:11:59,502 - ERROR - 文章 914905 響應內容過短，可能是無效頁面
2025-04-19 16:11:59,769 - INFO - 開始請求文章 URL: https://real-estate.get.com.tw/Columns/detail.aspx?no=914900
2025-04-19 16:11:59,786 - INFO - 文章 914900 請求狀態碼: 200
2025-04-19 16:11:59,786 - INFO - 文章 914900 響應內容長度: 129
2025-04-19 16:11:59,787 - ERROR - 文章 914900 響應內容過短，可能是無效頁面
2025-04-19 16:11:59,794 - INFO - 開始請求文章 URL: https://real-estate.get.com.tw/Columns/detail.aspx?no=914907
2025-04-19 16:11:59,830 - INFO - 文章 914907 請求狀態碼: 200
2025-04-19 16:11:59,830 - INFO - 文章 914907 響應內容長度: 129
2025-04-19 16:11:59,831 - ERROR - 文章 914907 響應內容過短，可能是無效頁面
2025-04-19 16:12:00,078 - INFO - 開始請求文章 URL: https://real-estate.get.com.tw/Columns/detail.aspx?no=914902
2025-04-19 16:12:00,119 - INFO - 文章 914902 請求狀態碼: 200
2025-04-19 16:12:00,119 - INFO - 文章 914902 響應內容長度: 129
2025-04-19 16:12:00,119 - ERROR - 文章 914902 響應內容過短，可能是無效頁面
2025-04-19 16:12:00,127 - INFO - 開始請求文章 URL: https://real-estate.get.com.tw/Columns/detail.aspx?no=914909
2025-04-19 16:12:00,174 - INFO - 文章 914909 請求狀態碼: 200
2025-04-19 16:12:00,174 - INFO - 文章 914909 響應內容長度: 129
2025-04-19 16:12:00,174 - ERROR - 文章 914909 響應內容過短，可能是無效頁面
2025-04-19 16:12:01,090 - INFO - 開始請求文章 URL: https://real-estate.get.com.tw/Columns/detail.aspx?no=914904
2025-04-19 16:12:01,100 - INFO - 文章 914904 請求狀態碼: 200
2025-04-19 16:12:01,101 - INFO - 文章 914904 響應內容長度: 129
2025-04-19 16:12:01,101 - ERROR - 文章 914904 響應內容過短，可能是無效頁面
2025-04-19 16:12:01,110 - INFO - 開始請求文章 URL: https://real-estate.get.com.tw/Columns/detail.aspx?no=914911
2025-04-19 16:12:01,134 - INFO - 文章 914911 請求狀態碼: 200
2025-04-19 16:12:01,134 - INFO - 文章 914911 響應內容長度: 129
2025-04-19 16:12:01,134 - ERROR - 文章 914911 響應內容過短，可能是無效頁面
2025-04-19 16:12:01,281 - INFO - 開始請求文章 URL: https://real-estate.get.com.tw/Columns/detail.aspx?no=914906
2025-04-19 16:12:01,293 - INFO - 文章 914906 請求狀態碼: 200
2025-04-19 16:12:01,293 - INFO - 文章 914906 響應內容長度: 129
2025-04-19 16:12:01,293 - ERROR - 文章 914906 響應內容過短，可能是無效頁面
2025-04-19 16:12:01,302 - INFO - 開始請求文章 URL: https://real-estate.get.com.tw/Columns/detail.aspx?no=914913
2025-04-19 16:12:01,312 - INFO - 文章 914913 請求狀態碼: 200
2025-04-19 16:12:01,312 - INFO - 文章 914913 響應內容長度: 129
2025-04-19 16:12:01,312 - ERROR - 文章 914913 響應內容過短，可能是無效頁面
2025-04-19 16:12:01,723 - INFO - 開始請求文章 URL: https://real-estate.get.com.tw/Columns/detail.aspx?no=914908
2025-04-19 16:12:01,744 - INFO - 文章 914908 請求狀態碼: 200
2025-04-19 16:12:01,744 - INFO - 文章 914908 響應內容長度: 129
2025-04-19 16:12:01,744 - ERROR - 文章 914908 響應內容過短，可能是無效頁面
2025-04-19 16:12:01,745 - INFO - 開始請求文章 URL: https://real-estate.get.com.tw/Columns/detail.aspx?no=914910
2025-04-19 16:12:01,753 - INFO - 開始請求文章 URL: https://real-estate.get.com.tw/Columns/detail.aspx?no=914915
2025-04-19 16:12:01,756 - INFO - 文章 914910 請求狀態碼: 200
2025-04-19 16:12:01,756 - INFO - 文章 914910 響應內容長度: 129
2025-04-19 16:12:01,757 - ERROR - 文章 914910 響應內容過短，可能是無效頁面
2025-04-19 16:12:01,765 - INFO - 文章 914915 請求狀態碼: 200
2025-04-19 16:12:01,765 - INFO - 文章 914915 響應內容長度: 129
2025-04-19 16:12:01,765 - ERROR - 文章 914915 響應內容過短，可能是無效頁面
2025-04-19 16:12:02,619 - INFO - 開始請求文章 URL: https://real-estate.get.com.tw/Columns/detail.aspx?no=914912
2025-04-19 16:12:02,636 - INFO - 文章 914912 請求狀態碼: 200
2025-04-19 16:12:02,636 - INFO - 文章 914912 響應內容長度: 129
2025-04-19 16:12:02,638 - ERROR - 文章 914912 響應內容過短，可能是無效頁面
2025-04-19 16:12:02,651 - INFO - 開始請求文章 URL: https://real-estate.get.com.tw/Columns/detail.aspx?no=914918
2025-04-19 16:12:02,666 - INFO - 文章 914918 請求狀態碼: 200
2025-04-19 16:12:02,666 - INFO - 文章 914918 響應內容長度: 129
2025-04-19 16:12:02,666 - ERROR - 文章 914918 響應內容過短，可能是無效頁面
2025-04-19 16:12:03,148 - INFO - 開始請求文章 URL: https://real-estate.get.com.tw/Columns/detail.aspx?no=914914
2025-04-19 16:12:03,159 - INFO - 文章 914914 請求狀態碼: 200
2025-04-19 16:12:03,159 - INFO - 文章 914914 響應內容長度: 129
2025-04-19 16:12:03,159 - ERROR - 文章 914914 響應內容過短，可能是無效頁面
2025-04-19 16:12:03,171 - INFO - 開始請求文章 URL: https://real-estate.get.com.tw/Columns/detail.aspx?no=914920
2025-04-19 16:12:03,182 - INFO - 文章 914920 請求狀態碼: 200
2025-04-19 16:12:03,182 - INFO - 文章 914920 響應內容長度: 129
2025-04-19 16:12:03,182 - ERROR - 文章 914920 響應內容過短，可能是無效頁面
2025-04-19 16:12:03,647 - INFO - 開始請求文章 URL: https://real-estate.get.com.tw/Columns/detail.aspx?no=914916
2025-04-19 16:12:03,652 - INFO - 文章 914916 請求狀態碼: 200
2025-04-19 16:12:03,652 - INFO - 文章 914916 響應內容長度: 129
2025-04-19 16:12:03,652 - ERROR - 文章 914916 響應內容過短，可能是無效頁面
2025-04-19 16:12:03,669 - INFO - 開始請求文章 URL: https://real-estate.get.com.tw/Columns/detail.aspx?no=914922
2025-04-19 16:12:03,672 - INFO - 文章 914922 請求狀態碼: 200
2025-04-19 16:12:03,672 - INFO - 文章 914922 響應內容長度: 129
2025-04-19 16:12:03,681 - ERROR - 文章 914922 響應內容過短，可能是無效頁面
2025-04-19 16:12:03,682 - INFO - 開始請求文章 URL: https://real-estate.get.com.tw/Columns/detail.aspx?no=914917
2025-04-19 16:12:03,693 - INFO - 開始請求文章 URL: https://real-estate.get.com.tw/Columns/detail.aspx?no=914923
2025-04-19 16:12:03,696 - INFO - 文章 914917 請求狀態碼: 200
2025-04-19 16:12:03,696 - INFO - 文章 914917 響應內容長度: 129
2025-04-19 16:12:03,696 - ERROR - 文章 914917 響應內容過短，可能是無效頁面
2025-04-19 16:12:03,704 - INFO - 文章 914923 請求狀態碼: 200
2025-04-19 16:12:03,705 - INFO - 文章 914923 響應內容長度: 129
2025-04-19 16:12:03,705 - ERROR - 文章 914923 響應內容過短，可能是無效頁面
2025-04-19 16:12:04,414 - INFO - 開始請求文章 URL: https://real-estate.get.com.tw/Columns/detail.aspx?no=914919
2025-04-19 16:12:04,425 - INFO - 文章 914919 請求狀態碼: 200
2025-04-19 16:12:04,425 - INFO - 文章 914919 響應內容長度: 129
2025-04-19 16:12:04,425 - ERROR - 文章 914919 響應內容過短，可能是無效頁面
2025-04-19 16:12:04,435 - INFO - 開始請求文章 URL: https://real-estate.get.com.tw/Columns/detail.aspx?no=914926
2025-04-19 16:12:04,445 - INFO - 文章 914926 請求狀態碼: 200
2025-04-19 16:12:04,446 - INFO - 文章 914926 響應內容長度: 129
2025-04-19 16:12:04,446 - ERROR - 文章 914926 響應內容過短，可能是無效頁面
2025-04-19 16:12:04,675 - INFO - 開始請求文章 URL: https://real-estate.get.com.tw/Columns/detail.aspx?no=914921
2025-04-19 16:12:04,688 - INFO - 文章 914921 請求狀態碼: 200
2025-04-19 16:12:04,688 - INFO - 文章 914921 響應內容長度: 129
2025-04-19 16:12:04,689 - ERROR - 文章 914921 響應內容過短，可能是無效頁面
2025-04-19 16:12:04,698 - INFO - 開始請求文章 URL: https://real-estate.get.com.tw/Columns/detail.aspx?no=914928
2025-04-19 16:12:04,708 - INFO - 文章 914928 請求狀態碼: 200
2025-04-19 16:12:04,709 - INFO - 文章 914928 響應內容長度: 129
2025-04-19 16:12:04,709 - ERROR - 文章 914928 響應內容過短，可能是無效頁面
2025-04-19 16:12:05,324 - INFO - 開始請求文章 URL: https://real-estate.get.com.tw/Columns/detail.aspx?no=914924
2025-04-19 16:12:05,340 - INFO - 文章 914924 請求狀態碼: 200
2025-04-19 16:12:05,340 - INFO - 文章 914924 響應內容長度: 129
2025-04-19 16:12:05,340 - ERROR - 文章 914924 響應內容過短，可能是無效頁面
2025-04-19 16:12:05,349 - INFO - 開始請求文章 URL: https://real-estate.get.com.tw/Columns/detail.aspx?no=914930
2025-04-19 16:12:05,362 - INFO - 文章 914930 請求狀態碼: 200
2025-04-19 16:12:05,362 - INFO - 文章 914930 響應內容長度: 129
2025-04-19 16:12:05,362 - ERROR - 文章 914930 響應內容過短，可能是無效頁面
2025-04-19 16:12:05,546 - INFO - 開始請求文章 URL: https://real-estate.get.com.tw/Columns/detail.aspx?no=914925
2025-04-19 16:12:05,562 - INFO - 文章 914925 請求狀態碼: 200
2025-04-19 16:12:05,562 - INFO - 文章 914925 響應內容長度: 129
2025-04-19 16:12:05,562 - ERROR - 文章 914925 響應內容過短，可能是無效頁面
2025-04-19 16:12:05,571 - INFO - 開始請求文章 URL: https://real-estate.get.com.tw/Columns/detail.aspx?no=914932
2025-04-19 16:12:05,588 - INFO - 文章 914932 請求狀態碼: 200
2025-04-19 16:12:05,588 - INFO - 文章 914932 響應內容長度: 129
2025-04-19 16:12:05,588 - ERROR - 文章 914932 響應內容過短，可能是無效頁面
2025-04-19 16:12:05,952 - INFO - 開始請求文章 URL: https://real-estate.get.com.tw/Columns/detail.aspx?no=914927
2025-04-19 16:12:05,975 - INFO - 文章 914927 請求狀態碼: 200
2025-04-19 16:12:05,975 - INFO - 文章 914927 響應內容長度: 129
2025-04-19 16:12:05,976 - ERROR - 文章 914927 響應內容過短，可能是無效頁面
2025-04-19 16:12:05,984 - INFO - 開始請求文章 URL: https://real-estate.get.com.tw/Columns/detail.aspx?no=914934
2025-04-19 16:12:05,992 - INFO - 文章 914934 請求狀態碼: 200
2025-04-19 16:12:05,992 - INFO - 文章 914934 響應內容長度: 129
2025-04-19 16:12:05,992 - ERROR - 文章 914934 響應內容過短，可能是無效頁面
2025-04-19 16:12:06,486 - INFO - 開始請求文章 URL: https://real-estate.get.com.tw/Columns/detail.aspx?no=914929
2025-04-19 16:12:06,497 - INFO - 文章 914929 請求狀態碼: 200
2025-04-19 16:12:06,498 - INFO - 文章 914929 響應內容長度: 129
2025-04-19 16:12:06,499 - ERROR - 文章 914929 響應內容過短，可能是無效頁面
2025-04-19 16:12:06,508 - INFO - 開始請求文章 URL: https://real-estate.get.com.tw/Columns/detail.aspx?no=914936
2025-04-19 16:12:06,522 - INFO - 文章 914936 請求狀態碼: 200
2025-04-19 16:12:06,522 - INFO - 文章 914936 響應內容長度: 129
2025-04-19 16:12:06,522 - ERROR - 文章 914936 響應內容過短，可能是無效頁面
2025-04-19 16:12:06,941 - INFO - 開始請求文章 URL: https://real-estate.get.com.tw/Columns/detail.aspx?no=914931
2025-04-19 16:12:06,957 - INFO - 文章 914931 請求狀態碼: 200
2025-04-19 16:12:06,957 - INFO - 文章 914931 響應內容長度: 129
2025-04-19 16:12:06,957 - ERROR - 文章 914931 響應內容過短，可能是無效頁面
2025-04-19 16:12:06,967 - INFO - 開始請求文章 URL: https://real-estate.get.com.tw/Columns/detail.aspx?no=914938
2025-04-19 16:12:06,989 - INFO - 文章 914938 請求狀態碼: 200
2025-04-19 16:12:06,990 - INFO - 文章 914938 響應內容長度: 129
2025-04-19 16:12:06,990 - ERROR - 文章 914938 響應內容過短，可能是無效頁面
2025-04-19 16:12:07,237 - INFO - 開始請求文章 URL: https://real-estate.get.com.tw/Columns/detail.aspx?no=914933
2025-04-19 16:12:07,262 - INFO - 文章 914933 請求狀態碼: 200
2025-04-19 16:12:07,262 - INFO - 文章 914933 響應內容長度: 129
2025-04-19 16:12:07,262 - ERROR - 文章 914933 響應內容過短，可能是無效頁面
2025-04-19 16:12:07,271 - INFO - 開始請求文章 URL: https://real-estate.get.com.tw/Columns/detail.aspx?no=914940
2025-04-19 16:12:07,297 - INFO - 文章 914940 請求狀態碼: 200
2025-04-19 16:12:07,298 - INFO - 文章 914940 響應內容長度: 129
2025-04-19 16:12:07,298 - ERROR - 文章 914940 響應內容過短，可能是無效頁面
2025-04-19 16:12:07,638 - INFO - 開始請求文章 URL: https://real-estate.get.com.tw/Columns/detail.aspx?no=914935
2025-04-19 16:12:07,649 - INFO - 文章 914935 請求狀態碼: 200
2025-04-19 16:12:07,649 - INFO - 文章 914935 響應內容長度: 129
2025-04-19 16:12:07,649 - ERROR - 文章 914935 響應內容過短，可能是無效頁面
2025-04-19 16:12:07,659 - INFO - 開始請求文章 URL: https://real-estate.get.com.tw/Columns/detail.aspx?no=914942
2025-04-19 16:12:07,669 - INFO - 文章 914942 請求狀態碼: 200
2025-04-19 16:12:07,670 - INFO - 文章 914942 響應內容長度: 129
2025-04-19 16:12:07,670 - ERROR - 文章 914942 響應內容過短，可能是無效頁面
2025-04-19 16:12:08,473 - INFO - 開始請求文章 URL: https://real-estate.get.com.tw/Columns/detail.aspx?no=914937
2025-04-19 16:12:08,483 - INFO - 文章 914937 請求狀態碼: 200
2025-04-19 16:12:08,483 - INFO - 文章 914937 響應內容長度: 129
2025-04-19 16:12:08,484 - ERROR - 文章 914937 響應內容過短，可能是無效頁面
2025-04-19 16:12:08,704 - INFO - 開始請求文章 URL: https://real-estate.get.com.tw/Columns/detail.aspx?no=914939
2025-04-19 16:12:08,725 - INFO - 文章 914939 請求狀態碼: 200
2025-04-19 16:12:08,725 - INFO - 文章 914939 響應內容長度: 129
2025-04-19 16:12:08,726 - ERROR - 文章 914939 響應內容過短，可能是無效頁面
2025-04-19 16:12:08,984 - INFO - 開始請求文章 URL: https://real-estate.get.com.tw/Columns/detail.aspx?no=914941
2025-04-19 16:12:08,995 - INFO - 文章 914941 請求狀態碼: 200
2025-04-19 16:12:08,996 - INFO - 文章 914941 響應內容長度: 129
2025-04-19 16:12:08,996 - ERROR - 文章 914941 響應內容過短，可能是無效頁面
2025-04-19 16:12:09,307 - INFO - 開始請求文章 URL: https://real-estate.get.com.tw/Columns/detail.aspx?no=914943
2025-04-19 16:12:09,318 - INFO - 文章 914943 請求狀態碼: 200
2025-04-19 16:12:09,318 - INFO - 文章 914943 響應內容長度: 129
2025-04-19 16:12:09,318 - ERROR - 文章 914943 響應內容過短，可能是無效頁面
2025-04-19 16:12:09,320 - INFO - 更新完成：成功 0 篇，失敗 101 篇
2025-04-19 16:12:09,320 - INFO - 程式結束執行
