2025-04-29 18:57:22,776 - INFO - 初始化更新模式: recent, 檢查特定文章: True
2025-04-29 18:57:22,776 - INFO - 設定文章範圍: 近期文章範圍 - 從 914900 到 915000
2025-04-29 18:57:22,776 - INFO - 特定文章 913706 已處理，跳過檢查
2025-04-29 18:57:22,776 - INFO - 特定文章 913623 已處理，跳過檢查
2025-04-29 18:57:22,776 - INFO - 特定文章 913646 已處理，跳過檢查
2025-04-29 18:57:22,776 - INFO - 開始執行爬蟲 (模式: recent)
2025-04-29 18:57:22,972 - INFO - pno=51120 第 1 頁找到 2 篇新文章: [913752, 913752]
2025-04-29 18:57:24,464 - INFO - pno=51121 第 1 頁找到 2 篇新文章: [913752, 913752]
2025-04-29 18:57:24,464 - INFO - 第 1 頁共找到 2 篇新文章: [913752, 913752]
2025-04-29 18:57:24,464 - INFO - 檢測到最新文章編號: 913752
2025-04-29 18:57:24,741 - INFO - pno=51120 第 1 頁找到 2 篇新文章: [913752, 913752]
2025-04-29 18:57:26,230 - INFO - pno=51121 第 1 頁找到 2 篇新文章: [913752, 913752]
2025-04-29 18:57:26,230 - INFO - 第 1 頁共找到 2 篇新文章: [913752, 913752]
2025-04-29 18:57:26,230 - INFO - 近期模式：第一頁找到 2 篇新文章
2025-04-29 18:57:26,230 - INFO - 期刊頁面文章範圍: 913752 到 913752
2025-04-29 18:57:26,230 - INFO - 設定動態上限: 914252 (原始最大值 913752 + 緩衝區 500)
2025-04-29 18:57:26,230 - INFO - 共找到 1 篇新文章: [913752]...
2025-04-29 18:57:26,246 - INFO - 開始請求文章 URL: https://real-estate.get.com.tw/Columns/detail.aspx?no=913752
2025-04-29 18:57:26,289 - INFO - 文章 913752 請求狀態碼: 200
2025-04-29 18:57:26,289 - INFO - 文章 913752 響應內容長度: 30359
2025-04-29 18:57:26,291 - INFO - 已保存文章 913752 的原始響應到: real_estate_articles\logs\article_913752_response.html
2025-04-29 18:57:26,320 - INFO - 從 meta 標籤找到文章資訊
2025-04-29 18:57:26,323 - INFO - 文章 913752 找到 8 個資料列
2025-04-29 18:57:26,325 - INFO - 文章 913752 成功解析 8 個欄位
2025-04-29 18:57:26,331 - INFO - 文章 913752 解析成功
2025-04-29 18:57:27,125 - INFO - 文章 913752 已保存到 real_estate_articles\articles\913752_房屋土地交換之房地合一稅,曾榮耀老師.md
2025-04-29 18:57:27,127 - INFO - 更新完成：成功 1 篇，失敗 0 篇
2025-04-29 18:57:27,552 - INFO - 已成功更新文章目錄，新增 1 篇文章
2025-04-29 18:57:27,552 - INFO - 程式結束執行
