2025-04-20 20:17:01,545 - INFO - 初始化更新模式: all, 檢查特定文章: True
2025-04-20 20:17:01,545 - INFO - 設定文章範圍: 近期文章範圍 - 從 914900 到 915000
2025-04-20 20:17:01,545 - INFO - 開始重新處理已爬取文章的表格格式
2025-04-20 20:17:01,929 - INFO - 將重新處理 833 篇文章
2025-04-20 20:17:01,958 - WARNING - 找不到文章 913286 的原始 HTML 檔案
2025-04-20 20:17:01,964 - WARNING - 找不到文章 913158 的原始 HTML 檔案
2025-04-20 20:17:01,970 - WARNING - 找不到文章 912910 的原始 HTML 檔案
2025-04-20 20:17:01,978 - WARNING - 找不到文章 912784 的原始 HTML 檔案
2025-04-20 20:17:01,982 - WARNING - 找不到文章 913054 的原始 HTML 檔案
2025-04-20 20:17:01,991 - WARNING - 找不到文章 912425 的原始 HTML 檔案
2025-04-20 20:17:01,994 - WARNING - 找不到文章 913331 的原始 HTML 檔案
2025-04-20 20:17:02,000 - WARNING - 找不到文章 912956 的原始 HTML 檔案
2025-04-20 20:17:02,004 - WARNING - 找不到文章 912836 的原始 HTML 檔案
2025-04-20 20:17:02,007 - WARNING - 找不到文章 912452 的原始 HTML 檔案
2025-04-20 20:17:02,010 - WARNING - 找不到文章 913225 的原始 HTML 檔案
2025-04-20 20:17:02,010 - WARNING - 找不到文章 913112 的原始 HTML 檔案
2025-04-20 20:17:02,010 - WARNING - 找不到文章 912355 的原始 HTML 檔案
2025-04-20 20:17:02,010 - WARNING - 找不到文章 912485 的原始 HTML 檔案
2025-04-20 20:17:02,025 - WARNING - 找不到文章 912242 的原始 HTML 檔案
2025-04-20 20:17:02,031 - WARNING - 找不到文章 913011 的原始 HTML 檔案
2025-04-20 20:17:02,034 - WARNING - 找不到文章 912885 的原始 HTML 檔案
2025-04-20 20:17:02,037 - WARNING - 找不到文章 912631 的原始 HTML 檔案
2025-04-20 20:17:02,040 - WARNING - 找不到文章 912632 的原始 HTML 檔案
2025-04-20 20:17:02,041 - WARNING - 找不到文章 913274 的原始 HTML 檔案
2025-04-20 20:17:02,048 - WARNING - 找不到文章 900055 的原始 HTML 檔案
2025-04-20 20:17:02,051 - WARNING - 找不到文章 900058 的原始 HTML 檔案
2025-04-20 20:17:02,053 - WARNING - 找不到文章 900081 的原始 HTML 檔案
2025-04-20 20:17:02,057 - WARNING - 找不到文章 900082 的原始 HTML 檔案
2025-04-20 20:17:02,059 - WARNING - 找不到文章 900142 的原始 HTML 檔案
2025-04-20 20:17:02,062 - WARNING - 找不到文章 900144 的原始 HTML 檔案
2025-04-20 20:17:02,066 - WARNING - 找不到文章 900222 的原始 HTML 檔案
2025-04-20 20:17:02,070 - WARNING - 找不到文章 900223 的原始 HTML 檔案
2025-04-20 20:17:02,073 - WARNING - 找不到文章 900289 的原始 HTML 檔案
2025-04-20 20:17:02,077 - WARNING - 找不到文章 900290 的原始 HTML 檔案
2025-04-20 20:17:02,080 - WARNING - 找不到文章 900322 的原始 HTML 檔案
2025-04-20 20:17:02,083 - WARNING - 找不到文章 900323 的原始 HTML 檔案
2025-04-20 20:17:02,085 - WARNING - 找不到文章 900472 的原始 HTML 檔案
2025-04-20 20:17:02,088 - WARNING - 找不到文章 900473 的原始 HTML 檔案
2025-04-20 20:17:02,092 - WARNING - 找不到文章 900512 的原始 HTML 檔案
2025-04-20 20:17:02,096 - WARNING - 找不到文章 900513 的原始 HTML 檔案
2025-04-20 20:17:02,100 - WARNING - 找不到文章 900554 的原始 HTML 檔案
2025-04-20 20:17:02,103 - WARNING - 找不到文章 900555 的原始 HTML 檔案
2025-04-20 20:17:02,106 - WARNING - 找不到文章 900609 的原始 HTML 檔案
2025-04-20 20:17:02,109 - WARNING - 找不到文章 900610 的原始 HTML 檔案
2025-04-20 20:17:02,114 - WARNING - 找不到文章 900663 的原始 HTML 檔案
2025-04-20 20:17:02,118 - WARNING - 找不到文章 900664 的原始 HTML 檔案
2025-04-20 20:17:02,121 - WARNING - 找不到文章 900704 的原始 HTML 檔案
2025-04-20 20:17:02,125 - WARNING - 找不到文章 900705 的原始 HTML 檔案
2025-04-20 20:17:02,128 - WARNING - 找不到文章 900830 的原始 HTML 檔案
2025-04-20 20:17:02,132 - WARNING - 找不到文章 900831 的原始 HTML 檔案
2025-04-20 20:17:02,135 - WARNING - 找不到文章 900948 的原始 HTML 檔案
2025-04-20 20:17:02,140 - WARNING - 找不到文章 900949 的原始 HTML 檔案
2025-04-20 20:17:02,143 - WARNING - 找不到文章 901029 的原始 HTML 檔案
2025-04-20 20:17:02,146 - WARNING - 找不到文章 901030 的原始 HTML 檔案
2025-04-20 20:17:02,149 - WARNING - 找不到文章 901072 的原始 HTML 檔案
2025-04-20 20:17:02,153 - WARNING - 找不到文章 901073 的原始 HTML 檔案
2025-04-20 20:17:02,155 - WARNING - 找不到文章 901141 的原始 HTML 檔案
2025-04-20 20:17:02,162 - WARNING - 找不到文章 901142 的原始 HTML 檔案
2025-04-20 20:17:02,165 - WARNING - 找不到文章 901191 的原始 HTML 檔案
2025-04-20 20:17:02,168 - WARNING - 找不到文章 901192 的原始 HTML 檔案
2025-04-20 20:17:02,171 - WARNING - 找不到文章 901261 的原始 HTML 檔案
2025-04-20 20:17:02,174 - WARNING - 找不到文章 901262 的原始 HTML 檔案
2025-04-20 20:17:02,176 - WARNING - 找不到文章 901352 的原始 HTML 檔案
2025-04-20 20:17:02,181 - WARNING - 找不到文章 901353 的原始 HTML 檔案
2025-04-20 20:17:02,181 - WARNING - 找不到文章 901454 的原始 HTML 檔案
2025-04-20 20:17:02,181 - WARNING - 找不到文章 901455 的原始 HTML 檔案
2025-04-20 20:17:02,181 - WARNING - 找不到文章 901487 的原始 HTML 檔案
2025-04-20 20:17:02,198 - WARNING - 找不到文章 901488 的原始 HTML 檔案
2025-04-20 20:17:02,202 - WARNING - 找不到文章 901543 的原始 HTML 檔案
2025-04-20 20:17:02,205 - WARNING - 找不到文章 901544 的原始 HTML 檔案
2025-04-20 20:17:02,208 - WARNING - 找不到文章 901616 的原始 HTML 檔案
2025-04-20 20:17:02,211 - WARNING - 找不到文章 901617 的原始 HTML 檔案
2025-04-20 20:17:02,216 - WARNING - 找不到文章 901664 的原始 HTML 檔案
2025-04-20 20:17:02,220 - WARNING - 找不到文章 901665 的原始 HTML 檔案
2025-04-20 20:17:02,224 - WARNING - 找不到文章 901708 的原始 HTML 檔案
2025-04-20 20:17:02,228 - WARNING - 找不到文章 901834 的原始 HTML 檔案
2025-04-20 20:17:02,232 - WARNING - 找不到文章 901835 的原始 HTML 檔案
2025-04-20 20:17:02,236 - WARNING - 找不到文章 901908 的原始 HTML 檔案
2025-04-20 20:17:02,240 - WARNING - 找不到文章 901909 的原始 HTML 檔案
2025-04-20 20:17:02,244 - WARNING - 找不到文章 902022 的原始 HTML 檔案
2025-04-20 20:17:02,251 - WARNING - 找不到文章 902023 的原始 HTML 檔案
2025-04-20 20:17:02,260 - WARNING - 找不到文章 902057 的原始 HTML 檔案
2025-04-20 20:17:02,268 - WARNING - 找不到文章 902058 的原始 HTML 檔案
2025-04-20 20:17:02,268 - WARNING - 找不到文章 902106 的原始 HTML 檔案
2025-04-20 20:17:02,280 - WARNING - 找不到文章 902107 的原始 HTML 檔案
2025-04-20 20:17:02,286 - WARNING - 找不到文章 902213 的原始 HTML 檔案
2025-04-20 20:17:02,296 - WARNING - 找不到文章 902214 的原始 HTML 檔案
2025-04-20 20:17:02,301 - WARNING - 找不到文章 902313 的原始 HTML 檔案
2025-04-20 20:17:02,305 - WARNING - 找不到文章 902378 的原始 HTML 檔案
2025-04-20 20:17:02,305 - WARNING - 找不到文章 902379 的原始 HTML 檔案
2025-04-20 20:17:02,313 - WARNING - 找不到文章 902539 的原始 HTML 檔案
2025-04-20 20:17:02,316 - WARNING - 找不到文章 902540 的原始 HTML 檔案
2025-04-20 20:17:02,318 - WARNING - 找不到文章 902588 的原始 HTML 檔案
2025-04-20 20:17:02,322 - WARNING - 找不到文章 902589 的原始 HTML 檔案
2025-04-20 20:17:02,324 - WARNING - 找不到文章 902606 的原始 HTML 檔案
2025-04-20 20:17:02,327 - WARNING - 找不到文章 902608 的原始 HTML 檔案
2025-04-20 20:17:02,330 - WARNING - 找不到文章 902685 的原始 HTML 檔案
2025-04-20 20:17:02,334 - WARNING - 找不到文章 902686 的原始 HTML 檔案
2025-04-20 20:17:02,338 - WARNING - 找不到文章 902764 的原始 HTML 檔案
2025-04-20 20:17:02,341 - WARNING - 找不到文章 902765 的原始 HTML 檔案
2025-04-20 20:17:02,341 - WARNING - 找不到文章 902871 的原始 HTML 檔案
2025-04-20 20:17:02,347 - WARNING - 找不到文章 902872 的原始 HTML 檔案
2025-04-20 20:17:02,350 - WARNING - 找不到文章 902905 的原始 HTML 檔案
2025-04-20 20:17:02,352 - WARNING - 找不到文章 902907 的原始 HTML 檔案
2025-04-20 20:17:02,354 - WARNING - 找不到文章 902970 的原始 HTML 檔案
2025-04-20 20:17:02,357 - WARNING - 找不到文章 902971 的原始 HTML 檔案
2025-04-20 20:17:02,359 - WARNING - 找不到文章 903051 的原始 HTML 檔案
2025-04-20 20:17:02,362 - WARNING - 找不到文章 903052 的原始 HTML 檔案
2025-04-20 20:17:02,364 - WARNING - 找不到文章 903114 的原始 HTML 檔案
2025-04-20 20:17:02,367 - WARNING - 找不到文章 903115 的原始 HTML 檔案
2025-04-20 20:17:02,369 - WARNING - 找不到文章 903253 的原始 HTML 檔案
2025-04-20 20:17:02,371 - WARNING - 找不到文章 903254 的原始 HTML 檔案
2025-04-20 20:17:02,371 - WARNING - 找不到文章 903315 的原始 HTML 檔案
2025-04-20 20:17:02,371 - WARNING - 找不到文章 903316 的原始 HTML 檔案
2025-04-20 20:17:02,380 - WARNING - 找不到文章 903370 的原始 HTML 檔案
2025-04-20 20:17:02,382 - WARNING - 找不到文章 903371 的原始 HTML 檔案
2025-04-20 20:17:02,385 - WARNING - 找不到文章 903405 的原始 HTML 檔案
2025-04-20 20:17:02,387 - WARNING - 找不到文章 903455 的原始 HTML 檔案
2025-04-20 20:17:02,390 - WARNING - 找不到文章 903560 的原始 HTML 檔案
2025-04-20 20:17:02,392 - WARNING - 找不到文章 903561 的原始 HTML 檔案
2025-04-20 20:17:02,395 - WARNING - 找不到文章 903589 的原始 HTML 檔案
2025-04-20 20:17:02,398 - WARNING - 找不到文章 903622 的原始 HTML 檔案
2025-04-20 20:17:02,398 - WARNING - 找不到文章 903625 的原始 HTML 檔案
2025-04-20 20:17:02,398 - WARNING - 找不到文章 903658 的原始 HTML 檔案
2025-04-20 20:17:02,398 - WARNING - 找不到文章 903687 的原始 HTML 檔案
2025-04-20 20:17:02,398 - WARNING - 找不到文章 903716 的原始 HTML 檔案
2025-04-20 20:17:02,414 - WARNING - 找不到文章 903810 的原始 HTML 檔案
2025-04-20 20:17:02,417 - WARNING - 找不到文章 903829 的原始 HTML 檔案
2025-04-20 20:17:02,419 - WARNING - 找不到文章 903830 的原始 HTML 檔案
2025-04-20 20:17:02,422 - WARNING - 找不到文章 903831 的原始 HTML 檔案
2025-04-20 20:17:02,424 - WARNING - 找不到文章 903940 的原始 HTML 檔案
2025-04-20 20:17:02,427 - WARNING - 找不到文章 903980 的原始 HTML 檔案
2025-04-20 20:17:02,430 - WARNING - 找不到文章 904053 的原始 HTML 檔案
2025-04-20 20:17:02,432 - WARNING - 找不到文章 904099 的原始 HTML 檔案
2025-04-20 20:17:02,432 - WARNING - 找不到文章 904159 的原始 HTML 檔案
2025-04-20 20:17:02,432 - WARNING - 找不到文章 904215 的原始 HTML 檔案
2025-04-20 20:17:02,432 - WARNING - 找不到文章 904228 的原始 HTML 檔案
2025-04-20 20:17:02,432 - WARNING - 找不到文章 904229 的原始 HTML 檔案
2025-04-20 20:17:02,445 - WARNING - 找不到文章 904279 的原始 HTML 檔案
2025-04-20 20:17:02,447 - WARNING - 找不到文章 904299 的原始 HTML 檔案
2025-04-20 20:17:02,450 - WARNING - 找不到文章 904323 的原始 HTML 檔案
2025-04-20 20:17:02,452 - WARNING - 找不到文章 904456 的原始 HTML 檔案
2025-04-20 20:17:02,455 - WARNING - 找不到文章 904457 的原始 HTML 檔案
2025-04-20 20:17:02,457 - WARNING - 找不到文章 904486 的原始 HTML 檔案
2025-04-20 20:17:02,460 - WARNING - 找不到文章 904500 的原始 HTML 檔案
2025-04-20 20:17:02,464 - WARNING - 找不到文章 904512 的原始 HTML 檔案
2025-04-20 20:17:02,468 - WARNING - 找不到文章 904567 的原始 HTML 檔案
2025-04-20 20:17:02,470 - WARNING - 找不到文章 904576 的原始 HTML 檔案
2025-04-20 20:17:02,473 - WARNING - 找不到文章 904672 的原始 HTML 檔案
2025-04-20 20:17:02,476 - WARNING - 找不到文章 904741 的原始 HTML 檔案
2025-04-20 20:17:02,478 - WARNING - 找不到文章 904745 的原始 HTML 檔案
2025-04-20 20:17:02,481 - WARNING - 找不到文章 904765 的原始 HTML 檔案
2025-04-20 20:17:02,483 - WARNING - 找不到文章 904815 的原始 HTML 檔案
2025-04-20 20:17:02,486 - WARNING - 找不到文章 904888 的原始 HTML 檔案
2025-04-20 20:17:02,488 - WARNING - 找不到文章 904954 的原始 HTML 檔案
2025-04-20 20:17:02,491 - WARNING - 找不到文章 904960 的原始 HTML 檔案
2025-04-20 20:17:02,493 - WARNING - 找不到文章 904980 的原始 HTML 檔案
2025-04-20 20:17:02,497 - WARNING - 找不到文章 905019 的原始 HTML 檔案
2025-04-20 20:17:02,499 - WARNING - 找不到文章 905028 的原始 HTML 檔案
2025-04-20 20:17:02,501 - WARNING - 找不到文章 905102 的原始 HTML 檔案
2025-04-20 20:17:02,504 - WARNING - 找不到文章 905136 的原始 HTML 檔案
2025-04-20 20:17:02,506 - WARNING - 找不到文章 905141 的原始 HTML 檔案
2025-04-20 20:17:02,509 - WARNING - 找不到文章 905153 的原始 HTML 檔案
2025-04-20 20:17:02,511 - WARNING - 找不到文章 905202 的原始 HTML 檔案
2025-04-20 20:17:02,515 - WARNING - 找不到文章 905215 的原始 HTML 檔案
2025-04-20 20:17:02,517 - WARNING - 找不到文章 905227 的原始 HTML 檔案
2025-04-20 20:17:02,519 - WARNING - 找不到文章 905273 的原始 HTML 檔案
2025-04-20 20:17:02,522 - WARNING - 找不到文章 905298 的原始 HTML 檔案
2025-04-20 20:17:02,525 - WARNING - 找不到文章 905315 的原始 HTML 檔案
2025-04-20 20:17:02,527 - WARNING - 找不到文章 905387 的原始 HTML 檔案
2025-04-20 20:17:02,530 - WARNING - 找不到文章 905406 的原始 HTML 檔案
2025-04-20 20:17:02,533 - WARNING - 找不到文章 905499 的原始 HTML 檔案
2025-04-20 20:17:02,535 - WARNING - 找不到文章 905515 的原始 HTML 檔案
2025-04-20 20:17:02,537 - WARNING - 找不到文章 905576 的原始 HTML 檔案
2025-04-20 20:17:02,539 - WARNING - 找不到文章 905586 的原始 HTML 檔案
2025-04-20 20:17:02,542 - WARNING - 找不到文章 905700 的原始 HTML 檔案
2025-04-20 20:17:02,544 - WARNING - 找不到文章 905713 的原始 HTML 檔案
2025-04-20 20:17:02,546 - WARNING - 找不到文章 905731 的原始 HTML 檔案
2025-04-20 20:17:02,549 - WARNING - 找不到文章 905759 的原始 HTML 檔案
2025-04-20 20:17:02,551 - WARNING - 找不到文章 905771 的原始 HTML 檔案
2025-04-20 20:17:02,551 - WARNING - 找不到文章 905790 的原始 HTML 檔案
2025-04-20 20:17:02,551 - WARNING - 找不到文章 905810 的原始 HTML 檔案
2025-04-20 20:17:02,551 - WARNING - 找不到文章 905845 的原始 HTML 檔案
2025-04-20 20:17:02,551 - WARNING - 找不到文章 905867 的原始 HTML 檔案
2025-04-20 20:17:02,564 - WARNING - 找不到文章 905884 的原始 HTML 檔案
2025-04-20 20:17:02,567 - WARNING - 找不到文章 905973 的原始 HTML 檔案
2025-04-20 20:17:02,569 - WARNING - 找不到文章 905979 的原始 HTML 檔案
2025-04-20 20:17:02,572 - WARNING - 找不到文章 906041 的原始 HTML 檔案
2025-04-20 20:17:02,574 - WARNING - 找不到文章 906076 的原始 HTML 檔案
2025-04-20 20:17:02,577 - WARNING - 找不到文章 906103 的原始 HTML 檔案
2025-04-20 20:17:02,580 - WARNING - 找不到文章 906119 的原始 HTML 檔案
2025-04-20 20:17:02,582 - WARNING - 找不到文章 906127 的原始 HTML 檔案
2025-04-20 20:17:02,582 - WARNING - 找不到文章 906230 的原始 HTML 檔案
2025-04-20 20:17:02,582 - WARNING - 找不到文章 906247 的原始 HTML 檔案
2025-04-20 20:17:02,582 - WARNING - 找不到文章 906252 的原始 HTML 檔案
2025-04-20 20:17:02,582 - WARNING - 找不到文章 906267 的原始 HTML 檔案
2025-04-20 20:17:02,594 - WARNING - 找不到文章 906268 的原始 HTML 檔案
2025-04-20 20:17:02,596 - WARNING - 找不到文章 906347 的原始 HTML 檔案
2025-04-20 20:17:02,599 - WARNING - 找不到文章 906377 的原始 HTML 檔案
2025-04-20 20:17:02,601 - WARNING - 找不到文章 906404 的原始 HTML 檔案
2025-04-20 20:17:02,604 - WARNING - 找不到文章 906425 的原始 HTML 檔案
2025-04-20 20:17:02,606 - WARNING - 找不到文章 906482 的原始 HTML 檔案
2025-04-20 20:17:02,606 - WARNING - 找不到文章 906594 的原始 HTML 檔案
2025-04-20 20:17:02,614 - WARNING - 找不到文章 906631 的原始 HTML 檔案
2025-04-20 20:17:02,616 - WARNING - 找不到文章 906671 的原始 HTML 檔案
2025-04-20 20:17:02,620 - WARNING - 找不到文章 906739 的原始 HTML 檔案
2025-04-20 20:17:02,622 - WARNING - 找不到文章 906740 的原始 HTML 檔案
2025-04-20 20:17:02,624 - WARNING - 找不到文章 906744 的原始 HTML 檔案
2025-04-20 20:17:02,627 - WARNING - 找不到文章 906785 的原始 HTML 檔案
2025-04-20 20:17:02,630 - WARNING - 找不到文章 906824 的原始 HTML 檔案
2025-04-20 20:17:02,632 - WARNING - 找不到文章 906891 的原始 HTML 檔案
2025-04-20 20:17:02,634 - WARNING - 找不到文章 906932 的原始 HTML 檔案
2025-04-20 20:17:02,638 - WARNING - 找不到文章 906980 的原始 HTML 檔案
2025-04-20 20:17:02,640 - WARNING - 找不到文章 907040 的原始 HTML 檔案
2025-04-20 20:17:02,642 - WARNING - 找不到文章 907095 的原始 HTML 檔案
2025-04-20 20:17:02,645 - WARNING - 找不到文章 907119 的原始 HTML 檔案
2025-04-20 20:17:02,650 - WARNING - 找不到文章 907121 的原始 HTML 檔案
2025-04-20 20:17:02,652 - WARNING - 找不到文章 907147 的原始 HTML 檔案
2025-04-20 20:17:02,655 - WARNING - 找不到文章 907167 的原始 HTML 檔案
2025-04-20 20:17:02,657 - WARNING - 找不到文章 907249 的原始 HTML 檔案
2025-04-20 20:17:02,659 - WARNING - 找不到文章 907296 的原始 HTML 檔案
2025-04-20 20:17:02,662 - WARNING - 找不到文章 907334 的原始 HTML 檔案
2025-04-20 20:17:02,665 - WARNING - 找不到文章 907359 的原始 HTML 檔案
2025-04-20 20:17:02,668 - WARNING - 找不到文章 907403 的原始 HTML 檔案
2025-04-20 20:17:02,671 - WARNING - 找不到文章 907421 的原始 HTML 檔案
2025-04-20 20:17:02,673 - WARNING - 找不到文章 907485 的原始 HTML 檔案
2025-04-20 20:17:02,677 - WARNING - 找不到文章 907523 的原始 HTML 檔案
2025-04-20 20:17:02,679 - WARNING - 找不到文章 907535 的原始 HTML 檔案
2025-04-20 20:17:02,681 - WARNING - 找不到文章 907536 的原始 HTML 檔案
2025-04-20 20:17:02,685 - WARNING - 找不到文章 907569 的原始 HTML 檔案
2025-04-20 20:17:02,688 - WARNING - 找不到文章 907646 的原始 HTML 檔案
2025-04-20 20:17:02,691 - WARNING - 找不到文章 907657 的原始 HTML 檔案
2025-04-20 20:17:02,695 - WARNING - 找不到文章 907677 的原始 HTML 檔案
2025-04-20 20:17:02,697 - WARNING - 找不到文章 907714 的原始 HTML 檔案
2025-04-20 20:17:02,700 - WARNING - 找不到文章 907761 的原始 HTML 檔案
2025-04-20 20:17:02,702 - WARNING - 找不到文章 907810 的原始 HTML 檔案
2025-04-20 20:17:02,704 - WARNING - 找不到文章 907845 的原始 HTML 檔案
2025-04-20 20:17:02,707 - WARNING - 找不到文章 907883 的原始 HTML 檔案
2025-04-20 20:17:02,708 - WARNING - 找不到文章 907918 的原始 HTML 檔案
2025-04-20 20:17:02,720 - WARNING - 找不到文章 907950 的原始 HTML 檔案
2025-04-20 20:17:02,725 - WARNING - 找不到文章 907978 的原始 HTML 檔案
2025-04-20 20:17:02,728 - WARNING - 找不到文章 908023 的原始 HTML 檔案
2025-04-20 20:17:02,733 - WARNING - 找不到文章 908042 的原始 HTML 檔案
2025-04-20 20:17:02,736 - WARNING - 找不到文章 908098 的原始 HTML 檔案
2025-04-20 20:17:02,740 - WARNING - 找不到文章 908130 的原始 HTML 檔案
2025-04-20 20:17:02,743 - WARNING - 找不到文章 908150 的原始 HTML 檔案
2025-04-20 20:17:02,749 - WARNING - 找不到文章 908246 的原始 HTML 檔案
2025-04-20 20:17:02,753 - WARNING - 找不到文章 908283 的原始 HTML 檔案
2025-04-20 20:17:02,757 - WARNING - 找不到文章 908295 的原始 HTML 檔案
2025-04-20 20:17:02,764 - WARNING - 找不到文章 908315 的原始 HTML 檔案
2025-04-20 20:17:02,769 - WARNING - 找不到文章 908340 的原始 HTML 檔案
2025-04-20 20:17:02,772 - WARNING - 找不到文章 908409 的原始 HTML 檔案
2025-04-20 20:17:02,777 - WARNING - 找不到文章 908440 的原始 HTML 檔案
2025-04-20 20:17:02,782 - WARNING - 找不到文章 908466 的原始 HTML 檔案
2025-04-20 20:17:02,787 - WARNING - 找不到文章 908484 的原始 HTML 檔案
2025-04-20 20:17:02,791 - WARNING - 找不到文章 908525 的原始 HTML 檔案
2025-04-20 20:17:02,794 - WARNING - 找不到文章 908537 的原始 HTML 檔案
2025-04-20 20:17:02,800 - WARNING - 找不到文章 908583 的原始 HTML 檔案
2025-04-20 20:17:02,804 - WARNING - 找不到文章 908628 的原始 HTML 檔案
2025-04-20 20:17:02,807 - WARNING - 找不到文章 908691 的原始 HTML 檔案
2025-04-20 20:17:02,810 - WARNING - 找不到文章 908746 的原始 HTML 檔案
2025-04-20 20:17:02,813 - WARNING - 找不到文章 908757 的原始 HTML 檔案
2025-04-20 20:17:02,813 - WARNING - 找不到文章 908758 的原始 HTML 檔案
2025-04-20 20:17:02,813 - WARNING - 找不到文章 908796 的原始 HTML 檔案
2025-04-20 20:17:02,823 - WARNING - 找不到文章 908808 的原始 HTML 檔案
2025-04-20 20:17:02,825 - WARNING - 找不到文章 908837 的原始 HTML 檔案
2025-04-20 20:17:02,827 - WARNING - 找不到文章 908855 的原始 HTML 檔案
2025-04-20 20:17:02,832 - WARNING - 找不到文章 908892 的原始 HTML 檔案
2025-04-20 20:17:02,836 - WARNING - 找不到文章 908938 的原始 HTML 檔案
2025-04-20 20:17:02,840 - WARNING - 找不到文章 908951 的原始 HTML 檔案
2025-04-20 20:17:02,843 - WARNING - 找不到文章 909027 的原始 HTML 檔案
2025-04-20 20:17:02,846 - WARNING - 找不到文章 909082 的原始 HTML 檔案
2025-04-20 20:17:02,849 - WARNING - 找不到文章 909083 的原始 HTML 檔案
2025-04-20 20:17:02,852 - WARNING - 找不到文章 909089 的原始 HTML 檔案
2025-04-20 20:17:02,854 - WARNING - 找不到文章 909095 的原始 HTML 檔案
2025-04-20 20:17:02,856 - WARNING - 找不到文章 909129 的原始 HTML 檔案
2025-04-20 20:17:02,859 - WARNING - 找不到文章 909273 的原始 HTML 檔案
2025-04-20 20:17:02,862 - WARNING - 找不到文章 909293 的原始 HTML 檔案
2025-04-20 20:17:02,865 - WARNING - 找不到文章 909314 的原始 HTML 檔案
2025-04-20 20:17:02,868 - WARNING - 找不到文章 909339 的原始 HTML 檔案
2025-04-20 20:17:02,870 - WARNING - 找不到文章 909354 的原始 HTML 檔案
2025-04-20 20:17:02,873 - WARNING - 找不到文章 909359 的原始 HTML 檔案
2025-04-20 20:17:02,875 - WARNING - 找不到文章 909412 的原始 HTML 檔案
2025-04-20 20:17:02,878 - WARNING - 找不到文章 909439 的原始 HTML 檔案
2025-04-20 20:17:02,881 - WARNING - 找不到文章 909457 的原始 HTML 檔案
2025-04-20 20:17:02,884 - WARNING - 找不到文章 909527 的原始 HTML 檔案
2025-04-20 20:17:02,886 - WARNING - 找不到文章 909546 的原始 HTML 檔案
2025-04-20 20:17:02,890 - WARNING - 找不到文章 909608 的原始 HTML 檔案
2025-04-20 20:17:02,892 - WARNING - 找不到文章 909639 的原始 HTML 檔案
2025-04-20 20:17:02,896 - WARNING - 找不到文章 909682 的原始 HTML 檔案
2025-04-20 20:17:02,896 - WARNING - 找不到文章 909717 的原始 HTML 檔案
2025-04-20 20:17:02,901 - WARNING - 找不到文章 909739 的原始 HTML 檔案
2025-04-20 20:17:02,901 - WARNING - 找不到文章 909767 的原始 HTML 檔案
2025-04-20 20:17:02,901 - WARNING - 找不到文章 909798 的原始 HTML 檔案
2025-04-20 20:17:02,901 - WARNING - 找不到文章 909870 的原始 HTML 檔案
2025-04-20 20:17:02,912 - WARNING - 找不到文章 909905 的原始 HTML 檔案
2025-04-20 20:17:02,914 - WARNING - 找不到文章 909954 的原始 HTML 檔案
2025-04-20 20:17:02,914 - WARNING - 找不到文章 909991 的原始 HTML 檔案
2025-04-20 20:17:02,920 - WARNING - 找不到文章 909997 的原始 HTML 檔案
2025-04-20 20:17:02,920 - WARNING - 找不到文章 910031 的原始 HTML 檔案
2025-04-20 20:17:02,920 - WARNING - 找不到文章 910088 的原始 HTML 檔案
2025-04-20 20:17:02,927 - WARNING - 找不到文章 910147 的原始 HTML 檔案
2025-04-20 20:17:02,929 - WARNING - 找不到文章 910181 的原始 HTML 檔案
2025-04-20 20:17:02,932 - WARNING - 找不到文章 910262 的原始 HTML 檔案
2025-04-20 20:17:02,934 - WARNING - 找不到文章 910304 的原始 HTML 檔案
2025-04-20 20:17:02,936 - WARNING - 找不到文章 910325 的原始 HTML 檔案
2025-04-20 20:17:02,938 - WARNING - 找不到文章 910359 的原始 HTML 檔案
2025-04-20 20:17:02,940 - WARNING - 找不到文章 910373 的原始 HTML 檔案
2025-04-20 20:17:02,949 - WARNING - 找不到文章 910390 的原始 HTML 檔案
2025-04-20 20:17:02,954 - WARNING - 找不到文章 910414 的原始 HTML 檔案
2025-04-20 20:17:02,958 - WARNING - 找不到文章 910429 的原始 HTML 檔案
2025-04-20 20:17:02,965 - WARNING - 找不到文章 910446 的原始 HTML 檔案
2025-04-20 20:17:02,970 - WARNING - 找不到文章 910500 的原始 HTML 檔案
2025-04-20 20:17:02,974 - WARNING - 找不到文章 910554 的原始 HTML 檔案
2025-04-20 20:17:02,978 - WARNING - 找不到文章 910560 的原始 HTML 檔案
2025-04-20 20:17:02,982 - WARNING - 找不到文章 910575 的原始 HTML 檔案
2025-04-20 20:17:02,987 - WARNING - 找不到文章 910617 的原始 HTML 檔案
2025-04-20 20:17:02,991 - WARNING - 找不到文章 910627 的原始 HTML 檔案
2025-04-20 20:17:02,997 - WARNING - 找不到文章 910659 的原始 HTML 檔案
2025-04-20 20:17:03,001 - WARNING - 找不到文章 910700 的原始 HTML 檔案
2025-04-20 20:17:03,007 - WARNING - 找不到文章 910709 的原始 HTML 檔案
2025-04-20 20:17:03,012 - WARNING - 找不到文章 910761 的原始 HTML 檔案
2025-04-20 20:17:03,016 - WARNING - 找不到文章 910827 的原始 HTML 檔案
2025-04-20 20:17:03,022 - WARNING - 找不到文章 910837 的原始 HTML 檔案
2025-04-20 20:17:03,027 - WARNING - 找不到文章 910860 的原始 HTML 檔案
2025-04-20 20:17:03,032 - WARNING - 找不到文章 910874 的原始 HTML 檔案
2025-04-20 20:17:03,035 - WARNING - 找不到文章 910921 的原始 HTML 檔案
2025-04-20 20:17:03,037 - WARNING - 找不到文章 910960 的原始 HTML 檔案
2025-04-20 20:17:03,041 - WARNING - 找不到文章 910966 的原始 HTML 檔案
2025-04-20 20:17:03,043 - WARNING - 找不到文章 911012 的原始 HTML 檔案
2025-04-20 20:17:03,045 - WARNING - 找不到文章 911049 的原始 HTML 檔案
2025-04-20 20:17:03,046 - WARNING - 找不到文章 911127 的原始 HTML 檔案
2025-04-20 20:17:03,051 - WARNING - 找不到文章 911137 的原始 HTML 檔案
2025-04-20 20:17:03,051 - WARNING - 找不到文章 911150 的原始 HTML 檔案
2025-04-20 20:17:03,051 - WARNING - 找不到文章 911173 的原始 HTML 檔案
2025-04-20 20:17:03,051 - WARNING - 找不到文章 911189 的原始 HTML 檔案
2025-04-20 20:17:03,064 - WARNING - 找不到文章 911195 的原始 HTML 檔案
2025-04-20 20:17:03,069 - WARNING - 找不到文章 911262 的原始 HTML 檔案
2025-04-20 20:17:03,072 - WARNING - 找不到文章 911354 的原始 HTML 檔案
2025-04-20 20:17:03,075 - WARNING - 找不到文章 911364 的原始 HTML 檔案
2025-04-20 20:17:03,077 - WARNING - 找不到文章 911405 的原始 HTML 檔案
2025-04-20 20:17:03,080 - WARNING - 找不到文章 911432 的原始 HTML 檔案
2025-04-20 20:17:03,083 - WARNING - 找不到文章 911446 的原始 HTML 檔案
2025-04-20 20:17:03,085 - WARNING - 找不到文章 911491 的原始 HTML 檔案
2025-04-20 20:17:03,087 - WARNING - 找不到文章 911547 的原始 HTML 檔案
2025-04-20 20:17:03,089 - WARNING - 找不到文章 911564 的原始 HTML 檔案
2025-04-20 20:17:03,091 - WARNING - 找不到文章 911612 的原始 HTML 檔案
2025-04-20 20:17:03,094 - WARNING - 找不到文章 911627 的原始 HTML 檔案
2025-04-20 20:17:03,096 - WARNING - 找不到文章 911654 的原始 HTML 檔案
2025-04-20 20:17:03,098 - WARNING - 找不到文章 911673 的原始 HTML 檔案
2025-04-20 20:17:03,102 - WARNING - 找不到文章 911692 的原始 HTML 檔案
2025-04-20 20:17:03,104 - WARNING - 找不到文章 911726 的原始 HTML 檔案
2025-04-20 20:17:03,106 - WARNING - 找不到文章 911837 的原始 HTML 檔案
2025-04-20 20:17:03,106 - WARNING - 找不到文章 911940 的原始 HTML 檔案
2025-04-20 20:17:03,110 - WARNING - 找不到文章 912000 的原始 HTML 檔案
2025-04-20 20:17:03,111 - WARNING - 找不到文章 912009 的原始 HTML 檔案
2025-04-20 20:17:03,114 - WARNING - 找不到文章 912036 的原始 HTML 檔案
2025-04-20 20:17:03,116 - WARNING - 找不到文章 912049 的原始 HTML 檔案
2025-04-20 20:17:03,118 - WARNING - 找不到文章 912059 的原始 HTML 檔案
2025-04-20 20:17:03,120 - WARNING - 找不到文章 912098 的原始 HTML 檔案
2025-04-20 20:17:03,120 - WARNING - 找不到文章 912110 的原始 HTML 檔案
2025-04-20 20:17:03,125 - WARNING - 找不到文章 912152 的原始 HTML 檔案
2025-04-20 20:17:03,127 - WARNING - 找不到文章 912171 的原始 HTML 檔案
2025-04-20 20:17:03,129 - WARNING - 找不到文章 912197 的原始 HTML 檔案
2025-04-20 20:17:03,131 - WARNING - 找不到文章 912206 的原始 HTML 檔案
2025-04-20 20:17:03,133 - WARNING - 找不到文章 912225 的原始 HTML 檔案
2025-04-20 20:17:03,135 - WARNING - 找不到文章 912231 的原始 HTML 檔案
2025-04-20 20:17:03,137 - WARNING - 找不到文章 912241 的原始 HTML 檔案
2025-04-20 20:17:03,137 - WARNING - 找不到文章 912332 的原始 HTML 檔案
2025-04-20 20:17:03,137 - WARNING - 找不到文章 912422 的原始 HTML 檔案
2025-04-20 20:17:03,137 - WARNING - 找不到文章 912468 的原始 HTML 檔案
2025-04-20 20:17:03,146 - WARNING - 找不到文章 912499 的原始 HTML 檔案
2025-04-20 20:17:03,148 - WARNING - 找不到文章 912569 的原始 HTML 檔案
2025-04-20 20:17:03,150 - WARNING - 找不到文章 912603 的原始 HTML 檔案
2025-04-20 20:17:03,152 - WARNING - 找不到文章 912664 的原始 HTML 檔案
2025-04-20 20:17:03,154 - WARNING - 找不到文章 912735 的原始 HTML 檔案
2025-04-20 20:17:03,156 - WARNING - 找不到文章 912736 的原始 HTML 檔案
2025-04-20 20:17:03,159 - WARNING - 找不到文章 912862 的原始 HTML 檔案
2025-04-20 20:17:03,160 - WARNING - 找不到文章 912898 的原始 HTML 檔案
2025-04-20 20:17:03,163 - WARNING - 找不到文章 912933 的原始 HTML 檔案
2025-04-20 20:17:03,166 - WARNING - 找不到文章 912981 的原始 HTML 檔案
2025-04-20 20:17:03,168 - WARNING - 找不到文章 913024 的原始 HTML 檔案
2025-04-20 20:17:03,170 - WARNING - 找不到文章 913109 的原始 HTML 檔案
2025-04-20 20:17:03,170 - WARNING - 找不到文章 913135 的原始 HTML 檔案
2025-04-20 20:17:03,175 - WARNING - 找不到文章 913190 的原始 HTML 檔案
2025-04-20 20:17:03,177 - WARNING - 找不到文章 913253 的原始 HTML 檔案
2025-04-20 20:17:03,178 - WARNING - 找不到文章 913285 的原始 HTML 檔案
2025-04-20 20:17:03,181 - WARNING - 找不到文章 913325 的原始 HTML 檔案
2025-04-20 20:17:03,183 - WARNING - 找不到文章 409187 的原始 HTML 檔案
2025-04-20 20:17:03,185 - WARNING - 找不到文章 409188 的原始 HTML 檔案
2025-04-20 20:17:03,187 - WARNING - 找不到文章 409189 的原始 HTML 檔案
2025-04-20 20:17:03,189 - WARNING - 找不到文章 409190 的原始 HTML 檔案
2025-04-20 20:17:03,192 - WARNING - 找不到文章 409191 的原始 HTML 檔案
2025-04-20 20:17:03,193 - WARNING - 找不到文章 409192 的原始 HTML 檔案
2025-04-20 20:17:03,194 - WARNING - 找不到文章 409193 的原始 HTML 檔案
2025-04-20 20:17:03,197 - WARNING - 找不到文章 409194 的原始 HTML 檔案
2025-04-20 20:17:03,200 - WARNING - 找不到文章 409195 的原始 HTML 檔案
2025-04-20 20:17:03,202 - WARNING - 找不到文章 409196 的原始 HTML 檔案
2025-04-20 20:17:03,204 - WARNING - 找不到文章 409197 的原始 HTML 檔案
2025-04-20 20:17:03,206 - WARNING - 找不到文章 409198 的原始 HTML 檔案
2025-04-20 20:17:03,208 - WARNING - 找不到文章 409199 的原始 HTML 檔案
2025-04-20 20:17:03,210 - WARNING - 找不到文章 409206 的原始 HTML 檔案
2025-04-20 20:17:03,212 - WARNING - 找不到文章 409207 的原始 HTML 檔案
2025-04-20 20:17:03,216 - WARNING - 找不到文章 409208 的原始 HTML 檔案
2025-04-20 20:17:03,218 - WARNING - 找不到文章 409209 的原始 HTML 檔案
2025-04-20 20:17:03,220 - WARNING - 找不到文章 409210 的原始 HTML 檔案
2025-04-20 20:17:03,221 - WARNING - 找不到文章 409211 的原始 HTML 檔案
2025-04-20 20:17:03,221 - WARNING - 找不到文章 409212 的原始 HTML 檔案
2025-04-20 20:17:03,221 - WARNING - 找不到文章 409213 的原始 HTML 檔案
2025-04-20 20:17:03,221 - WARNING - 找不到文章 409214 的原始 HTML 檔案
2025-04-20 20:17:03,230 - WARNING - 找不到文章 409215 的原始 HTML 檔案
2025-04-20 20:17:03,232 - WARNING - 找不到文章 409216 的原始 HTML 檔案
2025-04-20 20:17:03,234 - WARNING - 找不到文章 409217 的原始 HTML 檔案
2025-04-20 20:17:03,237 - WARNING - 找不到文章 409218 的原始 HTML 檔案
2025-04-20 20:17:03,239 - WARNING - 找不到文章 409219 的原始 HTML 檔案
2025-04-20 20:17:03,241 - WARNING - 找不到文章 409220 的原始 HTML 檔案
2025-04-20 20:17:03,241 - WARNING - 找不到文章 409221 的原始 HTML 檔案
2025-04-20 20:17:03,245 - WARNING - 找不到文章 409243 的原始 HTML 檔案
2025-04-20 20:17:03,247 - WARNING - 找不到文章 409244 的原始 HTML 檔案
2025-04-20 20:17:03,249 - WARNING - 找不到文章 409245 的原始 HTML 檔案
2025-04-20 20:17:03,253 - WARNING - 找不到文章 409246 的原始 HTML 檔案
2025-04-20 20:17:03,255 - WARNING - 找不到文章 409247 的原始 HTML 檔案
2025-04-20 20:17:03,257 - WARNING - 找不到文章 409248 的原始 HTML 檔案
2025-04-20 20:17:03,257 - WARNING - 找不到文章 409249 的原始 HTML 檔案
2025-04-20 20:17:03,261 - WARNING - 找不到文章 409250 的原始 HTML 檔案
2025-04-20 20:17:03,263 - WARNING - 找不到文章 409251 的原始 HTML 檔案
2025-04-20 20:17:03,265 - WARNING - 找不到文章 409252 的原始 HTML 檔案
2025-04-20 20:17:03,267 - WARNING - 找不到文章 409253 的原始 HTML 檔案
2025-04-20 20:17:03,269 - WARNING - 找不到文章 409289 的原始 HTML 檔案
2025-04-20 20:17:03,271 - WARNING - 找不到文章 409290 的原始 HTML 檔案
2025-04-20 20:17:03,271 - WARNING - 找不到文章 409291 的原始 HTML 檔案
2025-04-20 20:17:03,275 - WARNING - 找不到文章 409292 的原始 HTML 檔案
2025-04-20 20:17:03,277 - WARNING - 找不到文章 409293 的原始 HTML 檔案
2025-04-20 20:17:03,279 - WARNING - 找不到文章 409294 的原始 HTML 檔案
2025-04-20 20:17:03,281 - WARNING - 找不到文章 409334 的原始 HTML 檔案
2025-04-20 20:17:03,284 - WARNING - 找不到文章 409335 的原始 HTML 檔案
2025-04-20 20:17:03,285 - WARNING - 找不到文章 409460 的原始 HTML 檔案
2025-04-20 20:17:03,288 - WARNING - 找不到文章 409461 的原始 HTML 檔案
2025-04-20 20:17:03,289 - WARNING - 找不到文章 409567 的原始 HTML 檔案
2025-04-20 20:17:03,289 - WARNING - 找不到文章 409568 的原始 HTML 檔案
2025-04-20 20:17:03,289 - WARNING - 找不到文章 409583 的原始 HTML 檔案
2025-04-20 20:17:03,296 - WARNING - 找不到文章 409584 的原始 HTML 檔案
2025-04-20 20:17:03,298 - WARNING - 找不到文章 409630 的原始 HTML 檔案
2025-04-20 20:17:03,300 - WARNING - 找不到文章 409631 的原始 HTML 檔案
2025-04-20 20:17:03,303 - WARNING - 找不到文章 409706 的原始 HTML 檔案
2025-04-20 20:17:03,304 - WARNING - 找不到文章 409749 的原始 HTML 檔案
2025-04-20 20:17:03,306 - WARNING - 找不到文章 409750 的原始 HTML 檔案
2025-04-20 20:17:03,309 - WARNING - 找不到文章 409764 的原始 HTML 檔案
2025-04-20 20:17:03,310 - WARNING - 找不到文章 409765 的原始 HTML 檔案
2025-04-20 20:17:03,313 - WARNING - 找不到文章 409799 的原始 HTML 檔案
2025-04-20 20:17:03,315 - WARNING - 找不到文章 409800 的原始 HTML 檔案
2025-04-20 20:17:03,320 - WARNING - 找不到文章 409878 的原始 HTML 檔案
2025-04-20 20:17:03,322 - WARNING - 找不到文章 409879 的原始 HTML 檔案
2025-04-20 20:17:03,324 - WARNING - 找不到文章 409911 的原始 HTML 檔案
2025-04-20 20:17:03,325 - WARNING - 找不到文章 409912 的原始 HTML 檔案
2025-04-20 20:17:03,328 - WARNING - 找不到文章 409940 的原始 HTML 檔案
2025-04-20 20:17:03,330 - WARNING - 找不到文章 409941 的原始 HTML 檔案
2025-04-20 20:17:03,332 - WARNING - 找不到文章 410020 的原始 HTML 檔案
2025-04-20 20:17:03,333 - WARNING - 找不到文章 410103 的原始 HTML 檔案
2025-04-20 20:17:03,337 - WARNING - 找不到文章 410104 的原始 HTML 檔案
2025-04-20 20:17:03,339 - WARNING - 找不到文章 410134 的原始 HTML 檔案
2025-04-20 20:17:03,341 - WARNING - 找不到文章 410135 的原始 HTML 檔案
2025-04-20 20:17:03,342 - WARNING - 找不到文章 410202 的原始 HTML 檔案
2025-04-20 20:17:03,345 - WARNING - 找不到文章 410203 的原始 HTML 檔案
2025-04-20 20:17:03,347 - WARNING - 找不到文章 410230 的原始 HTML 檔案
2025-04-20 20:17:03,350 - WARNING - 找不到文章 410231 的原始 HTML 檔案
2025-04-20 20:17:03,352 - WARNING - 找不到文章 410321 的原始 HTML 檔案
2025-04-20 20:17:03,354 - WARNING - 找不到文章 410322 的原始 HTML 檔案
2025-04-20 20:17:03,356 - WARNING - 找不到文章 410370 的原始 HTML 檔案
2025-04-20 20:17:03,358 - WARNING - 找不到文章 410371 的原始 HTML 檔案
2025-04-20 20:17:03,359 - WARNING - 找不到文章 410429 的原始 HTML 檔案
2025-04-20 20:17:03,360 - WARNING - 找不到文章 410479 的原始 HTML 檔案
2025-04-20 20:17:03,364 - WARNING - 找不到文章 410480 的原始 HTML 檔案
2025-04-20 20:17:03,366 - WARNING - 找不到文章 410529 的原始 HTML 檔案
2025-04-20 20:17:03,369 - WARNING - 找不到文章 410530 的原始 HTML 檔案
2025-04-20 20:17:03,371 - WARNING - 找不到文章 410569 的原始 HTML 檔案
2025-04-20 20:17:03,371 - WARNING - 找不到文章 410570 的原始 HTML 檔案
2025-04-20 20:17:03,371 - WARNING - 找不到文章 410649 的原始 HTML 檔案
2025-04-20 20:17:03,371 - WARNING - 找不到文章 410650 的原始 HTML 檔案
2025-04-20 20:17:03,380 - WARNING - 找不到文章 410765 的原始 HTML 檔案
2025-04-20 20:17:03,382 - WARNING - 找不到文章 410766 的原始 HTML 檔案
2025-04-20 20:17:03,384 - WARNING - 找不到文章 410818 的原始 HTML 檔案
2025-04-20 20:17:03,387 - WARNING - 找不到文章 410819 的原始 HTML 檔案
2025-04-20 20:17:03,389 - WARNING - 找不到文章 410845 的原始 HTML 檔案
2025-04-20 20:17:03,391 - WARNING - 找不到文章 410846 的原始 HTML 檔案
2025-04-20 20:17:03,392 - WARNING - 找不到文章 411132 的原始 HTML 檔案
2025-04-20 20:17:03,396 - WARNING - 找不到文章 411224 的原始 HTML 檔案
2025-04-20 20:17:03,398 - WARNING - 找不到文章 411225 的原始 HTML 檔案
2025-04-20 20:17:03,400 - WARNING - 找不到文章 411317 的原始 HTML 檔案
2025-04-20 20:17:03,400 - WARNING - 找不到文章 411320 的原始 HTML 檔案
2025-04-20 20:17:03,404 - WARNING - 找不到文章 411347 的原始 HTML 檔案
2025-04-20 20:17:03,406 - WARNING - 找不到文章 411348 的原始 HTML 檔案
2025-04-20 20:17:03,408 - WARNING - 找不到文章 411493 的原始 HTML 檔案
2025-04-20 20:17:03,409 - WARNING - 找不到文章 411494 的原始 HTML 檔案
2025-04-20 20:17:03,413 - WARNING - 找不到文章 411527 的原始 HTML 檔案
2025-04-20 20:17:03,415 - WARNING - 找不到文章 411528 的原始 HTML 檔案
2025-04-20 20:17:03,417 - WARNING - 找不到文章 411543 的原始 HTML 檔案
2025-04-20 20:17:03,420 - WARNING - 找不到文章 411544 的原始 HTML 檔案
2025-04-20 20:17:03,421 - WARNING - 找不到文章 411701 的原始 HTML 檔案
2025-04-20 20:17:03,423 - WARNING - 找不到文章 411715 的原始 HTML 檔案
2025-04-20 20:17:03,424 - WARNING - 找不到文章 411831 的原始 HTML 檔案
2025-04-20 20:17:03,428 - WARNING - 找不到文章 411833 的原始 HTML 檔案
2025-04-20 20:17:03,430 - WARNING - 找不到文章 411881 的原始 HTML 檔案
2025-04-20 20:17:03,432 - WARNING - 找不到文章 411913 的原始 HTML 檔案
2025-04-20 20:17:03,435 - WARNING - 找不到文章 411914 的原始 HTML 檔案
2025-04-20 20:17:03,437 - WARNING - 找不到文章 412002 的原始 HTML 檔案
2025-04-20 20:17:03,439 - WARNING - 找不到文章 412003 的原始 HTML 檔案
2025-04-20 20:17:03,439 - WARNING - 找不到文章 412047 的原始 HTML 檔案
2025-04-20 20:17:03,443 - WARNING - 找不到文章 412057 的原始 HTML 檔案
2025-04-20 20:17:03,445 - WARNING - 找不到文章 412178 的原始 HTML 檔案
2025-04-20 20:17:03,447 - WARNING - 找不到文章 412179 的原始 HTML 檔案
2025-04-20 20:17:03,449 - WARNING - 找不到文章 412220 的原始 HTML 檔案
2025-04-20 20:17:03,451 - WARNING - 找不到文章 412221 的原始 HTML 檔案
2025-04-20 20:17:03,453 - WARNING - 找不到文章 412288 的原始 HTML 檔案
2025-04-20 20:17:03,455 - WARNING - 找不到文章 412289 的原始 HTML 檔案
2025-04-20 20:17:03,457 - WARNING - 找不到文章 412314 的原始 HTML 檔案
2025-04-20 20:17:03,459 - WARNING - 找不到文章 412315 的原始 HTML 檔案
2025-04-20 20:17:03,462 - WARNING - 找不到文章 412316 的原始 HTML 檔案
2025-04-20 20:17:03,464 - WARNING - 找不到文章 412380 的原始 HTML 檔案
2025-04-20 20:17:03,466 - WARNING - 找不到文章 412414 的原始 HTML 檔案
2025-04-20 20:17:03,466 - WARNING - 找不到文章 412415 的原始 HTML 檔案
2025-04-20 20:17:03,470 - WARNING - 找不到文章 412450 的原始 HTML 檔案
2025-04-20 20:17:03,472 - WARNING - 找不到文章 412451 的原始 HTML 檔案
2025-04-20 20:17:03,474 - WARNING - 找不到文章 412601 的原始 HTML 檔案
2025-04-20 20:17:03,475 - WARNING - 找不到文章 412602 的原始 HTML 檔案
2025-04-20 20:17:03,479 - WARNING - 找不到文章 412657 的原始 HTML 檔案
2025-04-20 20:17:03,481 - WARNING - 找不到文章 412658 的原始 HTML 檔案
2025-04-20 20:17:03,483 - WARNING - 找不到文章 412669 的原始 HTML 檔案
2025-04-20 20:17:03,486 - WARNING - 找不到文章 412735 的原始 HTML 檔案
2025-04-20 20:17:03,488 - WARNING - 找不到文章 412736 的原始 HTML 檔案
2025-04-20 20:17:03,489 - WARNING - 找不到文章 412782 的原始 HTML 檔案
2025-04-20 20:17:03,490 - WARNING - 找不到文章 412783 的原始 HTML 檔案
2025-04-20 20:17:03,493 - WARNING - 找不到文章 412827 的原始 HTML 檔案
2025-04-20 20:17:03,496 - WARNING - 找不到文章 412833 的原始 HTML 檔案
2025-04-20 20:17:03,498 - WARNING - 找不到文章 412839 的原始 HTML 檔案
2025-04-20 20:17:03,500 - WARNING - 找不到文章 412840 的原始 HTML 檔案
2025-04-20 20:17:03,502 - WARNING - 找不到文章 412913 的原始 HTML 檔案
2025-04-20 20:17:03,505 - WARNING - 找不到文章 412914 的原始 HTML 檔案
2025-04-20 20:17:03,505 - WARNING - 找不到文章 413033 的原始 HTML 檔案
2025-04-20 20:17:03,509 - WARNING - 找不到文章 413034 的原始 HTML 檔案
2025-04-20 20:17:03,511 - WARNING - 找不到文章 413072 的原始 HTML 檔案
2025-04-20 20:17:03,513 - WARNING - 找不到文章 413073 的原始 HTML 檔案
2025-04-20 20:17:03,515 - WARNING - 找不到文章 413124 的原始 HTML 檔案
2025-04-20 20:17:03,518 - WARNING - 找不到文章 413125 的原始 HTML 檔案
2025-04-20 20:17:03,520 - WARNING - 找不到文章 413223 的原始 HTML 檔案
2025-04-20 20:17:03,522 - WARNING - 找不到文章 413224 的原始 HTML 檔案
2025-04-20 20:17:03,523 - WARNING - 找不到文章 413251 的原始 HTML 檔案
2025-04-20 20:17:03,526 - WARNING - 找不到文章 413252 的原始 HTML 檔案
2025-04-20 20:17:03,528 - WARNING - 找不到文章 413357 的原始 HTML 檔案
2025-04-20 20:17:03,531 - WARNING - 找不到文章 413358 的原始 HTML 檔案
2025-04-20 20:17:03,533 - WARNING - 找不到文章 413365 的原始 HTML 檔案
2025-04-20 20:17:03,535 - WARNING - 找不到文章 413366 的原始 HTML 檔案
2025-04-20 20:17:03,537 - WARNING - 找不到文章 413453 的原始 HTML 檔案
2025-04-20 20:17:03,538 - WARNING - 找不到文章 413454 的原始 HTML 檔案
2025-04-20 20:17:03,541 - WARNING - 找不到文章 413504 的原始 HTML 檔案
2025-04-20 20:17:03,543 - WARNING - 找不到文章 413505 的原始 HTML 檔案
2025-04-20 20:17:03,546 - WARNING - 找不到文章 413525 的原始 HTML 檔案
2025-04-20 20:17:03,548 - WARNING - 找不到文章 413526 的原始 HTML 檔案
2025-04-20 20:17:03,550 - WARNING - 找不到文章 413587 的原始 HTML 檔案
2025-04-20 20:17:03,552 - WARNING - 找不到文章 413588 的原始 HTML 檔案
2025-04-20 20:17:03,554 - WARNING - 找不到文章 413695 的原始 HTML 檔案
2025-04-20 20:17:03,557 - WARNING - 找不到文章 413696 的原始 HTML 檔案
2025-04-20 20:17:03,559 - WARNING - 找不到文章 413703 的原始 HTML 檔案
2025-04-20 20:17:03,560 - WARNING - 找不到文章 413749 的原始 HTML 檔案
2025-04-20 20:17:03,563 - WARNING - 找不到文章 413750 的原始 HTML 檔案
2025-04-20 20:17:03,565 - WARNING - 找不到文章 413777 的原始 HTML 檔案
2025-04-20 20:17:03,567 - WARNING - 找不到文章 413778 的原始 HTML 檔案
2025-04-20 20:17:03,569 - WARNING - 找不到文章 413779 的原始 HTML 檔案
2025-04-20 20:17:03,571 - WARNING - 找不到文章 413785 的原始 HTML 檔案
2025-04-20 20:17:03,573 - WARNING - 找不到文章 413787 的原始 HTML 檔案
2025-04-20 20:17:03,574 - WARNING - 找不到文章 413800 的原始 HTML 檔案
2025-04-20 20:17:03,577 - WARNING - 找不到文章 413829 的原始 HTML 檔案
2025-04-20 20:17:03,579 - WARNING - 找不到文章 413830 的原始 HTML 檔案
2025-04-20 20:17:03,582 - WARNING - 找不到文章 413831 的原始 HTML 檔案
2025-04-20 20:17:03,584 - WARNING - 找不到文章 413838 的原始 HTML 檔案
2025-04-20 20:17:03,585 - WARNING - 找不到文章 413922 的原始 HTML 檔案
2025-04-20 20:17:03,587 - WARNING - 找不到文章 413923 的原始 HTML 檔案
2025-04-20 20:17:03,589 - WARNING - 找不到文章 413935 的原始 HTML 檔案
2025-04-20 20:17:03,590 - WARNING - 找不到文章 413943 的原始 HTML 檔案
2025-04-20 20:17:03,593 - WARNING - 找不到文章 413985 的原始 HTML 檔案
2025-04-20 20:17:03,596 - WARNING - 找不到文章 413986 的原始 HTML 檔案
2025-04-20 20:17:03,598 - WARNING - 找不到文章 414050 的原始 HTML 檔案
2025-04-20 20:17:03,600 - WARNING - 找不到文章 414051 的原始 HTML 檔案
2025-04-20 20:17:03,602 - WARNING - 找不到文章 414116 的原始 HTML 檔案
2025-04-20 20:17:03,604 - WARNING - 找不到文章 414117 的原始 HTML 檔案
2025-04-20 20:17:03,604 - WARNING - 找不到文章 414162 的原始 HTML 檔案
2025-04-20 20:17:03,604 - WARNING - 找不到文章 414163 的原始 HTML 檔案
2025-04-20 20:17:03,604 - WARNING - 找不到文章 414216 的原始 HTML 檔案
2025-04-20 20:17:03,613 - WARNING - 找不到文章 414217 的原始 HTML 檔案
2025-04-20 20:17:03,615 - WARNING - 找不到文章 414280 的原始 HTML 檔案
2025-04-20 20:17:03,617 - WARNING - 找不到文章 414281 的原始 HTML 檔案
2025-04-20 20:17:03,618 - WARNING - 找不到文章 414307 的原始 HTML 檔案
2025-04-20 20:17:03,620 - WARNING - 找不到文章 414308 的原始 HTML 檔案
2025-04-20 20:17:03,622 - WARNING - 找不到文章 414476 的原始 HTML 檔案
2025-04-20 20:17:03,623 - WARNING - 找不到文章 414477 的原始 HTML 檔案
2025-04-20 20:17:03,627 - WARNING - 找不到文章 414511 的原始 HTML 檔案
2025-04-20 20:17:03,629 - WARNING - 找不到文章 414512 的原始 HTML 檔案
2025-04-20 20:17:03,632 - WARNING - 找不到文章 414538 的原始 HTML 檔案
2025-04-20 20:17:03,633 - WARNING - 找不到文章 414539 的原始 HTML 檔案
2025-04-20 20:17:03,636 - WARNING - 找不到文章 414702 的原始 HTML 檔案
2025-04-20 20:17:03,638 - WARNING - 找不到文章 414703 的原始 HTML 檔案
2025-04-20 20:17:03,638 - WARNING - 找不到文章 414719 的原始 HTML 檔案
2025-04-20 20:17:03,641 - WARNING - 找不到文章 414752 的原始 HTML 檔案
2025-04-20 20:17:03,643 - WARNING - 找不到文章 414753 的原始 HTML 檔案
2025-04-20 20:17:03,645 - WARNING - 找不到文章 414791 的原始 HTML 檔案
2025-04-20 20:17:03,648 - WARNING - 找不到文章 414792 的原始 HTML 檔案
2025-04-20 20:17:03,651 - WARNING - 找不到文章 414849 的原始 HTML 檔案
2025-04-20 20:17:03,653 - WARNING - 找不到文章 414850 的原始 HTML 檔案
2025-04-20 20:17:03,654 - WARNING - 找不到文章 414905 的原始 HTML 檔案
2025-04-20 20:17:03,657 - WARNING - 找不到文章 414906 的原始 HTML 檔案
2025-04-20 20:17:03,659 - WARNING - 找不到文章 414971 的原始 HTML 檔案
2025-04-20 20:17:03,661 - WARNING - 找不到文章 414972 的原始 HTML 檔案
2025-04-20 20:17:03,663 - WARNING - 找不到文章 415013 的原始 HTML 檔案
2025-04-20 20:17:03,666 - WARNING - 找不到文章 415014 的原始 HTML 檔案
2025-04-20 20:17:03,668 - WARNING - 找不到文章 415140 的原始 HTML 檔案
2025-04-20 20:17:03,669 - WARNING - 找不到文章 415141 的原始 HTML 檔案
2025-04-20 20:17:03,671 - WARNING - 找不到文章 415190 的原始 HTML 檔案
2025-04-20 20:17:03,671 - WARNING - 找不到文章 415191 的原始 HTML 檔案
2025-04-20 20:17:03,671 - WARNING - 找不到文章 415215 的原始 HTML 檔案
2025-04-20 20:17:03,678 - WARNING - 找不到文章 415216 的原始 HTML 檔案
2025-04-20 20:17:03,679 - WARNING - 找不到文章 415321 的原始 HTML 檔案
2025-04-20 20:17:03,682 - WARNING - 找不到文章 415322 的原始 HTML 檔案
2025-04-20 20:17:03,685 - WARNING - 找不到文章 415383 的原始 HTML 檔案
2025-04-20 20:17:03,687 - WARNING - 找不到文章 415384 的原始 HTML 檔案
2025-04-20 20:17:03,688 - WARNING - 找不到文章 415421 的原始 HTML 檔案
2025-04-20 20:17:03,689 - WARNING - 找不到文章 415422 的原始 HTML 檔案
2025-04-20 20:17:03,693 - WARNING - 找不到文章 415451 的原始 HTML 檔案
2025-04-20 20:17:03,694 - WARNING - 找不到文章 415452 的原始 HTML 檔案
2025-04-20 20:17:03,696 - WARNING - 找不到文章 415527 的原始 HTML 檔案
2025-04-20 20:17:03,699 - WARNING - 找不到文章 415528 的原始 HTML 檔案
2025-04-20 20:17:03,701 - WARNING - 找不到文章 415617 的原始 HTML 檔案
2025-04-20 20:17:03,703 - WARNING - 找不到文章 415618 的原始 HTML 檔案
2025-04-20 20:17:03,705 - WARNING - 找不到文章 415640 的原始 HTML 檔案
2025-04-20 20:17:03,707 - WARNING - 找不到文章 415641 的原始 HTML 檔案
2025-04-20 20:17:03,709 - WARNING - 找不到文章 415732 的原始 HTML 檔案
2025-04-20 20:17:03,710 - WARNING - 找不到文章 415733 的原始 HTML 檔案
2025-04-20 20:17:03,714 - WARNING - 找不到文章 415790 的原始 HTML 檔案
2025-04-20 20:17:03,715 - WARNING - 找不到文章 415819 的原始 HTML 檔案
2025-04-20 20:17:03,717 - WARNING - 找不到文章 415901 的原始 HTML 檔案
2025-04-20 20:17:03,720 - WARNING - 找不到文章 415902 的原始 HTML 檔案
2025-04-20 20:17:03,722 - WARNING - 找不到文章 415993 的原始 HTML 檔案
2025-04-20 20:17:03,723 - WARNING - 找不到文章 416007 的原始 HTML 檔案
2025-04-20 20:17:03,724 - WARNING - 找不到文章 416059 的原始 HTML 檔案
2025-04-20 20:17:03,728 - WARNING - 找不到文章 416060 的原始 HTML 檔案
2025-04-20 20:17:03,730 - WARNING - 找不到文章 416101 的原始 HTML 檔案
2025-04-20 20:17:03,733 - WARNING - 找不到文章 416102 的原始 HTML 檔案
2025-04-20 20:17:03,733 - WARNING - 找不到文章 416132 的原始 HTML 檔案
2025-04-20 20:17:03,736 - WARNING - 找不到文章 416133 的原始 HTML 檔案
2025-04-20 20:17:03,738 - WARNING - 找不到文章 416159 的原始 HTML 檔案
2025-04-20 20:17:03,740 - WARNING - 找不到文章 416160 的原始 HTML 檔案
2025-04-20 20:17:03,741 - WARNING - 找不到文章 416233 的原始 HTML 檔案
2025-04-20 20:17:03,744 - WARNING - 找不到文章 416234 的原始 HTML 檔案
2025-04-20 20:17:03,747 - WARNING - 找不到文章 416255 的原始 HTML 檔案
2025-04-20 20:17:03,749 - WARNING - 找不到文章 416256 的原始 HTML 檔案
2025-04-20 20:17:03,752 - WARNING - 找不到文章 416352 的原始 HTML 檔案
2025-04-20 20:17:03,754 - WARNING - 找不到文章 416353 的原始 HTML 檔案
2025-04-20 20:17:03,756 - WARNING - 找不到文章 416406 的原始 HTML 檔案
2025-04-20 20:17:03,756 - WARNING - 找不到文章 416407 的原始 HTML 檔案
2025-04-20 20:17:03,760 - WARNING - 找不到文章 416498 的原始 HTML 檔案
2025-04-20 20:17:03,762 - WARNING - 找不到文章 416499 的原始 HTML 檔案
2025-04-20 20:17:03,764 - WARNING - 找不到文章 416563 的原始 HTML 檔案
2025-04-20 20:17:03,766 - WARNING - 找不到文章 416564 的原始 HTML 檔案
2025-04-20 20:17:03,769 - WARNING - 找不到文章 416638 的原始 HTML 檔案
2025-04-20 20:17:03,771 - WARNING - 找不到文章 416639 的原始 HTML 檔案
2025-04-20 20:17:03,773 - WARNING - 找不到文章 416653 的原始 HTML 檔案
2025-04-20 20:17:03,774 - WARNING - 找不到文章 416654 的原始 HTML 檔案
2025-04-20 20:17:03,777 - WARNING - 找不到文章 416701 的原始 HTML 檔案
2025-04-20 20:17:03,779 - WARNING - 找不到文章 416702 的原始 HTML 檔案
2025-04-20 20:17:03,781 - WARNING - 找不到文章 416752 的原始 HTML 檔案
2025-04-20 20:17:03,784 - WARNING - 找不到文章 416753 的原始 HTML 檔案
2025-04-20 20:17:03,786 - WARNING - 找不到文章 416761 的原始 HTML 檔案
2025-04-20 20:17:03,788 - WARNING - 找不到文章 416762 的原始 HTML 檔案
2025-04-20 20:17:03,788 - WARNING - 找不到文章 416878 的原始 HTML 檔案
2025-04-20 20:17:03,791 - WARNING - 找不到文章 416879 的原始 HTML 檔案
2025-04-20 20:17:03,793 - WARNING - 找不到文章 416972 的原始 HTML 檔案
2025-04-20 20:17:03,795 - WARNING - 找不到文章 416973 的原始 HTML 檔案
2025-04-20 20:17:03,797 - WARNING - 找不到文章 417025 的原始 HTML 檔案
2025-04-20 20:17:03,800 - WARNING - 找不到文章 417026 的原始 HTML 檔案
2025-04-20 20:17:03,802 - WARNING - 找不到文章 417097 的原始 HTML 檔案
2025-04-20 20:17:03,804 - WARNING - 找不到文章 417098 的原始 HTML 檔案
2025-04-20 20:17:03,806 - WARNING - 找不到文章 417122 的原始 HTML 檔案
2025-04-20 20:17:03,808 - WARNING - 找不到文章 417123 的原始 HTML 檔案
2025-04-20 20:17:03,809 - WARNING - 找不到文章 417228 的原始 HTML 檔案
2025-04-20 20:17:03,812 - WARNING - 找不到文章 417229 的原始 HTML 檔案
2025-04-20 20:17:03,815 - WARNING - 找不到文章 417294 的原始 HTML 檔案
2025-04-20 20:17:03,817 - WARNING - 找不到文章 417300 的原始 HTML 檔案
2025-04-20 20:17:03,819 - WARNING - 找不到文章 417361 的原始 HTML 檔案
2025-04-20 20:17:03,821 - WARNING - 找不到文章 417362 的原始 HTML 檔案
2025-04-20 20:17:03,822 - WARNING - 找不到文章 417391 的原始 HTML 檔案
2025-04-20 20:17:03,823 - WARNING - 找不到文章 417392 的原始 HTML 檔案
2025-04-20 20:17:03,828 - WARNING - 找不到文章 417491 的原始 HTML 檔案
2025-04-20 20:17:03,829 - WARNING - 找不到文章 417492 的原始 HTML 檔案
2025-04-20 20:17:03,832 - WARNING - 找不到文章 417601 的原始 HTML 檔案
2025-04-20 20:17:03,835 - WARNING - 找不到文章 417602 的原始 HTML 檔案
2025-04-20 20:17:03,837 - WARNING - 找不到文章 417611 的原始 HTML 檔案
2025-04-20 20:17:03,839 - WARNING - 找不到文章 417612 的原始 HTML 檔案
2025-04-20 20:17:03,839 - WARNING - 找不到文章 417630 的原始 HTML 檔案
2025-04-20 20:17:03,842 - WARNING - 找不到文章 417669 的原始 HTML 檔案
2025-04-20 20:17:03,845 - WARNING - 找不到文章 417670 的原始 HTML 檔案
2025-04-20 20:17:03,847 - WARNING - 找不到文章 417773 的原始 HTML 檔案
2025-04-20 20:17:03,849 - WARNING - 找不到文章 417774 的原始 HTML 檔案
2025-04-20 20:17:03,851 - WARNING - 找不到文章 417898 的原始 HTML 檔案
2025-04-20 20:17:03,853 - WARNING - 找不到文章 417899 的原始 HTML 檔案
2025-04-20 20:17:03,855 - WARNING - 找不到文章 417921 的原始 HTML 檔案
2025-04-20 20:17:03,857 - WARNING - 找不到文章 417922 的原始 HTML 檔案
2025-04-20 20:17:03,859 - WARNING - 找不到文章 417985 的原始 HTML 檔案
2025-04-20 20:17:03,860 - WARNING - 找不到文章 417986 的原始 HTML 檔案
2025-04-20 20:17:03,864 - WARNING - 找不到文章 418020 的原始 HTML 檔案
2025-04-20 20:17:03,866 - WARNING - 找不到文章 418021 的原始 HTML 檔案
2025-04-20 20:17:03,868 - WARNING - 找不到文章 418054 的原始 HTML 檔案
2025-04-20 20:17:03,869 - WARNING - 找不到文章 418055 的原始 HTML 檔案
2025-04-20 20:17:03,872 - WARNING - 找不到文章 418087 的原始 HTML 檔案
2025-04-20 20:17:03,874 - WARNING - 找不到文章 418088 的原始 HTML 檔案
2025-04-20 20:17:03,876 - WARNING - 找不到文章 418212 的原始 HTML 檔案
2025-04-20 20:17:03,877 - WARNING - 找不到文章 418213 的原始 HTML 檔案
2025-04-20 20:17:03,880 - WARNING - 找不到文章 418220 的原始 HTML 檔案
2025-04-20 20:17:03,882 - WARNING - 找不到文章 418221 的原始 HTML 檔案
2025-04-20 20:17:03,884 - WARNING - 找不到文章 418251 的原始 HTML 檔案
2025-04-20 20:17:03,885 - WARNING - 找不到文章 418252 的原始 HTML 檔案
2025-04-20 20:17:03,888 - WARNING - 找不到文章 418337 的原始 HTML 檔案
2025-04-20 20:17:03,890 - WARNING - 找不到文章 418338 的原始 HTML 檔案
2025-04-20 20:17:03,892 - WARNING - 找不到文章 418376 的原始 HTML 檔案
2025-04-20 20:17:03,893 - WARNING - 找不到文章 418377 的原始 HTML 檔案
2025-04-20 20:17:03,897 - WARNING - 找不到文章 418475 的原始 HTML 檔案
2025-04-20 20:17:03,899 - WARNING - 找不到文章 418476 的原始 HTML 檔案
2025-04-20 20:17:03,901 - WARNING - 找不到文章 418521 的原始 HTML 檔案
2025-04-20 20:17:03,901 - WARNING - 找不到文章 418522 的原始 HTML 檔案
2025-04-20 20:17:03,905 - WARNING - 找不到文章 418596 的原始 HTML 檔案
2025-04-20 20:17:03,908 - WARNING - 找不到文章 418597 的原始 HTML 檔案
2025-04-20 20:17:03,910 - WARNING - 找不到文章 418679 的原始 HTML 檔案
2025-04-20 20:17:03,912 - WARNING - 找不到文章 418680 的原始 HTML 檔案
2025-04-20 20:17:03,914 - WARNING - 找不到文章 418759 的原始 HTML 檔案
2025-04-20 20:17:03,917 - WARNING - 找不到文章 418760 的原始 HTML 檔案
2025-04-20 20:17:03,919 - WARNING - 找不到文章 418934 的原始 HTML 檔案
2025-04-20 20:17:03,921 - WARNING - 找不到文章 418935 的原始 HTML 檔案
2025-04-20 20:17:03,923 - WARNING - 找不到文章 418967 的原始 HTML 檔案
2025-04-20 20:17:03,925 - WARNING - 找不到文章 418968 的原始 HTML 檔案
2025-04-20 20:17:03,927 - WARNING - 找不到文章 419077 的原始 HTML 檔案
2025-04-20 20:17:03,929 - WARNING - 找不到文章 419078 的原始 HTML 檔案
2025-04-20 20:17:03,932 - WARNING - 找不到文章 419090 的原始 HTML 檔案
2025-04-20 20:17:03,934 - WARNING - 找不到文章 419091 的原始 HTML 檔案
2025-04-20 20:17:03,936 - WARNING - 找不到文章 419124 的原始 HTML 檔案
2025-04-20 20:17:03,938 - WARNING - 找不到文章 419125 的原始 HTML 檔案
2025-04-20 20:17:03,938 - WARNING - 找不到文章 419179 的原始 HTML 檔案
2025-04-20 20:17:03,942 - WARNING - 找不到文章 419180 的原始 HTML 檔案
2025-04-20 20:17:03,944 - WARNING - 找不到文章 419239 的原始 HTML 檔案
2025-04-20 20:17:03,946 - WARNING - 找不到文章 419240 的原始 HTML 檔案
2025-04-20 20:17:03,948 - WARNING - 找不到文章 419270 的原始 HTML 檔案
2025-04-20 20:17:03,950 - WARNING - 找不到文章 419271 的原始 HTML 檔案
2025-04-20 20:17:03,952 - WARNING - 找不到文章 419336 的原始 HTML 檔案
2025-04-20 20:17:03,954 - WARNING - 找不到文章 419337 的原始 HTML 檔案
2025-04-20 20:17:03,956 - WARNING - 找不到文章 419379 的原始 HTML 檔案
2025-04-20 20:17:03,959 - WARNING - 找不到文章 419380 的原始 HTML 檔案
2025-04-20 20:17:03,961 - WARNING - 找不到文章 419490 的原始 HTML 檔案
2025-04-20 20:17:03,963 - WARNING - 找不到文章 419491 的原始 HTML 檔案
2025-04-20 20:17:03,966 - WARNING - 找不到文章 419534 的原始 HTML 檔案
2025-04-20 20:17:03,968 - WARNING - 找不到文章 419535 的原始 HTML 檔案
2025-04-20 20:17:03,968 - WARNING - 找不到文章 419593 的原始 HTML 檔案
2025-04-20 20:17:03,971 - WARNING - 找不到文章 419594 的原始 HTML 檔案
2025-04-20 20:17:03,973 - WARNING - 找不到文章 419635 的原始 HTML 檔案
2025-04-20 20:17:03,975 - WARNING - 找不到文章 419636 的原始 HTML 檔案
2025-04-20 20:17:03,976 - WARNING - 找不到文章 419729 的原始 HTML 檔案
2025-04-20 20:17:03,979 - WARNING - 找不到文章 419730 的原始 HTML 檔案
2025-04-20 20:17:03,982 - WARNING - 找不到文章 419788 的原始 HTML 檔案
2025-04-20 20:17:03,984 - WARNING - 找不到文章 419789 的原始 HTML 檔案
2025-04-20 20:17:03,985 - WARNING - 找不到文章 419813 的原始 HTML 檔案
2025-04-20 20:17:03,987 - WARNING - 找不到文章 419814 的原始 HTML 檔案
2025-04-20 20:17:03,989 - WARNING - 找不到文章 419883 的原始 HTML 檔案
2025-04-20 20:17:03,990 - WARNING - 找不到文章 419884 的原始 HTML 檔案
2025-04-20 20:17:03,993 - WARNING - 找不到文章 419885 的原始 HTML 檔案
2025-04-20 20:17:03,996 - WARNING - 找不到文章 419975 的原始 HTML 檔案
2025-04-20 20:17:03,998 - WARNING - 找不到文章 420042 的原始 HTML 檔案
2025-04-20 20:17:03,999 - WARNING - 找不到文章 420043 的原始 HTML 檔案
2025-04-20 20:17:04,002 - WARNING - 找不到文章 420126 的原始 HTML 檔案
2025-04-20 20:17:04,004 - WARNING - 找不到文章 420127 的原始 HTML 檔案
2025-04-20 20:17:04,004 - WARNING - 找不到文章 420163 的原始 HTML 檔案
2025-04-20 20:17:04,008 - WARNING - 找不到文章 420164 的原始 HTML 檔案
2025-04-20 20:17:04,010 - WARNING - 找不到文章 420268 的原始 HTML 檔案
2025-04-20 20:17:04,012 - WARNING - 找不到文章 420269 的原始 HTML 檔案
2025-04-20 20:17:04,014 - WARNING - 找不到文章 420327 的原始 HTML 檔案
2025-04-20 20:17:04,017 - WARNING - 找不到文章 420328 的原始 HTML 檔案
2025-04-20 20:17:04,019 - WARNING - 找不到文章 420421 的原始 HTML 檔案
2025-04-20 20:17:04,021 - WARNING - 找不到文章 420422 的原始 HTML 檔案
2025-04-20 20:17:04,023 - WARNING - 找不到文章 420514 的原始 HTML 檔案
2025-04-20 20:17:04,025 - WARNING - 找不到文章 420515 的原始 HTML 檔案
2025-04-20 20:17:04,026 - WARNING - 找不到文章 420585 的原始 HTML 檔案
2025-04-20 20:17:04,030 - WARNING - 找不到文章 420586 的原始 HTML 檔案
2025-04-20 20:17:04,032 - WARNING - 找不到文章 420650 的原始 HTML 檔案
2025-04-20 20:17:04,034 - WARNING - 找不到文章 420651 的原始 HTML 檔案
2025-04-20 20:17:04,036 - WARNING - 找不到文章 420665 的原始 HTML 檔案
2025-04-20 20:17:04,038 - WARNING - 找不到文章 420666 的原始 HTML 檔案
2025-04-20 20:17:04,040 - WARNING - 找不到文章 420792 的原始 HTML 檔案
2025-04-20 20:17:04,040 - WARNING - 找不到文章 420793 的原始 HTML 檔案
2025-04-20 20:17:04,044 - WARNING - 找不到文章 420837 的原始 HTML 檔案
2025-04-20 20:17:04,046 - WARNING - 找不到文章 420838 的原始 HTML 檔案
2025-04-20 20:17:04,049 - WARNING - 找不到文章 420931 的原始 HTML 檔案
2025-04-20 20:17:04,050 - WARNING - 找不到文章 420932 的原始 HTML 檔案
2025-04-20 20:17:04,052 - WARNING - 找不到文章 420995 的原始 HTML 檔案
2025-04-20 20:17:04,054 - WARNING - 找不到文章 420996 的原始 HTML 檔案
2025-04-20 20:17:04,055 - WARNING - 找不到文章 421040 的原始 HTML 檔案
2025-04-20 20:17:04,059 - WARNING - 找不到文章 421041 的原始 HTML 檔案
2025-04-20 20:17:04,061 - WARNING - 找不到文章 421113 的原始 HTML 檔案
2025-04-20 20:17:04,063 - WARNING - 找不到文章 421114 的原始 HTML 檔案
2025-04-20 20:17:04,066 - WARNING - 找不到文章 421163 的原始 HTML 檔案
2025-04-20 20:17:04,068 - WARNING - 找不到文章 421164 的原始 HTML 檔案
2025-04-20 20:17:04,070 - WARNING - 找不到文章 421205 的原始 HTML 檔案
2025-04-20 20:17:04,072 - WARNING - 找不到文章 421206 的原始 HTML 檔案
2025-04-20 20:17:04,074 - WARNING - 找不到文章 421225 的原始 HTML 檔案
2025-04-20 20:17:04,076 - WARNING - 找不到文章 421226 的原始 HTML 檔案
2025-04-20 20:17:04,077 - WARNING - 找不到文章 421337 的原始 HTML 檔案
2025-04-20 20:17:04,079 - WARNING - 找不到文章 421338 的原始 HTML 檔案
2025-04-20 20:17:04,082 - WARNING - 找不到文章 421459 的原始 HTML 檔案
2025-04-20 20:17:04,083 - WARNING - 找不到文章 421460 的原始 HTML 檔案
2025-04-20 20:17:04,085 - WARNING - 找不到文章 421515 的原始 HTML 檔案
2025-04-20 20:17:04,087 - WARNING - 找不到文章 421516 的原始 HTML 檔案
2025-04-20 20:17:04,089 - WARNING - 找不到文章 913375 的原始 HTML 檔案
2025-04-20 20:17:04,116 - INFO - 成功更新文章 913381 的表格格式
2025-04-20 20:17:04,138 - INFO - 成功更新文章 913421 的表格格式
2025-04-20 20:17:04,166 - INFO - 成功更新文章 913445 的表格格式
2025-04-20 20:17:04,189 - INFO - 成功更新文章 913460 的表格格式
2025-04-20 20:17:04,221 - INFO - 成功更新文章 913517 的表格格式
2025-04-20 20:17:04,249 - INFO - 成功更新文章 913557 的表格格式
2025-04-20 20:17:04,276 - INFO - 成功更新文章 913597 的表格格式
2025-04-20 20:17:04,305 - INFO - 成功更新文章 913628 的表格格式
2025-04-20 20:17:04,322 - INFO - 成功更新文章 913674 的表格格式
2025-04-20 20:17:04,353 - INFO - 成功更新文章 913726 的表格格式
2025-04-20 20:17:04,371 - INFO - 成功更新文章 913706 的表格格式
2025-04-20 20:17:04,430 - INFO - 成功更新文章 913646 的表格格式
2025-04-20 20:17:04,453 - INFO - 成功更新文章 913623 的表格格式
2025-04-20 20:17:04,482 - INFO - 成功更新文章 913666 的表格格式
2025-04-20 20:17:04,504 - INFO - 成功更新文章 913542 的表格格式
2025-04-20 20:17:04,532 - INFO - 成功更新文章 913574 的表格格式
2025-04-20 20:17:04,554 - INFO - 成功更新文章 913481 的表格格式
2025-04-20 20:17:04,582 - INFO - 成功更新文章 913419 的表格格式
2025-04-20 20:17:04,617 - INFO - 成功更新文章 913455 的表格格式
2025-04-20 20:17:04,653 - INFO - 成功更新文章 913430 的表格格式
2025-04-20 20:17:04,682 - INFO - 成功更新文章 411880 的表格格式
2025-04-20 20:17:04,682 - INFO - 重新處理完成：成功 21 篇，失敗 812 篇
