2025-04-20 20:06:10,227 - INFO - 初始化更新模式: all, 檢查特定文章: True
2025-04-20 20:06:10,227 - INFO - 設定文章範圍: 近期文章範圍 - 從 914900 到 915000
2025-04-20 20:06:10,227 - INFO - 開始重新處理已爬取文章的表格格式
2025-04-20 20:06:10,589 - INFO - 將重新處理 833 篇文章
2025-04-20 20:06:10,600 - WARNING - 找不到文章 913286 的原始 HTML 檔案
2025-04-20 20:06:10,602 - WARNING - 找不到文章 913158 的原始 HTML 檔案
2025-04-20 20:06:10,604 - WARNING - 找不到文章 912910 的原始 HTML 檔案
2025-04-20 20:06:10,614 - WARNING - 找不到文章 912784 的原始 HTML 檔案
2025-04-20 20:06:10,617 - WARNING - 找不到文章 913054 的原始 HTML 檔案
2025-04-20 20:06:10,620 - WARNING - 找不到文章 912425 的原始 HTML 檔案
2025-04-20 20:06:10,623 - WARNING - 找不到文章 913331 的原始 HTML 檔案
2025-04-20 20:06:10,626 - WARNING - 找不到文章 912956 的原始 HTML 檔案
2025-04-20 20:06:10,629 - WARNING - 找不到文章 912836 的原始 HTML 檔案
2025-04-20 20:06:10,631 - WARNING - 找不到文章 912452 的原始 HTML 檔案
2025-04-20 20:06:10,635 - WARNING - 找不到文章 913225 的原始 HTML 檔案
2025-04-20 20:06:10,639 - WARNING - 找不到文章 913112 的原始 HTML 檔案
2025-04-20 20:06:10,642 - WARNING - 找不到文章 912355 的原始 HTML 檔案
2025-04-20 20:06:10,645 - WARNING - 找不到文章 912485 的原始 HTML 檔案
2025-04-20 20:06:10,648 - WARNING - 找不到文章 912242 的原始 HTML 檔案
2025-04-20 20:06:10,651 - WARNING - 找不到文章 913011 的原始 HTML 檔案
2025-04-20 20:06:10,654 - WARNING - 找不到文章 912885 的原始 HTML 檔案
2025-04-20 20:06:10,658 - WARNING - 找不到文章 912631 的原始 HTML 檔案
2025-04-20 20:06:10,661 - WARNING - 找不到文章 912632 的原始 HTML 檔案
2025-04-20 20:06:10,664 - WARNING - 找不到文章 913274 的原始 HTML 檔案
2025-04-20 20:06:10,666 - WARNING - 找不到文章 900055 的原始 HTML 檔案
2025-04-20 20:06:10,670 - WARNING - 找不到文章 900058 的原始 HTML 檔案
2025-04-20 20:06:10,672 - WARNING - 找不到文章 900081 的原始 HTML 檔案
2025-04-20 20:06:10,676 - WARNING - 找不到文章 900082 的原始 HTML 檔案
2025-04-20 20:06:10,679 - WARNING - 找不到文章 900142 的原始 HTML 檔案
2025-04-20 20:06:10,683 - WARNING - 找不到文章 900144 的原始 HTML 檔案
2025-04-20 20:06:10,686 - WARNING - 找不到文章 900222 的原始 HTML 檔案
2025-04-20 20:06:10,688 - WARNING - 找不到文章 900223 的原始 HTML 檔案
2025-04-20 20:06:10,690 - WARNING - 找不到文章 900289 的原始 HTML 檔案
2025-04-20 20:06:10,692 - WARNING - 找不到文章 900290 的原始 HTML 檔案
2025-04-20 20:06:10,694 - WARNING - 找不到文章 900322 的原始 HTML 檔案
2025-04-20 20:06:10,696 - WARNING - 找不到文章 900323 的原始 HTML 檔案
2025-04-20 20:06:10,699 - WARNING - 找不到文章 900472 的原始 HTML 檔案
2025-04-20 20:06:10,701 - WARNING - 找不到文章 900473 的原始 HTML 檔案
2025-04-20 20:06:10,703 - WARNING - 找不到文章 900512 的原始 HTML 檔案
2025-04-20 20:06:10,706 - WARNING - 找不到文章 900513 的原始 HTML 檔案
2025-04-20 20:06:10,708 - WARNING - 找不到文章 900554 的原始 HTML 檔案
2025-04-20 20:06:10,710 - WARNING - 找不到文章 900555 的原始 HTML 檔案
2025-04-20 20:06:10,712 - WARNING - 找不到文章 900609 的原始 HTML 檔案
2025-04-20 20:06:10,714 - WARNING - 找不到文章 900610 的原始 HTML 檔案
2025-04-20 20:06:10,716 - WARNING - 找不到文章 900663 的原始 HTML 檔案
2025-04-20 20:06:10,718 - WARNING - 找不到文章 900664 的原始 HTML 檔案
2025-04-20 20:06:10,721 - WARNING - 找不到文章 900704 的原始 HTML 檔案
2025-04-20 20:06:10,723 - WARNING - 找不到文章 900705 的原始 HTML 檔案
2025-04-20 20:06:10,725 - WARNING - 找不到文章 900830 的原始 HTML 檔案
2025-04-20 20:06:10,725 - WARNING - 找不到文章 900831 的原始 HTML 檔案
2025-04-20 20:06:10,730 - WARNING - 找不到文章 900948 的原始 HTML 檔案
2025-04-20 20:06:10,733 - WARNING - 找不到文章 900949 的原始 HTML 檔案
2025-04-20 20:06:10,737 - WARNING - 找不到文章 901029 的原始 HTML 檔案
2025-04-20 20:06:10,737 - WARNING - 找不到文章 901030 的原始 HTML 檔案
2025-04-20 20:06:10,742 - WARNING - 找不到文章 901072 的原始 HTML 檔案
2025-04-20 20:06:10,746 - WARNING - 找不到文章 901073 的原始 HTML 檔案
2025-04-20 20:06:10,750 - WARNING - 找不到文章 901141 的原始 HTML 檔案
2025-04-20 20:06:10,754 - WARNING - 找不到文章 901142 的原始 HTML 檔案
2025-04-20 20:06:10,757 - WARNING - 找不到文章 901191 的原始 HTML 檔案
2025-04-20 20:06:10,759 - WARNING - 找不到文章 901192 的原始 HTML 檔案
2025-04-20 20:06:10,763 - WARNING - 找不到文章 901261 的原始 HTML 檔案
2025-04-20 20:06:10,766 - WARNING - 找不到文章 901262 的原始 HTML 檔案
2025-04-20 20:06:10,768 - WARNING - 找不到文章 901352 的原始 HTML 檔案
2025-04-20 20:06:10,771 - WARNING - 找不到文章 901353 的原始 HTML 檔案
2025-04-20 20:06:10,775 - WARNING - 找不到文章 901454 的原始 HTML 檔案
2025-04-20 20:06:10,777 - WARNING - 找不到文章 901455 的原始 HTML 檔案
2025-04-20 20:06:10,779 - WARNING - 找不到文章 901487 的原始 HTML 檔案
2025-04-20 20:06:10,782 - WARNING - 找不到文章 901488 的原始 HTML 檔案
2025-04-20 20:06:10,784 - WARNING - 找不到文章 901543 的原始 HTML 檔案
2025-04-20 20:06:10,790 - WARNING - 找不到文章 901544 的原始 HTML 檔案
2025-04-20 20:06:10,793 - WARNING - 找不到文章 901616 的原始 HTML 檔案
2025-04-20 20:06:10,795 - WARNING - 找不到文章 901617 的原始 HTML 檔案
2025-04-20 20:06:10,798 - WARNING - 找不到文章 901664 的原始 HTML 檔案
2025-04-20 20:06:10,803 - WARNING - 找不到文章 901665 的原始 HTML 檔案
2025-04-20 20:06:10,808 - WARNING - 找不到文章 901708 的原始 HTML 檔案
2025-04-20 20:06:10,810 - WARNING - 找不到文章 901834 的原始 HTML 檔案
2025-04-20 20:06:10,810 - WARNING - 找不到文章 901835 的原始 HTML 檔案
2025-04-20 20:06:10,810 - WARNING - 找不到文章 901908 的原始 HTML 檔案
2025-04-20 20:06:10,810 - WARNING - 找不到文章 901909 的原始 HTML 檔案
2025-04-20 20:06:10,823 - WARNING - 找不到文章 902022 的原始 HTML 檔案
2025-04-20 20:06:10,825 - WARNING - 找不到文章 902023 的原始 HTML 檔案
2025-04-20 20:06:10,828 - WARNING - 找不到文章 902057 的原始 HTML 檔案
2025-04-20 20:06:10,828 - WARNING - 找不到文章 902058 的原始 HTML 檔案
2025-04-20 20:06:10,833 - WARNING - 找不到文章 902106 的原始 HTML 檔案
2025-04-20 20:06:10,833 - WARNING - 找不到文章 902107 的原始 HTML 檔案
2025-04-20 20:06:10,840 - WARNING - 找不到文章 902213 的原始 HTML 檔案
2025-04-20 20:06:10,840 - WARNING - 找不到文章 902214 的原始 HTML 檔案
2025-04-20 20:06:10,845 - WARNING - 找不到文章 902313 的原始 HTML 檔案
2025-04-20 20:06:10,845 - WARNING - 找不到文章 902378 的原始 HTML 檔案
2025-04-20 20:06:10,845 - WARNING - 找不到文章 902379 的原始 HTML 檔案
2025-04-20 20:06:10,845 - WARNING - 找不到文章 902539 的原始 HTML 檔案
2025-04-20 20:06:10,856 - WARNING - 找不到文章 902540 的原始 HTML 檔案
2025-04-20 20:06:10,859 - WARNING - 找不到文章 902588 的原始 HTML 檔案
2025-04-20 20:06:10,861 - WARNING - 找不到文章 902589 的原始 HTML 檔案
2025-04-20 20:06:10,864 - WARNING - 找不到文章 902606 的原始 HTML 檔案
2025-04-20 20:06:10,864 - WARNING - 找不到文章 902608 的原始 HTML 檔案
2025-04-20 20:06:10,864 - WARNING - 找不到文章 902685 的原始 HTML 檔案
2025-04-20 20:06:10,875 - WARNING - 找不到文章 902686 的原始 HTML 檔案
2025-04-20 20:06:10,878 - WARNING - 找不到文章 902764 的原始 HTML 檔案
2025-04-20 20:06:10,880 - WARNING - 找不到文章 902765 的原始 HTML 檔案
2025-04-20 20:06:10,884 - WARNING - 找不到文章 902871 的原始 HTML 檔案
2025-04-20 20:06:10,886 - WARNING - 找不到文章 902872 的原始 HTML 檔案
2025-04-20 20:06:10,890 - WARNING - 找不到文章 902905 的原始 HTML 檔案
2025-04-20 20:06:10,902 - WARNING - 找不到文章 902907 的原始 HTML 檔案
2025-04-20 20:06:10,907 - WARNING - 找不到文章 902970 的原始 HTML 檔案
2025-04-20 20:06:10,909 - WARNING - 找不到文章 902971 的原始 HTML 檔案
2025-04-20 20:06:10,915 - WARNING - 找不到文章 903051 的原始 HTML 檔案
2025-04-20 20:06:10,923 - WARNING - 找不到文章 903052 的原始 HTML 檔案
2025-04-20 20:06:10,923 - WARNING - 找不到文章 903114 的原始 HTML 檔案
2025-04-20 20:06:10,933 - WARNING - 找不到文章 903115 的原始 HTML 檔案
2025-04-20 20:06:10,935 - WARNING - 找不到文章 903253 的原始 HTML 檔案
2025-04-20 20:06:10,935 - WARNING - 找不到文章 903254 的原始 HTML 檔案
2025-04-20 20:06:10,940 - WARNING - 找不到文章 903315 的原始 HTML 檔案
2025-04-20 20:06:10,940 - WARNING - 找不到文章 903316 的原始 HTML 檔案
2025-04-20 20:06:10,946 - WARNING - 找不到文章 903370 的原始 HTML 檔案
2025-04-20 20:06:10,948 - WARNING - 找不到文章 903371 的原始 HTML 檔案
2025-04-20 20:06:10,950 - WARNING - 找不到文章 903405 的原始 HTML 檔案
2025-04-20 20:06:10,953 - WARNING - 找不到文章 903455 的原始 HTML 檔案
2025-04-20 20:06:10,955 - WARNING - 找不到文章 903560 的原始 HTML 檔案
2025-04-20 20:06:10,956 - WARNING - 找不到文章 903561 的原始 HTML 檔案
2025-04-20 20:06:10,956 - WARNING - 找不到文章 903589 的原始 HTML 檔案
2025-04-20 20:06:10,963 - WARNING - 找不到文章 903622 的原始 HTML 檔案
2025-04-20 20:06:10,966 - WARNING - 找不到文章 903625 的原始 HTML 檔案
2025-04-20 20:06:10,966 - WARNING - 找不到文章 903658 的原始 HTML 檔案
2025-04-20 20:06:10,970 - WARNING - 找不到文章 903687 的原始 HTML 檔案
2025-04-20 20:06:10,973 - WARNING - 找不到文章 903716 的原始 HTML 檔案
2025-04-20 20:06:10,973 - WARNING - 找不到文章 903810 的原始 HTML 檔案
2025-04-20 20:06:10,973 - WARNING - 找不到文章 903829 的原始 HTML 檔案
2025-04-20 20:06:10,980 - WARNING - 找不到文章 903830 的原始 HTML 檔案
2025-04-20 20:06:10,982 - WARNING - 找不到文章 903831 的原始 HTML 檔案
2025-04-20 20:06:10,984 - WARNING - 找不到文章 903940 的原始 HTML 檔案
2025-04-20 20:06:10,984 - WARNING - 找不到文章 903980 的原始 HTML 檔案
2025-04-20 20:06:10,988 - WARNING - 找不到文章 904053 的原始 HTML 檔案
2025-04-20 20:06:10,990 - WARNING - 找不到文章 904099 的原始 HTML 檔案
2025-04-20 20:06:10,993 - WARNING - 找不到文章 904159 的原始 HTML 檔案
2025-04-20 20:06:10,996 - WARNING - 找不到文章 904215 的原始 HTML 檔案
2025-04-20 20:06:10,998 - WARNING - 找不到文章 904228 的原始 HTML 檔案
2025-04-20 20:06:11,000 - WARNING - 找不到文章 904229 的原始 HTML 檔案
2025-04-20 20:06:11,000 - WARNING - 找不到文章 904279 的原始 HTML 檔案
2025-04-20 20:06:11,004 - WARNING - 找不到文章 904299 的原始 HTML 檔案
2025-04-20 20:06:11,006 - WARNING - 找不到文章 904323 的原始 HTML 檔案
2025-04-20 20:06:11,007 - WARNING - 找不到文章 904456 的原始 HTML 檔案
2025-04-20 20:06:11,007 - WARNING - 找不到文章 904457 的原始 HTML 檔案
2025-04-20 20:06:11,012 - WARNING - 找不到文章 904486 的原始 HTML 檔案
2025-04-20 20:06:11,014 - WARNING - 找不到文章 904500 的原始 HTML 檔案
2025-04-20 20:06:11,016 - WARNING - 找不到文章 904512 的原始 HTML 檔案
2025-04-20 20:06:11,016 - WARNING - 找不到文章 904567 的原始 HTML 檔案
2025-04-20 20:06:11,020 - WARNING - 找不到文章 904576 的原始 HTML 檔案
2025-04-20 20:06:11,022 - WARNING - 找不到文章 904672 的原始 HTML 檔案
2025-04-20 20:06:11,023 - WARNING - 找不到文章 904741 的原始 HTML 檔案
2025-04-20 20:06:11,023 - WARNING - 找不到文章 904745 的原始 HTML 檔案
2025-04-20 20:06:11,030 - WARNING - 找不到文章 904765 的原始 HTML 檔案
2025-04-20 20:06:11,032 - WARNING - 找不到文章 904815 的原始 HTML 檔案
2025-04-20 20:06:11,034 - WARNING - 找不到文章 904888 的原始 HTML 檔案
2025-04-20 20:06:11,034 - WARNING - 找不到文章 904954 的原始 HTML 檔案
2025-04-20 20:06:11,037 - WARNING - 找不到文章 904960 的原始 HTML 檔案
2025-04-20 20:06:11,040 - WARNING - 找不到文章 904980 的原始 HTML 檔案
2025-04-20 20:06:11,040 - WARNING - 找不到文章 905019 的原始 HTML 檔案
2025-04-20 20:06:11,044 - WARNING - 找不到文章 905028 的原始 HTML 檔案
2025-04-20 20:06:11,046 - WARNING - 找不到文章 905102 的原始 HTML 檔案
2025-04-20 20:06:11,048 - WARNING - 找不到文章 905136 的原始 HTML 檔案
2025-04-20 20:06:11,050 - WARNING - 找不到文章 905141 的原始 HTML 檔案
2025-04-20 20:06:11,052 - WARNING - 找不到文章 905153 的原始 HTML 檔案
2025-04-20 20:06:11,054 - WARNING - 找不到文章 905202 的原始 HTML 檔案
2025-04-20 20:06:11,056 - WARNING - 找不到文章 905215 的原始 HTML 檔案
2025-04-20 20:06:11,057 - WARNING - 找不到文章 905227 的原始 HTML 檔案
2025-04-20 20:06:11,057 - WARNING - 找不到文章 905273 的原始 HTML 檔案
2025-04-20 20:06:11,063 - WARNING - 找不到文章 905298 的原始 HTML 檔案
2025-04-20 20:06:11,065 - WARNING - 找不到文章 905315 的原始 HTML 檔案
2025-04-20 20:06:11,066 - WARNING - 找不到文章 905387 的原始 HTML 檔案
2025-04-20 20:06:11,066 - WARNING - 找不到文章 905406 的原始 HTML 檔案
2025-04-20 20:06:11,071 - WARNING - 找不到文章 905499 的原始 HTML 檔案
2025-04-20 20:06:11,073 - WARNING - 找不到文章 905515 的原始 HTML 檔案
2025-04-20 20:06:11,076 - WARNING - 找不到文章 905576 的原始 HTML 檔案
2025-04-20 20:06:11,077 - WARNING - 找不到文章 905586 的原始 HTML 檔案
2025-04-20 20:06:11,081 - WARNING - 找不到文章 905700 的原始 HTML 檔案
2025-04-20 20:06:11,083 - WARNING - 找不到文章 905713 的原始 HTML 檔案
2025-04-20 20:06:11,085 - WARNING - 找不到文章 905731 的原始 HTML 檔案
2025-04-20 20:06:11,087 - WARNING - 找不到文章 905759 的原始 HTML 檔案
2025-04-20 20:06:11,089 - WARNING - 找不到文章 905771 的原始 HTML 檔案
2025-04-20 20:06:11,090 - WARNING - 找不到文章 905790 的原始 HTML 檔案
2025-04-20 20:06:11,090 - WARNING - 找不到文章 905810 的原始 HTML 檔案
2025-04-20 20:06:11,096 - WARNING - 找不到文章 905845 的原始 HTML 檔案
2025-04-20 20:06:11,099 - WARNING - 找不到文章 905867 的原始 HTML 檔案
2025-04-20 20:06:11,101 - WARNING - 找不到文章 905884 的原始 HTML 檔案
2025-04-20 20:06:11,103 - WARNING - 找不到文章 905973 的原始 HTML 檔案
2025-04-20 20:06:11,104 - WARNING - 找不到文章 905979 的原始 HTML 檔案
2025-04-20 20:06:11,107 - WARNING - 找不到文章 906041 的原始 HTML 檔案
2025-04-20 20:06:11,107 - WARNING - 找不到文章 906076 的原始 HTML 檔案
2025-04-20 20:06:11,111 - WARNING - 找不到文章 906103 的原始 HTML 檔案
2025-04-20 20:06:11,114 - WARNING - 找不到文章 906119 的原始 HTML 檔案
2025-04-20 20:06:11,116 - WARNING - 找不到文章 906127 的原始 HTML 檔案
2025-04-20 20:06:11,116 - WARNING - 找不到文章 906230 的原始 HTML 檔案
2025-04-20 20:06:11,120 - WARNING - 找不到文章 906247 的原始 HTML 檔案
2025-04-20 20:06:11,122 - WARNING - 找不到文章 906252 的原始 HTML 檔案
2025-04-20 20:06:11,124 - WARNING - 找不到文章 906267 的原始 HTML 檔案
2025-04-20 20:06:11,125 - WARNING - 找不到文章 906268 的原始 HTML 檔案
2025-04-20 20:06:11,128 - WARNING - 找不到文章 906347 的原始 HTML 檔案
2025-04-20 20:06:11,130 - WARNING - 找不到文章 906377 的原始 HTML 檔案
2025-04-20 20:06:11,132 - WARNING - 找不到文章 906404 的原始 HTML 檔案
2025-04-20 20:06:11,133 - WARNING - 找不到文章 906425 的原始 HTML 檔案
2025-04-20 20:06:11,136 - WARNING - 找不到文章 906482 的原始 HTML 檔案
2025-04-20 20:06:11,138 - WARNING - 找不到文章 906594 的原始 HTML 檔案
2025-04-20 20:06:11,140 - WARNING - 找不到文章 906631 的原始 HTML 檔案
2025-04-20 20:06:11,143 - WARNING - 找不到文章 906671 的原始 HTML 檔案
2025-04-20 20:06:11,145 - WARNING - 找不到文章 906739 的原始 HTML 檔案
2025-04-20 20:06:11,148 - WARNING - 找不到文章 906740 的原始 HTML 檔案
2025-04-20 20:06:11,148 - WARNING - 找不到文章 906744 的原始 HTML 檔案
2025-04-20 20:06:11,151 - WARNING - 找不到文章 906785 的原始 HTML 檔案
2025-04-20 20:06:11,153 - WARNING - 找不到文章 906824 的原始 HTML 檔案
2025-04-20 20:06:11,155 - WARNING - 找不到文章 906891 的原始 HTML 檔案
2025-04-20 20:06:11,157 - WARNING - 找不到文章 906932 的原始 HTML 檔案
2025-04-20 20:06:11,160 - WARNING - 找不到文章 906980 的原始 HTML 檔案
2025-04-20 20:06:11,162 - WARNING - 找不到文章 907040 的原始 HTML 檔案
2025-04-20 20:06:11,164 - WARNING - 找不到文章 907095 的原始 HTML 檔案
2025-04-20 20:06:11,165 - WARNING - 找不到文章 907119 的原始 HTML 檔案
2025-04-20 20:06:11,169 - WARNING - 找不到文章 907121 的原始 HTML 檔案
2025-04-20 20:06:11,171 - WARNING - 找不到文章 907147 的原始 HTML 檔案
2025-04-20 20:06:11,173 - WARNING - 找不到文章 907167 的原始 HTML 檔案
2025-04-20 20:06:11,176 - WARNING - 找不到文章 907249 的原始 HTML 檔案
2025-04-20 20:06:11,179 - WARNING - 找不到文章 907296 的原始 HTML 檔案
2025-04-20 20:06:11,180 - WARNING - 找不到文章 907334 的原始 HTML 檔案
2025-04-20 20:06:11,180 - WARNING - 找不到文章 907359 的原始 HTML 檔案
2025-04-20 20:06:11,185 - WARNING - 找不到文章 907403 的原始 HTML 檔案
2025-04-20 20:06:11,187 - WARNING - 找不到文章 907421 的原始 HTML 檔案
2025-04-20 20:06:11,189 - WARNING - 找不到文章 907485 的原始 HTML 檔案
2025-04-20 20:06:11,190 - WARNING - 找不到文章 907523 的原始 HTML 檔案
2025-04-20 20:06:11,190 - WARNING - 找不到文章 907535 的原始 HTML 檔案
2025-04-20 20:06:11,195 - WARNING - 找不到文章 907536 的原始 HTML 檔案
2025-04-20 20:06:11,197 - WARNING - 找不到文章 907569 的原始 HTML 檔案
2025-04-20 20:06:11,199 - WARNING - 找不到文章 907646 的原始 HTML 檔案
2025-04-20 20:06:11,200 - WARNING - 找不到文章 907657 的原始 HTML 檔案
2025-04-20 20:06:11,203 - WARNING - 找不到文章 907677 的原始 HTML 檔案
2025-04-20 20:06:11,205 - WARNING - 找不到文章 907714 的原始 HTML 檔案
2025-04-20 20:06:11,207 - WARNING - 找不到文章 907761 的原始 HTML 檔案
2025-04-20 20:06:11,209 - WARNING - 找不到文章 907810 的原始 HTML 檔案
2025-04-20 20:06:11,212 - WARNING - 找不到文章 907845 的原始 HTML 檔案
2025-04-20 20:06:11,214 - WARNING - 找不到文章 907883 的原始 HTML 檔案
2025-04-20 20:06:11,214 - WARNING - 找不到文章 907918 的原始 HTML 檔案
2025-04-20 20:06:11,218 - WARNING - 找不到文章 907950 的原始 HTML 檔案
2025-04-20 20:06:11,220 - WARNING - 找不到文章 907978 的原始 HTML 檔案
2025-04-20 20:06:11,222 - WARNING - 找不到文章 908023 的原始 HTML 檔案
2025-04-20 20:06:11,224 - WARNING - 找不到文章 908042 的原始 HTML 檔案
2025-04-20 20:06:11,227 - WARNING - 找不到文章 908098 的原始 HTML 檔案
2025-04-20 20:06:11,229 - WARNING - 找不到文章 908130 的原始 HTML 檔案
2025-04-20 20:06:11,232 - WARNING - 找不到文章 908150 的原始 HTML 檔案
2025-04-20 20:06:11,234 - WARNING - 找不到文章 908246 的原始 HTML 檔案
2025-04-20 20:06:11,236 - WARNING - 找不到文章 908283 的原始 HTML 檔案
2025-04-20 20:06:11,237 - WARNING - 找不到文章 908295 的原始 HTML 檔案
2025-04-20 20:06:11,240 - WARNING - 找不到文章 908315 的原始 HTML 檔案
2025-04-20 20:06:11,242 - WARNING - 找不到文章 908340 的原始 HTML 檔案
2025-04-20 20:06:11,244 - WARNING - 找不到文章 908409 的原始 HTML 檔案
2025-04-20 20:06:11,246 - WARNING - 找不到文章 908440 的原始 HTML 檔案
2025-04-20 20:06:11,248 - WARNING - 找不到文章 908466 的原始 HTML 檔案
2025-04-20 20:06:11,250 - WARNING - 找不到文章 908484 的原始 HTML 檔案
2025-04-20 20:06:11,251 - WARNING - 找不到文章 908525 的原始 HTML 檔案
2025-04-20 20:06:11,254 - WARNING - 找不到文章 908537 的原始 HTML 檔案
2025-04-20 20:06:11,256 - WARNING - 找不到文章 908583 的原始 HTML 檔案
2025-04-20 20:06:11,259 - WARNING - 找不到文章 908628 的原始 HTML 檔案
2025-04-20 20:06:11,261 - WARNING - 找不到文章 908691 的原始 HTML 檔案
2025-04-20 20:06:11,263 - WARNING - 找不到文章 908746 的原始 HTML 檔案
2025-04-20 20:06:11,265 - WARNING - 找不到文章 908757 的原始 HTML 檔案
2025-04-20 20:06:11,265 - WARNING - 找不到文章 908758 的原始 HTML 檔案
2025-04-20 20:06:11,270 - WARNING - 找不到文章 908796 的原始 HTML 檔案
2025-04-20 20:06:11,271 - WARNING - 找不到文章 908808 的原始 HTML 檔案
2025-04-20 20:06:11,274 - WARNING - 找不到文章 908837 的原始 HTML 檔案
2025-04-20 20:06:11,276 - WARNING - 找不到文章 908855 的原始 HTML 檔案
2025-04-20 20:06:11,278 - WARNING - 找不到文章 908892 的原始 HTML 檔案
2025-04-20 20:06:11,280 - WARNING - 找不到文章 908938 的原始 HTML 檔案
2025-04-20 20:06:11,282 - WARNING - 找不到文章 908951 的原始 HTML 檔案
2025-04-20 20:06:11,284 - WARNING - 找不到文章 909027 的原始 HTML 檔案
2025-04-20 20:06:11,287 - WARNING - 找不到文章 909082 的原始 HTML 檔案
2025-04-20 20:06:11,288 - WARNING - 找不到文章 909083 的原始 HTML 檔案
2025-04-20 20:06:11,290 - WARNING - 找不到文章 909089 的原始 HTML 檔案
2025-04-20 20:06:11,293 - WARNING - 找不到文章 909095 的原始 HTML 檔案
2025-04-20 20:06:11,295 - WARNING - 找不到文章 909129 的原始 HTML 檔案
2025-04-20 20:06:11,297 - WARNING - 找不到文章 909273 的原始 HTML 檔案
2025-04-20 20:06:11,300 - WARNING - 找不到文章 909293 的原始 HTML 檔案
2025-04-20 20:06:11,303 - WARNING - 找不到文章 909314 的原始 HTML 檔案
2025-04-20 20:06:11,305 - WARNING - 找不到文章 909339 的原始 HTML 檔案
2025-04-20 20:06:11,307 - WARNING - 找不到文章 909354 的原始 HTML 檔案
2025-04-20 20:06:11,309 - WARNING - 找不到文章 909359 的原始 HTML 檔案
2025-04-20 20:06:11,311 - WARNING - 找不到文章 909412 的原始 HTML 檔案
2025-04-20 20:06:11,313 - WARNING - 找不到文章 909439 的原始 HTML 檔案
2025-04-20 20:06:11,315 - WARNING - 找不到文章 909457 的原始 HTML 檔案
2025-04-20 20:06:11,315 - WARNING - 找不到文章 909527 的原始 HTML 檔案
2025-04-20 20:06:11,319 - WARNING - 找不到文章 909546 的原始 HTML 檔案
2025-04-20 20:06:11,321 - WARNING - 找不到文章 909608 的原始 HTML 檔案
2025-04-20 20:06:11,324 - WARNING - 找不到文章 909639 的原始 HTML 檔案
2025-04-20 20:06:11,324 - WARNING - 找不到文章 909682 的原始 HTML 檔案
2025-04-20 20:06:11,328 - WARNING - 找不到文章 909717 的原始 HTML 檔案
2025-04-20 20:06:11,331 - WARNING - 找不到文章 909739 的原始 HTML 檔案
2025-04-20 20:06:11,333 - WARNING - 找不到文章 909767 的原始 HTML 檔案
2025-04-20 20:06:11,333 - WARNING - 找不到文章 909798 的原始 HTML 檔案
2025-04-20 20:06:11,333 - WARNING - 找不到文章 909870 的原始 HTML 檔案
2025-04-20 20:06:11,340 - WARNING - 找不到文章 909905 的原始 HTML 檔案
2025-04-20 20:06:11,340 - WARNING - 找不到文章 909954 的原始 HTML 檔案
2025-04-20 20:06:11,340 - WARNING - 找不到文章 909991 的原始 HTML 檔案
2025-04-20 20:06:11,346 - WARNING - 找不到文章 909997 的原始 HTML 檔案
2025-04-20 20:06:11,348 - WARNING - 找不到文章 910031 的原始 HTML 檔案
2025-04-20 20:06:11,349 - WARNING - 找不到文章 910088 的原始 HTML 檔案
2025-04-20 20:06:11,352 - WARNING - 找不到文章 910147 的原始 HTML 檔案
2025-04-20 20:06:11,354 - WARNING - 找不到文章 910181 的原始 HTML 檔案
2025-04-20 20:06:11,357 - WARNING - 找不到文章 910262 的原始 HTML 檔案
2025-04-20 20:06:11,357 - WARNING - 找不到文章 910304 的原始 HTML 檔案
2025-04-20 20:06:11,362 - WARNING - 找不到文章 910325 的原始 HTML 檔案
2025-04-20 20:06:11,364 - WARNING - 找不到文章 910359 的原始 HTML 檔案
2025-04-20 20:06:11,366 - WARNING - 找不到文章 910373 的原始 HTML 檔案
2025-04-20 20:06:11,366 - WARNING - 找不到文章 910390 的原始 HTML 檔案
2025-04-20 20:06:11,369 - WARNING - 找不到文章 910414 的原始 HTML 檔案
2025-04-20 20:06:11,371 - WARNING - 找不到文章 910429 的原始 HTML 檔案
2025-04-20 20:06:11,374 - WARNING - 找不到文章 910446 的原始 HTML 檔案
2025-04-20 20:06:11,378 - WARNING - 找不到文章 910500 的原始 HTML 檔案
2025-04-20 20:06:11,380 - WARNING - 找不到文章 910554 的原始 HTML 檔案
2025-04-20 20:06:11,381 - WARNING - 找不到文章 910560 的原始 HTML 檔案
2025-04-20 20:06:11,381 - WARNING - 找不到文章 910575 的原始 HTML 檔案
2025-04-20 20:06:11,386 - WARNING - 找不到文章 910617 的原始 HTML 檔案
2025-04-20 20:06:11,388 - WARNING - 找不到文章 910627 的原始 HTML 檔案
2025-04-20 20:06:11,390 - WARNING - 找不到文章 910659 的原始 HTML 檔案
2025-04-20 20:06:11,390 - WARNING - 找不到文章 910700 的原始 HTML 檔案
2025-04-20 20:06:11,394 - WARNING - 找不到文章 910709 的原始 HTML 檔案
2025-04-20 20:06:11,397 - WARNING - 找不到文章 910761 的原始 HTML 檔案
2025-04-20 20:06:11,399 - WARNING - 找不到文章 910827 的原始 HTML 檔案
2025-04-20 20:06:11,400 - WARNING - 找不到文章 910837 的原始 HTML 檔案
2025-04-20 20:06:11,403 - WARNING - 找不到文章 910860 的原始 HTML 檔案
2025-04-20 20:06:11,405 - WARNING - 找不到文章 910874 的原始 HTML 檔案
2025-04-20 20:06:11,407 - WARNING - 找不到文章 910921 的原始 HTML 檔案
2025-04-20 20:06:11,407 - WARNING - 找不到文章 910960 的原始 HTML 檔案
2025-04-20 20:06:11,412 - WARNING - 找不到文章 910966 的原始 HTML 檔案
2025-04-20 20:06:11,414 - WARNING - 找不到文章 911012 的原始 HTML 檔案
2025-04-20 20:06:11,416 - WARNING - 找不到文章 911049 的原始 HTML 檔案
2025-04-20 20:06:11,418 - WARNING - 找不到文章 911127 的原始 HTML 檔案
2025-04-20 20:06:11,420 - WARNING - 找不到文章 911137 的原始 HTML 檔案
2025-04-20 20:06:11,422 - WARNING - 找不到文章 911150 的原始 HTML 檔案
2025-04-20 20:06:11,424 - WARNING - 找不到文章 911173 的原始 HTML 檔案
2025-04-20 20:06:11,427 - WARNING - 找不到文章 911189 的原始 HTML 檔案
2025-04-20 20:06:11,429 - WARNING - 找不到文章 911195 的原始 HTML 檔案
2025-04-20 20:06:11,431 - WARNING - 找不到文章 911262 的原始 HTML 檔案
2025-04-20 20:06:11,434 - WARNING - 找不到文章 911354 的原始 HTML 檔案
2025-04-20 20:06:11,436 - WARNING - 找不到文章 911364 的原始 HTML 檔案
2025-04-20 20:06:11,438 - WARNING - 找不到文章 911405 的原始 HTML 檔案
2025-04-20 20:06:11,440 - WARNING - 找不到文章 911432 的原始 HTML 檔案
2025-04-20 20:06:11,443 - WARNING - 找不到文章 911446 的原始 HTML 檔案
2025-04-20 20:06:11,445 - WARNING - 找不到文章 911491 的原始 HTML 檔案
2025-04-20 20:06:11,447 - WARNING - 找不到文章 911547 的原始 HTML 檔案
2025-04-20 20:06:11,449 - WARNING - 找不到文章 911564 的原始 HTML 檔案
2025-04-20 20:06:11,451 - WARNING - 找不到文章 911612 的原始 HTML 檔案
2025-04-20 20:06:11,452 - WARNING - 找不到文章 911627 的原始 HTML 檔案
2025-04-20 20:06:11,453 - WARNING - 找不到文章 911654 的原始 HTML 檔案
2025-04-20 20:06:11,457 - WARNING - 找不到文章 911673 的原始 HTML 檔案
2025-04-20 20:06:11,460 - WARNING - 找不到文章 911692 的原始 HTML 檔案
2025-04-20 20:06:11,462 - WARNING - 找不到文章 911726 的原始 HTML 檔案
2025-04-20 20:06:11,463 - WARNING - 找不到文章 911837 的原始 HTML 檔案
2025-04-20 20:06:11,466 - WARNING - 找不到文章 911940 的原始 HTML 檔案
2025-04-20 20:06:11,467 - WARNING - 找不到文章 912000 的原始 HTML 檔案
2025-04-20 20:06:11,468 - WARNING - 找不到文章 912009 的原始 HTML 檔案
2025-04-20 20:06:11,471 - WARNING - 找不到文章 912036 的原始 HTML 檔案
2025-04-20 20:06:11,473 - WARNING - 找不到文章 912049 的原始 HTML 檔案
2025-04-20 20:06:11,475 - WARNING - 找不到文章 912059 的原始 HTML 檔案
2025-04-20 20:06:11,476 - WARNING - 找不到文章 912098 的原始 HTML 檔案
2025-04-20 20:06:11,479 - WARNING - 找不到文章 912110 的原始 HTML 檔案
2025-04-20 20:06:11,481 - WARNING - 找不到文章 912152 的原始 HTML 檔案
2025-04-20 20:06:11,483 - WARNING - 找不到文章 912171 的原始 HTML 檔案
2025-04-20 20:06:11,485 - WARNING - 找不到文章 912197 的原始 HTML 檔案
2025-04-20 20:06:11,487 - WARNING - 找不到文章 912206 的原始 HTML 檔案
2025-04-20 20:06:11,489 - WARNING - 找不到文章 912225 的原始 HTML 檔案
2025-04-20 20:06:11,492 - WARNING - 找不到文章 912231 的原始 HTML 檔案
2025-04-20 20:06:11,494 - WARNING - 找不到文章 912241 的原始 HTML 檔案
2025-04-20 20:06:11,496 - WARNING - 找不到文章 912332 的原始 HTML 檔案
2025-04-20 20:06:11,498 - WARNING - 找不到文章 912422 的原始 HTML 檔案
2025-04-20 20:06:11,500 - WARNING - 找不到文章 912468 的原始 HTML 檔案
2025-04-20 20:06:11,502 - WARNING - 找不到文章 912499 的原始 HTML 檔案
2025-04-20 20:06:11,504 - WARNING - 找不到文章 912569 的原始 HTML 檔案
2025-04-20 20:06:11,506 - WARNING - 找不到文章 912603 的原始 HTML 檔案
2025-04-20 20:06:11,509 - WARNING - 找不到文章 912664 的原始 HTML 檔案
2025-04-20 20:06:11,511 - WARNING - 找不到文章 912735 的原始 HTML 檔案
2025-04-20 20:06:11,512 - WARNING - 找不到文章 912736 的原始 HTML 檔案
2025-04-20 20:06:11,514 - WARNING - 找不到文章 912862 的原始 HTML 檔案
2025-04-20 20:06:11,514 - WARNING - 找不到文章 912898 的原始 HTML 檔案
2025-04-20 20:06:11,514 - WARNING - 找不到文章 912933 的原始 HTML 檔案
2025-04-20 20:06:11,520 - WARNING - 找不到文章 912981 的原始 HTML 檔案
2025-04-20 20:06:11,522 - WARNING - 找不到文章 913024 的原始 HTML 檔案
2025-04-20 20:06:11,526 - WARNING - 找不到文章 913109 的原始 HTML 檔案
2025-04-20 20:06:11,526 - WARNING - 找不到文章 913135 的原始 HTML 檔案
2025-04-20 20:06:11,529 - WARNING - 找不到文章 913190 的原始 HTML 檔案
2025-04-20 20:06:11,531 - WARNING - 找不到文章 913253 的原始 HTML 檔案
2025-04-20 20:06:11,534 - WARNING - 找不到文章 913285 的原始 HTML 檔案
2025-04-20 20:06:11,536 - WARNING - 找不到文章 913325 的原始 HTML 檔案
2025-04-20 20:06:11,538 - WARNING - 找不到文章 409187 的原始 HTML 檔案
2025-04-20 20:06:11,540 - WARNING - 找不到文章 409188 的原始 HTML 檔案
2025-04-20 20:06:11,540 - WARNING - 找不到文章 409189 的原始 HTML 檔案
2025-04-20 20:06:11,544 - WARNING - 找不到文章 409190 的原始 HTML 檔案
2025-04-20 20:06:11,546 - WARNING - 找不到文章 409191 的原始 HTML 檔案
2025-04-20 20:06:11,548 - WARNING - 找不到文章 409192 的原始 HTML 檔案
2025-04-20 20:06:11,549 - WARNING - 找不到文章 409193 的原始 HTML 檔案
2025-04-20 20:06:11,552 - WARNING - 找不到文章 409194 的原始 HTML 檔案
2025-04-20 20:06:11,555 - WARNING - 找不到文章 409195 的原始 HTML 檔案
2025-04-20 20:06:11,557 - WARNING - 找不到文章 409196 的原始 HTML 檔案
2025-04-20 20:06:11,560 - WARNING - 找不到文章 409197 的原始 HTML 檔案
2025-04-20 20:06:11,561 - WARNING - 找不到文章 409198 的原始 HTML 檔案
2025-04-20 20:06:11,564 - WARNING - 找不到文章 409199 的原始 HTML 檔案
2025-04-20 20:06:11,566 - WARNING - 找不到文章 409206 的原始 HTML 檔案
2025-04-20 20:06:11,567 - WARNING - 找不到文章 409207 的原始 HTML 檔案
2025-04-20 20:06:11,570 - WARNING - 找不到文章 409208 的原始 HTML 檔案
2025-04-20 20:06:11,571 - WARNING - 找不到文章 409209 的原始 HTML 檔案
2025-04-20 20:06:11,574 - WARNING - 找不到文章 409210 的原始 HTML 檔案
2025-04-20 20:06:11,576 - WARNING - 找不到文章 409211 的原始 HTML 檔案
2025-04-20 20:06:11,579 - WARNING - 找不到文章 409212 的原始 HTML 檔案
2025-04-20 20:06:11,580 - WARNING - 找不到文章 409213 的原始 HTML 檔案
2025-04-20 20:06:11,580 - WARNING - 找不到文章 409214 的原始 HTML 檔案
2025-04-20 20:06:11,580 - WARNING - 找不到文章 409215 的原始 HTML 檔案
2025-04-20 20:06:11,580 - WARNING - 找不到文章 409216 的原始 HTML 檔案
2025-04-20 20:06:11,589 - WARNING - 找不到文章 409217 的原始 HTML 檔案
2025-04-20 20:06:11,591 - WARNING - 找不到文章 409218 的原始 HTML 檔案
2025-04-20 20:06:11,593 - WARNING - 找不到文章 409219 的原始 HTML 檔案
2025-04-20 20:06:11,594 - WARNING - 找不到文章 409220 的原始 HTML 檔案
2025-04-20 20:06:11,597 - WARNING - 找不到文章 409221 的原始 HTML 檔案
2025-04-20 20:06:11,599 - WARNING - 找不到文章 409243 的原始 HTML 檔案
2025-04-20 20:06:11,601 - WARNING - 找不到文章 409244 的原始 HTML 檔案
2025-04-20 20:06:11,602 - WARNING - 找不到文章 409245 的原始 HTML 檔案
2025-04-20 20:06:11,605 - WARNING - 找不到文章 409246 的原始 HTML 檔案
2025-04-20 20:06:11,607 - WARNING - 找不到文章 409247 的原始 HTML 檔案
2025-04-20 20:06:11,610 - WARNING - 找不到文章 409248 的原始 HTML 檔案
2025-04-20 20:06:11,612 - WARNING - 找不到文章 409249 的原始 HTML 檔案
2025-04-20 20:06:11,614 - WARNING - 找不到文章 409250 的原始 HTML 檔案
2025-04-20 20:06:11,616 - WARNING - 找不到文章 409251 的原始 HTML 檔案
2025-04-20 20:06:11,617 - WARNING - 找不到文章 409252 的原始 HTML 檔案
2025-04-20 20:06:11,620 - WARNING - 找不到文章 409253 的原始 HTML 檔案
2025-04-20 20:06:11,622 - WARNING - 找不到文章 409289 的原始 HTML 檔案
2025-04-20 20:06:11,624 - WARNING - 找不到文章 409290 的原始 HTML 檔案
2025-04-20 20:06:11,627 - WARNING - 找不到文章 409291 的原始 HTML 檔案
2025-04-20 20:06:11,629 - WARNING - 找不到文章 409292 的原始 HTML 檔案
2025-04-20 20:06:11,631 - WARNING - 找不到文章 409293 的原始 HTML 檔案
2025-04-20 20:06:11,634 - WARNING - 找不到文章 409294 的原始 HTML 檔案
2025-04-20 20:06:11,636 - WARNING - 找不到文章 409334 的原始 HTML 檔案
2025-04-20 20:06:11,638 - WARNING - 找不到文章 409335 的原始 HTML 檔案
2025-04-20 20:06:11,641 - WARNING - 找不到文章 409460 的原始 HTML 檔案
2025-04-20 20:06:11,643 - WARNING - 找不到文章 409461 的原始 HTML 檔案
2025-04-20 20:06:11,645 - WARNING - 找不到文章 409567 的原始 HTML 檔案
2025-04-20 20:06:11,648 - WARNING - 找不到文章 409568 的原始 HTML 檔案
2025-04-20 20:06:11,648 - WARNING - 找不到文章 409583 的原始 HTML 檔案
2025-04-20 20:06:11,648 - WARNING - 找不到文章 409584 的原始 HTML 檔案
2025-04-20 20:06:11,648 - WARNING - 找不到文章 409630 的原始 HTML 檔案
2025-04-20 20:06:11,655 - WARNING - 找不到文章 409631 的原始 HTML 檔案
2025-04-20 20:06:11,657 - WARNING - 找不到文章 409706 的原始 HTML 檔案
2025-04-20 20:06:11,660 - WARNING - 找不到文章 409749 的原始 HTML 檔案
2025-04-20 20:06:11,660 - WARNING - 找不到文章 409750 的原始 HTML 檔案
2025-04-20 20:06:11,664 - WARNING - 找不到文章 409764 的原始 HTML 檔案
2025-04-20 20:06:11,666 - WARNING - 找不到文章 409765 的原始 HTML 檔案
2025-04-20 20:06:11,668 - WARNING - 找不到文章 409799 的原始 HTML 檔案
2025-04-20 20:06:11,669 - WARNING - 找不到文章 409800 的原始 HTML 檔案
2025-04-20 20:06:11,671 - WARNING - 找不到文章 409878 的原始 HTML 檔案
2025-04-20 20:06:11,674 - WARNING - 找不到文章 409879 的原始 HTML 檔案
2025-04-20 20:06:11,677 - WARNING - 找不到文章 409911 的原始 HTML 檔案
2025-04-20 20:06:11,677 - WARNING - 找不到文章 409912 的原始 HTML 檔案
2025-04-20 20:06:11,681 - WARNING - 找不到文章 409940 的原始 HTML 檔案
2025-04-20 20:06:11,683 - WARNING - 找不到文章 409941 的原始 HTML 檔案
2025-04-20 20:06:11,685 - WARNING - 找不到文章 410020 的原始 HTML 檔案
2025-04-20 20:06:11,686 - WARNING - 找不到文章 410103 的原始 HTML 檔案
2025-04-20 20:06:11,689 - WARNING - 找不到文章 410104 的原始 HTML 檔案
2025-04-20 20:06:11,690 - WARNING - 找不到文章 410134 的原始 HTML 檔案
2025-04-20 20:06:11,693 - WARNING - 找不到文章 410135 的原始 HTML 檔案
2025-04-20 20:06:11,696 - WARNING - 找不到文章 410202 的原始 HTML 檔案
2025-04-20 20:06:11,698 - WARNING - 找不到文章 410203 的原始 HTML 檔案
2025-04-20 20:06:11,699 - WARNING - 找不到文章 410230 的原始 HTML 檔案
2025-04-20 20:06:11,701 - WARNING - 找不到文章 410231 的原始 HTML 檔案
2025-04-20 20:06:11,703 - WARNING - 找不到文章 410321 的原始 HTML 檔案
2025-04-20 20:06:11,705 - WARNING - 找不到文章 410322 的原始 HTML 檔案
2025-04-20 20:06:11,708 - WARNING - 找不到文章 410370 的原始 HTML 檔案
2025-04-20 20:06:11,711 - WARNING - 找不到文章 410371 的原始 HTML 檔案
2025-04-20 20:06:11,713 - WARNING - 找不到文章 410429 的原始 HTML 檔案
2025-04-20 20:06:11,715 - WARNING - 找不到文章 410479 的原始 HTML 檔案
2025-04-20 20:06:11,717 - WARNING - 找不到文章 410480 的原始 HTML 檔案
2025-04-20 20:06:11,719 - WARNING - 找不到文章 410529 的原始 HTML 檔案
2025-04-20 20:06:11,720 - WARNING - 找不到文章 410530 的原始 HTML 檔案
2025-04-20 20:06:11,722 - WARNING - 找不到文章 410569 的原始 HTML 檔案
2025-04-20 20:06:11,725 - WARNING - 找不到文章 410570 的原始 HTML 檔案
2025-04-20 20:06:11,727 - WARNING - 找不到文章 410649 的原始 HTML 檔案
2025-04-20 20:06:11,729 - WARNING - 找不到文章 410650 的原始 HTML 檔案
2025-04-20 20:06:11,731 - WARNING - 找不到文章 410765 的原始 HTML 檔案
2025-04-20 20:06:11,732 - WARNING - 找不到文章 410766 的原始 HTML 檔案
2025-04-20 20:06:11,735 - WARNING - 找不到文章 410818 的原始 HTML 檔案
2025-04-20 20:06:11,738 - WARNING - 找不到文章 410819 的原始 HTML 檔案
2025-04-20 20:06:11,740 - WARNING - 找不到文章 410845 的原始 HTML 檔案
2025-04-20 20:06:11,741 - WARNING - 找不到文章 410846 的原始 HTML 檔案
2025-04-20 20:06:11,744 - WARNING - 找不到文章 411132 的原始 HTML 檔案
2025-04-20 20:06:11,746 - WARNING - 找不到文章 411224 的原始 HTML 檔案
2025-04-20 20:06:11,748 - WARNING - 找不到文章 411225 的原始 HTML 檔案
2025-04-20 20:06:11,750 - WARNING - 找不到文章 411317 的原始 HTML 檔案
2025-04-20 20:06:11,753 - WARNING - 找不到文章 411320 的原始 HTML 檔案
2025-04-20 20:06:11,754 - WARNING - 找不到文章 411347 的原始 HTML 檔案
2025-04-20 20:06:11,757 - WARNING - 找不到文章 411348 的原始 HTML 檔案
2025-04-20 20:06:11,759 - WARNING - 找不到文章 411493 的原始 HTML 檔案
2025-04-20 20:06:11,761 - WARNING - 找不到文章 411494 的原始 HTML 檔案
2025-04-20 20:06:11,763 - WARNING - 找不到文章 411527 的原始 HTML 檔案
2025-04-20 20:06:11,765 - WARNING - 找不到文章 411528 的原始 HTML 檔案
2025-04-20 20:06:11,767 - WARNING - 找不到文章 411543 的原始 HTML 檔案
2025-04-20 20:06:11,769 - WARNING - 找不到文章 411544 的原始 HTML 檔案
2025-04-20 20:06:11,770 - WARNING - 找不到文章 411701 的原始 HTML 檔案
2025-04-20 20:06:11,774 - WARNING - 找不到文章 411715 的原始 HTML 檔案
2025-04-20 20:06:11,776 - WARNING - 找不到文章 411831 的原始 HTML 檔案
2025-04-20 20:06:11,778 - WARNING - 找不到文章 411833 的原始 HTML 檔案
2025-04-20 20:06:11,781 - WARNING - 找不到文章 411881 的原始 HTML 檔案
2025-04-20 20:06:11,783 - WARNING - 找不到文章 411913 的原始 HTML 檔案
2025-04-20 20:06:11,785 - WARNING - 找不到文章 411914 的原始 HTML 檔案
2025-04-20 20:06:11,785 - WARNING - 找不到文章 412002 的原始 HTML 檔案
2025-04-20 20:06:11,788 - WARNING - 找不到文章 412003 的原始 HTML 檔案
2025-04-20 20:06:11,790 - WARNING - 找不到文章 412047 的原始 HTML 檔案
2025-04-20 20:06:11,793 - WARNING - 找不到文章 412057 的原始 HTML 檔案
2025-04-20 20:06:11,795 - WARNING - 找不到文章 412178 的原始 HTML 檔案
2025-04-20 20:06:11,797 - WARNING - 找不到文章 412179 的原始 HTML 檔案
2025-04-20 20:06:11,799 - WARNING - 找不到文章 412220 的原始 HTML 檔案
2025-04-20 20:06:11,799 - WARNING - 找不到文章 412221 的原始 HTML 檔案
2025-04-20 20:06:11,803 - WARNING - 找不到文章 412288 的原始 HTML 檔案
2025-04-20 20:06:11,805 - WARNING - 找不到文章 412289 的原始 HTML 檔案
2025-04-20 20:06:11,807 - WARNING - 找不到文章 412314 的原始 HTML 檔案
2025-04-20 20:06:11,807 - WARNING - 找不到文章 412315 的原始 HTML 檔案
2025-04-20 20:06:11,811 - WARNING - 找不到文章 412316 的原始 HTML 檔案
2025-04-20 20:06:11,814 - WARNING - 找不到文章 412380 的原始 HTML 檔案
2025-04-20 20:06:11,816 - WARNING - 找不到文章 412414 的原始 HTML 檔案
2025-04-20 20:06:11,816 - WARNING - 找不到文章 412415 的原始 HTML 檔案
2025-04-20 20:06:11,821 - WARNING - 找不到文章 412450 的原始 HTML 檔案
2025-04-20 20:06:11,823 - WARNING - 找不到文章 412451 的原始 HTML 檔案
2025-04-20 20:06:11,824 - WARNING - 找不到文章 412601 的原始 HTML 檔案
2025-04-20 20:06:11,828 - WARNING - 找不到文章 412602 的原始 HTML 檔案
2025-04-20 20:06:11,830 - WARNING - 找不到文章 412657 的原始 HTML 檔案
2025-04-20 20:06:11,832 - WARNING - 找不到文章 412658 的原始 HTML 檔案
2025-04-20 20:06:11,832 - WARNING - 找不到文章 412669 的原始 HTML 檔案
2025-04-20 20:06:11,836 - WARNING - 找不到文章 412735 的原始 HTML 檔案
2025-04-20 20:06:11,838 - WARNING - 找不到文章 412736 的原始 HTML 檔案
2025-04-20 20:06:11,840 - WARNING - 找不到文章 412782 的原始 HTML 檔案
2025-04-20 20:06:11,841 - WARNING - 找不到文章 412783 的原始 HTML 檔案
2025-04-20 20:06:11,845 - WARNING - 找不到文章 412827 的原始 HTML 檔案
2025-04-20 20:06:11,847 - WARNING - 找不到文章 412833 的原始 HTML 檔案
2025-04-20 20:06:11,849 - WARNING - 找不到文章 412839 的原始 HTML 檔案
2025-04-20 20:06:11,851 - WARNING - 找不到文章 412840 的原始 HTML 檔案
2025-04-20 20:06:11,853 - WARNING - 找不到文章 412913 的原始 HTML 檔案
2025-04-20 20:06:11,855 - WARNING - 找不到文章 412914 的原始 HTML 檔案
2025-04-20 20:06:11,857 - WARNING - 找不到文章 413033 的原始 HTML 檔案
2025-04-20 20:06:11,860 - WARNING - 找不到文章 413034 的原始 HTML 檔案
2025-04-20 20:06:11,862 - WARNING - 找不到文章 413072 的原始 HTML 檔案
2025-04-20 20:06:11,864 - WARNING - 找不到文章 413073 的原始 HTML 檔案
2025-04-20 20:06:11,866 - WARNING - 找不到文章 413124 的原始 HTML 檔案
2025-04-20 20:06:11,868 - WARNING - 找不到文章 413125 的原始 HTML 檔案
2025-04-20 20:06:11,870 - WARNING - 找不到文章 413223 的原始 HTML 檔案
2025-04-20 20:06:11,873 - WARNING - 找不到文章 413224 的原始 HTML 檔案
2025-04-20 20:06:11,874 - WARNING - 找不到文章 413251 的原始 HTML 檔案
2025-04-20 20:06:11,877 - WARNING - 找不到文章 413252 的原始 HTML 檔案
2025-04-20 20:06:11,879 - WARNING - 找不到文章 413357 的原始 HTML 檔案
2025-04-20 20:06:11,882 - WARNING - 找不到文章 413358 的原始 HTML 檔案
2025-04-20 20:06:11,883 - WARNING - 找不到文章 413365 的原始 HTML 檔案
2025-04-20 20:06:11,884 - WARNING - 找不到文章 413366 的原始 HTML 檔案
2025-04-20 20:06:11,887 - WARNING - 找不到文章 413453 的原始 HTML 檔案
2025-04-20 20:06:11,889 - WARNING - 找不到文章 413454 的原始 HTML 檔案
2025-04-20 20:06:11,891 - WARNING - 找不到文章 413504 的原始 HTML 檔案
2025-04-20 20:06:11,891 - WARNING - 找不到文章 413505 的原始 HTML 檔案
2025-04-20 20:06:11,896 - WARNING - 找不到文章 413525 的原始 HTML 檔案
2025-04-20 20:06:11,898 - WARNING - 找不到文章 413526 的原始 HTML 檔案
2025-04-20 20:06:11,900 - WARNING - 找不到文章 413587 的原始 HTML 檔案
2025-04-20 20:06:11,901 - WARNING - 找不到文章 413588 的原始 HTML 檔案
2025-04-20 20:06:11,904 - WARNING - 找不到文章 413695 的原始 HTML 檔案
2025-04-20 20:06:11,906 - WARNING - 找不到文章 413696 的原始 HTML 檔案
2025-04-20 20:06:11,907 - WARNING - 找不到文章 413703 的原始 HTML 檔案
2025-04-20 20:06:11,911 - WARNING - 找不到文章 413749 的原始 HTML 檔案
2025-04-20 20:06:11,913 - WARNING - 找不到文章 413750 的原始 HTML 檔案
2025-04-20 20:06:11,915 - WARNING - 找不到文章 413777 的原始 HTML 檔案
2025-04-20 20:06:11,916 - WARNING - 找不到文章 413778 的原始 HTML 檔案
2025-04-20 20:06:11,919 - WARNING - 找不到文章 413779 的原始 HTML 檔案
2025-04-20 20:06:11,921 - WARNING - 找不到文章 413785 的原始 HTML 檔案
2025-04-20 20:06:11,923 - WARNING - 找不到文章 413787 的原始 HTML 檔案
2025-04-20 20:06:11,926 - WARNING - 找不到文章 413800 的原始 HTML 檔案
2025-04-20 20:06:11,928 - WARNING - 找不到文章 413829 的原始 HTML 檔案
2025-04-20 20:06:11,930 - WARNING - 找不到文章 413830 的原始 HTML 檔案
2025-04-20 20:06:11,931 - WARNING - 找不到文章 413831 的原始 HTML 檔案
2025-04-20 20:06:11,935 - WARNING - 找不到文章 413838 的原始 HTML 檔案
2025-04-20 20:06:11,937 - WARNING - 找不到文章 413922 的原始 HTML 檔案
2025-04-20 20:06:11,939 - WARNING - 找不到文章 413923 的原始 HTML 檔案
2025-04-20 20:06:11,941 - WARNING - 找不到文章 413935 的原始 HTML 檔案
2025-04-20 20:06:11,945 - WARNING - 找不到文章 413943 的原始 HTML 檔案
2025-04-20 20:06:11,947 - WARNING - 找不到文章 413985 的原始 HTML 檔案
2025-04-20 20:06:11,950 - WARNING - 找不到文章 413986 的原始 HTML 檔案
2025-04-20 20:06:11,952 - WARNING - 找不到文章 414050 的原始 HTML 檔案
2025-04-20 20:06:11,953 - WARNING - 找不到文章 414051 的原始 HTML 檔案
2025-04-20 20:06:11,956 - WARNING - 找不到文章 414116 的原始 HTML 檔案
2025-04-20 20:06:11,959 - WARNING - 找不到文章 414117 的原始 HTML 檔案
2025-04-20 20:06:11,961 - WARNING - 找不到文章 414162 的原始 HTML 檔案
2025-04-20 20:06:11,963 - WARNING - 找不到文章 414163 的原始 HTML 檔案
2025-04-20 20:06:11,967 - WARNING - 找不到文章 414216 的原始 HTML 檔案
2025-04-20 20:06:11,969 - WARNING - 找不到文章 414217 的原始 HTML 檔案
2025-04-20 20:06:11,971 - WARNING - 找不到文章 414280 的原始 HTML 檔案
2025-04-20 20:06:11,974 - WARNING - 找不到文章 414281 的原始 HTML 檔案
2025-04-20 20:06:11,976 - WARNING - 找不到文章 414307 的原始 HTML 檔案
2025-04-20 20:06:11,979 - WARNING - 找不到文章 414308 的原始 HTML 檔案
2025-04-20 20:06:11,981 - WARNING - 找不到文章 414476 的原始 HTML 檔案
2025-04-20 20:06:11,982 - WARNING - 找不到文章 414477 的原始 HTML 檔案
2025-04-20 20:06:11,985 - WARNING - 找不到文章 414511 的原始 HTML 檔案
2025-04-20 20:06:11,987 - WARNING - 找不到文章 414512 的原始 HTML 檔案
2025-04-20 20:06:11,989 - WARNING - 找不到文章 414538 的原始 HTML 檔案
2025-04-20 20:06:11,991 - WARNING - 找不到文章 414539 的原始 HTML 檔案
2025-04-20 20:06:11,993 - WARNING - 找不到文章 414702 的原始 HTML 檔案
2025-04-20 20:06:11,995 - WARNING - 找不到文章 414703 的原始 HTML 檔案
2025-04-20 20:06:11,997 - WARNING - 找不到文章 414719 的原始 HTML 檔案
2025-04-20 20:06:11,999 - WARNING - 找不到文章 414752 的原始 HTML 檔案
2025-04-20 20:06:12,002 - WARNING - 找不到文章 414753 的原始 HTML 檔案
2025-04-20 20:06:12,004 - WARNING - 找不到文章 414791 的原始 HTML 檔案
2025-04-20 20:06:12,005 - WARNING - 找不到文章 414792 的原始 HTML 檔案
2025-04-20 20:06:12,008 - WARNING - 找不到文章 414849 的原始 HTML 檔案
2025-04-20 20:06:12,010 - WARNING - 找不到文章 414850 的原始 HTML 檔案
2025-04-20 20:06:12,012 - WARNING - 找不到文章 414905 的原始 HTML 檔案
2025-04-20 20:06:12,012 - WARNING - 找不到文章 414906 的原始 HTML 檔案
2025-04-20 20:06:12,016 - WARNING - 找不到文章 414971 的原始 HTML 檔案
2025-04-20 20:06:12,018 - WARNING - 找不到文章 414972 的原始 HTML 檔案
2025-04-20 20:06:12,020 - WARNING - 找不到文章 415013 的原始 HTML 檔案
2025-04-20 20:06:12,021 - WARNING - 找不到文章 415014 的原始 HTML 檔案
2025-04-20 20:06:12,025 - WARNING - 找不到文章 415140 的原始 HTML 檔案
2025-04-20 20:06:12,027 - WARNING - 找不到文章 415141 的原始 HTML 檔案
2025-04-20 20:06:12,029 - WARNING - 找不到文章 415190 的原始 HTML 檔案
2025-04-20 20:06:12,032 - WARNING - 找不到文章 415191 的原始 HTML 檔案
2025-04-20 20:06:12,034 - WARNING - 找不到文章 415215 的原始 HTML 檔案
2025-04-20 20:06:12,036 - WARNING - 找不到文章 415216 的原始 HTML 檔案
2025-04-20 20:06:12,036 - WARNING - 找不到文章 415321 的原始 HTML 檔案
2025-04-20 20:06:12,039 - WARNING - 找不到文章 415322 的原始 HTML 檔案
2025-04-20 20:06:12,041 - WARNING - 找不到文章 415383 的原始 HTML 檔案
2025-04-20 20:06:12,044 - WARNING - 找不到文章 415384 的原始 HTML 檔案
2025-04-20 20:06:12,046 - WARNING - 找不到文章 415421 的原始 HTML 檔案
2025-04-20 20:06:12,048 - WARNING - 找不到文章 415422 的原始 HTML 檔案
2025-04-20 20:06:12,050 - WARNING - 找不到文章 415451 的原始 HTML 檔案
2025-04-20 20:06:12,051 - WARNING - 找不到文章 415452 的原始 HTML 檔案
2025-04-20 20:06:12,054 - WARNING - 找不到文章 415527 的原始 HTML 檔案
2025-04-20 20:06:12,056 - WARNING - 找不到文章 415528 的原始 HTML 檔案
2025-04-20 20:06:12,058 - WARNING - 找不到文章 415617 的原始 HTML 檔案
2025-04-20 20:06:12,059 - WARNING - 找不到文章 415618 的原始 HTML 檔案
2025-04-20 20:06:12,063 - WARNING - 找不到文章 415640 的原始 HTML 檔案
2025-04-20 20:06:12,065 - WARNING - 找不到文章 415641 的原始 HTML 檔案
2025-04-20 20:06:12,067 - WARNING - 找不到文章 415732 的原始 HTML 檔案
2025-04-20 20:06:12,068 - WARNING - 找不到文章 415733 的原始 HTML 檔案
2025-04-20 20:06:12,070 - WARNING - 找不到文章 415790 的原始 HTML 檔案
2025-04-20 20:06:12,072 - WARNING - 找不到文章 415819 的原始 HTML 檔案
2025-04-20 20:06:12,075 - WARNING - 找不到文章 415901 的原始 HTML 檔案
2025-04-20 20:06:12,076 - WARNING - 找不到文章 415902 的原始 HTML 檔案
2025-04-20 20:06:12,079 - WARNING - 找不到文章 415993 的原始 HTML 檔案
2025-04-20 20:06:12,081 - WARNING - 找不到文章 416007 的原始 HTML 檔案
2025-04-20 20:06:12,083 - WARNING - 找不到文章 416059 的原始 HTML 檔案
2025-04-20 20:06:12,084 - WARNING - 找不到文章 416060 的原始 HTML 檔案
2025-04-20 20:06:12,087 - WARNING - 找不到文章 416101 的原始 HTML 檔案
2025-04-20 20:06:12,089 - WARNING - 找不到文章 416102 的原始 HTML 檔案
2025-04-20 20:06:12,091 - WARNING - 找不到文章 416132 的原始 HTML 檔案
2025-04-20 20:06:12,094 - WARNING - 找不到文章 416133 的原始 HTML 檔案
2025-04-20 20:06:12,096 - WARNING - 找不到文章 416159 的原始 HTML 檔案
2025-04-20 20:06:12,098 - WARNING - 找不到文章 416160 的原始 HTML 檔案
2025-04-20 20:06:12,098 - WARNING - 找不到文章 416233 的原始 HTML 檔案
2025-04-20 20:06:12,102 - WARNING - 找不到文章 416234 的原始 HTML 檔案
2025-04-20 20:06:12,104 - WARNING - 找不到文章 416255 的原始 HTML 檔案
2025-04-20 20:06:12,106 - WARNING - 找不到文章 416256 的原始 HTML 檔案
2025-04-20 20:06:12,108 - WARNING - 找不到文章 416352 的原始 HTML 檔案
2025-04-20 20:06:12,110 - WARNING - 找不到文章 416353 的原始 HTML 檔案
2025-04-20 20:06:12,112 - WARNING - 找不到文章 416406 的原始 HTML 檔案
2025-04-20 20:06:12,115 - WARNING - 找不到文章 416407 的原始 HTML 檔案
2025-04-20 20:06:12,116 - WARNING - 找不到文章 416498 的原始 HTML 檔案
2025-04-20 20:06:12,118 - WARNING - 找不到文章 416499 的原始 HTML 檔案
2025-04-20 20:06:12,120 - WARNING - 找不到文章 416563 的原始 HTML 檔案
2025-04-20 20:06:12,124 - WARNING - 找不到文章 416564 的原始 HTML 檔案
2025-04-20 20:06:12,124 - WARNING - 找不到文章 416638 的原始 HTML 檔案
2025-04-20 20:06:12,124 - WARNING - 找不到文章 416639 的原始 HTML 檔案
2025-04-20 20:06:12,124 - WARNING - 找不到文章 416653 的原始 HTML 檔案
2025-04-20 20:06:12,134 - WARNING - 找不到文章 416654 的原始 HTML 檔案
2025-04-20 20:06:12,136 - WARNING - 找不到文章 416701 的原始 HTML 檔案
2025-04-20 20:06:12,137 - WARNING - 找不到文章 416702 的原始 HTML 檔案
2025-04-20 20:06:12,138 - WARNING - 找不到文章 416752 的原始 HTML 檔案
2025-04-20 20:06:12,141 - WARNING - 找不到文章 416753 的原始 HTML 檔案
2025-04-20 20:06:12,141 - WARNING - 找不到文章 416761 的原始 HTML 檔案
2025-04-20 20:06:12,147 - WARNING - 找不到文章 416762 的原始 HTML 檔案
2025-04-20 20:06:12,149 - WARNING - 找不到文章 416878 的原始 HTML 檔案
2025-04-20 20:06:12,151 - WARNING - 找不到文章 416879 的原始 HTML 檔案
2025-04-20 20:06:12,153 - WARNING - 找不到文章 416972 的原始 HTML 檔案
2025-04-20 20:06:12,155 - WARNING - 找不到文章 416973 的原始 HTML 檔案
2025-04-20 20:06:12,158 - WARNING - 找不到文章 417025 的原始 HTML 檔案
2025-04-20 20:06:12,160 - WARNING - 找不到文章 417026 的原始 HTML 檔案
2025-04-20 20:06:12,162 - WARNING - 找不到文章 417097 的原始 HTML 檔案
2025-04-20 20:06:12,165 - WARNING - 找不到文章 417098 的原始 HTML 檔案
2025-04-20 20:06:12,167 - WARNING - 找不到文章 417122 的原始 HTML 檔案
2025-04-20 20:06:12,169 - WARNING - 找不到文章 417123 的原始 HTML 檔案
2025-04-20 20:06:12,171 - WARNING - 找不到文章 417228 的原始 HTML 檔案
2025-04-20 20:06:12,172 - WARNING - 找不到文章 417229 的原始 HTML 檔案
2025-04-20 20:06:12,174 - WARNING - 找不到文章 417294 的原始 HTML 檔案
2025-04-20 20:06:12,176 - WARNING - 找不到文章 417300 的原始 HTML 檔案
2025-04-20 20:06:12,176 - WARNING - 找不到文章 417361 的原始 HTML 檔案
2025-04-20 20:06:12,176 - WARNING - 找不到文章 417362 的原始 HTML 檔案
2025-04-20 20:06:12,183 - WARNING - 找不到文章 417391 的原始 HTML 檔案
2025-04-20 20:06:12,185 - WARNING - 找不到文章 417392 的原始 HTML 檔案
2025-04-20 20:06:12,187 - WARNING - 找不到文章 417491 的原始 HTML 檔案
2025-04-20 20:06:12,188 - WARNING - 找不到文章 417492 的原始 HTML 檔案
2025-04-20 20:06:12,191 - WARNING - 找不到文章 417601 的原始 HTML 檔案
2025-04-20 20:06:12,194 - WARNING - 找不到文章 417602 的原始 HTML 檔案
2025-04-20 20:06:12,196 - WARNING - 找不到文章 417611 的原始 HTML 檔案
2025-04-20 20:06:12,198 - WARNING - 找不到文章 417612 的原始 HTML 檔案
2025-04-20 20:06:12,200 - WARNING - 找不到文章 417630 的原始 HTML 檔案
2025-04-20 20:06:12,202 - WARNING - 找不到文章 417669 的原始 HTML 檔案
2025-04-20 20:06:12,202 - WARNING - 找不到文章 417670 的原始 HTML 檔案
2025-04-20 20:06:12,205 - WARNING - 找不到文章 417773 的原始 HTML 檔案
2025-04-20 20:06:12,208 - WARNING - 找不到文章 417774 的原始 HTML 檔案
2025-04-20 20:06:12,210 - WARNING - 找不到文章 417898 的原始 HTML 檔案
2025-04-20 20:06:12,210 - WARNING - 找不到文章 417899 的原始 HTML 檔案
2025-04-20 20:06:12,214 - WARNING - 找不到文章 417921 的原始 HTML 檔案
2025-04-20 20:06:12,216 - WARNING - 找不到文章 417922 的原始 HTML 檔案
2025-04-20 20:06:12,218 - WARNING - 找不到文章 417985 的原始 HTML 檔案
2025-04-20 20:06:12,220 - WARNING - 找不到文章 417986 的原始 HTML 檔案
2025-04-20 20:06:12,223 - WARNING - 找不到文章 418020 的原始 HTML 檔案
2025-04-20 20:06:12,224 - WARNING - 找不到文章 418021 的原始 HTML 檔案
2025-04-20 20:06:12,228 - WARNING - 找不到文章 418054 的原始 HTML 檔案
2025-04-20 20:06:12,230 - WARNING - 找不到文章 418055 的原始 HTML 檔案
2025-04-20 20:06:12,232 - WARNING - 找不到文章 418087 的原始 HTML 檔案
2025-04-20 20:06:12,233 - WARNING - 找不到文章 418088 的原始 HTML 檔案
2025-04-20 20:06:12,236 - WARNING - 找不到文章 418212 的原始 HTML 檔案
2025-04-20 20:06:12,238 - WARNING - 找不到文章 418213 的原始 HTML 檔案
2025-04-20 20:06:12,240 - WARNING - 找不到文章 418220 的原始 HTML 檔案
2025-04-20 20:06:12,241 - WARNING - 找不到文章 418221 的原始 HTML 檔案
2025-04-20 20:06:12,244 - WARNING - 找不到文章 418251 的原始 HTML 檔案
2025-04-20 20:06:12,246 - WARNING - 找不到文章 418252 的原始 HTML 檔案
2025-04-20 20:06:12,249 - WARNING - 找不到文章 418337 的原始 HTML 檔案
2025-04-20 20:06:12,249 - WARNING - 找不到文章 418338 的原始 HTML 檔案
2025-04-20 20:06:12,253 - WARNING - 找不到文章 418376 的原始 HTML 檔案
2025-04-20 20:06:12,255 - WARNING - 找不到文章 418377 的原始 HTML 檔案
2025-04-20 20:06:12,258 - WARNING - 找不到文章 418475 的原始 HTML 檔案
2025-04-20 20:06:12,260 - WARNING - 找不到文章 418476 的原始 HTML 檔案
2025-04-20 20:06:12,263 - WARNING - 找不到文章 418521 的原始 HTML 檔案
2025-04-20 20:06:12,265 - WARNING - 找不到文章 418522 的原始 HTML 檔案
2025-04-20 20:06:12,265 - WARNING - 找不到文章 418596 的原始 HTML 檔案
2025-04-20 20:06:12,268 - WARNING - 找不到文章 418597 的原始 HTML 檔案
2025-04-20 20:06:12,270 - WARNING - 找不到文章 418679 的原始 HTML 檔案
2025-04-20 20:06:12,272 - WARNING - 找不到文章 418680 的原始 HTML 檔案
2025-04-20 20:06:12,274 - WARNING - 找不到文章 418759 的原始 HTML 檔案
2025-04-20 20:06:12,277 - WARNING - 找不到文章 418760 的原始 HTML 檔案
2025-04-20 20:06:12,279 - WARNING - 找不到文章 418934 的原始 HTML 檔案
2025-04-20 20:06:12,281 - WARNING - 找不到文章 418935 的原始 HTML 檔案
2025-04-20 20:06:12,282 - WARNING - 找不到文章 418967 的原始 HTML 檔案
2025-04-20 20:06:12,282 - WARNING - 找不到文章 418968 的原始 HTML 檔案
2025-04-20 20:06:12,282 - WARNING - 找不到文章 419077 的原始 HTML 檔案
2025-04-20 20:06:12,289 - WARNING - 找不到文章 419078 的原始 HTML 檔案
2025-04-20 20:06:12,291 - WARNING - 找不到文章 419090 的原始 HTML 檔案
2025-04-20 20:06:12,294 - WARNING - 找不到文章 419091 的原始 HTML 檔案
2025-04-20 20:06:12,294 - WARNING - 找不到文章 419124 的原始 HTML 檔案
2025-04-20 20:06:12,297 - WARNING - 找不到文章 419125 的原始 HTML 檔案
2025-04-20 20:06:12,299 - WARNING - 找不到文章 419179 的原始 HTML 檔案
2025-04-20 20:06:12,301 - WARNING - 找不到文章 419180 的原始 HTML 檔案
2025-04-20 20:06:12,302 - WARNING - 找不到文章 419239 的原始 HTML 檔案
2025-04-20 20:06:12,305 - WARNING - 找不到文章 419240 的原始 HTML 檔案
2025-04-20 20:06:12,308 - WARNING - 找不到文章 419270 的原始 HTML 檔案
2025-04-20 20:06:12,310 - WARNING - 找不到文章 419271 的原始 HTML 檔案
2025-04-20 20:06:12,312 - WARNING - 找不到文章 419336 的原始 HTML 檔案
2025-04-20 20:06:12,315 - WARNING - 找不到文章 419337 的原始 HTML 檔案
2025-04-20 20:06:12,317 - WARNING - 找不到文章 419379 的原始 HTML 檔案
2025-04-20 20:06:12,317 - WARNING - 找不到文章 419380 的原始 HTML 檔案
2025-04-20 20:06:12,320 - WARNING - 找不到文章 419490 的原始 HTML 檔案
2025-04-20 20:06:12,322 - WARNING - 找不到文章 419491 的原始 HTML 檔案
2025-04-20 20:06:12,325 - WARNING - 找不到文章 419534 的原始 HTML 檔案
2025-04-20 20:06:12,325 - WARNING - 找不到文章 419535 的原始 HTML 檔案
2025-04-20 20:06:12,329 - WARNING - 找不到文章 419593 的原始 HTML 檔案
2025-04-20 20:06:12,331 - WARNING - 找不到文章 419594 的原始 HTML 檔案
2025-04-20 20:06:12,333 - WARNING - 找不到文章 419635 的原始 HTML 檔案
2025-04-20 20:06:12,334 - WARNING - 找不到文章 419636 的原始 HTML 檔案
2025-04-20 20:06:12,336 - WARNING - 找不到文章 419729 的原始 HTML 檔案
2025-04-20 20:06:12,338 - WARNING - 找不到文章 419730 的原始 HTML 檔案
2025-04-20 20:06:12,341 - WARNING - 找不到文章 419788 的原始 HTML 檔案
2025-04-20 20:06:12,341 - WARNING - 找不到文章 419789 的原始 HTML 檔案
2025-04-20 20:06:12,346 - WARNING - 找不到文章 419813 的原始 HTML 檔案
2025-04-20 20:06:12,348 - WARNING - 找不到文章 419814 的原始 HTML 檔案
2025-04-20 20:06:12,350 - WARNING - 找不到文章 419883 的原始 HTML 檔案
2025-04-20 20:06:12,352 - WARNING - 找不到文章 419884 的原始 HTML 檔案
2025-04-20 20:06:12,354 - WARNING - 找不到文章 419885 的原始 HTML 檔案
2025-04-20 20:06:12,356 - WARNING - 找不到文章 419975 的原始 HTML 檔案
2025-04-20 20:06:12,358 - WARNING - 找不到文章 420042 的原始 HTML 檔案
2025-04-20 20:06:12,360 - WARNING - 找不到文章 420043 的原始 HTML 檔案
2025-04-20 20:06:12,362 - WARNING - 找不到文章 420126 的原始 HTML 檔案
2025-04-20 20:06:12,363 - WARNING - 找不到文章 420127 的原始 HTML 檔案
2025-04-20 20:06:12,366 - WARNING - 找不到文章 420163 的原始 HTML 檔案
2025-04-20 20:06:12,368 - WARNING - 找不到文章 420164 的原始 HTML 檔案
2025-04-20 20:06:12,370 - WARNING - 找不到文章 420268 的原始 HTML 檔案
2025-04-20 20:06:12,371 - WARNING - 找不到文章 420269 的原始 HTML 檔案
2025-04-20 20:06:12,374 - WARNING - 找不到文章 420327 的原始 HTML 檔案
2025-04-20 20:06:12,374 - WARNING - 找不到文章 420328 的原始 HTML 檔案
2025-04-20 20:06:12,380 - WARNING - 找不到文章 420421 的原始 HTML 檔案
2025-04-20 20:06:12,383 - WARNING - 找不到文章 420422 的原始 HTML 檔案
2025-04-20 20:06:12,385 - WARNING - 找不到文章 420514 的原始 HTML 檔案
2025-04-20 20:06:12,387 - WARNING - 找不到文章 420515 的原始 HTML 檔案
2025-04-20 20:06:12,389 - WARNING - 找不到文章 420585 的原始 HTML 檔案
2025-04-20 20:06:12,391 - WARNING - 找不到文章 420586 的原始 HTML 檔案
2025-04-20 20:06:12,391 - WARNING - 找不到文章 420650 的原始 HTML 檔案
2025-04-20 20:06:12,397 - WARNING - 找不到文章 420651 的原始 HTML 檔案
2025-04-20 20:06:12,399 - WARNING - 找不到文章 420665 的原始 HTML 檔案
2025-04-20 20:06:12,401 - WARNING - 找不到文章 420666 的原始 HTML 檔案
2025-04-20 20:06:12,401 - WARNING - 找不到文章 420792 的原始 HTML 檔案
2025-04-20 20:06:12,404 - WARNING - 找不到文章 420793 的原始 HTML 檔案
2025-04-20 20:06:12,407 - WARNING - 找不到文章 420837 的原始 HTML 檔案
2025-04-20 20:06:12,410 - WARNING - 找不到文章 420838 的原始 HTML 檔案
2025-04-20 20:06:12,412 - WARNING - 找不到文章 420931 的原始 HTML 檔案
2025-04-20 20:06:12,414 - WARNING - 找不到文章 420932 的原始 HTML 檔案
2025-04-20 20:06:12,416 - WARNING - 找不到文章 420995 的原始 HTML 檔案
2025-04-20 20:06:12,416 - WARNING - 找不到文章 420996 的原始 HTML 檔案
2025-04-20 20:06:12,419 - WARNING - 找不到文章 421040 的原始 HTML 檔案
2025-04-20 20:06:12,421 - WARNING - 找不到文章 421041 的原始 HTML 檔案
2025-04-20 20:06:12,423 - WARNING - 找不到文章 421113 的原始 HTML 檔案
2025-04-20 20:06:12,424 - WARNING - 找不到文章 421114 的原始 HTML 檔案
2025-04-20 20:06:12,428 - WARNING - 找不到文章 421163 的原始 HTML 檔案
2025-04-20 20:06:12,430 - WARNING - 找不到文章 421164 的原始 HTML 檔案
2025-04-20 20:06:12,432 - WARNING - 找不到文章 421205 的原始 HTML 檔案
2025-04-20 20:06:12,432 - WARNING - 找不到文章 421206 的原始 HTML 檔案
2025-04-20 20:06:12,435 - WARNING - 找不到文章 421225 的原始 HTML 檔案
2025-04-20 20:06:12,438 - WARNING - 找不到文章 421226 的原始 HTML 檔案
2025-04-20 20:06:12,440 - WARNING - 找不到文章 421337 的原始 HTML 檔案
2025-04-20 20:06:12,441 - WARNING - 找不到文章 421338 的原始 HTML 檔案
2025-04-20 20:06:12,444 - WARNING - 找不到文章 421459 的原始 HTML 檔案
2025-04-20 20:06:12,447 - WARNING - 找不到文章 421460 的原始 HTML 檔案
2025-04-20 20:06:12,449 - WARNING - 找不到文章 421515 的原始 HTML 檔案
2025-04-20 20:06:12,449 - WARNING - 找不到文章 421516 的原始 HTML 檔案
2025-04-20 20:06:12,452 - WARNING - 找不到文章 913375 的原始 HTML 檔案
2025-04-20 20:06:12,480 - INFO - 成功更新文章 913381 的表格格式
2025-04-20 20:06:12,525 - INFO - 成功更新文章 913421 的表格格式
2025-04-20 20:06:12,563 - INFO - 成功更新文章 913445 的表格格式
2025-04-20 20:06:12,593 - INFO - 成功更新文章 913460 的表格格式
2025-04-20 20:06:12,614 - INFO - 成功更新文章 913517 的表格格式
2025-04-20 20:06:12,642 - INFO - 成功更新文章 913557 的表格格式
2025-04-20 20:06:12,674 - INFO - 成功更新文章 913597 的表格格式
2025-04-20 20:06:12,711 - INFO - 成功更新文章 913628 的表格格式
2025-04-20 20:06:12,746 - INFO - 成功更新文章 913674 的表格格式
2025-04-20 20:06:12,766 - INFO - 成功更新文章 913726 的表格格式
2025-04-20 20:06:12,795 - INFO - 成功更新文章 913706 的表格格式
2025-04-20 20:06:12,843 - INFO - 成功更新文章 913646 的表格格式
2025-04-20 20:06:12,879 - INFO - 成功更新文章 913623 的表格格式
2025-04-20 20:06:12,908 - INFO - 成功更新文章 913666 的表格格式
2025-04-20 20:06:12,932 - INFO - 成功更新文章 913542 的表格格式
2025-04-20 20:06:12,948 - INFO - 成功更新文章 913574 的表格格式
2025-04-20 20:06:12,976 - INFO - 成功更新文章 913481 的表格格式
2025-04-20 20:06:13,009 - INFO - 成功更新文章 913419 的表格格式
2025-04-20 20:06:13,043 - INFO - 成功更新文章 913455 的表格格式
2025-04-20 20:06:13,064 - INFO - 成功更新文章 913430 的表格格式
2025-04-20 20:06:13,098 - INFO - 成功更新文章 411880 的表格格式
2025-04-20 20:06:13,098 - INFO - 重新處理完成：成功 21 篇，失敗 812 篇
