2025-04-24 19:09:51,951 - INFO - 初始化更新模式: recent, 檢查特定文章: True
2025-04-24 19:09:51,952 - INFO - 設定文章範圍: 近期文章範圍 - 從 914900 到 915000
2025-04-24 19:09:51,952 - INFO - 特定文章 913706 已處理，跳過檢查
2025-04-24 19:09:51,952 - INFO - 特定文章 913623 已處理，跳過檢查
2025-04-24 19:09:51,952 - INFO - 特定文章 913646 已處理，跳過檢查
2025-04-24 19:09:51,953 - INFO - 開始執行爬蟲 (模式: recent)
2025-04-24 19:09:52,187 - INFO - pno=51120 第 1 頁找到 0 篇新文章: []
2025-04-24 19:09:53,902 - INFO - pno=51121 第 1 頁找到 2 篇新文章: [913747, 913747]
2025-04-24 19:09:53,902 - INFO - 第 1 頁共找到 2 篇新文章: [913747, 913747]
2025-04-24 19:09:53,902 - INFO - 檢測到最新文章編號: 913747
2025-04-24 19:09:53,977 - INFO - pno=51120 第 1 頁找到 0 篇新文章: []
2025-04-24 19:09:56,007 - INFO - pno=51121 第 1 頁找到 2 篇新文章: [913747, 913747]
2025-04-24 19:09:56,007 - INFO - 第 1 頁共找到 2 篇新文章: [913747, 913747]
2025-04-24 19:09:56,007 - INFO - 近期模式：第一頁找到 2 篇新文章
2025-04-24 19:09:56,008 - INFO - 期刊頁面文章範圍: 913747 到 913747
2025-04-24 19:09:56,008 - INFO - 設定動態上限: 914247 (原始最大值 913747 + 緩衝區 500)
2025-04-24 19:09:56,008 - INFO - 共找到 1 篇新文章: [913747]...
2025-04-24 19:09:56,021 - INFO - 開始請求文章 URL: https://real-estate.get.com.tw/Columns/detail.aspx?no=913747
2025-04-24 19:09:56,060 - INFO - 文章 913747 請求狀態碼: 200
2025-04-24 19:09:56,060 - INFO - 文章 913747 響應內容長度: 30423
2025-04-24 19:09:56,061 - INFO - 已保存文章 913747 的原始響應到: real_estate_articles\logs\article_913747_response.html
2025-04-24 19:09:56,082 - INFO - 從 meta 標籤找到文章資訊
2025-04-24 19:09:56,086 - INFO - 文章 913747 找到 8 個資料列
2025-04-24 19:09:56,087 - INFO - 文章 913747 成功解析 8 個欄位
2025-04-24 19:09:56,094 - INFO - 文章 913747 解析成功
2025-04-24 19:09:56,862 - INFO - 文章 913747 已保存到 real_estate_articles\articles\913747_房屋預售制度是房價飆漲之溫床,許文昌老師.md
2025-04-24 19:09:56,864 - INFO - 更新完成：成功 1 篇，失敗 0 篇
2025-04-24 19:09:57,291 - INFO - 已成功更新文章目錄，新增 1 篇文章
2025-04-24 19:09:57,292 - INFO - 程式結束執行
