2025-04-20 20:29:19,011 - INFO - 初始化更新模式: all, 檢查特定文章: True
2025-04-20 20:29:19,011 - INFO - 設定文章範圍: 近期文章範圍 - 從 914900 到 915000
2025-04-20 20:29:19,011 - INFO - 開始重新處理已爬取文章的表格格式
2025-04-20 20:29:19,359 - INFO - 將重新處理 833 篇文章
2025-04-20 20:29:19,382 - WARNING - 找不到文章 913286 的原始 HTML 檔案
2025-04-20 20:29:19,383 - WARNING - 找不到文章 913158 的原始 HTML 檔案
2025-04-20 20:29:19,383 - WARNING - 找不到文章 912910 的原始 HTML 檔案
2025-04-20 20:29:19,383 - WARNING - 找不到文章 912784 的原始 HTML 檔案
2025-04-20 20:29:19,383 - WARNING - 找不到文章 913054 的原始 HTML 檔案
2025-04-20 20:29:19,383 - WARNING - 找不到文章 912425 的原始 HTML 檔案
2025-04-20 20:29:19,394 - WARNING - 找不到文章 913331 的原始 HTML 檔案
2025-04-20 20:29:19,397 - WARNING - 找不到文章 912956 的原始 HTML 檔案
2025-04-20 20:29:19,400 - WARNING - 找不到文章 912836 的原始 HTML 檔案
2025-04-20 20:29:19,402 - WARNING - 找不到文章 912452 的原始 HTML 檔案
2025-04-20 20:29:19,404 - WARNING - 找不到文章 913225 的原始 HTML 檔案
2025-04-20 20:29:19,405 - WARNING - 找不到文章 913112 的原始 HTML 檔案
2025-04-20 20:29:19,408 - WARNING - 找不到文章 912355 的原始 HTML 檔案
2025-04-20 20:29:19,412 - WARNING - 找不到文章 912485 的原始 HTML 檔案
2025-04-20 20:29:19,414 - WARNING - 找不到文章 912242 的原始 HTML 檔案
2025-04-20 20:29:19,416 - WARNING - 找不到文章 913011 的原始 HTML 檔案
2025-04-20 20:29:19,418 - WARNING - 找不到文章 912885 的原始 HTML 檔案
2025-04-20 20:29:19,420 - WARNING - 找不到文章 912631 的原始 HTML 檔案
2025-04-20 20:29:19,421 - WARNING - 找不到文章 912632 的原始 HTML 檔案
2025-04-20 20:29:19,425 - WARNING - 找不到文章 913274 的原始 HTML 檔案
2025-04-20 20:29:19,428 - WARNING - 找不到文章 900055 的原始 HTML 檔案
2025-04-20 20:29:19,430 - WARNING - 找不到文章 900058 的原始 HTML 檔案
2025-04-20 20:29:19,432 - WARNING - 找不到文章 900081 的原始 HTML 檔案
2025-04-20 20:29:19,434 - WARNING - 找不到文章 900082 的原始 HTML 檔案
2025-04-20 20:29:19,436 - WARNING - 找不到文章 900142 的原始 HTML 檔案
2025-04-20 20:29:19,437 - WARNING - 找不到文章 900144 的原始 HTML 檔案
2025-04-20 20:29:19,441 - WARNING - 找不到文章 900222 的原始 HTML 檔案
2025-04-20 20:29:19,443 - WARNING - 找不到文章 900223 的原始 HTML 檔案
2025-04-20 20:29:19,445 - WARNING - 找不到文章 900289 的原始 HTML 檔案
2025-04-20 20:29:19,447 - WARNING - 找不到文章 900290 的原始 HTML 檔案
2025-04-20 20:29:19,450 - WARNING - 找不到文章 900322 的原始 HTML 檔案
2025-04-20 20:29:19,452 - WARNING - 找不到文章 900323 的原始 HTML 檔案
2025-04-20 20:29:19,454 - WARNING - 找不到文章 900472 的原始 HTML 檔案
2025-04-20 20:29:19,454 - WARNING - 找不到文章 900473 的原始 HTML 檔案
2025-04-20 20:29:19,454 - WARNING - 找不到文章 900512 的原始 HTML 檔案
2025-04-20 20:29:19,461 - WARNING - 找不到文章 900513 的原始 HTML 檔案
2025-04-20 20:29:19,464 - WARNING - 找不到文章 900554 的原始 HTML 檔案
2025-04-20 20:29:19,466 - WARNING - 找不到文章 900555 的原始 HTML 檔案
2025-04-20 20:29:19,469 - WARNING - 找不到文章 900609 的原始 HTML 檔案
2025-04-20 20:29:19,471 - WARNING - 找不到文章 900610 的原始 HTML 檔案
2025-04-20 20:29:19,473 - WARNING - 找不到文章 900663 的原始 HTML 檔案
2025-04-20 20:29:19,475 - WARNING - 找不到文章 900664 的原始 HTML 檔案
2025-04-20 20:29:19,476 - WARNING - 找不到文章 900704 的原始 HTML 檔案
2025-04-20 20:29:19,479 - WARNING - 找不到文章 900705 的原始 HTML 檔案
2025-04-20 20:29:19,482 - WARNING - 找不到文章 900830 的原始 HTML 檔案
2025-04-20 20:29:19,484 - WARNING - 找不到文章 900831 的原始 HTML 檔案
2025-04-20 20:29:19,487 - WARNING - 找不到文章 900948 的原始 HTML 檔案
2025-04-20 20:29:19,488 - WARNING - 找不到文章 900949 的原始 HTML 檔案
2025-04-20 20:29:19,491 - WARNING - 找不到文章 901029 的原始 HTML 檔案
2025-04-20 20:29:19,494 - WARNING - 找不到文章 901030 的原始 HTML 檔案
2025-04-20 20:29:19,496 - WARNING - 找不到文章 901072 的原始 HTML 檔案
2025-04-20 20:29:19,498 - WARNING - 找不到文章 901073 的原始 HTML 檔案
2025-04-20 20:29:19,500 - WARNING - 找不到文章 901141 的原始 HTML 檔案
2025-04-20 20:29:19,502 - WARNING - 找不到文章 901142 的原始 HTML 檔案
2025-04-20 20:29:19,504 - WARNING - 找不到文章 901191 的原始 HTML 檔案
2025-04-20 20:29:19,505 - WARNING - 找不到文章 901192 的原始 HTML 檔案
2025-04-20 20:29:19,505 - WARNING - 找不到文章 901261 的原始 HTML 檔案
2025-04-20 20:29:19,511 - WARNING - 找不到文章 901262 的原始 HTML 檔案
2025-04-20 20:29:19,513 - WARNING - 找不到文章 901352 的原始 HTML 檔案
2025-04-20 20:29:19,515 - WARNING - 找不到文章 901353 的原始 HTML 檔案
2025-04-20 20:29:19,518 - WARNING - 找不到文章 901454 的原始 HTML 檔案
2025-04-20 20:29:19,520 - WARNING - 找不到文章 901455 的原始 HTML 檔案
2025-04-20 20:29:19,522 - WARNING - 找不到文章 901487 的原始 HTML 檔案
2025-04-20 20:29:19,522 - WARNING - 找不到文章 901488 的原始 HTML 檔案
2025-04-20 20:29:19,525 - WARNING - 找不到文章 901543 的原始 HTML 檔案
2025-04-20 20:29:19,528 - WARNING - 找不到文章 901544 的原始 HTML 檔案
2025-04-20 20:29:19,530 - WARNING - 找不到文章 901616 的原始 HTML 檔案
2025-04-20 20:29:19,532 - WARNING - 找不到文章 901617 的原始 HTML 檔案
2025-04-20 20:29:19,535 - WARNING - 找不到文章 901664 的原始 HTML 檔案
2025-04-20 20:29:19,537 - WARNING - 找不到文章 901665 的原始 HTML 檔案
2025-04-20 20:29:19,537 - WARNING - 找不到文章 901708 的原始 HTML 檔案
2025-04-20 20:29:19,540 - WARNING - 找不到文章 901834 的原始 HTML 檔案
2025-04-20 20:29:19,543 - WARNING - 找不到文章 901835 的原始 HTML 檔案
2025-04-20 20:29:19,545 - WARNING - 找不到文章 901908 的原始 HTML 檔案
2025-04-20 20:29:19,548 - WARNING - 找不到文章 901909 的原始 HTML 檔案
2025-04-20 20:29:19,550 - WARNING - 找不到文章 902022 的原始 HTML 檔案
2025-04-20 20:29:19,552 - WARNING - 找不到文章 902023 的原始 HTML 檔案
2025-04-20 20:29:19,554 - WARNING - 找不到文章 902057 的原始 HTML 檔案
2025-04-20 20:29:19,556 - WARNING - 找不到文章 902058 的原始 HTML 檔案
2025-04-20 20:29:19,557 - WARNING - 找不到文章 902106 的原始 HTML 檔案
2025-04-20 20:29:19,560 - WARNING - 找不到文章 902107 的原始 HTML 檔案
2025-04-20 20:29:19,562 - WARNING - 找不到文章 902213 的原始 HTML 檔案
2025-04-20 20:29:19,565 - WARNING - 找不到文章 902214 的原始 HTML 檔案
2025-04-20 20:29:19,566 - WARNING - 找不到文章 902313 的原始 HTML 檔案
2025-04-20 20:29:19,569 - WARNING - 找不到文章 902378 的原始 HTML 檔案
2025-04-20 20:29:19,570 - WARNING - 找不到文章 902379 的原始 HTML 檔案
2025-04-20 20:29:19,570 - WARNING - 找不到文章 902539 的原始 HTML 檔案
2025-04-20 20:29:19,577 - WARNING - 找不到文章 902540 的原始 HTML 檔案
2025-04-20 20:29:19,580 - WARNING - 找不到文章 902588 的原始 HTML 檔案
2025-04-20 20:29:19,583 - WARNING - 找不到文章 902589 的原始 HTML 檔案
2025-04-20 20:29:19,587 - WARNING - 找不到文章 902606 的原始 HTML 檔案
2025-04-20 20:29:19,589 - WARNING - 找不到文章 902608 的原始 HTML 檔案
2025-04-20 20:29:19,592 - WARNING - 找不到文章 902685 的原始 HTML 檔案
2025-04-20 20:29:19,594 - WARNING - 找不到文章 902686 的原始 HTML 檔案
2025-04-20 20:29:19,597 - WARNING - 找不到文章 902764 的原始 HTML 檔案
2025-04-20 20:29:19,600 - WARNING - 找不到文章 902765 的原始 HTML 檔案
2025-04-20 20:29:19,602 - WARNING - 找不到文章 902871 的原始 HTML 檔案
2025-04-20 20:29:19,604 - WARNING - 找不到文章 902872 的原始 HTML 檔案
2025-04-20 20:29:19,607 - WARNING - 找不到文章 902905 的原始 HTML 檔案
2025-04-20 20:29:19,610 - WARNING - 找不到文章 902907 的原始 HTML 檔案
2025-04-20 20:29:19,612 - WARNING - 找不到文章 902970 的原始 HTML 檔案
2025-04-20 20:29:19,615 - WARNING - 找不到文章 902971 的原始 HTML 檔案
2025-04-20 20:29:19,618 - WARNING - 找不到文章 903051 的原始 HTML 檔案
2025-04-20 20:29:19,620 - WARNING - 找不到文章 903052 的原始 HTML 檔案
2025-04-20 20:29:19,622 - WARNING - 找不到文章 903114 的原始 HTML 檔案
2025-04-20 20:29:19,623 - WARNING - 找不到文章 903115 的原始 HTML 檔案
2025-04-20 20:29:19,626 - WARNING - 找不到文章 903253 的原始 HTML 檔案
2025-04-20 20:29:19,628 - WARNING - 找不到文章 903254 的原始 HTML 檔案
2025-04-20 20:29:19,630 - WARNING - 找不到文章 903315 的原始 HTML 檔案
2025-04-20 20:29:19,633 - WARNING - 找不到文章 903316 的原始 HTML 檔案
2025-04-20 20:29:19,635 - WARNING - 找不到文章 903370 的原始 HTML 檔案
2025-04-20 20:29:19,637 - WARNING - 找不到文章 903371 的原始 HTML 檔案
2025-04-20 20:29:19,640 - WARNING - 找不到文章 903405 的原始 HTML 檔案
2025-04-20 20:29:19,642 - WARNING - 找不到文章 903455 的原始 HTML 檔案
2025-04-20 20:29:19,645 - WARNING - 找不到文章 903560 的原始 HTML 檔案
2025-04-20 20:29:19,647 - WARNING - 找不到文章 903561 的原始 HTML 檔案
2025-04-20 20:29:19,649 - WARNING - 找不到文章 903589 的原始 HTML 檔案
2025-04-20 20:29:19,654 - WARNING - 找不到文章 903622 的原始 HTML 檔案
2025-04-20 20:29:19,656 - WARNING - 找不到文章 903625 的原始 HTML 檔案
2025-04-20 20:29:19,658 - WARNING - 找不到文章 903658 的原始 HTML 檔案
2025-04-20 20:29:19,662 - WARNING - 找不到文章 903687 的原始 HTML 檔案
2025-04-20 20:29:19,664 - WARNING - 找不到文章 903716 的原始 HTML 檔案
2025-04-20 20:29:19,667 - WARNING - 找不到文章 903810 的原始 HTML 檔案
2025-04-20 20:29:19,670 - WARNING - 找不到文章 903829 的原始 HTML 檔案
2025-04-20 20:29:19,672 - WARNING - 找不到文章 903830 的原始 HTML 檔案
2025-04-20 20:29:19,675 - WARNING - 找不到文章 903831 的原始 HTML 檔案
2025-04-20 20:29:19,678 - WARNING - 找不到文章 903940 的原始 HTML 檔案
2025-04-20 20:29:19,681 - WARNING - 找不到文章 903980 的原始 HTML 檔案
2025-04-20 20:29:19,683 - WARNING - 找不到文章 904053 的原始 HTML 檔案
2025-04-20 20:29:19,686 - WARNING - 找不到文章 904099 的原始 HTML 檔案
2025-04-20 20:29:19,688 - WARNING - 找不到文章 904159 的原始 HTML 檔案
2025-04-20 20:29:19,689 - WARNING - 找不到文章 904215 的原始 HTML 檔案
2025-04-20 20:29:19,693 - WARNING - 找不到文章 904228 的原始 HTML 檔案
2025-04-20 20:29:19,695 - WARNING - 找不到文章 904229 的原始 HTML 檔案
2025-04-20 20:29:19,697 - WARNING - 找不到文章 904279 的原始 HTML 檔案
2025-04-20 20:29:19,700 - WARNING - 找不到文章 904299 的原始 HTML 檔案
2025-04-20 20:29:19,705 - WARNING - 找不到文章 904323 的原始 HTML 檔案
2025-04-20 20:29:19,710 - WARNING - 找不到文章 904456 的原始 HTML 檔案
2025-04-20 20:29:19,716 - WARNING - 找不到文章 904457 的原始 HTML 檔案
2025-04-20 20:29:19,719 - WARNING - 找不到文章 904486 的原始 HTML 檔案
2025-04-20 20:29:19,721 - WARNING - 找不到文章 904500 的原始 HTML 檔案
2025-04-20 20:29:19,733 - WARNING - 找不到文章 904512 的原始 HTML 檔案
2025-04-20 20:29:19,738 - WARNING - 找不到文章 904567 的原始 HTML 檔案
2025-04-20 20:29:19,740 - WARNING - 找不到文章 904576 的原始 HTML 檔案
2025-04-20 20:29:19,743 - WARNING - 找不到文章 904672 的原始 HTML 檔案
2025-04-20 20:29:19,747 - WARNING - 找不到文章 904741 的原始 HTML 檔案
2025-04-20 20:29:19,748 - WARNING - 找不到文章 904745 的原始 HTML 檔案
2025-04-20 20:29:19,751 - WARNING - 找不到文章 904765 的原始 HTML 檔案
2025-04-20 20:29:19,753 - WARNING - 找不到文章 904815 的原始 HTML 檔案
2025-04-20 20:29:19,755 - WARNING - 找不到文章 904888 的原始 HTML 檔案
2025-04-20 20:29:19,755 - WARNING - 找不到文章 904954 的原始 HTML 檔案
2025-04-20 20:29:19,760 - WARNING - 找不到文章 904960 的原始 HTML 檔案
2025-04-20 20:29:19,763 - WARNING - 找不到文章 904980 的原始 HTML 檔案
2025-04-20 20:29:19,765 - WARNING - 找不到文章 905019 的原始 HTML 檔案
2025-04-20 20:29:19,768 - WARNING - 找不到文章 905028 的原始 HTML 檔案
2025-04-20 20:29:19,770 - WARNING - 找不到文章 905102 的原始 HTML 檔案
2025-04-20 20:29:19,771 - WARNING - 找不到文章 905136 的原始 HTML 檔案
2025-04-20 20:29:19,773 - WARNING - 找不到文章 905141 的原始 HTML 檔案
2025-04-20 20:29:19,777 - WARNING - 找不到文章 905153 的原始 HTML 檔案
2025-04-20 20:29:19,780 - WARNING - 找不到文章 905202 的原始 HTML 檔案
2025-04-20 20:29:19,782 - WARNING - 找不到文章 905215 的原始 HTML 檔案
2025-04-20 20:29:19,784 - WARNING - 找不到文章 905227 的原始 HTML 檔案
2025-04-20 20:29:19,786 - WARNING - 找不到文章 905273 的原始 HTML 檔案
2025-04-20 20:29:19,788 - WARNING - 找不到文章 905298 的原始 HTML 檔案
2025-04-20 20:29:19,790 - WARNING - 找不到文章 905315 的原始 HTML 檔案
2025-04-20 20:29:19,792 - WARNING - 找不到文章 905387 的原始 HTML 檔案
2025-04-20 20:29:19,795 - WARNING - 找不到文章 905406 的原始 HTML 檔案
2025-04-20 20:29:19,797 - WARNING - 找不到文章 905499 的原始 HTML 檔案
2025-04-20 20:29:19,799 - WARNING - 找不到文章 905515 的原始 HTML 檔案
2025-04-20 20:29:19,800 - WARNING - 找不到文章 905576 的原始 HTML 檔案
2025-04-20 20:29:19,800 - WARNING - 找不到文章 905586 的原始 HTML 檔案
2025-04-20 20:29:19,800 - WARNING - 找不到文章 905700 的原始 HTML 檔案
2025-04-20 20:29:19,800 - WARNING - 找不到文章 905713 的原始 HTML 檔案
2025-04-20 20:29:19,808 - WARNING - 找不到文章 905731 的原始 HTML 檔案
2025-04-20 20:29:19,811 - WARNING - 找不到文章 905759 的原始 HTML 檔案
2025-04-20 20:29:19,813 - WARNING - 找不到文章 905771 的原始 HTML 檔案
2025-04-20 20:29:19,816 - WARNING - 找不到文章 905790 的原始 HTML 檔案
2025-04-20 20:29:19,818 - WARNING - 找不到文章 905810 的原始 HTML 檔案
2025-04-20 20:29:19,820 - WARNING - 找不到文章 905845 的原始 HTML 檔案
2025-04-20 20:29:19,820 - WARNING - 找不到文章 905867 的原始 HTML 檔案
2025-04-20 20:29:19,824 - WARNING - 找不到文章 905884 的原始 HTML 檔案
2025-04-20 20:29:19,826 - WARNING - 找不到文章 905973 的原始 HTML 檔案
2025-04-20 20:29:19,828 - WARNING - 找不到文章 905979 的原始 HTML 檔案
2025-04-20 20:29:19,830 - WARNING - 找不到文章 906041 的原始 HTML 檔案
2025-04-20 20:29:19,832 - WARNING - 找不到文章 906076 的原始 HTML 檔案
2025-04-20 20:29:19,833 - WARNING - 找不到文章 906103 的原始 HTML 檔案
2025-04-20 20:29:19,834 - WARNING - 找不到文章 906119 的原始 HTML 檔案
2025-04-20 20:29:19,837 - WARNING - 找不到文章 906127 的原始 HTML 檔案
2025-04-20 20:29:19,840 - WARNING - 找不到文章 906230 的原始 HTML 檔案
2025-04-20 20:29:19,842 - WARNING - 找不到文章 906247 的原始 HTML 檔案
2025-04-20 20:29:19,845 - WARNING - 找不到文章 906252 的原始 HTML 檔案
2025-04-20 20:29:19,847 - WARNING - 找不到文章 906267 的原始 HTML 檔案
2025-04-20 20:29:19,849 - WARNING - 找不到文章 906268 的原始 HTML 檔案
2025-04-20 20:29:19,851 - WARNING - 找不到文章 906347 的原始 HTML 檔案
2025-04-20 20:29:19,854 - WARNING - 找不到文章 906377 的原始 HTML 檔案
2025-04-20 20:29:19,856 - WARNING - 找不到文章 906404 的原始 HTML 檔案
2025-04-20 20:29:19,858 - WARNING - 找不到文章 906425 的原始 HTML 檔案
2025-04-20 20:29:19,858 - WARNING - 找不到文章 906482 的原始 HTML 檔案
2025-04-20 20:29:19,862 - WARNING - 找不到文章 906594 的原始 HTML 檔案
2025-04-20 20:29:19,863 - WARNING - 找不到文章 906631 的原始 HTML 檔案
2025-04-20 20:29:19,866 - WARNING - 找不到文章 906671 的原始 HTML 檔案
2025-04-20 20:29:19,868 - WARNING - 找不到文章 906739 的原始 HTML 檔案
2025-04-20 20:29:19,868 - WARNING - 找不到文章 906740 的原始 HTML 檔案
2025-04-20 20:29:19,868 - WARNING - 找不到文章 906744 的原始 HTML 檔案
2025-04-20 20:29:19,874 - WARNING - 找不到文章 906785 的原始 HTML 檔案
2025-04-20 20:29:19,876 - WARNING - 找不到文章 906824 的原始 HTML 檔案
2025-04-20 20:29:19,879 - WARNING - 找不到文章 906891 的原始 HTML 檔案
2025-04-20 20:29:19,881 - WARNING - 找不到文章 906932 的原始 HTML 檔案
2025-04-20 20:29:19,882 - WARNING - 找不到文章 906980 的原始 HTML 檔案
2025-04-20 20:29:19,882 - WARNING - 找不到文章 907040 的原始 HTML 檔案
2025-04-20 20:29:19,887 - WARNING - 找不到文章 907095 的原始 HTML 檔案
2025-04-20 20:29:19,890 - WARNING - 找不到文章 907119 的原始 HTML 檔案
2025-04-20 20:29:19,891 - WARNING - 找不到文章 907121 的原始 HTML 檔案
2025-04-20 20:29:19,895 - WARNING - 找不到文章 907147 的原始 HTML 檔案
2025-04-20 20:29:19,897 - WARNING - 找不到文章 907167 的原始 HTML 檔案
2025-04-20 20:29:19,899 - WARNING - 找不到文章 907249 的原始 HTML 檔案
2025-04-20 20:29:19,901 - WARNING - 找不到文章 907296 的原始 HTML 檔案
2025-04-20 20:29:19,904 - WARNING - 找不到文章 907334 的原始 HTML 檔案
2025-04-20 20:29:19,906 - WARNING - 找不到文章 907359 的原始 HTML 檔案
2025-04-20 20:29:19,908 - WARNING - 找不到文章 907403 的原始 HTML 檔案
2025-04-20 20:29:19,911 - WARNING - 找不到文章 907421 的原始 HTML 檔案
2025-04-20 20:29:19,913 - WARNING - 找不到文章 907485 的原始 HTML 檔案
2025-04-20 20:29:19,915 - WARNING - 找不到文章 907523 的原始 HTML 檔案
2025-04-20 20:29:19,917 - WARNING - 找不到文章 907535 的原始 HTML 檔案
2025-04-20 20:29:19,918 - WARNING - 找不到文章 907536 的原始 HTML 檔案
2025-04-20 20:29:19,918 - WARNING - 找不到文章 907569 的原始 HTML 檔案
2025-04-20 20:29:19,918 - WARNING - 找不到文章 907646 的原始 HTML 檔案
2025-04-20 20:29:19,925 - WARNING - 找不到文章 907657 的原始 HTML 檔案
2025-04-20 20:29:19,928 - WARNING - 找不到文章 907677 的原始 HTML 檔案
2025-04-20 20:29:19,930 - WARNING - 找不到文章 907714 的原始 HTML 檔案
2025-04-20 20:29:19,932 - WARNING - 找不到文章 907761 的原始 HTML 檔案
2025-04-20 20:29:19,934 - WARNING - 找不到文章 907810 的原始 HTML 檔案
2025-04-20 20:29:19,936 - WARNING - 找不到文章 907845 的原始 HTML 檔案
2025-04-20 20:29:19,937 - WARNING - 找不到文章 907883 的原始 HTML 檔案
2025-04-20 20:29:19,940 - WARNING - 找不到文章 907918 的原始 HTML 檔案
2025-04-20 20:29:19,942 - WARNING - 找不到文章 907950 的原始 HTML 檔案
2025-04-20 20:29:19,945 - WARNING - 找不到文章 907978 的原始 HTML 檔案
2025-04-20 20:29:19,945 - WARNING - 找不到文章 908023 的原始 HTML 檔案
2025-04-20 20:29:19,948 - WARNING - 找不到文章 908042 的原始 HTML 檔案
2025-04-20 20:29:19,950 - WARNING - 找不到文章 908098 的原始 HTML 檔案
2025-04-20 20:29:19,952 - WARNING - 找不到文章 908130 的原始 HTML 檔案
2025-04-20 20:29:19,953 - WARNING - 找不到文章 908150 的原始 HTML 檔案
2025-04-20 20:29:19,956 - WARNING - 找不到文章 908246 的原始 HTML 檔案
2025-04-20 20:29:19,958 - WARNING - 找不到文章 908283 的原始 HTML 檔案
2025-04-20 20:29:19,961 - WARNING - 找不到文章 908295 的原始 HTML 檔案
2025-04-20 20:29:19,961 - WARNING - 找不到文章 908315 的原始 HTML 檔案
2025-04-20 20:29:19,965 - WARNING - 找不到文章 908340 的原始 HTML 檔案
2025-04-20 20:29:19,967 - WARNING - 找不到文章 908409 的原始 HTML 檔案
2025-04-20 20:29:19,969 - WARNING - 找不到文章 908440 的原始 HTML 檔案
2025-04-20 20:29:19,970 - WARNING - 找不到文章 908466 的原始 HTML 檔案
2025-04-20 20:29:19,974 - WARNING - 找不到文章 908484 的原始 HTML 檔案
2025-04-20 20:29:19,976 - WARNING - 找不到文章 908525 的原始 HTML 檔案
2025-04-20 20:29:19,978 - WARNING - 找不到文章 908537 的原始 HTML 檔案
2025-04-20 20:29:19,980 - WARNING - 找不到文章 908583 的原始 HTML 檔案
2025-04-20 20:29:19,982 - WARNING - 找不到文章 908628 的原始 HTML 檔案
2025-04-20 20:29:19,984 - WARNING - 找不到文章 908691 的原始 HTML 檔案
2025-04-20 20:29:19,986 - WARNING - 找不到文章 908746 的原始 HTML 檔案
2025-04-20 20:29:19,988 - WARNING - 找不到文章 908757 的原始 HTML 檔案
2025-04-20 20:29:19,990 - WARNING - 找不到文章 908758 的原始 HTML 檔案
2025-04-20 20:29:19,992 - WARNING - 找不到文章 908796 的原始 HTML 檔案
2025-04-20 20:29:19,995 - WARNING - 找不到文章 908808 的原始 HTML 檔案
2025-04-20 20:29:19,998 - WARNING - 找不到文章 908837 的原始 HTML 檔案
2025-04-20 20:29:19,998 - WARNING - 找不到文章 908855 的原始 HTML 檔案
2025-04-20 20:29:20,001 - WARNING - 找不到文章 908892 的原始 HTML 檔案
2025-04-20 20:29:20,003 - WARNING - 找不到文章 908938 的原始 HTML 檔案
2025-04-20 20:29:20,005 - WARNING - 找不到文章 908951 的原始 HTML 檔案
2025-04-20 20:29:20,006 - WARNING - 找不到文章 909027 的原始 HTML 檔案
2025-04-20 20:29:20,009 - WARNING - 找不到文章 909082 的原始 HTML 檔案
2025-04-20 20:29:20,012 - WARNING - 找不到文章 909083 的原始 HTML 檔案
2025-04-20 20:29:20,014 - WARNING - 找不到文章 909089 的原始 HTML 檔案
2025-04-20 20:29:20,016 - WARNING - 找不到文章 909095 的原始 HTML 檔案
2025-04-20 20:29:20,018 - WARNING - 找不到文章 909129 的原始 HTML 檔案
2025-04-20 20:29:20,021 - WARNING - 找不到文章 909273 的原始 HTML 檔案
2025-04-20 20:29:20,021 - WARNING - 找不到文章 909293 的原始 HTML 檔案
2025-04-20 20:29:20,024 - WARNING - 找不到文章 909314 的原始 HTML 檔案
2025-04-20 20:29:20,027 - WARNING - 找不到文章 909339 的原始 HTML 檔案
2025-04-20 20:29:20,029 - WARNING - 找不到文章 909354 的原始 HTML 檔案
2025-04-20 20:29:20,031 - WARNING - 找不到文章 909359 的原始 HTML 檔案
2025-04-20 20:29:20,033 - WARNING - 找不到文章 909412 的原始 HTML 檔案
2025-04-20 20:29:20,035 - WARNING - 找不到文章 909439 的原始 HTML 檔案
2025-04-20 20:29:20,036 - WARNING - 找不到文章 909457 的原始 HTML 檔案
2025-04-20 20:29:20,039 - WARNING - 找不到文章 909527 的原始 HTML 檔案
2025-04-20 20:29:20,041 - WARNING - 找不到文章 909546 的原始 HTML 檔案
2025-04-20 20:29:20,044 - WARNING - 找不到文章 909608 的原始 HTML 檔案
2025-04-20 20:29:20,046 - WARNING - 找不到文章 909639 的原始 HTML 檔案
2025-04-20 20:29:20,048 - WARNING - 找不到文章 909682 的原始 HTML 檔案
2025-04-20 20:29:20,050 - WARNING - 找不到文章 909717 的原始 HTML 檔案
2025-04-20 20:29:20,052 - WARNING - 找不到文章 909739 的原始 HTML 檔案
2025-04-20 20:29:20,054 - WARNING - 找不到文章 909767 的原始 HTML 檔案
2025-04-20 20:29:20,056 - WARNING - 找不到文章 909798 的原始 HTML 檔案
2025-04-20 20:29:20,058 - WARNING - 找不到文章 909870 的原始 HTML 檔案
2025-04-20 20:29:20,061 - WARNING - 找不到文章 909905 的原始 HTML 檔案
2025-04-20 20:29:20,063 - WARNING - 找不到文章 909954 的原始 HTML 檔案
2025-04-20 20:29:20,065 - WARNING - 找不到文章 909991 的原始 HTML 檔案
2025-04-20 20:29:20,065 - WARNING - 找不到文章 909997 的原始 HTML 檔案
2025-04-20 20:29:20,069 - WARNING - 找不到文章 910031 的原始 HTML 檔案
2025-04-20 20:29:20,071 - WARNING - 找不到文章 910088 的原始 HTML 檔案
2025-04-20 20:29:20,073 - WARNING - 找不到文章 910147 的原始 HTML 檔案
2025-04-20 20:29:20,074 - WARNING - 找不到文章 910181 的原始 HTML 檔案
2025-04-20 20:29:20,078 - WARNING - 找不到文章 910262 的原始 HTML 檔案
2025-04-20 20:29:20,080 - WARNING - 找不到文章 910304 的原始 HTML 檔案
2025-04-20 20:29:20,082 - WARNING - 找不到文章 910325 的原始 HTML 檔案
2025-04-20 20:29:20,084 - WARNING - 找不到文章 910359 的原始 HTML 檔案
2025-04-20 20:29:20,087 - WARNING - 找不到文章 910373 的原始 HTML 檔案
2025-04-20 20:29:20,089 - WARNING - 找不到文章 910390 的原始 HTML 檔案
2025-04-20 20:29:20,092 - WARNING - 找不到文章 910414 的原始 HTML 檔案
2025-04-20 20:29:20,096 - WARNING - 找不到文章 910429 的原始 HTML 檔案
2025-04-20 20:29:20,097 - WARNING - 找不到文章 910446 的原始 HTML 檔案
2025-04-20 20:29:20,099 - WARNING - 找不到文章 910500 的原始 HTML 檔案
2025-04-20 20:29:20,101 - WARNING - 找不到文章 910554 的原始 HTML 檔案
2025-04-20 20:29:20,103 - WARNING - 找不到文章 910560 的原始 HTML 檔案
2025-04-20 20:29:20,104 - WARNING - 找不到文章 910575 的原始 HTML 檔案
2025-04-20 20:29:20,107 - WARNING - 找不到文章 910617 的原始 HTML 檔案
2025-04-20 20:29:20,110 - WARNING - 找不到文章 910627 的原始 HTML 檔案
2025-04-20 20:29:20,112 - WARNING - 找不到文章 910659 的原始 HTML 檔案
2025-04-20 20:29:20,114 - WARNING - 找不到文章 910700 的原始 HTML 檔案
2025-04-20 20:29:20,116 - WARNING - 找不到文章 910709 的原始 HTML 檔案
2025-04-20 20:29:20,118 - WARNING - 找不到文章 910761 的原始 HTML 檔案
2025-04-20 20:29:20,119 - WARNING - 找不到文章 910827 的原始 HTML 檔案
2025-04-20 20:29:20,122 - WARNING - 找不到文章 910837 的原始 HTML 檔案
2025-04-20 20:29:20,124 - WARNING - 找不到文章 910860 的原始 HTML 檔案
2025-04-20 20:29:20,127 - WARNING - 找不到文章 910874 的原始 HTML 檔案
2025-04-20 20:29:20,129 - WARNING - 找不到文章 910921 的原始 HTML 檔案
2025-04-20 20:29:20,131 - WARNING - 找不到文章 910960 的原始 HTML 檔案
2025-04-20 20:29:20,133 - WARNING - 找不到文章 910966 的原始 HTML 檔案
2025-04-20 20:29:20,135 - WARNING - 找不到文章 911012 的原始 HTML 檔案
2025-04-20 20:29:20,137 - WARNING - 找不到文章 911049 的原始 HTML 檔案
2025-04-20 20:29:20,139 - WARNING - 找不到文章 911127 的原始 HTML 檔案
2025-04-20 20:29:20,141 - WARNING - 找不到文章 911137 的原始 HTML 檔案
2025-04-20 20:29:20,144 - WARNING - 找不到文章 911150 的原始 HTML 檔案
2025-04-20 20:29:20,146 - WARNING - 找不到文章 911173 的原始 HTML 檔案
2025-04-20 20:29:20,149 - WARNING - 找不到文章 911189 的原始 HTML 檔案
2025-04-20 20:29:20,151 - WARNING - 找不到文章 911195 的原始 HTML 檔案
2025-04-20 20:29:20,153 - WARNING - 找不到文章 911262 的原始 HTML 檔案
2025-04-20 20:29:20,153 - WARNING - 找不到文章 911354 的原始 HTML 檔案
2025-04-20 20:29:20,155 - WARNING - 找不到文章 911364 的原始 HTML 檔案
2025-04-20 20:29:20,157 - WARNING - 找不到文章 911405 的原始 HTML 檔案
2025-04-20 20:29:20,161 - WARNING - 找不到文章 911432 的原始 HTML 檔案
2025-04-20 20:29:20,164 - WARNING - 找不到文章 911446 的原始 HTML 檔案
2025-04-20 20:29:20,166 - WARNING - 找不到文章 911491 的原始 HTML 檔案
2025-04-20 20:29:20,167 - WARNING - 找不到文章 911547 的原始 HTML 檔案
2025-04-20 20:29:20,169 - WARNING - 找不到文章 911564 的原始 HTML 檔案
2025-04-20 20:29:20,172 - WARNING - 找不到文章 911612 的原始 HTML 檔案
2025-04-20 20:29:20,174 - WARNING - 找不到文章 911627 的原始 HTML 檔案
2025-04-20 20:29:20,176 - WARNING - 找不到文章 911654 的原始 HTML 檔案
2025-04-20 20:29:20,179 - WARNING - 找不到文章 911673 的原始 HTML 檔案
2025-04-20 20:29:20,181 - WARNING - 找不到文章 911692 的原始 HTML 檔案
2025-04-20 20:29:20,182 - WARNING - 找不到文章 911726 的原始 HTML 檔案
2025-04-20 20:29:20,184 - WARNING - 找不到文章 911837 的原始 HTML 檔案
2025-04-20 20:29:20,186 - WARNING - 找不到文章 911940 的原始 HTML 檔案
2025-04-20 20:29:20,188 - WARNING - 找不到文章 912000 的原始 HTML 檔案
2025-04-20 20:29:20,189 - WARNING - 找不到文章 912009 的原始 HTML 檔案
2025-04-20 20:29:20,193 - WARNING - 找不到文章 912036 的原始 HTML 檔案
2025-04-20 20:29:20,196 - WARNING - 找不到文章 912049 的原始 HTML 檔案
2025-04-20 20:29:20,198 - WARNING - 找不到文章 912059 的原始 HTML 檔案
2025-04-20 20:29:20,200 - WARNING - 找不到文章 912098 的原始 HTML 檔案
2025-04-20 20:29:20,202 - WARNING - 找不到文章 912110 的原始 HTML 檔案
2025-04-20 20:29:20,204 - WARNING - 找不到文章 912152 的原始 HTML 檔案
2025-04-20 20:29:20,205 - WARNING - 找不到文章 912171 的原始 HTML 檔案
2025-04-20 20:29:20,208 - WARNING - 找不到文章 912197 的原始 HTML 檔案
2025-04-20 20:29:20,210 - WARNING - 找不到文章 912206 的原始 HTML 檔案
2025-04-20 20:29:20,215 - WARNING - 找不到文章 912225 的原始 HTML 檔案
2025-04-20 20:29:20,217 - WARNING - 找不到文章 912231 的原始 HTML 檔案
2025-04-20 20:29:20,219 - WARNING - 找不到文章 912241 的原始 HTML 檔案
2025-04-20 20:29:20,219 - WARNING - 找不到文章 912332 的原始 HTML 檔案
2025-04-20 20:29:20,223 - WARNING - 找不到文章 912422 的原始 HTML 檔案
2025-04-20 20:29:20,226 - WARNING - 找不到文章 912468 的原始 HTML 檔案
2025-04-20 20:29:20,228 - WARNING - 找不到文章 912499 的原始 HTML 檔案
2025-04-20 20:29:20,230 - WARNING - 找不到文章 912569 的原始 HTML 檔案
2025-04-20 20:29:20,233 - WARNING - 找不到文章 912603 的原始 HTML 檔案
2025-04-20 20:29:20,235 - WARNING - 找不到文章 912664 的原始 HTML 檔案
2025-04-20 20:29:20,235 - WARNING - 找不到文章 912735 的原始 HTML 檔案
2025-04-20 20:29:20,238 - WARNING - 找不到文章 912736 的原始 HTML 檔案
2025-04-20 20:29:20,240 - WARNING - 找不到文章 912862 的原始 HTML 檔案
2025-04-20 20:29:20,242 - WARNING - 找不到文章 912898 的原始 HTML 檔案
2025-04-20 20:29:20,246 - WARNING - 找不到文章 912933 的原始 HTML 檔案
2025-04-20 20:29:20,248 - WARNING - 找不到文章 912981 的原始 HTML 檔案
2025-04-20 20:29:20,250 - WARNING - 找不到文章 913024 的原始 HTML 檔案
2025-04-20 20:29:20,252 - WARNING - 找不到文章 913109 的原始 HTML 檔案
2025-04-20 20:29:20,254 - WARNING - 找不到文章 913135 的原始 HTML 檔案
2025-04-20 20:29:20,256 - WARNING - 找不到文章 913190 的原始 HTML 檔案
2025-04-20 20:29:20,258 - WARNING - 找不到文章 913253 的原始 HTML 檔案
2025-04-20 20:29:20,260 - WARNING - 找不到文章 913285 的原始 HTML 檔案
2025-04-20 20:29:20,262 - WARNING - 找不到文章 913325 的原始 HTML 檔案
2025-04-20 20:29:20,264 - WARNING - 找不到文章 409187 的原始 HTML 檔案
2025-04-20 20:29:20,266 - WARNING - 找不到文章 409188 的原始 HTML 檔案
2025-04-20 20:29:20,268 - WARNING - 找不到文章 409189 的原始 HTML 檔案
2025-04-20 20:29:20,269 - WARNING - 找不到文章 409190 的原始 HTML 檔案
2025-04-20 20:29:20,272 - WARNING - 找不到文章 409191 的原始 HTML 檔案
2025-04-20 20:29:20,274 - WARNING - 找不到文章 409192 的原始 HTML 檔案
2025-04-20 20:29:20,277 - WARNING - 找不到文章 409193 的原始 HTML 檔案
2025-04-20 20:29:20,279 - WARNING - 找不到文章 409194 的原始 HTML 檔案
2025-04-20 20:29:20,282 - WARNING - 找不到文章 409195 的原始 HTML 檔案
2025-04-20 20:29:20,284 - WARNING - 找不到文章 409196 的原始 HTML 檔案
2025-04-20 20:29:20,285 - WARNING - 找不到文章 409197 的原始 HTML 檔案
2025-04-20 20:29:20,287 - WARNING - 找不到文章 409198 的原始 HTML 檔案
2025-04-20 20:29:20,289 - WARNING - 找不到文章 409199 的原始 HTML 檔案
2025-04-20 20:29:20,291 - WARNING - 找不到文章 409206 的原始 HTML 檔案
2025-04-20 20:29:20,294 - WARNING - 找不到文章 409207 的原始 HTML 檔案
2025-04-20 20:29:20,296 - WARNING - 找不到文章 409208 的原始 HTML 檔案
2025-04-20 20:29:20,298 - WARNING - 找不到文章 409209 的原始 HTML 檔案
2025-04-20 20:29:20,299 - WARNING - 找不到文章 409210 的原始 HTML 檔案
2025-04-20 20:29:20,302 - WARNING - 找不到文章 409211 的原始 HTML 檔案
2025-04-20 20:29:20,302 - WARNING - 找不到文章 409212 的原始 HTML 檔案
2025-04-20 20:29:20,302 - WARNING - 找不到文章 409213 的原始 HTML 檔案
2025-04-20 20:29:20,308 - WARNING - 找不到文章 409214 的原始 HTML 檔案
2025-04-20 20:29:20,310 - WARNING - 找不到文章 409215 的原始 HTML 檔案
2025-04-20 20:29:20,313 - WARNING - 找不到文章 409216 的原始 HTML 檔案
2025-04-20 20:29:20,313 - WARNING - 找不到文章 409217 的原始 HTML 檔案
2025-04-20 20:29:20,316 - WARNING - 找不到文章 409218 的原始 HTML 檔案
2025-04-20 20:29:20,318 - WARNING - 找不到文章 409219 的原始 HTML 檔案
2025-04-20 20:29:20,320 - WARNING - 找不到文章 409220 的原始 HTML 檔案
2025-04-20 20:29:20,323 - WARNING - 找不到文章 409221 的原始 HTML 檔案
2025-04-20 20:29:20,325 - WARNING - 找不到文章 409243 的原始 HTML 檔案
2025-04-20 20:29:20,328 - WARNING - 找不到文章 409244 的原始 HTML 檔案
2025-04-20 20:29:20,329 - WARNING - 找不到文章 409245 的原始 HTML 檔案
2025-04-20 20:29:20,332 - WARNING - 找不到文章 409246 的原始 HTML 檔案
2025-04-20 20:29:20,334 - WARNING - 找不到文章 409247 的原始 HTML 檔案
2025-04-20 20:29:20,335 - WARNING - 找不到文章 409248 的原始 HTML 檔案
2025-04-20 20:29:20,338 - WARNING - 找不到文章 409249 的原始 HTML 檔案
2025-04-20 20:29:20,340 - WARNING - 找不到文章 409250 的原始 HTML 檔案
2025-04-20 20:29:20,342 - WARNING - 找不到文章 409251 的原始 HTML 檔案
2025-04-20 20:29:20,344 - WARNING - 找不到文章 409252 的原始 HTML 檔案
2025-04-20 20:29:20,347 - WARNING - 找不到文章 409253 的原始 HTML 檔案
2025-04-20 20:29:20,349 - WARNING - 找不到文章 409289 的原始 HTML 檔案
2025-04-20 20:29:20,350 - WARNING - 找不到文章 409290 的原始 HTML 檔案
2025-04-20 20:29:20,351 - WARNING - 找不到文章 409291 的原始 HTML 檔案
2025-04-20 20:29:20,351 - WARNING - 找不到文章 409292 的原始 HTML 檔案
2025-04-20 20:29:20,351 - WARNING - 找不到文章 409293 的原始 HTML 檔案
2025-04-20 20:29:20,358 - WARNING - 找不到文章 409294 的原始 HTML 檔案
2025-04-20 20:29:20,362 - WARNING - 找不到文章 409334 的原始 HTML 檔案
2025-04-20 20:29:20,364 - WARNING - 找不到文章 409335 的原始 HTML 檔案
2025-04-20 20:29:20,364 - WARNING - 找不到文章 409460 的原始 HTML 檔案
2025-04-20 20:29:20,367 - WARNING - 找不到文章 409461 的原始 HTML 檔案
2025-04-20 20:29:20,370 - WARNING - 找不到文章 409567 的原始 HTML 檔案
2025-04-20 20:29:20,372 - WARNING - 找不到文章 409568 的原始 HTML 檔案
2025-04-20 20:29:20,374 - WARNING - 找不到文章 409583 的原始 HTML 檔案
2025-04-20 20:29:20,376 - WARNING - 找不到文章 409584 的原始 HTML 檔案
2025-04-20 20:29:20,379 - WARNING - 找不到文章 409630 的原始 HTML 檔案
2025-04-20 20:29:20,380 - WARNING - 找不到文章 409631 的原始 HTML 檔案
2025-04-20 20:29:20,382 - WARNING - 找不到文章 409706 的原始 HTML 檔案
2025-04-20 20:29:20,384 - WARNING - 找不到文章 409749 的原始 HTML 檔案
2025-04-20 20:29:20,385 - WARNING - 找不到文章 409750 的原始 HTML 檔案
2025-04-20 20:29:20,389 - WARNING - 找不到文章 409764 的原始 HTML 檔案
2025-04-20 20:29:20,391 - WARNING - 找不到文章 409765 的原始 HTML 檔案
2025-04-20 20:29:20,394 - WARNING - 找不到文章 409799 的原始 HTML 檔案
2025-04-20 20:29:20,396 - WARNING - 找不到文章 409800 的原始 HTML 檔案
2025-04-20 20:29:20,398 - WARNING - 找不到文章 409878 的原始 HTML 檔案
2025-04-20 20:29:20,400 - WARNING - 找不到文章 409879 的原始 HTML 檔案
2025-04-20 20:29:20,401 - WARNING - 找不到文章 409911 的原始 HTML 檔案
2025-04-20 20:29:20,403 - WARNING - 找不到文章 409912 的原始 HTML 檔案
2025-04-20 20:29:20,405 - WARNING - 找不到文章 409940 的原始 HTML 檔案
2025-04-20 20:29:20,407 - WARNING - 找不到文章 409941 的原始 HTML 檔案
2025-04-20 20:29:20,409 - WARNING - 找不到文章 410020 的原始 HTML 檔案
2025-04-20 20:29:20,413 - WARNING - 找不到文章 410103 的原始 HTML 檔案
2025-04-20 20:29:20,415 - WARNING - 找不到文章 410104 的原始 HTML 檔案
2025-04-20 20:29:20,416 - WARNING - 找不到文章 410134 的原始 HTML 檔案
2025-04-20 20:29:20,418 - WARNING - 找不到文章 410135 的原始 HTML 檔案
2025-04-20 20:29:20,420 - WARNING - 找不到文章 410202 的原始 HTML 檔案
2025-04-20 20:29:20,421 - WARNING - 找不到文章 410203 的原始 HTML 檔案
2025-04-20 20:29:20,425 - WARNING - 找不到文章 410230 的原始 HTML 檔案
2025-04-20 20:29:20,427 - WARNING - 找不到文章 410231 的原始 HTML 檔案
2025-04-20 20:29:20,429 - WARNING - 找不到文章 410321 的原始 HTML 檔案
2025-04-20 20:29:20,429 - WARNING - 找不到文章 410322 的原始 HTML 檔案
2025-04-20 20:29:20,433 - WARNING - 找不到文章 410370 的原始 HTML 檔案
2025-04-20 20:29:20,435 - WARNING - 找不到文章 410371 的原始 HTML 檔案
2025-04-20 20:29:20,437 - WARNING - 找不到文章 410429 的原始 HTML 檔案
2025-04-20 20:29:20,440 - WARNING - 找不到文章 410479 的原始 HTML 檔案
2025-04-20 20:29:20,442 - WARNING - 找不到文章 410480 的原始 HTML 檔案
2025-04-20 20:29:20,444 - WARNING - 找不到文章 410529 的原始 HTML 檔案
2025-04-20 20:29:20,445 - WARNING - 找不到文章 410530 的原始 HTML 檔案
2025-04-20 20:29:20,448 - WARNING - 找不到文章 410569 的原始 HTML 檔案
2025-04-20 20:29:20,450 - WARNING - 找不到文章 410570 的原始 HTML 檔案
2025-04-20 20:29:20,452 - WARNING - 找不到文章 410649 的原始 HTML 檔案
2025-04-20 20:29:20,453 - WARNING - 找不到文章 410650 的原始 HTML 檔案
2025-04-20 20:29:20,456 - WARNING - 找不到文章 410765 的原始 HTML 檔案
2025-04-20 20:29:20,458 - WARNING - 找不到文章 410766 的原始 HTML 檔案
2025-04-20 20:29:20,461 - WARNING - 找不到文章 410818 的原始 HTML 檔案
2025-04-20 20:29:20,464 - WARNING - 找不到文章 410819 的原始 HTML 檔案
2025-04-20 20:29:20,466 - WARNING - 找不到文章 410845 的原始 HTML 檔案
2025-04-20 20:29:20,468 - WARNING - 找不到文章 410846 的原始 HTML 檔案
2025-04-20 20:29:20,468 - WARNING - 找不到文章 411132 的原始 HTML 檔案
2025-04-20 20:29:20,471 - WARNING - 找不到文章 411224 的原始 HTML 檔案
2025-04-20 20:29:20,473 - WARNING - 找不到文章 411225 的原始 HTML 檔案
2025-04-20 20:29:20,475 - WARNING - 找不到文章 411317 的原始 HTML 檔案
2025-04-20 20:29:20,479 - WARNING - 找不到文章 411320 的原始 HTML 檔案
2025-04-20 20:29:20,480 - WARNING - 找不到文章 411347 的原始 HTML 檔案
2025-04-20 20:29:20,482 - WARNING - 找不到文章 411348 的原始 HTML 檔案
2025-04-20 20:29:20,483 - WARNING - 找不到文章 411493 的原始 HTML 檔案
2025-04-20 20:29:20,483 - WARNING - 找不到文章 411494 的原始 HTML 檔案
2025-04-20 20:29:20,483 - WARNING - 找不到文章 411527 的原始 HTML 檔案
2025-04-20 20:29:20,483 - WARNING - 找不到文章 411528 的原始 HTML 檔案
2025-04-20 20:29:20,492 - WARNING - 找不到文章 411543 的原始 HTML 檔案
2025-04-20 20:29:20,495 - WARNING - 找不到文章 411544 的原始 HTML 檔案
2025-04-20 20:29:20,497 - WARNING - 找不到文章 411701 的原始 HTML 檔案
2025-04-20 20:29:20,499 - WARNING - 找不到文章 411715 的原始 HTML 檔案
2025-04-20 20:29:20,501 - WARNING - 找不到文章 411831 的原始 HTML 檔案
2025-04-20 20:29:20,503 - WARNING - 找不到文章 411833 的原始 HTML 檔案
2025-04-20 20:29:20,504 - WARNING - 找不到文章 411881 的原始 HTML 檔案
2025-04-20 20:29:20,506 - WARNING - 找不到文章 411913 的原始 HTML 檔案
2025-04-20 20:29:20,508 - WARNING - 找不到文章 411914 的原始 HTML 檔案
2025-04-20 20:29:20,512 - WARNING - 找不到文章 412002 的原始 HTML 檔案
2025-04-20 20:29:20,512 - WARNING - 找不到文章 412003 的原始 HTML 檔案
2025-04-20 20:29:20,515 - WARNING - 找不到文章 412047 的原始 HTML 檔案
2025-04-20 20:29:20,517 - WARNING - 找不到文章 412057 的原始 HTML 檔案
2025-04-20 20:29:20,519 - WARNING - 找不到文章 412178 的原始 HTML 檔案
2025-04-20 20:29:20,521 - WARNING - 找不到文章 412179 的原始 HTML 檔案
2025-04-20 20:29:20,524 - WARNING - 找不到文章 412220 的原始 HTML 檔案
2025-04-20 20:29:20,526 - WARNING - 找不到文章 412221 的原始 HTML 檔案
2025-04-20 20:29:20,529 - WARNING - 找不到文章 412288 的原始 HTML 檔案
2025-04-20 20:29:20,531 - WARNING - 找不到文章 412289 的原始 HTML 檔案
2025-04-20 20:29:20,532 - WARNING - 找不到文章 412314 的原始 HTML 檔案
2025-04-20 20:29:20,534 - WARNING - 找不到文章 412315 的原始 HTML 檔案
2025-04-20 20:29:20,534 - WARNING - 找不到文章 412316 的原始 HTML 檔案
2025-04-20 20:29:20,534 - WARNING - 找不到文章 412380 的原始 HTML 檔案
2025-04-20 20:29:20,541 - WARNING - 找不到文章 412414 的原始 HTML 檔案
2025-04-20 20:29:20,543 - WARNING - 找不到文章 412415 的原始 HTML 檔案
2025-04-20 20:29:20,546 - WARNING - 找不到文章 412450 的原始 HTML 檔案
2025-04-20 20:29:20,548 - WARNING - 找不到文章 412451 的原始 HTML 檔案
2025-04-20 20:29:20,550 - WARNING - 找不到文章 412601 的原始 HTML 檔案
2025-04-20 20:29:20,552 - WARNING - 找不到文章 412602 的原始 HTML 檔案
2025-04-20 20:29:20,552 - WARNING - 找不到文章 412657 的原始 HTML 檔案
2025-04-20 20:29:20,556 - WARNING - 找不到文章 412658 的原始 HTML 檔案
2025-04-20 20:29:20,558 - WARNING - 找不到文章 412669 的原始 HTML 檔案
2025-04-20 20:29:20,561 - WARNING - 找不到文章 412735 的原始 HTML 檔案
2025-04-20 20:29:20,564 - WARNING - 找不到文章 412736 的原始 HTML 檔案
2025-04-20 20:29:20,566 - WARNING - 找不到文章 412782 的原始 HTML 檔案
2025-04-20 20:29:20,568 - WARNING - 找不到文章 412783 的原始 HTML 檔案
2025-04-20 20:29:20,568 - WARNING - 找不到文章 412827 的原始 HTML 檔案
2025-04-20 20:29:20,568 - WARNING - 找不到文章 412833 的原始 HTML 檔案
2025-04-20 20:29:20,575 - WARNING - 找不到文章 412839 的原始 HTML 檔案
2025-04-20 20:29:20,577 - WARNING - 找不到文章 412840 的原始 HTML 檔案
2025-04-20 20:29:20,581 - WARNING - 找不到文章 412913 的原始 HTML 檔案
2025-04-20 20:29:20,583 - WARNING - 找不到文章 412914 的原始 HTML 檔案
2025-04-20 20:29:20,585 - WARNING - 找不到文章 413033 的原始 HTML 檔案
2025-04-20 20:29:20,588 - WARNING - 找不到文章 413034 的原始 HTML 檔案
2025-04-20 20:29:20,589 - WARNING - 找不到文章 413072 的原始 HTML 檔案
2025-04-20 20:29:20,592 - WARNING - 找不到文章 413073 的原始 HTML 檔案
2025-04-20 20:29:20,595 - WARNING - 找不到文章 413124 的原始 HTML 檔案
2025-04-20 20:29:20,597 - WARNING - 找不到文章 413125 的原始 HTML 檔案
2025-04-20 20:29:20,599 - WARNING - 找不到文章 413223 的原始 HTML 檔案
2025-04-20 20:29:20,601 - WARNING - 找不到文章 413224 的原始 HTML 檔案
2025-04-20 20:29:20,603 - WARNING - 找不到文章 413251 的原始 HTML 檔案
2025-04-20 20:29:20,605 - WARNING - 找不到文章 413252 的原始 HTML 檔案
2025-04-20 20:29:20,608 - WARNING - 找不到文章 413357 的原始 HTML 檔案
2025-04-20 20:29:20,610 - WARNING - 找不到文章 413358 的原始 HTML 檔案
2025-04-20 20:29:20,612 - WARNING - 找不到文章 413365 的原始 HTML 檔案
2025-04-20 20:29:20,614 - WARNING - 找不到文章 413366 的原始 HTML 檔案
2025-04-20 20:29:20,616 - WARNING - 找不到文章 413453 的原始 HTML 檔案
2025-04-20 20:29:20,618 - WARNING - 找不到文章 413454 的原始 HTML 檔案
2025-04-20 20:29:20,620 - WARNING - 找不到文章 413504 的原始 HTML 檔案
2025-04-20 20:29:20,623 - WARNING - 找不到文章 413505 的原始 HTML 檔案
2025-04-20 20:29:20,624 - WARNING - 找不到文章 413525 的原始 HTML 檔案
2025-04-20 20:29:20,627 - WARNING - 找不到文章 413526 的原始 HTML 檔案
2025-04-20 20:29:20,629 - WARNING - 找不到文章 413587 的原始 HTML 檔案
2025-04-20 20:29:20,631 - WARNING - 找不到文章 413588 的原始 HTML 檔案
2025-04-20 20:29:20,633 - WARNING - 找不到文章 413695 的原始 HTML 檔案
2025-04-20 20:29:20,635 - WARNING - 找不到文章 413696 的原始 HTML 檔案
2025-04-20 20:29:20,636 - WARNING - 找不到文章 413703 的原始 HTML 檔案
2025-04-20 20:29:20,640 - WARNING - 找不到文章 413749 的原始 HTML 檔案
2025-04-20 20:29:20,642 - WARNING - 找不到文章 413750 的原始 HTML 檔案
2025-04-20 20:29:20,644 - WARNING - 找不到文章 413777 的原始 HTML 檔案
2025-04-20 20:29:20,646 - WARNING - 找不到文章 413778 的原始 HTML 檔案
2025-04-20 20:29:20,648 - WARNING - 找不到文章 413779 的原始 HTML 檔案
2025-04-20 20:29:20,650 - WARNING - 找不到文章 413785 的原始 HTML 檔案
2025-04-20 20:29:20,651 - WARNING - 找不到文章 413787 的原始 HTML 檔案
2025-04-20 20:29:20,654 - WARNING - 找不到文章 413800 的原始 HTML 檔案
2025-04-20 20:29:20,656 - WARNING - 找不到文章 413829 的原始 HTML 檔案
2025-04-20 20:29:20,658 - WARNING - 找不到文章 413830 的原始 HTML 檔案
2025-04-20 20:29:20,661 - WARNING - 找不到文章 413831 的原始 HTML 檔案
2025-04-20 20:29:20,663 - WARNING - 找不到文章 413838 的原始 HTML 檔案
2025-04-20 20:29:20,665 - WARNING - 找不到文章 413922 的原始 HTML 檔案
2025-04-20 20:29:20,667 - WARNING - 找不到文章 413923 的原始 HTML 檔案
2025-04-20 20:29:20,669 - WARNING - 找不到文章 413935 的原始 HTML 檔案
2025-04-20 20:29:20,671 - WARNING - 找不到文章 413943 的原始 HTML 檔案
2025-04-20 20:29:20,673 - WARNING - 找不到文章 413985 的原始 HTML 檔案
2025-04-20 20:29:20,674 - WARNING - 找不到文章 413986 的原始 HTML 檔案
2025-04-20 20:29:20,677 - WARNING - 找不到文章 414050 的原始 HTML 檔案
2025-04-20 20:29:20,679 - WARNING - 找不到文章 414051 的原始 HTML 檔案
2025-04-20 20:29:20,681 - WARNING - 找不到文章 414116 的原始 HTML 檔案
2025-04-20 20:29:20,683 - WARNING - 找不到文章 414117 的原始 HTML 檔案
2025-04-20 20:29:20,685 - WARNING - 找不到文章 414162 的原始 HTML 檔案
2025-04-20 20:29:20,687 - WARNING - 找不到文章 414163 的原始 HTML 檔案
2025-04-20 20:29:20,688 - WARNING - 找不到文章 414216 的原始 HTML 檔案
2025-04-20 20:29:20,692 - WARNING - 找不到文章 414217 的原始 HTML 檔案
2025-04-20 20:29:20,695 - WARNING - 找不到文章 414280 的原始 HTML 檔案
2025-04-20 20:29:20,696 - WARNING - 找不到文章 414281 的原始 HTML 檔案
2025-04-20 20:29:20,699 - WARNING - 找不到文章 414307 的原始 HTML 檔案
2025-04-20 20:29:20,701 - WARNING - 找不到文章 414308 的原始 HTML 檔案
2025-04-20 20:29:20,703 - WARNING - 找不到文章 414476 的原始 HTML 檔案
2025-04-20 20:29:20,703 - WARNING - 找不到文章 414477 的原始 HTML 檔案
2025-04-20 20:29:20,706 - WARNING - 找不到文章 414511 的原始 HTML 檔案
2025-04-20 20:29:20,708 - WARNING - 找不到文章 414512 的原始 HTML 檔案
2025-04-20 20:29:20,712 - WARNING - 找不到文章 414538 的原始 HTML 檔案
2025-04-20 20:29:20,714 - WARNING - 找不到文章 414539 的原始 HTML 檔案
2025-04-20 20:29:20,716 - WARNING - 找不到文章 414702 的原始 HTML 檔案
2025-04-20 20:29:20,718 - WARNING - 找不到文章 414703 的原始 HTML 檔案
2025-04-20 20:29:20,719 - WARNING - 找不到文章 414719 的原始 HTML 檔案
2025-04-20 20:29:20,722 - WARNING - 找不到文章 414752 的原始 HTML 檔案
2025-04-20 20:29:20,724 - WARNING - 找不到文章 414753 的原始 HTML 檔案
2025-04-20 20:29:20,726 - WARNING - 找不到文章 414791 的原始 HTML 檔案
2025-04-20 20:29:20,730 - WARNING - 找不到文章 414792 的原始 HTML 檔案
2025-04-20 20:29:20,732 - WARNING - 找不到文章 414849 的原始 HTML 檔案
2025-04-20 20:29:20,734 - WARNING - 找不到文章 414850 的原始 HTML 檔案
2025-04-20 20:29:20,736 - WARNING - 找不到文章 414905 的原始 HTML 檔案
2025-04-20 20:29:20,738 - WARNING - 找不到文章 414906 的原始 HTML 檔案
2025-04-20 20:29:20,740 - WARNING - 找不到文章 414971 的原始 HTML 檔案
2025-04-20 20:29:20,741 - WARNING - 找不到文章 414972 的原始 HTML 檔案
2025-04-20 20:29:20,744 - WARNING - 找不到文章 415013 的原始 HTML 檔案
2025-04-20 20:29:20,746 - WARNING - 找不到文章 415014 的原始 HTML 檔案
2025-04-20 20:29:20,748 - WARNING - 找不到文章 415140 的原始 HTML 檔案
2025-04-20 20:29:20,750 - WARNING - 找不到文章 415141 的原始 HTML 檔案
2025-04-20 20:29:20,752 - WARNING - 找不到文章 415190 的原始 HTML 檔案
2025-04-20 20:29:20,754 - WARNING - 找不到文章 415191 的原始 HTML 檔案
2025-04-20 20:29:20,756 - WARNING - 找不到文章 415215 的原始 HTML 檔案
2025-04-20 20:29:20,758 - WARNING - 找不到文章 415216 的原始 HTML 檔案
2025-04-20 20:29:20,762 - WARNING - 找不到文章 415321 的原始 HTML 檔案
2025-04-20 20:29:20,762 - WARNING - 找不到文章 415322 的原始 HTML 檔案
2025-04-20 20:29:20,765 - WARNING - 找不到文章 415383 的原始 HTML 檔案
2025-04-20 20:29:20,767 - WARNING - 找不到文章 415384 的原始 HTML 檔案
2025-04-20 20:29:20,769 - WARNING - 找不到文章 415421 的原始 HTML 檔案
2025-04-20 20:29:20,770 - WARNING - 找不到文章 415422 的原始 HTML 檔案
2025-04-20 20:29:20,773 - WARNING - 找不到文章 415451 的原始 HTML 檔案
2025-04-20 20:29:20,776 - WARNING - 找不到文章 415452 的原始 HTML 檔案
2025-04-20 20:29:20,778 - WARNING - 找不到文章 415527 的原始 HTML 檔案
2025-04-20 20:29:20,781 - WARNING - 找不到文章 415528 的原始 HTML 檔案
2025-04-20 20:29:20,783 - WARNING - 找不到文章 415617 的原始 HTML 檔案
2025-04-20 20:29:20,785 - WARNING - 找不到文章 415618 的原始 HTML 檔案
2025-04-20 20:29:20,787 - WARNING - 找不到文章 415640 的原始 HTML 檔案
2025-04-20 20:29:20,788 - WARNING - 找不到文章 415641 的原始 HTML 檔案
2025-04-20 20:29:20,790 - WARNING - 找不到文章 415732 的原始 HTML 檔案
2025-04-20 20:29:20,791 - WARNING - 找不到文章 415733 的原始 HTML 檔案
2025-04-20 20:29:20,795 - WARNING - 找不到文章 415790 的原始 HTML 檔案
2025-04-20 20:29:20,797 - WARNING - 找不到文章 415819 的原始 HTML 檔案
2025-04-20 20:29:20,799 - WARNING - 找不到文章 415901 的原始 HTML 檔案
2025-04-20 20:29:20,802 - WARNING - 找不到文章 415902 的原始 HTML 檔案
2025-04-20 20:29:20,804 - WARNING - 找不到文章 415993 的原始 HTML 檔案
2025-04-20 20:29:20,806 - WARNING - 找不到文章 416007 的原始 HTML 檔案
2025-04-20 20:29:20,806 - WARNING - 找不到文章 416059 的原始 HTML 檔案
2025-04-20 20:29:20,810 - WARNING - 找不到文章 416060 的原始 HTML 檔案
2025-04-20 20:29:20,812 - WARNING - 找不到文章 416101 的原始 HTML 檔案
2025-04-20 20:29:20,814 - WARNING - 找不到文章 416102 的原始 HTML 檔案
2025-04-20 20:29:20,817 - WARNING - 找不到文章 416132 的原始 HTML 檔案
2025-04-20 20:29:20,819 - WARNING - 找不到文章 416133 的原始 HTML 檔案
2025-04-20 20:29:20,821 - WARNING - 找不到文章 416159 的原始 HTML 檔案
2025-04-20 20:29:20,823 - WARNING - 找不到文章 416160 的原始 HTML 檔案
2025-04-20 20:29:20,824 - WARNING - 找不到文章 416233 的原始 HTML 檔案
2025-04-20 20:29:20,827 - WARNING - 找不到文章 416234 的原始 HTML 檔案
2025-04-20 20:29:20,829 - WARNING - 找不到文章 416255 的原始 HTML 檔案
2025-04-20 20:29:20,832 - WARNING - 找不到文章 416256 的原始 HTML 檔案
2025-04-20 20:29:20,834 - WARNING - 找不到文章 416352 的原始 HTML 檔案
2025-04-20 20:29:20,836 - WARNING - 找不到文章 416353 的原始 HTML 檔案
2025-04-20 20:29:20,836 - WARNING - 找不到文章 416406 的原始 HTML 檔案
2025-04-20 20:29:20,839 - WARNING - 找不到文章 416407 的原始 HTML 檔案
2025-04-20 20:29:20,841 - WARNING - 找不到文章 416498 的原始 HTML 檔案
2025-04-20 20:29:20,844 - WARNING - 找不到文章 416499 的原始 HTML 檔案
2025-04-20 20:29:20,845 - WARNING - 找不到文章 416563 的原始 HTML 檔案
2025-04-20 20:29:20,848 - WARNING - 找不到文章 416564 的原始 HTML 檔案
2025-04-20 20:29:20,850 - WARNING - 找不到文章 416638 的原始 HTML 檔案
2025-04-20 20:29:20,852 - WARNING - 找不到文章 416639 的原始 HTML 檔案
2025-04-20 20:29:20,854 - WARNING - 找不到文章 416653 的原始 HTML 檔案
2025-04-20 20:29:20,857 - WARNING - 找不到文章 416654 的原始 HTML 檔案
2025-04-20 20:29:20,858 - WARNING - 找不到文章 416701 的原始 HTML 檔案
2025-04-20 20:29:20,861 - WARNING - 找不到文章 416702 的原始 HTML 檔案
2025-04-20 20:29:20,863 - WARNING - 找不到文章 416752 的原始 HTML 檔案
2025-04-20 20:29:20,865 - WARNING - 找不到文章 416753 的原始 HTML 檔案
2025-04-20 20:29:20,867 - WARNING - 找不到文章 416761 的原始 HTML 檔案
2025-04-20 20:29:20,868 - WARNING - 找不到文章 416762 的原始 HTML 檔案
2025-04-20 20:29:20,868 - WARNING - 找不到文章 416878 的原始 HTML 檔案
2025-04-20 20:29:20,868 - WARNING - 找不到文章 416879 的原始 HTML 檔案
2025-04-20 20:29:20,875 - WARNING - 找不到文章 416972 的原始 HTML 檔案
2025-04-20 20:29:20,878 - WARNING - 找不到文章 416973 的原始 HTML 檔案
2025-04-20 20:29:20,880 - WARNING - 找不到文章 417025 的原始 HTML 檔案
2025-04-20 20:29:20,883 - WARNING - 找不到文章 417026 的原始 HTML 檔案
2025-04-20 20:29:20,885 - WARNING - 找不到文章 417097 的原始 HTML 檔案
2025-04-20 20:29:20,887 - WARNING - 找不到文章 417098 的原始 HTML 檔案
2025-04-20 20:29:20,887 - WARNING - 找不到文章 417122 的原始 HTML 檔案
2025-04-20 20:29:20,890 - WARNING - 找不到文章 417123 的原始 HTML 檔案
2025-04-20 20:29:20,892 - WARNING - 找不到文章 417228 的原始 HTML 檔案
2025-04-20 20:29:20,895 - WARNING - 找不到文章 417229 的原始 HTML 檔案
2025-04-20 20:29:20,896 - WARNING - 找不到文章 417294 的原始 HTML 檔案
2025-04-20 20:29:20,900 - WARNING - 找不到文章 417300 的原始 HTML 檔案
2025-04-20 20:29:20,901 - WARNING - 找不到文章 417361 的原始 HTML 檔案
2025-04-20 20:29:20,902 - WARNING - 找不到文章 417362 的原始 HTML 檔案
2025-04-20 20:29:20,905 - WARNING - 找不到文章 417391 的原始 HTML 檔案
2025-04-20 20:29:20,907 - WARNING - 找不到文章 417392 的原始 HTML 檔案
2025-04-20 20:29:20,909 - WARNING - 找不到文章 417491 的原始 HTML 檔案
2025-04-20 20:29:20,912 - WARNING - 找不到文章 417492 的原始 HTML 檔案
2025-04-20 20:29:20,914 - WARNING - 找不到文章 417601 的原始 HTML 檔案
2025-04-20 20:29:20,916 - WARNING - 找不到文章 417602 的原始 HTML 檔案
2025-04-20 20:29:20,918 - WARNING - 找不到文章 417611 的原始 HTML 檔案
2025-04-20 20:29:20,919 - WARNING - 找不到文章 417612 的原始 HTML 檔案
2025-04-20 20:29:20,919 - WARNING - 找不到文章 417630 的原始 HTML 檔案
2025-04-20 20:29:20,919 - WARNING - 找不到文章 417669 的原始 HTML 檔案
2025-04-20 20:29:20,926 - WARNING - 找不到文章 417670 的原始 HTML 檔案
2025-04-20 20:29:20,929 - WARNING - 找不到文章 417773 的原始 HTML 檔案
2025-04-20 20:29:20,931 - WARNING - 找不到文章 417774 的原始 HTML 檔案
2025-04-20 20:29:20,933 - WARNING - 找不到文章 417898 的原始 HTML 檔案
2025-04-20 20:29:20,935 - WARNING - 找不到文章 417899 的原始 HTML 檔案
2025-04-20 20:29:20,937 - WARNING - 找不到文章 417921 的原始 HTML 檔案
2025-04-20 20:29:20,939 - WARNING - 找不到文章 417922 的原始 HTML 檔案
2025-04-20 20:29:20,941 - WARNING - 找不到文章 417985 的原始 HTML 檔案
2025-04-20 20:29:20,943 - WARNING - 找不到文章 417986 的原始 HTML 檔案
2025-04-20 20:29:20,946 - WARNING - 找不到文章 418020 的原始 HTML 檔案
2025-04-20 20:29:20,947 - WARNING - 找不到文章 418021 的原始 HTML 檔案
2025-04-20 20:29:20,949 - WARNING - 找不到文章 418054 的原始 HTML 檔案
2025-04-20 20:29:20,951 - WARNING - 找不到文章 418055 的原始 HTML 檔案
2025-04-20 20:29:20,954 - WARNING - 找不到文章 418087 的原始 HTML 檔案
2025-04-20 20:29:20,956 - WARNING - 找不到文章 418088 的原始 HTML 檔案
2025-04-20 20:29:20,957 - WARNING - 找不到文章 418212 的原始 HTML 檔案
2025-04-20 20:29:20,958 - WARNING - 找不到文章 418213 的原始 HTML 檔案
2025-04-20 20:29:20,963 - WARNING - 找不到文章 418220 的原始 HTML 檔案
2025-04-20 20:29:20,964 - WARNING - 找不到文章 418221 的原始 HTML 檔案
2025-04-20 20:29:20,966 - WARNING - 找不到文章 418251 的原始 HTML 檔案
2025-04-20 20:29:20,968 - WARNING - 找不到文章 418252 的原始 HTML 檔案
2025-04-20 20:29:20,968 - WARNING - 找不到文章 418337 的原始 HTML 檔案
2025-04-20 20:29:20,968 - WARNING - 找不到文章 418338 的原始 HTML 檔案
2025-04-20 20:29:20,974 - WARNING - 找不到文章 418376 的原始 HTML 檔案
2025-04-20 20:29:20,977 - WARNING - 找不到文章 418377 的原始 HTML 檔案
2025-04-20 20:29:20,980 - WARNING - 找不到文章 418475 的原始 HTML 檔案
2025-04-20 20:29:20,980 - WARNING - 找不到文章 418476 的原始 HTML 檔案
2025-04-20 20:29:20,983 - WARNING - 找不到文章 418521 的原始 HTML 檔案
2025-04-20 20:29:20,985 - WARNING - 找不到文章 418522 的原始 HTML 檔案
2025-04-20 20:29:20,987 - WARNING - 找不到文章 418596 的原始 HTML 檔案
2025-04-20 20:29:20,988 - WARNING - 找不到文章 418597 的原始 HTML 檔案
2025-04-20 20:29:20,991 - WARNING - 找不到文章 418679 的原始 HTML 檔案
2025-04-20 20:29:20,994 - WARNING - 找不到文章 418680 的原始 HTML 檔案
2025-04-20 20:29:20,996 - WARNING - 找不到文章 418759 的原始 HTML 檔案
2025-04-20 20:29:20,998 - WARNING - 找不到文章 418760 的原始 HTML 檔案
2025-04-20 20:29:21,000 - WARNING - 找不到文章 418934 的原始 HTML 檔案
2025-04-20 20:29:21,002 - WARNING - 找不到文章 418935 的原始 HTML 檔案
2025-04-20 20:29:21,003 - WARNING - 找不到文章 418967 的原始 HTML 檔案
2025-04-20 20:29:21,006 - WARNING - 找不到文章 418968 的原始 HTML 檔案
2025-04-20 20:29:21,008 - WARNING - 找不到文章 419077 的原始 HTML 檔案
2025-04-20 20:29:21,011 - WARNING - 找不到文章 419078 的原始 HTML 檔案
2025-04-20 20:29:21,012 - WARNING - 找不到文章 419090 的原始 HTML 檔案
2025-04-20 20:29:21,015 - WARNING - 找不到文章 419091 的原始 HTML 檔案
2025-04-20 20:29:21,017 - WARNING - 找不到文章 419124 的原始 HTML 檔案
2025-04-20 20:29:21,018 - WARNING - 找不到文章 419125 的原始 HTML 檔案
2025-04-20 20:29:21,021 - WARNING - 找不到文章 419179 的原始 HTML 檔案
2025-04-20 20:29:21,023 - WARNING - 找不到文章 419180 的原始 HTML 檔案
2025-04-20 20:29:21,025 - WARNING - 找不到文章 419239 的原始 HTML 檔案
2025-04-20 20:29:21,028 - WARNING - 找不到文章 419240 的原始 HTML 檔案
2025-04-20 20:29:21,029 - WARNING - 找不到文章 419270 的原始 HTML 檔案
2025-04-20 20:29:21,032 - WARNING - 找不到文章 419271 的原始 HTML 檔案
2025-04-20 20:29:21,034 - WARNING - 找不到文章 419336 的原始 HTML 檔案
2025-04-20 20:29:21,034 - WARNING - 找不到文章 419337 的原始 HTML 檔案
2025-04-20 20:29:21,034 - WARNING - 找不到文章 419379 的原始 HTML 檔案
2025-04-20 20:29:21,034 - WARNING - 找不到文章 419380 的原始 HTML 檔案
2025-04-20 20:29:21,042 - WARNING - 找不到文章 419490 的原始 HTML 檔案
2025-04-20 20:29:21,044 - WARNING - 找不到文章 419491 的原始 HTML 檔案
2025-04-20 20:29:21,046 - WARNING - 找不到文章 419534 的原始 HTML 檔案
2025-04-20 20:29:21,048 - WARNING - 找不到文章 419535 的原始 HTML 檔案
2025-04-20 20:29:21,050 - WARNING - 找不到文章 419593 的原始 HTML 檔案
2025-04-20 20:29:21,052 - WARNING - 找不到文章 419594 的原始 HTML 檔案
2025-04-20 20:29:21,054 - WARNING - 找不到文章 419635 的原始 HTML 檔案
2025-04-20 20:29:21,056 - WARNING - 找不到文章 419636 的原始 HTML 檔案
2025-04-20 20:29:21,058 - WARNING - 找不到文章 419729 的原始 HTML 檔案
2025-04-20 20:29:21,061 - WARNING - 找不到文章 419730 的原始 HTML 檔案
2025-04-20 20:29:21,063 - WARNING - 找不到文章 419788 的原始 HTML 檔案
2025-04-20 20:29:21,065 - WARNING - 找不到文章 419789 的原始 HTML 檔案
2025-04-20 20:29:21,067 - WARNING - 找不到文章 419813 的原始 HTML 檔案
2025-04-20 20:29:21,068 - WARNING - 找不到文章 419814 的原始 HTML 檔案
2025-04-20 20:29:21,068 - WARNING - 找不到文章 419883 的原始 HTML 檔案
2025-04-20 20:29:21,073 - WARNING - 找不到文章 419884 的原始 HTML 檔案
2025-04-20 20:29:21,075 - WARNING - 找不到文章 419885 的原始 HTML 檔案
2025-04-20 20:29:21,078 - WARNING - 找不到文章 419975 的原始 HTML 檔案
2025-04-20 20:29:21,081 - WARNING - 找不到文章 420042 的原始 HTML 檔案
2025-04-20 20:29:21,083 - WARNING - 找不到文章 420043 的原始 HTML 檔案
2025-04-20 20:29:21,085 - WARNING - 找不到文章 420126 的原始 HTML 檔案
2025-04-20 20:29:21,087 - WARNING - 找不到文章 420127 的原始 HTML 檔案
2025-04-20 20:29:21,089 - WARNING - 找不到文章 420163 的原始 HTML 檔案
2025-04-20 20:29:21,091 - WARNING - 找不到文章 420164 的原始 HTML 檔案
2025-04-20 20:29:21,091 - WARNING - 找不到文章 420268 的原始 HTML 檔案
2025-04-20 20:29:21,096 - WARNING - 找不到文章 420269 的原始 HTML 檔案
2025-04-20 20:29:21,098 - WARNING - 找不到文章 420327 的原始 HTML 檔案
2025-04-20 20:29:21,100 - WARNING - 找不到文章 420328 的原始 HTML 檔案
2025-04-20 20:29:21,101 - WARNING - 找不到文章 420421 的原始 HTML 檔案
2025-04-20 20:29:21,103 - WARNING - 找不到文章 420422 的原始 HTML 檔案
2025-04-20 20:29:21,105 - WARNING - 找不到文章 420514 的原始 HTML 檔案
2025-04-20 20:29:21,106 - WARNING - 找不到文章 420515 的原始 HTML 檔案
2025-04-20 20:29:21,109 - WARNING - 找不到文章 420585 的原始 HTML 檔案
2025-04-20 20:29:21,112 - WARNING - 找不到文章 420586 的原始 HTML 檔案
2025-04-20 20:29:21,114 - WARNING - 找不到文章 420650 的原始 HTML 檔案
2025-04-20 20:29:21,116 - WARNING - 找不到文章 420651 的原始 HTML 檔案
2025-04-20 20:29:21,119 - WARNING - 找不到文章 420665 的原始 HTML 檔案
2025-04-20 20:29:21,121 - WARNING - 找不到文章 420666 的原始 HTML 檔案
2025-04-20 20:29:21,122 - WARNING - 找不到文章 420792 的原始 HTML 檔案
2025-04-20 20:29:21,124 - WARNING - 找不到文章 420793 的原始 HTML 檔案
2025-04-20 20:29:21,127 - WARNING - 找不到文章 420837 的原始 HTML 檔案
2025-04-20 20:29:21,129 - WARNING - 找不到文章 420838 的原始 HTML 檔案
2025-04-20 20:29:21,132 - WARNING - 找不到文章 420931 的原始 HTML 檔案
2025-04-20 20:29:21,134 - WARNING - 找不到文章 420932 的原始 HTML 檔案
2025-04-20 20:29:21,136 - WARNING - 找不到文章 420995 的原始 HTML 檔案
2025-04-20 20:29:21,138 - WARNING - 找不到文章 420996 的原始 HTML 檔案
2025-04-20 20:29:21,140 - WARNING - 找不到文章 421040 的原始 HTML 檔案
2025-04-20 20:29:21,142 - WARNING - 找不到文章 421041 的原始 HTML 檔案
2025-04-20 20:29:21,144 - WARNING - 找不到文章 421113 的原始 HTML 檔案
2025-04-20 20:29:21,148 - WARNING - 找不到文章 421114 的原始 HTML 檔案
2025-04-20 20:29:21,149 - WARNING - 找不到文章 421163 的原始 HTML 檔案
2025-04-20 20:29:21,151 - WARNING - 找不到文章 421164 的原始 HTML 檔案
2025-04-20 20:29:21,154 - WARNING - 找不到文章 421205 的原始 HTML 檔案
2025-04-20 20:29:21,156 - WARNING - 找不到文章 421206 的原始 HTML 檔案
2025-04-20 20:29:21,157 - WARNING - 找不到文章 421225 的原始 HTML 檔案
2025-04-20 20:29:21,160 - WARNING - 找不到文章 421226 的原始 HTML 檔案
2025-04-20 20:29:21,162 - WARNING - 找不到文章 421337 的原始 HTML 檔案
2025-04-20 20:29:21,164 - WARNING - 找不到文章 421338 的原始 HTML 檔案
2025-04-20 20:29:21,166 - WARNING - 找不到文章 421459 的原始 HTML 檔案
2025-04-20 20:29:21,169 - WARNING - 找不到文章 421460 的原始 HTML 檔案
2025-04-20 20:29:21,170 - WARNING - 找不到文章 421515 的原始 HTML 檔案
2025-04-20 20:29:21,171 - WARNING - 找不到文章 421516 的原始 HTML 檔案
2025-04-20 20:29:21,175 - WARNING - 找不到文章 913375 的原始 HTML 檔案
2025-04-20 20:29:21,196 - INFO - 成功更新文章 913381 的表格格式
2025-04-20 20:29:21,218 - INFO - 成功更新文章 913421 的表格格式
2025-04-20 20:29:21,252 - INFO - 成功更新文章 913445 的表格格式
2025-04-20 20:29:21,279 - INFO - 成功更新文章 913460 的表格格式
2025-04-20 20:29:21,315 - INFO - 成功更新文章 913517 的表格格式
2025-04-20 20:29:21,346 - INFO - 成功更新文章 913557 的表格格式
2025-04-20 20:29:21,375 - INFO - 成功更新文章 913597 的表格格式
2025-04-20 20:29:21,402 - INFO - 成功更新文章 913628 的表格格式
2025-04-20 20:29:21,419 - INFO - 成功更新文章 913674 的表格格式
2025-04-20 20:29:21,453 - INFO - 成功更新文章 913726 的表格格式
2025-04-20 20:29:21,480 - INFO - 成功更新文章 913706 的表格格式
2025-04-20 20:29:21,531 - INFO - 成功更新文章 913646 的表格格式
2025-04-20 20:29:21,576 - INFO - 成功更新文章 913623 的表格格式
2025-04-20 20:29:21,622 - INFO - 成功更新文章 913666 的表格格式
2025-04-20 20:29:21,664 - INFO - 成功更新文章 913542 的表格格式
2025-04-20 20:29:21,697 - INFO - 成功更新文章 913574 的表格格式
2025-04-20 20:29:21,718 - INFO - 成功更新文章 913481 的表格格式
2025-04-20 20:29:21,746 - INFO - 成功更新文章 913419 的表格格式
2025-04-20 20:29:21,770 - INFO - 成功更新文章 913455 的表格格式
2025-04-20 20:29:21,798 - INFO - 成功更新文章 913430 的表格格式
2025-04-20 20:29:21,830 - INFO - 成功更新文章 411880 的表格格式
2025-04-20 20:29:21,830 - INFO - 重新處理完成：成功 21 篇，失敗 812 篇
