2025-04-20 19:02:44,639 - INFO - 初始化更新模式: all, 檢查特定文章: True
2025-04-20 19:02:44,640 - INFO - 設定文章範圍: 近期文章範圍 - 從 914900 到 915000
2025-04-20 19:02:44,640 - INFO - 特定文章 913706 已處理，跳過檢查
2025-04-20 19:02:44,640 - INFO - 特定文章 913623 已處理，跳過檢查
2025-04-20 19:02:44,640 - INFO - 特定文章 913646 已處理，跳過檢查
2025-04-20 19:02:44,641 - INFO - 開始執行爬蟲 (模式: all)
2025-04-20 19:02:44,807 - INFO - pno=51120 第 1 頁找到 0 篇新文章: []
2025-04-20 19:02:46,507 - INFO - pno=51121 第 1 頁找到 0 篇新文章: []
2025-04-20 19:02:46,507 - INFO - 第 1 頁沒有新文章
2025-04-20 19:02:46,507 - INFO - 從已處理文章中獲取最新編號: 913726
2025-04-20 19:02:46,551 - INFO - pno=51120 檢測到最大頁數: 1
2025-04-20 19:02:48,435 - INFO - pno=51121 檢測到最大頁數: 1
2025-04-20 19:02:48,435 - INFO - 最終最大頁數: 1
2025-04-20 19:02:48,489 - INFO - pno=51120 第 1 頁找到 0 篇新文章: []
2025-04-20 19:02:50,067 - INFO - pno=51121 第 1 頁找到 0 篇新文章: []
2025-04-20 19:02:50,067 - INFO - 第 1 頁沒有新文章
2025-04-20 19:02:50,067 - INFO - 處理文章範圍: 近期文章範圍 - 從 914900 到 915000
2025-04-20 19:02:50,067 - INFO - 共找到 101 篇新文章: [914900, 914901, 914902, 914903, 914904, 914905, 914906, 914907, 914908, 914909, 914910, 914911, 914912, 914913, 914914, 914915, 914916, 914917, 914918, 914919]...
2025-04-20 19:02:50,087 - INFO - 更新完成：成功 0 篇，失敗 101 篇
2025-04-20 19:02:50,087 - INFO - 程式結束執行
