2025-04-19 12:00:21,185 - INFO - 初始化更新模式: recent
2025-04-19 12:00:21,188 - INFO - 開始檢查特定文章: 913706
2025-04-19 12:00:21,190 - INFO - 請求 URL: https://real-estate.get.com.tw/Columns/detail.aspx?no=913706
2025-04-19 12:00:21,740 - INFO - 文章 913706 請求狀態碼: 200
2025-04-19 12:00:21,742 - INFO - 已保存原始 HTML 到: real_estate_articles\logs\debug_article_913706.html
2025-04-19 12:00:21,764 - INFO - 頁面 meta 信息: {'description': '蘇偉強,信託契約,自由處分,委託人,信託法,甲乙丙三人共有一筆A地，每人應有部分為1/ 3，由於丙具有地政士專業，因而三人協議將該A地共同信託給丙，並簽訂信託,高點來勝不動產,提供不動產經紀人,不動產估價師,地政士,高普考地政,地方特考地政等最新考試訊息!', 'keywords': '蘇偉強,信託契約,自由處分,委託人,信託法,不動產經紀人,不動產估價師,地政士,高考地政,普考地政,地方特考地政,許文昌,不動產證照,', 'viewport': 'width=device-width,initial-scale=1', 'robots': 'index,follow', 'citation_title': '共有土地協議信託給共有人之一,曾榮耀老師', 'citation_author': '蘇偉強', 'citation_publication_date': '2025/04/01', 'citation_journal_t??itle': '許文昌/曾榮耀不動產全制霸', 'citation_firstpage': '1', 'citation_lastpage': '1'}
2025-04-19 12:00:21,768 - INFO - Meta 標籤中的作者: 蘇偉強
2025-04-19 12:00:21,769 - ERROR - 無法抓取文章 913706
2025-04-19 12:00:21,770 - INFO - 開始檢查特定文章: 913623
2025-04-19 12:00:21,771 - INFO - 請求 URL: https://real-estate.get.com.tw/Columns/detail.aspx?no=913623
2025-04-19 12:00:21,853 - INFO - 文章 913623 請求狀態碼: 200
2025-04-19 12:00:21,855 - INFO - 已保存原始 HTML 到: real_estate_articles\logs\debug_article_913623.html
2025-04-19 12:00:21,879 - INFO - 頁面 meta 信息: {'description': '蘇偉強,共有人,繼承人,繼承登記,默示分管,今日專欄舉一篇有關共有人占用共有土地之默示分管關係案例供參\r\n甲有一筆位於某市的A地，其死亡後由1,高點來勝不動產,提供不動產經紀人,不動產估價師,地政士,高普考地政,地方特考地政等最新考試訊息!', 'keywords': '蘇偉強,共有人,繼承人,繼承登記,默示分管,不動產經紀人,不動產估價師,地政士,高考地政,普考地政,地方特考地政,許文昌,不動產證照,', 'viewport': 'width=device-width,initial-scale=1', 'robots': 'index,follow', 'citation_title': '共有人占用共有土地之默示分管關係,曾榮耀老師', 'citation_author': '蘇偉強', 'citation_publication_date': '2025/03/01', 'citation_journal_t??itle': '許文昌/曾榮耀不動產全制霸', 'citation_firstpage': '1', 'citation_lastpage': '1'}
2025-04-19 12:00:21,880 - INFO - Meta 標籤中的作者: 蘇偉強
2025-04-19 12:00:21,882 - INFO - 開始請求文章 URL: https://real-estate.get.com.tw/Columns/detail.aspx?no=913623
2025-04-19 12:00:22,013 - INFO - 文章 913623 請求狀態碼: 200
2025-04-19 12:00:22,014 - INFO - 文章 913623 響應內容長度: 30800
2025-04-19 12:00:22,017 - INFO - 已保存文章 913623 的原始響應到: real_estate_articles\logs\article_913623_response.html
2025-04-19 12:00:22,043 - INFO - 從 meta 標籤找到文章資訊
2025-04-19 12:00:22,048 - INFO - 文章 913623 找到 9 個資料列
2025-04-19 12:00:22,052 - INFO - 文章 913623 成功解析 7 個欄位
2025-04-19 12:00:22,054 - INFO - 文章 913623 實際作者: 蘇偉強
2025-04-19 12:00:22,057 - INFO - 文章 913623 解析成功
2025-04-19 12:00:22,058 - INFO - 文章 913623 抓取成功，開始保存
2025-04-19 12:00:22,811 - INFO - 文章 913623 已保存到 real_estate_articles\articles\913623_共有人占用共有土地之默示分管關係,曾榮耀老師.md
2025-04-19 12:00:23,198 - INFO - 已成功更新文章目錄，新增 1 篇文章
2025-04-19 12:00:23,200 - INFO - 成功抓取並保存文章 913623
2025-04-19 12:00:23,202 - INFO - 開始檢查特定文章: 913646
2025-04-19 12:00:23,204 - INFO - 請求 URL: https://real-estate.get.com.tw/Columns/detail.aspx?no=913646
2025-04-19 12:00:23,253 - INFO - 文章 913646 請求狀態碼: 200
2025-04-19 12:00:23,255 - INFO - 已保存原始 HTML 到: real_estate_articles\logs\debug_article_913646.html
2025-04-19 12:00:23,277 - INFO - 頁面 meta 信息: {'description': '蘇偉強,信託,受益權,受託人,受益人,案例\r\n老張信託其所有之不動產給小美，約定受託人小美基於老張之女,高點來勝不動產,提供不動產經紀人,不動產估價師,地政士,高普考地政,地方特考地政等最新考試訊息!', 'keywords': '蘇偉強,信託,受益權,受託人,受益人,不動產經紀人,不動產估價師,地政士,高考地政,普考地政,地方特考地政,許文昌,不動產證照,', 'viewport': 'width=device-width,initial-scale=1', 'robots': 'index,follow', 'citation_title': '信託受益人死亡之處理方式,曾榮耀老師', 'citation_author': '蘇偉強', 'citation_publication_date': '2025/04/01', 'citation_journal_t??itle': '許文昌/曾榮耀不動產全制霸', 'citation_firstpage': '1', 'citation_lastpage': '1'}
2025-04-19 12:00:23,278 - INFO - Meta 標籤中的作者: 蘇偉強
2025-04-19 12:00:23,279 - ERROR - 無法抓取文章 913646
2025-04-19 12:00:23,279 - INFO - 開始檢查文章更新
2025-04-19 12:00:24,210 - INFO - 檢測到期刊總頁數: 1
2025-04-19 12:00:24,211 - INFO - 正在檢查第 1 頁的文章列表
2025-04-19 12:00:25,754 - INFO - 第 1 頁找到 7 篇新文章: [913666, 913574, 913542, 913481, 913455, 913430, 913419]
2025-04-19 12:00:25,756 - INFO - 找到 7 篇待檢查文章: [913419, 913430, 913455, 913481, 913542, 913574, 913666]
2025-04-19 12:00:26,334 - INFO - 開始請求文章 URL: https://real-estate.get.com.tw/Columns/detail.aspx?no=913542
2025-04-19 12:00:26,391 - INFO - 文章 913542 請求狀態碼: 200
2025-04-19 12:00:26,392 - INFO - 文章 913542 響應內容長度: 30911
2025-04-19 12:00:26,395 - INFO - 已保存文章 913542 的原始響應到: real_estate_articles\logs\article_913542_response.html
2025-04-19 12:00:26,427 - INFO - 從 meta 標籤找到文章資訊
2025-04-19 12:00:26,434 - INFO - 文章 913542 找到 9 個資料列
2025-04-19 12:00:26,439 - INFO - 文章 913542 成功解析 7 個欄位
2025-04-19 12:00:26,441 - INFO - 文章 913542 實際作者: 蘇偉強
2025-04-19 12:00:26,445 - INFO - 文章 913542 解析成功
2025-04-19 12:00:26,446 - INFO - 開始請求文章 URL: https://real-estate.get.com.tw/Columns/detail.aspx?no=913574
2025-04-19 12:00:26,496 - INFO - 文章 913574 請求狀態碼: 200
2025-04-19 12:00:26,498 - INFO - 文章 913574 響應內容長度: 31648
2025-04-19 12:00:26,500 - INFO - 已保存文章 913574 的原始響應到: real_estate_articles\logs\article_913574_response.html
2025-04-19 12:00:26,540 - INFO - 從 meta 標籤找到文章資訊
2025-04-19 12:00:26,546 - INFO - 文章 913574 找到 9 個資料列
2025-04-19 12:00:26,549 - INFO - 文章 913574 成功解析 7 個欄位
2025-04-19 12:00:26,550 - INFO - 文章 913574 實際作者: 蘇偉強
2025-04-19 12:00:26,553 - INFO - 文章 913574 解析成功
2025-04-19 12:00:26,566 - INFO - 開始請求文章 URL: https://real-estate.get.com.tw/Columns/detail.aspx?no=913666
2025-04-19 12:00:26,579 - INFO - 開始請求文章 URL: https://real-estate.get.com.tw/Columns/detail.aspx?no=913481
2025-04-19 12:00:26,599 - INFO - 文章 913666 請求狀態碼: 200
2025-04-19 12:00:26,600 - INFO - 文章 913666 響應內容長度: 32218
2025-04-19 12:00:26,602 - INFO - 已保存文章 913666 的原始響應到: real_estate_articles\logs\article_913666_response.html
2025-04-19 12:00:26,629 - INFO - 從 meta 標籤找到文章資訊
2025-04-19 12:00:26,662 - INFO - 文章 913666 找到 9 個資料列
2025-04-19 12:00:26,665 - INFO - 文章 913666 成功解析 7 個欄位
2025-04-19 12:00:26,666 - INFO - 文章 913666 實際作者: 蘇偉強
2025-04-19 12:00:26,670 - INFO - 文章 913666 解析成功
2025-04-19 12:00:27,282 - INFO - 文章 913481 請求狀態碼: 200
2025-04-19 12:00:27,283 - INFO - 文章 913481 響應內容長度: 30677
2025-04-19 12:00:27,285 - INFO - 已保存文章 913481 的原始響應到: real_estate_articles\logs\article_913481_response.html
2025-04-19 12:00:27,312 - INFO - 從 meta 標籤找到文章資訊
2025-04-19 12:00:27,315 - INFO - 文章 913481 找到 9 個資料列
2025-04-19 12:00:27,317 - INFO - 文章 913481 成功解析 7 個欄位
2025-04-19 12:00:27,318 - INFO - 文章 913481 實際作者: 蘇偉強
2025-04-19 12:00:27,320 - INFO - 文章 913481 解析成功
2025-04-19 12:00:27,571 - INFO - 文章 913666 已保存到 real_estate_articles\articles\913666_113年憲判字第11號有關遺贈稅法尚未修法前之因應方式,曾榮耀老師.md
2025-04-19 12:00:27,777 - INFO - 開始請求文章 URL: https://real-estate.get.com.tw/Columns/detail.aspx?no=913419
2025-04-19 12:00:27,818 - INFO - 文章 913419 請求狀態碼: 200
2025-04-19 12:00:27,824 - INFO - 文章 913419 響應內容長度: 30548
2025-04-19 12:00:27,834 - INFO - 已保存文章 913419 的原始響應到: real_estate_articles\logs\article_913419_response.html
2025-04-19 12:00:27,871 - INFO - 從 meta 標籤找到文章資訊
2025-04-19 12:00:27,883 - INFO - 文章 913419 找到 9 個資料列
2025-04-19 12:00:27,891 - INFO - 文章 913419 成功解析 7 個欄位
2025-04-19 12:00:27,894 - INFO - 文章 913419 實際作者: 蘇偉強
2025-04-19 12:00:27,899 - INFO - 文章 913419 解析成功
2025-04-19 12:00:28,010 - INFO - 開始請求文章 URL: https://real-estate.get.com.tw/Columns/detail.aspx?no=913455
2025-04-19 12:00:28,168 - INFO - 開始請求文章 URL: https://real-estate.get.com.tw/Columns/detail.aspx?no=913430
2025-04-19 12:00:28,237 - INFO - 文章 913455 請求狀態碼: 200
2025-04-19 12:00:28,238 - INFO - 文章 913455 響應內容長度: 31440
2025-04-19 12:00:28,241 - INFO - 已保存文章 913455 的原始響應到: real_estate_articles\logs\article_913455_response.html
2025-04-19 12:00:28,244 - INFO - 文章 913430 請求狀態碼: 200
2025-04-19 12:00:28,278 - INFO - 從 meta 標籤找到文章資訊
2025-04-19 12:00:28,279 - INFO - 文章 913430 響應內容長度: 30797
2025-04-19 12:00:28,287 - INFO - 文章 913455 找到 9 個資料列
2025-04-19 12:00:28,292 - INFO - 已保存文章 913430 的原始響應到: real_estate_articles\logs\article_913430_response.html
2025-04-19 12:00:28,295 - INFO - 文章 913455 成功解析 7 個欄位
2025-04-19 12:00:28,331 - INFO - 從 meta 標籤找到文章資訊
2025-04-19 12:00:28,332 - INFO - 文章 913455 實際作者: 蘇偉強
2025-04-19 12:00:28,336 - INFO - 文章 913430 找到 9 個資料列
2025-04-19 12:00:28,342 - INFO - 文章 913455 解析成功
2025-04-19 12:00:28,345 - INFO - 文章 913430 成功解析 7 個欄位
2025-04-19 12:00:28,347 - INFO - 文章 913430 實際作者: 蘇偉強
2025-04-19 12:00:28,350 - INFO - 文章 913430 解析成功
2025-04-19 12:00:28,544 - INFO - 文章 913542 已保存到 real_estate_articles\articles\913542_房地合一稅計算範例-受贈後出售,曾榮耀老師.md
2025-04-19 12:00:29,374 - INFO - 文章 913574 已保存到 real_estate_articles\articles\913574_個人墓地出售是否得主張優先購買之疑義,曾榮耀老師.md
2025-04-19 12:00:30,148 - INFO - 文章 913481 已保存到 real_estate_articles\articles\913481_共有人占用共有土地之爭議,曾榮耀老師.md
2025-04-19 12:00:30,991 - INFO - 文章 913419 已保存到 real_estate_articles\articles\913419_基地優先購買權之要件探討－合法建物,曾榮耀老師.md
2025-04-19 12:00:31,846 - INFO - 文章 913455 已保存到 real_estate_articles\articles\913455_時效取得地上權之主觀意思要件探討,曾榮耀老師.md
2025-04-19 12:00:32,657 - INFO - 文章 913430 已保存到 real_estate_articles\articles\913430_受託人得否將信託財產設定抵押權,曾榮耀老師.md
2025-04-19 12:00:32,662 - INFO - 更新完成：成功 7 篇，失敗 0 篇
2025-04-19 12:00:33,056 - INFO - 已成功更新文章目錄，新增 7 篇文章
2025-04-19 12:00:33,058 - INFO - 更新程序結束
