2025-07-25 20:32:18,491 - INFO - 初始化更新模式: recent, 檢查特定文章: True
2025-07-25 20:32:18,491 - INFO - 設定文章範圍: 近期文章範圍 - 從 914900 到 915000
2025-07-25 20:32:18,491 - INFO - 特定文章 913706 已處理，跳過檢查
2025-07-25 20:32:18,493 - INFO - 特定文章 913623 已處理，跳過檢查
2025-07-25 20:32:18,493 - INFO - 特定文章 913646 已處理，跳過檢查
2025-07-25 20:32:18,494 - INFO - 開始執行爬蟲 (模式: recent)
2025-07-25 20:32:19,992 - INFO - pno=51120 第 1 頁找到 5 篇新文章: [914231, 914231, 914185, 914144, 914116]
2025-07-25 20:32:20,307 - INFO - pno=51121 第 1 頁找到 10 篇新文章: [914231, 914231, 914185, 914144, 914116, 914240, 914240, 914204, 914171, 914117]
2025-07-25 20:32:20,307 - INFO - 第 1 頁共找到 10 篇新文章: [914231, 914231, 914185, 914144, 914116, 914240, 914240, 914204, 914171, 914117]
2025-07-25 20:32:20,307 - INFO - 檢測到最新文章編號: 914240
2025-07-25 20:32:21,845 - INFO - pno=51120 第 1 頁找到 5 篇新文章: [914231, 914231, 914185, 914144, 914116]
2025-07-25 20:32:21,925 - INFO - pno=51121 第 1 頁找到 10 篇新文章: [914231, 914231, 914185, 914144, 914116, 914240, 914240, 914204, 914171, 914117]
2025-07-25 20:32:21,925 - INFO - 第 1 頁共找到 10 篇新文章: [914231, 914231, 914185, 914144, 914116, 914240, 914240, 914204, 914171, 914117]
2025-07-25 20:32:21,926 - INFO - 近期模式：第一頁找到 10 篇新文章
2025-07-25 20:32:21,926 - INFO - 期刊頁面文章範圍: 914116 到 914240
2025-07-25 20:32:21,926 - INFO - 設定動態上限: 914740 (原始最大值 914240 + 緩衝區 500)
2025-07-25 20:32:21,926 - INFO - 共找到 8 篇新文章: [914116, 914117, 914144, 914171, 914185, 914204, 914231, 914240]...
2025-07-25 20:32:23,499 - INFO - 開始請求文章 URL: https://real-estate.get.com.tw/Columns/detail.aspx?no=914117
2025-07-25 20:32:23,552 - INFO - 文章 914117 請求狀態碼: 200
2025-07-25 20:32:23,552 - INFO - 文章 914117 響應內容長度: 30631
2025-07-25 20:32:23,553 - INFO - 已保存文章 914117 的原始響應到: real_estate_articles\logs\article_914117_response.html
2025-07-25 20:32:23,574 - INFO - 從 meta 標籤找到文章資訊
2025-07-25 20:32:23,582 - INFO - 文章 914117 找到 9 個資料列
2025-07-25 20:32:23,584 - INFO - 文章 914117 成功解析 8 個欄位
2025-07-25 20:32:23,592 - INFO - 文章 914117 解析成功
2025-07-25 20:32:23,592 - INFO - 開始請求文章 URL: https://real-estate.get.com.tw/Columns/detail.aspx?no=914185
2025-07-25 20:32:23,628 - INFO - 文章 914185 請求狀態碼: 200
2025-07-25 20:32:23,628 - INFO - 文章 914185 響應內容長度: 30609
2025-07-25 20:32:23,628 - INFO - 已保存文章 914185 的原始響應到: real_estate_articles\logs\article_914185_response.html
2025-07-25 20:32:23,655 - INFO - 從 meta 標籤找到文章資訊
2025-07-25 20:32:23,659 - INFO - 文章 914185 找到 9 個資料列
2025-07-25 20:32:23,660 - INFO - 文章 914185 成功解析 8 個欄位
2025-07-25 20:32:23,663 - INFO - 文章 914185 解析成功
2025-07-25 20:32:23,707 - INFO - 開始請求文章 URL: https://real-estate.get.com.tw/Columns/detail.aspx?no=914116
2025-07-25 20:32:23,735 - INFO - 開始請求文章 URL: https://real-estate.get.com.tw/Columns/detail.aspx?no=914144
2025-07-25 20:32:23,744 - INFO - 開始請求文章 URL: https://real-estate.get.com.tw/Columns/detail.aspx?no=914240
2025-07-25 20:32:23,753 - INFO - 文章 914116 請求狀態碼: 200
2025-07-25 20:32:23,753 - INFO - 文章 914116 響應內容長度: 31515
2025-07-25 20:32:23,755 - INFO - 已保存文章 914116 的原始響應到: real_estate_articles\logs\article_914116_response.html
2025-07-25 20:32:23,782 - INFO - 從 meta 標籤找到文章資訊
2025-07-25 20:32:23,786 - INFO - 文章 914116 找到 9 個資料列
2025-07-25 20:32:23,788 - INFO - 文章 914116 成功解析 8 個欄位
2025-07-25 20:32:23,793 - INFO - 文章 914116 解析成功
2025-07-25 20:32:23,794 - INFO - 開始請求文章 URL: https://real-estate.get.com.tw/Columns/detail.aspx?no=914171
2025-07-25 20:32:24,053 - INFO - 文章 914171 請求狀態碼: 200
2025-07-25 20:32:24,054 - INFO - 文章 914171 響應內容長度: 29901
2025-07-25 20:32:24,055 - INFO - 已保存文章 914171 的原始響應到: real_estate_articles\logs\article_914171_response.html
2025-07-25 20:32:24,087 - INFO - 從 meta 標籤找到文章資訊
2025-07-25 20:32:24,091 - INFO - 文章 914171 找到 9 個資料列
2025-07-25 20:32:24,094 - INFO - 文章 914171 成功解析 8 個欄位
2025-07-25 20:32:24,096 - INFO - 文章 914171 解析成功
2025-07-25 20:32:24,509 - INFO - 文章 914240 請求狀態碼: 200
2025-07-25 20:32:24,509 - INFO - 文章 914240 響應內容長度: 31740
2025-07-25 20:32:24,510 - INFO - 已保存文章 914240 的原始響應到: real_estate_articles\logs\article_914240_response.html
2025-07-25 20:32:24,570 - INFO - 從 meta 標籤找到文章資訊
2025-07-25 20:32:24,570 - INFO - 文章 914144 請求狀態碼: 200
2025-07-25 20:32:24,574 - INFO - 文章 914240 找到 8 個資料列
2025-07-25 20:32:24,574 - INFO - 文章 914144 響應內容長度: 30653
2025-07-25 20:32:24,576 - INFO - 文章 914240 成功解析 8 個欄位
2025-07-25 20:32:24,581 - INFO - 文章 914240 解析成功
2025-07-25 20:32:24,582 - INFO - 已保存文章 914144 的原始響應到: real_estate_articles\logs\article_914144_response.html
2025-07-25 20:32:24,605 - INFO - 從 meta 標籤找到文章資訊
2025-07-25 20:32:24,618 - INFO - 文章 914144 找到 9 個資料列
2025-07-25 20:32:24,620 - INFO - 文章 914144 成功解析 8 個欄位
2025-07-25 20:32:24,623 - INFO - 文章 914144 解析成功
2025-07-25 20:32:25,260 - INFO - 開始請求文章 URL: https://real-estate.get.com.tw/Columns/detail.aspx?no=914231
2025-07-25 20:32:25,417 - INFO - 文章 914231 請求狀態碼: 200
2025-07-25 20:32:25,417 - INFO - 文章 914231 響應內容長度: 30924
2025-07-25 20:32:25,417 - INFO - 已保存文章 914231 的原始響應到: real_estate_articles\logs\article_914231_response.html
2025-07-25 20:32:25,461 - INFO - 從 meta 標籤找到文章資訊
2025-07-25 20:32:25,466 - INFO - 文章 914231 找到 8 個資料列
2025-07-25 20:32:25,469 - INFO - 文章 914231 成功解析 8 個欄位
2025-07-25 20:32:25,474 - INFO - 文章 914231 解析成功
2025-07-25 20:32:25,538 - INFO - 開始請求文章 URL: https://real-estate.get.com.tw/Columns/detail.aspx?no=914204
2025-07-25 20:32:25,591 - INFO - 文章 914204 請求狀態碼: 200
2025-07-25 20:32:25,592 - INFO - 文章 914204 響應內容長度: 30073
2025-07-25 20:32:25,594 - INFO - 已保存文章 914204 的原始響應到: real_estate_articles\logs\article_914204_response.html
2025-07-25 20:32:25,624 - INFO - 從 meta 標籤找到文章資訊
2025-07-25 20:32:25,627 - INFO - 文章 914204 找到 9 個資料列
2025-07-25 20:32:25,631 - INFO - 文章 914204 成功解析 8 個欄位
2025-07-25 20:32:25,633 - INFO - 文章 914204 解析成功
2025-07-25 20:32:25,790 - INFO - 文章 914144 已保存到 real_estate_articles\articles\914144_房地合一稅計算範例,曾榮耀老師.md
2025-07-25 20:32:27,038 - INFO - 文章 914240 已保存到 real_estate_articles\articles\914240_土地增值稅之免徵、不課徵、記存及不計徵,許文昌老師.md
2025-07-25 20:32:28,941 - INFO - 文章 914116 已保存到 real_estate_articles\articles\914116_申報土地移轉現值之認定,曾榮耀老師.md
2025-07-25 20:32:30,308 - INFO - 文章 914117 已保存到 real_estate_articles\articles\914117_先行區段徵收,許文昌老師.md
2025-07-25 20:32:31,955 - INFO - 文章 914185 已保存到 real_estate_articles\articles\914185_房地合一所得稅申請重購退稅之要件,曾榮耀老師.md
2025-07-25 20:32:33,853 - INFO - 文章 914231 已保存到 real_estate_articles\articles\914231_容積獎勵之意涵與對都市發展之優缺點,曾榮耀老師.md
2025-07-25 20:32:35,726 - INFO - 文章 914171 已保存到 real_estate_articles\articles\914171_機會成本（Opportunity Cost）,許文昌老師.md
2025-07-25 20:32:37,387 - INFO - 文章 914204 已保存到 real_estate_articles\articles\914204_ESG之意涵,許文昌老師.md
2025-07-25 20:32:37,389 - INFO - 更新完成：成功 8 篇，失敗 0 篇
2025-07-25 20:32:38,301 - INFO - 已成功更新文章目錄，新增 8 篇文章
2025-07-25 20:32:38,304 - INFO - 程式結束執行
