2025-04-19 11:38:02,342 - INFO - 初始化更新模式: recent
2025-04-19 11:38:02,342 - INFO - 更新時間範圍: 2025-03-20 到 2025-04-19
2025-04-19 11:38:02,348 - INFO - 開始檢查特定文章: 913706
2025-04-19 11:38:02,349 - INFO - 請求 URL: https://real-estate.get.com.tw/Columns/detail.aspx?no=913706
2025-04-19 11:38:03,189 - INFO - 已保存原始 HTML 到: real_estate_articles\logs\debug_article_913706.html
2025-04-19 11:38:03,215 - INFO - 頁面 meta 信息: {'description': '蘇偉強,信託契約,自由處分,委託人,信託法,甲乙丙三人共有一筆A地，每人應有部分為1/ 3，由於丙具有地政士專業，因而三人協議將該A地共同信託給丙，並簽訂信託,高點來勝不動產,提供不動產經紀人,不動產估價師,地政士,高普考地政,地方特考地政等最新考試訊息!', 'keywords': '蘇偉強,信託契約,自由處分,委託人,信託法,不動產經紀人,不動產估價師,地政士,高考地政,普考地政,地方特考地政,許文昌,不動產證照,', 'viewport': 'width=device-width,initial-scale=1', 'robots': 'index,follow', 'citation_title': '共有土地協議信託給共有人之一,曾榮耀老師', 'citation_author': '蘇偉強', 'citation_publication_date': '2025/04/01', 'citation_journal_t??itle': '許文昌/曾榮耀不動產全制霸', 'citation_firstpage': '1', 'citation_lastpage': '1'}
2025-04-19 11:38:03,216 - INFO - Meta 標籤中的作者: 蘇偉強
2025-04-19 11:38:03,217 - INFO - 作者匹配成功: 蘇偉強
2025-04-19 11:38:03,218 - INFO - 開始請求文章 URL: https://real-estate.get.com.tw/Columns/detail.aspx?no=913706
2025-04-19 11:38:03,252 - INFO - 文章 913706 請求狀態碼: 200
2025-04-19 11:38:03,253 - INFO - 文章 913706 響應內容長度: 29879
2025-04-19 11:38:03,254 - INFO - 已保存文章 913706 的原始響應到: real_estate_articles\logs\article_913706_response.html
2025-04-19 11:38:03,281 - INFO - 文章 913706 找到 8 個資料列
2025-04-19 11:38:03,282 - INFO - 從 meta 標籤找到文章資訊
2025-04-19 11:38:03,284 - INFO - 文章 913706 成功解析 7 個欄位
2025-04-19 11:38:03,286 - INFO - 文章 913706 解析成功
2025-04-19 11:38:03,286 - INFO - 文章 913706 抓取成功，開始保存
2025-04-19 11:38:04,359 - INFO - 已成功更新文章目錄，新增 1 篇文章
2025-04-19 11:38:04,360 - INFO - 成功抓取並保存文章 913706
2025-04-19 11:38:04,360 - INFO - 開始檢查文章更新 (檢查範圍: 2025-03-20 到 2025-04-19)
2025-04-19 11:38:04,772 - INFO - 檢測到期刊總頁數: 1
2025-04-19 11:38:04,773 - INFO - 正在檢查第 1 頁的文章列表
2025-04-19 11:38:05,919 - INFO - 第 1 頁沒有找到新文章，停止檢查
2025-04-19 11:38:05,920 - INFO - 找到 0 篇待檢查文章
2025-04-19 11:38:05,923 - INFO - 更新完成：成功 0 篇，失敗 0 篇
2025-04-19 11:38:05,923 - INFO - 更新程序結束
