2025-06-26 19:47:18,219 - INFO - 初始化更新模式: recent, 檢查特定文章: True
2025-06-26 19:47:18,219 - INFO - 設定文章範圍: 近期文章範圍 - 從 914900 到 915000
2025-06-26 19:47:18,220 - INFO - 特定文章 913706 已處理，跳過檢查
2025-06-26 19:47:18,220 - INFO - 特定文章 913623 已處理，跳過檢查
2025-06-26 19:47:18,221 - INFO - 特定文章 913646 已處理，跳過檢查
2025-06-26 19:47:18,223 - INFO - 開始執行爬蟲 (模式: recent)
2025-06-26 19:47:18,568 - INFO - pno=51120 第 1 頁找到 6 篇新文章: [914087, 914087, 914040, 913981, 913968, 913941]
2025-06-26 19:47:20,028 - INFO - pno=51121 第 1 頁找到 12 篇新文章: [914087, 914087, 914040, 913981, 913968, 913941, 914108, 914108, 914070, 914029, 913972, 913960]
2025-06-26 19:47:20,028 - INFO - 第 1 頁共找到 12 篇新文章: [914087, 914087, 914040, 913981, 913968, 913941, 914108, 914108, 914070, 914029, 913972, 913960]
2025-06-26 19:47:20,028 - INFO - 檢測到最新文章編號: 914108
2025-06-26 19:47:20,594 - INFO - pno=51120 第 1 頁找到 6 篇新文章: [914087, 914087, 914040, 913981, 913968, 913941]
2025-06-26 19:47:21,764 - INFO - pno=51121 第 1 頁找到 12 篇新文章: [914087, 914087, 914040, 913981, 913968, 913941, 914108, 914108, 914070, 914029, 913972, 913960]
2025-06-26 19:47:21,764 - INFO - 第 1 頁共找到 12 篇新文章: [914087, 914087, 914040, 913981, 913968, 913941, 914108, 914108, 914070, 914029, 913972, 913960]
2025-06-26 19:47:21,776 - INFO - 近期模式：第一頁找到 12 篇新文章
2025-06-26 19:47:21,776 - INFO - 期刊頁面文章範圍: 913941 到 914108
2025-06-26 19:47:21,777 - INFO - 設定動態上限: 914608 (原始最大值 914108 + 緩衝區 500)
2025-06-26 19:47:21,777 - INFO - 共找到 10 篇新文章: [913941, 913960, 913968, 913972, 913981, 914029, 914040, 914070, 914087, 914108]...
2025-06-26 19:47:22,136 - INFO - 開始請求文章 URL: https://real-estate.get.com.tw/Columns/detail.aspx?no=914029
2025-06-26 19:47:22,166 - INFO - 文章 914029 請求狀態碼: 200
2025-06-26 19:47:22,166 - INFO - 文章 914029 響應內容長度: 30031
2025-06-26 19:47:22,166 - INFO - 已保存文章 914029 的原始響應到: real_estate_articles\logs\article_914029_response.html
2025-06-26 19:47:22,200 - INFO - 從 meta 標籤找到文章資訊
2025-06-26 19:47:22,200 - INFO - 文章 914029 找到 9 個資料列
2025-06-26 19:47:22,200 - INFO - 文章 914029 成功解析 8 個欄位
2025-06-26 19:47:22,213 - INFO - 文章 914029 解析成功
2025-06-26 19:47:22,228 - INFO - 開始請求文章 URL: https://real-estate.get.com.tw/Columns/detail.aspx?no=914087
2025-06-26 19:47:22,263 - INFO - 文章 914087 請求狀態碼: 200
2025-06-26 19:47:22,264 - INFO - 文章 914087 響應內容長度: 29866
2025-06-26 19:47:22,265 - INFO - 已保存文章 914087 的原始響應到: real_estate_articles\logs\article_914087_response.html
2025-06-26 19:47:22,290 - INFO - 從 meta 標籤找到文章資訊
2025-06-26 19:47:22,294 - INFO - 文章 914087 找到 8 個資料列
2025-06-26 19:47:22,296 - INFO - 文章 914087 成功解析 8 個欄位
2025-06-26 19:47:22,301 - INFO - 文章 914087 解析成功
2025-06-26 19:47:22,416 - INFO - 開始請求文章 URL: https://real-estate.get.com.tw/Columns/detail.aspx?no=913968
2025-06-26 19:47:22,480 - INFO - 文章 913968 請求狀態碼: 200
2025-06-26 19:47:22,481 - INFO - 文章 913968 響應內容長度: 31168
2025-06-26 19:47:22,488 - INFO - 已保存文章 913968 的原始響應到: real_estate_articles\logs\article_913968_response.html
2025-06-26 19:47:22,514 - INFO - 開始請求文章 URL: https://real-estate.get.com.tw/Columns/detail.aspx?no=913960
2025-06-26 19:47:22,518 - INFO - 從 meta 標籤找到文章資訊
2025-06-26 19:47:22,531 - INFO - 文章 913968 找到 9 個資料列
2025-06-26 19:47:22,533 - INFO - 文章 913968 成功解析 8 個欄位
2025-06-26 19:47:22,593 - INFO - 文章 913960 請求狀態碼: 200
2025-06-26 19:47:22,594 - INFO - 文章 913960 響應內容長度: 30304
2025-06-26 19:47:22,607 - INFO - 已保存文章 913960 的原始響應到: real_estate_articles\logs\article_913960_response.html
2025-06-26 19:47:22,656 - INFO - 從 meta 標籤找到文章資訊
2025-06-26 19:47:22,666 - INFO - 文章 913960 找到 9 個資料列
2025-06-26 19:47:22,671 - INFO - 文章 913960 成功解析 8 個欄位
2025-06-26 19:47:22,680 - INFO - 文章 913960 解析成功
2025-06-26 19:47:23,301 - INFO - 開始請求文章 URL: https://real-estate.get.com.tw/Columns/detail.aspx?no=913941
2025-06-26 19:47:23,347 - INFO - 文章 913941 請求狀態碼: 200
2025-06-26 19:47:23,347 - INFO - 文章 913941 響應內容長度: 30128
2025-06-26 19:47:23,349 - INFO - 已保存文章 913941 的原始響應到: real_estate_articles\logs\article_913941_response.html
2025-06-26 19:47:23,381 - INFO - 從 meta 標籤找到文章資訊
2025-06-26 19:47:23,385 - INFO - 文章 913941 找到 9 個資料列
2025-06-26 19:47:23,386 - INFO - 文章 913941 成功解析 8 個欄位
2025-06-26 19:47:23,387 - INFO - 開始請求文章 URL: https://real-estate.get.com.tw/Columns/detail.aspx?no=914070
2025-06-26 19:47:23,389 - INFO - 文章 913941 解析成功
2025-06-26 19:47:23,465 - INFO - 文章 914070 請求狀態碼: 200
2025-06-26 19:47:23,465 - INFO - 文章 914070 響應內容長度: 30648
2025-06-26 19:47:23,466 - INFO - 已保存文章 914070 的原始響應到: real_estate_articles\logs\article_914070_response.html
2025-06-26 19:47:23,495 - INFO - 從 meta 標籤找到文章資訊
2025-06-26 19:47:23,500 - INFO - 文章 914070 找到 9 個資料列
2025-06-26 19:47:23,504 - INFO - 文章 914070 成功解析 8 個欄位
2025-06-26 19:47:23,626 - INFO - 文章 914087 已保存到 real_estate_articles\articles\914087_國土計畫法延期之原因,曾榮耀老師.md
2025-06-26 19:47:23,675 - INFO - 開始請求文章 URL: https://real-estate.get.com.tw/Columns/detail.aspx?no=913972
2025-06-26 19:47:23,836 - INFO - 文章 913972 請求狀態碼: 200
2025-06-26 19:47:23,838 - INFO - 文章 913972 響應內容長度: 30318
2025-06-26 19:47:23,847 - INFO - 已保存文章 913972 的原始響應到: real_estate_articles\logs\article_913972_response.html
2025-06-26 19:47:23,879 - INFO - 從 meta 標籤找到文章資訊
2025-06-26 19:47:23,883 - INFO - 文章 913972 找到 9 個資料列
2025-06-26 19:47:23,886 - INFO - 文章 913972 成功解析 8 個欄位
2025-06-26 19:47:24,473 - INFO - 開始請求文章 URL: https://real-estate.get.com.tw/Columns/detail.aspx?no=914040
2025-06-26 19:47:24,497 - INFO - 文章 913972 解析成功
2025-06-26 19:47:24,565 - INFO - 文章 914040 請求狀態碼: 200
2025-06-26 19:47:24,565 - INFO - 文章 914040 響應內容長度: 30350
2025-06-26 19:47:24,567 - INFO - 已保存文章 914040 的原始響應到: real_estate_articles\logs\article_914040_response.html
2025-06-26 19:47:24,610 - INFO - 從 meta 標籤找到文章資訊
2025-06-26 19:47:24,632 - INFO - 文章 914040 找到 9 個資料列
2025-06-26 19:47:24,636 - INFO - 文章 914040 成功解析 8 個欄位
2025-06-26 19:47:24,638 - INFO - 文章 914040 解析成功
2025-06-26 19:47:24,639 - INFO - 文章 913968 解析成功
2025-06-26 19:47:24,824 - INFO - 文章 913960 已保存到 real_estate_articles\articles\913960_地號之分號與建號之分號的比較,許文昌老師.md
2025-06-26 19:47:24,848 - INFO - 文章 914070 解析成功
2025-06-26 19:47:25,145 - INFO - 開始請求文章 URL: https://real-estate.get.com.tw/Columns/detail.aspx?no=913981
2025-06-26 19:47:25,196 - INFO - 文章 913981 請求狀態碼: 200
2025-06-26 19:47:25,200 - INFO - 文章 913981 響應內容長度: 30662
2025-06-26 19:47:25,209 - INFO - 已保存文章 913981 的原始響應到: real_estate_articles\logs\article_913981_response.html
2025-06-26 19:47:25,244 - INFO - 從 meta 標籤找到文章資訊
2025-06-26 19:47:25,249 - INFO - 文章 913981 找到 9 個資料列
2025-06-26 19:47:25,252 - INFO - 文章 913981 成功解析 8 個欄位
2025-06-26 19:47:25,258 - INFO - 文章 913981 解析成功
2025-06-26 19:47:25,289 - INFO - 開始請求文章 URL: https://real-estate.get.com.tw/Columns/detail.aspx?no=914108
2025-06-26 19:47:25,410 - INFO - 文章 914108 請求狀態碼: 200
2025-06-26 19:47:25,410 - INFO - 文章 914108 響應內容長度: 29860
2025-06-26 19:47:25,425 - INFO - 已保存文章 914108 的原始響應到: real_estate_articles\logs\article_914108_response.html
2025-06-26 19:47:25,497 - INFO - 從 meta 標籤找到文章資訊
2025-06-26 19:47:25,515 - INFO - 文章 914108 找到 8 個資料列
2025-06-26 19:47:25,538 - INFO - 文章 914108 成功解析 8 個欄位
2025-06-26 19:47:25,546 - INFO - 文章 914108 解析成功
2025-06-26 19:47:26,008 - INFO - 文章 914029 已保存到 real_estate_articles\articles\914029_購屋預約單與預售屋買賣契約之轉售異同比較,許文昌老師.md
2025-06-26 19:47:27,005 - INFO - 文章 913968 已保存到 real_estate_articles\articles\913968_配偶相互贈與得申請不課徵之概念,曾榮耀老師.md
2025-06-26 19:47:28,090 - INFO - 文章 913972 已保存到 real_estate_articles\articles\913972_實價登錄之車位拆分問題,許文昌老師.md
2025-06-26 19:47:29,122 - INFO - 文章 913941 已保存到 real_estate_articles\articles\913941_地政士禁止行為,曾榮耀老師.md
2025-06-26 19:47:30,205 - INFO - 文章 914070 已保存到 real_estate_articles\articles\914070_不計徵土地增值稅之意涵,許文昌老師.md
2025-06-26 19:47:31,124 - INFO - 文章 914040 已保存到 real_estate_articles\articles\914040_農業用地變更條件,曾榮耀老師.md
2025-06-26 19:47:32,122 - INFO - 文章 914108 已保存到 real_estate_articles\articles\914108_公同共有人可否單獨行使優先購買權？,許文昌老師.md
2025-06-26 19:47:33,109 - INFO - 文章 913981 已保存到 real_estate_articles\articles\913981_地籍清理代為標售有關優先購買權之法律性質,曾榮耀老師.md
2025-06-26 19:47:33,110 - INFO - 更新完成：成功 10 篇，失敗 0 篇
2025-06-26 19:47:33,642 - INFO - 已成功更新文章目錄，新增 10 篇文章
2025-06-26 19:47:33,642 - INFO - 程式結束執行
