2026-02-20 15:06:22,490 - ArticleCrawler - INFO - Starting crawl. Mode: update
2026-02-20 15:06:22,491 - ArticleCrawler - INFO - Scanning up to page 5
2026-02-20 15:06:22,491 - ArticleCrawler - INFO - Processing page 1...
2026-02-20 15:06:23,046 - ArticleCrawler - INFO - Saved article 915147
2026-02-20 15:06:26,144 - ArticleCrawler - INFO - Saved article 915095
2026-02-20 15:06:29,259 - ArticleCrawler - INFO - Saved article 915064
2026-02-20 15:06:32,371 - ArticleCrawler - INFO - Saved article 915012
2026-02-20 15:06:35,620 - ArticleCrawler - INFO - Saved article 915011
2026-02-20 15:06:38,735 - ArticleCrawler - INFO - Saved article 914969
2026-02-20 15:06:41,842 - ArticleCrawler - INFO - Saved article 914930
2026-02-20 15:06:44,974 - ArticleCrawler - INFO - Saved article 914915
2026-02-20 15:06:48,113 - ArticleCrawler - INFO - Saved article 914903
2026-02-20 15:06:51,218 - ArticleCrawler - INFO - Saved article 914873
2026-02-20 15:06:54,316 - ArticleCrawler - INFO - Saved article 914814
2026-02-20 15:06:57,432 - ArticleCrawler - INFO - Saved article 914715
2026-02-20 15:07:00,548 - ArticleCrawler - INFO - Saved article 914694
2026-02-20 15:07:03,659 - ArticleCrawler - INFO - Saved article 914642
2026-02-20 15:07:06,773 - ArticleCrawler - INFO - Saved article 914598
2026-02-20 15:07:09,888 - ArticleCrawler - INFO - Saved article 914565
2026-02-20 15:07:12,998 - ArticleCrawler - INFO - Saved article 915284
2026-02-20 15:07:19,138 - ArticleCrawler - INFO - Saved article 915241
2026-02-20 15:07:22,244 - ArticleCrawler - INFO - Saved article 915236
2026-02-20 15:07:25,355 - ArticleCrawler - INFO - Saved article 915179
2026-02-20 15:07:28,462 - ArticleCrawler - INFO - Saved article 915157
2026-02-20 15:07:31,617 - ArticleCrawler - INFO - Saved article 915124
2026-02-20 15:07:34,775 - ArticleCrawler - INFO - Saved article 915027
2026-02-20 15:07:37,972 - ArticleCrawler - INFO - Saved article 914997
2026-02-20 15:07:41,089 - ArticleCrawler - INFO - Saved article 914943
2026-02-20 15:07:44,251 - ArticleCrawler - INFO - Saved article 914924
2026-02-20 15:07:47,467 - ArticleCrawler - INFO - Saved article 914907
2026-02-20 15:07:50,706 - ArticleCrawler - INFO - Saved article 914813
2026-02-20 15:07:53,893 - ArticleCrawler - INFO - Saved article 914812
2026-02-20 15:07:57,059 - ArticleCrawler - INFO - Saved article 914746
2026-02-20 15:08:00,243 - ArticleCrawler - INFO - Saved article 914706
2026-02-20 15:08:03,427 - ArticleCrawler - INFO - Saved article 914654
2026-02-20 15:08:06,582 - ArticleCrawler - INFO - Saved article 914619
2026-02-20 15:08:09,735 - ArticleCrawler - INFO - Saved article 914579
2026-02-20 15:08:12,900 - ArticleCrawler - INFO - Saved article 914557
2026-02-20 15:08:16,160 - ArticleCrawler - INFO - Saved article 914531
2026-02-20 15:08:19,162 - ArticleCrawler - INFO - Processing page 2...
2026-02-20 15:08:19,440 - ArticleCrawler - INFO - Saved article 914549
2026-02-20 15:08:22,733 - ArticleCrawler - INFO - Saved article 914510
2026-02-20 15:08:25,900 - ArticleCrawler - INFO - Saved article 914488
2026-02-20 15:08:29,077 - ArticleCrawler - INFO - Saved article 914445
2026-02-20 15:08:32,263 - ArticleCrawler - INFO - Saved article 914382
2026-02-20 15:08:35,434 - ArticleCrawler - INFO - Saved article 914366
2026-02-20 15:08:38,657 - ArticleCrawler - INFO - Saved article 914311
2026-02-20 15:08:41,828 - ArticleCrawler - INFO - Saved article 914287
2026-02-20 15:08:45,019 - ArticleCrawler - INFO - Saved article 914251
2026-02-20 15:08:48,201 - ArticleCrawler - INFO - Saved article 914231
2026-02-20 15:08:51,367 - ArticleCrawler - INFO - Saved article 914185
2026-02-20 15:08:54,530 - ArticleCrawler - INFO - Saved article 914144
2026-02-20 15:08:57,700 - ArticleCrawler - INFO - Saved article 914116
2026-02-20 15:09:00,873 - ArticleCrawler - INFO - Saved article 914087
2026-02-20 15:09:04,067 - ArticleCrawler - INFO - Saved article 914040
2026-02-20 15:09:07,252 - ArticleCrawler - INFO - Saved article 913981
2026-02-20 15:09:10,458 - ArticleCrawler - INFO - Saved article 913968
2026-02-20 15:09:13,770 - ArticleCrawler - INFO - Saved article 913941
2026-02-20 15:09:17,078 - ArticleCrawler - INFO - Saved article 913907
2026-02-20 15:09:20,386 - ArticleCrawler - INFO - Saved article 913820
2026-02-20 15:09:23,567 - ArticleCrawler - INFO - Saved article 914492
2026-02-20 15:09:26,784 - ArticleCrawler - INFO - Saved article 914473
2026-02-20 15:09:29,960 - ArticleCrawler - INFO - Saved article 914394
2026-02-20 15:09:33,123 - ArticleCrawler - INFO - Saved article 914368
2026-02-20 15:09:36,426 - ArticleCrawler - INFO - Saved article 914295
2026-02-20 15:09:40,220 - ArticleCrawler - INFO - Saved article 914294
2026-02-20 15:09:43,547 - ArticleCrawler - INFO - Saved article 914269
2026-02-20 15:09:46,768 - ArticleCrawler - INFO - Saved article 914240
2026-02-20 15:09:49,948 - ArticleCrawler - INFO - Saved article 914204
2026-02-20 15:09:53,107 - ArticleCrawler - INFO - Saved article 914171
2026-02-20 15:09:56,313 - ArticleCrawler - INFO - Saved article 914117
2026-02-20 15:09:59,481 - ArticleCrawler - INFO - Saved article 914108
2026-02-20 15:10:02,915 - ArticleCrawler - INFO - Saved article 914070
2026-02-20 15:10:06,100 - ArticleCrawler - INFO - Saved article 914029
2026-02-20 15:10:09,310 - ArticleCrawler - INFO - Saved article 913972
2026-02-20 15:10:12,519 - ArticleCrawler - INFO - Saved article 913960
2026-02-20 15:10:15,703 - ArticleCrawler - INFO - Saved article 913919
2026-02-20 15:10:18,934 - ArticleCrawler - INFO - Saved article 913859
2026-02-20 15:10:22,182 - ArticleCrawler - INFO - Saved article 913800
2026-02-20 15:10:25,334 - ArticleCrawler - INFO - Saved article 913747
2026-02-20 15:10:28,335 - ArticleCrawler - INFO - Processing page 3...
2026-02-20 15:10:28,693 - ArticleCrawler - INFO - Saved article 913776
2026-02-20 15:10:31,889 - ArticleCrawler - INFO - Saved article 913752
2026-02-20 15:10:35,330 - ArticleCrawler - INFO - Saved article 913739
2026-02-20 15:10:38,500 - ArticleCrawler - INFO - Saved article 913706
2026-02-20 15:10:41,727 - ArticleCrawler - INFO - Saved article 913666
2026-02-20 15:10:44,903 - ArticleCrawler - INFO - Saved article 913646
2026-02-20 15:10:48,076 - ArticleCrawler - INFO - Saved article 913623
2026-02-20 15:10:51,300 - ArticleCrawler - INFO - Saved article 913574
2026-02-20 15:10:54,505 - ArticleCrawler - INFO - Saved article 913542
2026-02-20 15:10:57,678 - ArticleCrawler - INFO - Saved article 913481
2026-02-20 15:11:00,867 - ArticleCrawler - INFO - Saved article 913455
2026-02-20 15:11:04,139 - ArticleCrawler - INFO - Saved article 913430
2026-02-20 15:11:07,353 - ArticleCrawler - INFO - Saved article 913419
2026-02-20 15:11:10,583 - ArticleCrawler - INFO - Saved article 913375
2026-02-20 15:11:13,760 - ArticleCrawler - INFO - Saved article 913325
2026-02-20 15:11:17,571 - ArticleCrawler - INFO - Saved article 913285
2026-02-20 15:11:20,752 - ArticleCrawler - INFO - Saved article 913253
2026-02-20 15:11:24,515 - ArticleCrawler - INFO - Saved article 913190
2026-02-20 15:11:28,338 - ArticleCrawler - INFO - Saved article 913135
2026-02-20 15:11:31,971 - ArticleCrawler - INFO - Saved article 913109
2026-02-20 15:11:35,409 - ArticleCrawler - INFO - Saved article 913726
2026-02-20 15:11:39,597 - ArticleCrawler - INFO - Saved article 913674
2026-02-20 15:11:42,784 - ArticleCrawler - INFO - Saved article 913628
2026-02-20 15:11:46,049 - ArticleCrawler - INFO - Saved article 913597
2026-02-20 15:11:49,347 - ArticleCrawler - INFO - Saved article 913557
2026-02-20 15:11:52,605 - ArticleCrawler - INFO - Saved article 913517
2026-02-20 15:11:55,841 - ArticleCrawler - INFO - Saved article 913460
2026-02-20 15:11:59,030 - ArticleCrawler - INFO - Saved article 913445
2026-02-20 15:12:02,293 - ArticleCrawler - INFO - Saved article 913421
2026-02-20 15:12:05,537 - ArticleCrawler - INFO - Saved article 913381
2026-02-20 15:12:08,773 - ArticleCrawler - INFO - Saved article 913331
2026-02-20 15:12:12,037 - ArticleCrawler - INFO - Saved article 913286
2026-02-20 15:12:15,360 - ArticleCrawler - INFO - Saved article 913274
2026-02-20 15:12:18,666 - ArticleCrawler - INFO - Saved article 913225
2026-02-20 15:12:21,925 - ArticleCrawler - INFO - Saved article 913158
2026-02-20 15:12:25,185 - ArticleCrawler - INFO - Saved article 913112
2026-02-20 15:12:28,390 - ArticleCrawler - INFO - Saved article 913054
2026-02-20 15:12:31,634 - ArticleCrawler - INFO - Saved article 913011
2026-02-20 15:12:34,918 - ArticleCrawler - INFO - Saved article 912956
2026-02-20 15:12:38,139 - ArticleCrawler - INFO - Saved article 912910
2026-02-20 15:12:41,140 - ArticleCrawler - INFO - Processing page 4...
2026-02-20 15:12:43,589 - ArticleCrawler - INFO - Saved article 913024
2026-02-20 15:12:46,940 - ArticleCrawler - INFO - Saved article 912981
2026-02-20 15:12:50,260 - ArticleCrawler - INFO - Saved article 912933
2026-02-20 15:12:53,501 - ArticleCrawler - INFO - Saved article 912898
2026-02-20 15:12:56,737 - ArticleCrawler - INFO - Saved article 912862
2026-02-20 15:13:00,019 - ArticleCrawler - INFO - Saved article 912736
2026-02-20 15:13:03,351 - ArticleCrawler - INFO - Saved article 912735
2026-02-20 15:13:06,540 - ArticleCrawler - INFO - Saved article 912664
2026-02-20 15:13:09,795 - ArticleCrawler - INFO - Saved article 912603
2026-02-20 15:13:13,038 - ArticleCrawler - INFO - Saved article 912569
2026-02-20 15:13:16,280 - ArticleCrawler - INFO - Saved article 912499
2026-02-20 15:13:19,531 - ArticleCrawler - INFO - Saved article 912468
2026-02-20 15:13:22,771 - ArticleCrawler - INFO - Saved article 912422
2026-02-20 15:13:26,045 - ArticleCrawler - INFO - Saved article 912332
2026-02-20 15:13:29,311 - ArticleCrawler - INFO - Saved article 912241
2026-02-20 15:13:32,571 - ArticleCrawler - INFO - Saved article 912225
2026-02-20 15:13:35,838 - ArticleCrawler - INFO - Saved article 912197
2026-02-20 15:13:39,101 - ArticleCrawler - INFO - Saved article 912152
2026-02-20 15:13:42,326 - ArticleCrawler - INFO - Saved article 912098
2026-02-20 15:13:45,593 - ArticleCrawler - INFO - Saved article 912059
2026-02-20 15:13:48,887 - ArticleCrawler - INFO - Saved article 912885
2026-02-20 15:13:52,114 - ArticleCrawler - INFO - Saved article 912836
2026-02-20 15:13:55,360 - ArticleCrawler - INFO - Saved article 912784
2026-02-20 15:13:58,591 - ArticleCrawler - INFO - Saved article 912632
2026-02-20 15:14:01,844 - ArticleCrawler - INFO - Saved article 912631
2026-02-20 15:14:05,298 - ArticleCrawler - INFO - Saved article 912485
2026-02-20 15:14:08,584 - ArticleCrawler - INFO - Saved article 912452
2026-02-20 15:14:11,931 - ArticleCrawler - INFO - Saved article 912425
2026-02-20 15:14:15,263 - ArticleCrawler - INFO - Saved article 912355
2026-02-20 15:14:18,506 - ArticleCrawler - INFO - Saved article 912242
2026-02-20 15:14:21,863 - ArticleCrawler - INFO - Saved article 912231
2026-02-20 15:14:25,120 - ArticleCrawler - INFO - Saved article 912206
2026-02-20 15:14:28,346 - ArticleCrawler - INFO - Saved article 912171
2026-02-20 15:14:31,585 - ArticleCrawler - INFO - Saved article 912110
2026-02-20 15:14:35,006 - ArticleCrawler - INFO - Saved article 912049
2026-02-20 15:14:38,426 - ArticleCrawler - INFO - Saved article 912009
2026-02-20 15:14:41,687 - ArticleCrawler - INFO - Saved article 911940
2026-02-20 15:14:44,979 - ArticleCrawler - INFO - Saved article 911726
2026-02-20 15:14:48,273 - ArticleCrawler - INFO - Saved article 911673
2026-02-20 15:14:51,530 - ArticleCrawler - INFO - Saved article 911627
2026-02-20 15:14:54,533 - ArticleCrawler - INFO - Processing page 5...
2026-02-20 15:14:54,949 - ArticleCrawler - INFO - Saved article 912036
2026-02-20 15:14:58,301 - ArticleCrawler - INFO - Saved article 912000
2026-02-20 15:15:01,551 - ArticleCrawler - INFO - Saved article 911837
2026-02-20 15:15:04,835 - ArticleCrawler - INFO - Saved article 911692
2026-02-20 15:15:08,138 - ArticleCrawler - INFO - Saved article 911654
2026-02-20 15:15:11,391 - ArticleCrawler - INFO - Saved article 911612
2026-02-20 15:15:14,664 - ArticleCrawler - INFO - Saved article 911547
2026-02-20 15:15:17,885 - ArticleCrawler - INFO - Saved article 911446
2026-02-20 15:15:21,140 - ArticleCrawler - INFO - Saved article 911405
2026-02-20 15:15:24,407 - ArticleCrawler - INFO - Saved article 911354
2026-02-20 15:15:27,681 - ArticleCrawler - INFO - Saved article 911195
2026-02-20 15:15:30,972 - ArticleCrawler - INFO - Saved article 911173
2026-02-20 15:15:34,265 - ArticleCrawler - INFO - Saved article 911137
2026-02-20 15:15:37,503 - ArticleCrawler - INFO - Saved article 911049
2026-02-20 15:15:40,781 - ArticleCrawler - INFO - Saved article 910966
2026-02-20 15:15:44,639 - ArticleCrawler - INFO - Saved article 910921
2026-02-20 15:15:47,901 - ArticleCrawler - INFO - Saved article 910860
2026-02-20 15:15:51,188 - ArticleCrawler - INFO - Saved article 910827
2026-02-20 15:15:54,423 - ArticleCrawler - INFO - Saved article 910709
2026-02-20 15:15:57,710 - ArticleCrawler - INFO - Saved article 910659
2026-02-20 15:16:01,001 - ArticleCrawler - INFO - Saved article 911564
2026-02-20 15:16:04,263 - ArticleCrawler - INFO - Saved article 911491
2026-02-20 15:16:07,505 - ArticleCrawler - INFO - Saved article 911432
2026-02-20 15:16:10,817 - ArticleCrawler - INFO - Saved article 911364
2026-02-20 15:16:14,764 - ArticleCrawler - INFO - Saved article 911262
2026-02-20 15:16:18,059 - ArticleCrawler - INFO - Saved article 911189
2026-02-20 15:16:21,363 - ArticleCrawler - INFO - Saved article 911150
2026-02-20 15:16:24,624 - ArticleCrawler - INFO - Saved article 911127
2026-02-20 15:16:27,923 - ArticleCrawler - INFO - Saved article 911012
2026-02-20 15:16:31,736 - ArticleCrawler - INFO - Saved article 910960
2026-02-20 15:16:34,994 - ArticleCrawler - INFO - Saved article 910874
2026-02-20 15:16:38,310 - ArticleCrawler - INFO - Saved article 910837
2026-02-20 15:16:41,616 - ArticleCrawler - INFO - Saved article 910761
2026-02-20 15:16:44,948 - ArticleCrawler - INFO - Saved article 910700
2026-02-20 15:16:48,215 - ArticleCrawler - INFO - Saved article 910627
2026-02-20 15:16:51,478 - ArticleCrawler - INFO - Saved article 910575
2026-02-20 15:16:54,793 - ArticleCrawler - INFO - Saved article 910554
2026-02-20 15:16:58,117 - ArticleCrawler - INFO - Saved article 910446
2026-02-20 15:17:01,389 - ArticleCrawler - INFO - Saved article 910414
2026-02-20 15:17:04,675 - ArticleCrawler - INFO - Saved article 910373
2026-02-20 15:17:07,677 - ArticleCrawler - INFO - Crawl completed. Collected 196 new articles.
