2025-02-02 19:10:16,702 - INFO - 設定文章範圍: 新年份範圍 - 從 900000 到 915000
2025-02-02 19:10:16,703 - INFO - 設定文章範圍: 早期年份範圍 - 從 409187 到 421516
2025-02-02 19:10:16,704 - INFO - 開始執行爬蟲 (模式: all)
2025-02-02 19:10:17,217 - INFO - 檢測到期刊總頁數: 1
2025-02-02 19:10:17,217 - INFO - 正在獲取第 1 頁的文章列表
2025-02-02 19:10:18,252 - WARNING - 第 1 頁沒有找到新文章，可能已到達最後一頁
2025-02-02 19:10:18,252 - INFO - 從期刊頁面共找到 0 篇新文章
2025-02-02 19:10:18,267 - INFO - 開始處理範圍 900000 到 915000
2025-02-02 19:10:18,616 - INFO - 開始處理範圍 409187 到 421516
2025-02-02 19:10:18,724 - INFO - 正在抓取文章 900001
2025-02-02 19:10:18,724 - INFO - 正在抓取文章 900003
2025-02-02 19:10:18,724 - INFO - 正在抓取文章 900000
2025-02-02 19:10:18,724 - INFO - 正在抓取文章 900002
2025-02-02 19:10:18,788 - INFO - 文章 900001 回應狀態碼: 200
2025-02-02 19:10:18,919 - INFO - 文章 900000 回應狀態碼: 200
2025-02-02 19:10:18,939 - INFO - 文章 900001 不符合條件或解析失敗
2025-02-02 19:10:18,971 - INFO - 文章 900000 不符合條件或解析失敗
2025-02-02 19:10:19,401 - INFO - 文章 900002 回應狀態碼: 200
2025-02-02 19:10:19,403 - INFO - 文章 900002 不符合條件或解析失敗
2025-02-02 19:10:19,419 - INFO - 文章 900003 回應狀態碼: 200
2025-02-02 19:10:19,421 - INFO - 文章 900003 不符合條件或解析失敗
2025-02-02 19:10:19,771 - INFO - 正在抓取文章 900007
2025-02-02 19:10:19,771 - INFO - 正在抓取文章 900004
2025-02-02 19:10:19,771 - INFO - 正在抓取文章 900005
2025-02-02 19:10:19,771 - INFO - 正在抓取文章 900006
2025-02-02 19:10:19,790 - INFO - 文章 900007 回應狀態碼: 200
2025-02-02 19:10:19,790 - INFO - 文章 900004 回應狀態碼: 200
2025-02-02 19:10:19,790 - INFO - 文章 900005 回應狀態碼: 200
2025-02-02 19:10:19,808 - INFO - 文章 900007 不符合條件或解析失敗
2025-02-02 19:10:19,808 - INFO - 文章 900004 不符合條件或解析失敗
2025-02-02 19:10:19,819 - INFO - 文章 900005 不符合條件或解析失敗
2025-02-02 19:10:20,220 - INFO - 文章 900006 回應狀態碼: 200
2025-02-02 19:10:20,220 - INFO - 文章 900006 不符合條件或解析失敗
2025-02-02 19:10:20,903 - INFO - 正在抓取文章 900010
2025-02-02 19:10:20,903 - INFO - 正在抓取文章 900009
2025-02-02 19:10:20,904 - INFO - 正在抓取文章 900008
2025-02-02 19:10:20,905 - INFO - 正在抓取文章 900011
2025-02-02 19:10:20,905 - INFO - 文章 900010 回應狀態碼: 200
2025-02-02 19:10:20,905 - INFO - 文章 900010 不符合條件或解析失敗
2025-02-02 19:10:20,920 - INFO - 文章 900009 回應狀態碼: 200
2025-02-02 19:10:20,921 - INFO - 文章 900009 不符合條件或解析失敗
2025-02-02 19:10:20,923 - INFO - 文章 900011 回應狀態碼: 200
2025-02-02 19:10:20,924 - INFO - 文章 900008 回應狀態碼: 200
2025-02-02 19:10:20,924 - INFO - 文章 900011 不符合條件或解析失敗
2025-02-02 19:10:20,924 - INFO - 文章 900008 不符合條件或解析失敗
2025-02-02 19:10:21,721 - INFO - 正在抓取文章 900013
2025-02-02 19:10:21,724 - INFO - 正在抓取文章 900014
2025-02-02 19:10:21,725 - INFO - 正在抓取文章 900015
2025-02-02 19:10:21,725 - INFO - 文章 900013 回應狀態碼: 200
2025-02-02 19:10:21,725 - INFO - 文章 900013 不符合條件或解析失敗
2025-02-02 19:10:21,735 - INFO - 正在抓取文章 900012
2025-02-02 19:10:21,735 - INFO - 文章 900014 回應狀態碼: 200
2025-02-02 19:10:21,737 - INFO - 文章 900015 回應狀態碼: 200
2025-02-02 19:10:21,739 - INFO - 文章 900014 不符合條件或解析失敗
2025-02-02 19:10:21,739 - INFO - 文章 900015 不符合條件或解析失敗
2025-02-02 19:10:21,739 - INFO - 文章 900012 回應狀態碼: 200
2025-02-02 19:10:21,739 - INFO - 文章 900012 不符合條件或解析失敗
2025-02-02 19:10:22,408 - INFO - 正在抓取文章 900017
2025-02-02 19:10:22,409 - INFO - 正在抓取文章 900018
2025-02-02 19:10:22,417 - INFO - 正在抓取文章 900019
2025-02-02 19:10:22,421 - INFO - 文章 900017 回應狀態碼: 200
2025-02-02 19:10:22,421 - INFO - 文章 900018 回應狀態碼: 200
2025-02-02 19:10:22,423 - INFO - 文章 900017 不符合條件或解析失敗
2025-02-02 19:10:22,424 - INFO - 文章 900018 不符合條件或解析失敗
2025-02-02 19:10:22,428 - INFO - 文章 900019 回應狀態碼: 200
2025-02-02 19:10:22,428 - INFO - 文章 900019 不符合條件或解析失敗
2025-02-02 19:10:22,434 - INFO - 正在抓取文章 900016
2025-02-02 19:10:22,442 - INFO - 文章 900016 回應狀態碼: 200
2025-02-02 19:10:22,442 - INFO - 文章 900016 不符合條件或解析失敗
2025-02-02 19:10:23,230 - INFO - 正在抓取文章 900023
2025-02-02 19:10:23,240 - INFO - 正在抓取文章 900021
2025-02-02 19:10:23,240 - INFO - 正在抓取文章 900020
2025-02-02 19:10:23,241 - INFO - 正在抓取文章 900022
2025-02-02 19:10:23,242 - INFO - 文章 900023 回應狀態碼: 200
2025-02-02 19:10:23,245 - INFO - 文章 900023 不符合條件或解析失敗
2025-02-02 19:10:23,245 - INFO - 文章 900021 回應狀態碼: 200
2025-02-02 19:10:23,245 - INFO - 文章 900021 不符合條件或解析失敗
2025-02-02 19:10:23,256 - INFO - 文章 900020 回應狀態碼: 200
2025-02-02 19:10:23,257 - INFO - 文章 900020 不符合條件或解析失敗
2025-02-02 19:10:23,258 - INFO - 文章 900022 回應狀態碼: 200
2025-02-02 19:10:23,260 - INFO - 文章 900022 不符合條件或解析失敗
2025-02-02 19:10:23,929 - INFO - 正在抓取文章 900027
2025-02-02 19:10:23,929 - INFO - 正在抓取文章 900026
2025-02-02 19:10:23,933 - INFO - 正在抓取文章 900024
2025-02-02 19:10:23,938 - INFO - 正在抓取文章 900025
2025-02-02 19:10:23,940 - INFO - 文章 900027 回應狀態碼: 200
2025-02-02 19:10:23,940 - INFO - 文章 900027 不符合條件或解析失敗
2025-02-02 19:10:23,940 - INFO - 文章 900026 回應狀態碼: 200
2025-02-02 19:10:23,940 - INFO - 文章 900026 不符合條件或解析失敗
2025-02-02 19:10:23,945 - INFO - 文章 900024 回應狀態碼: 200
2025-02-02 19:10:23,947 - INFO - 文章 900024 不符合條件或解析失敗
2025-02-02 19:10:23,947 - INFO - 文章 900025 回應狀態碼: 200
2025-02-02 19:10:23,947 - INFO - 文章 900025 不符合條件或解析失敗
2025-02-02 19:10:24,746 - INFO - 正在抓取文章 900029
2025-02-02 19:10:24,747 - INFO - 正在抓取文章 900030
2025-02-02 19:10:24,749 - INFO - 正在抓取文章 900028
2025-02-02 19:10:24,750 - INFO - 正在抓取文章 900031
2025-02-02 19:10:24,757 - INFO - 文章 900029 回應狀態碼: 200
2025-02-02 19:10:24,757 - INFO - 文章 900029 不符合條件或解析失敗
2025-02-02 19:10:24,761 - INFO - 文章 900030 回應狀態碼: 200
2025-02-02 19:10:24,762 - INFO - 文章 900030 不符合條件或解析失敗
2025-02-02 19:10:24,762 - INFO - 文章 900031 回應狀態碼: 200
2025-02-02 19:10:24,762 - INFO - 文章 900031 不符合條件或解析失敗
2025-02-02 19:10:24,762 - INFO - 文章 900028 回應狀態碼: 200
2025-02-02 19:10:24,774 - INFO - 文章 900028 不符合條件或解析失敗
2025-02-02 19:10:25,448 - INFO - 正在抓取文章 900032
2025-02-02 19:10:25,449 - INFO - 正在抓取文章 900035
2025-02-02 19:10:25,449 - INFO - 正在抓取文章 900033
2025-02-02 19:10:25,452 - INFO - 正在抓取文章 900034
2025-02-02 19:10:25,458 - INFO - 文章 900032 回應狀態碼: 200
2025-02-02 19:10:25,458 - INFO - 文章 900035 回應狀態碼: 200
2025-02-02 19:10:25,458 - INFO - 文章 900033 回應狀態碼: 200
2025-02-02 19:10:25,458 - INFO - 文章 900032 不符合條件或解析失敗
2025-02-02 19:10:25,458 - INFO - 文章 900034 回應狀態碼: 200
2025-02-02 19:10:25,458 - INFO - 文章 900035 不符合條件或解析失敗
2025-02-02 19:10:25,465 - INFO - 文章 900033 不符合條件或解析失敗
2025-02-02 19:10:25,468 - INFO - 文章 900034 不符合條件或解析失敗
2025-02-02 19:10:26,263 - INFO - 正在抓取文章 900036
2025-02-02 19:10:26,264 - INFO - 正在抓取文章 900037
2025-02-02 19:10:26,265 - INFO - 正在抓取文章 900038
2025-02-02 19:10:26,266 - INFO - 正在抓取文章 900039
2025-02-02 19:10:26,275 - INFO - 文章 900036 回應狀態碼: 200
2025-02-02 19:10:26,276 - INFO - 文章 900036 不符合條件或解析失敗
2025-02-02 19:10:26,281 - INFO - 文章 900038 回應狀態碼: 200
2025-02-02 19:10:26,281 - INFO - 文章 900039 回應狀態碼: 200
2025-02-02 19:10:26,282 - INFO - 文章 900038 不符合條件或解析失敗
2025-02-02 19:10:26,283 - INFO - 文章 900037 回應狀態碼: 200
2025-02-02 19:10:26,283 - INFO - 文章 900039 不符合條件或解析失敗
2025-02-02 19:10:26,285 - INFO - 文章 900037 不符合條件或解析失敗
2025-02-02 19:10:26,968 - INFO - 正在抓取文章 900043
2025-02-02 19:10:26,969 - INFO - 正在抓取文章 900041
2025-02-02 19:10:26,969 - INFO - 正在抓取文章 900040
2025-02-02 19:10:26,969 - INFO - 正在抓取文章 900042
2025-02-02 19:10:26,980 - INFO - 文章 900043 回應狀態碼: 200
2025-02-02 19:10:26,981 - INFO - 文章 900043 不符合條件或解析失敗
2025-02-02 19:10:26,982 - INFO - 文章 900041 回應狀態碼: 200
2025-02-02 19:10:26,983 - INFO - 文章 900041 不符合條件或解析失敗
2025-02-02 19:10:26,984 - INFO - 文章 900040 回應狀態碼: 200
2025-02-02 19:10:26,987 - INFO - 文章 900040 不符合條件或解析失敗
2025-02-02 19:10:26,987 - INFO - 文章 900042 回應狀態碼: 200
2025-02-02 19:10:26,989 - INFO - 文章 900042 不符合條件或解析失敗
2025-02-02 19:10:27,786 - INFO - 正在抓取文章 900047
2025-02-02 19:10:27,787 - INFO - 正在抓取文章 900046
2025-02-02 19:10:27,787 - INFO - 正在抓取文章 900044
2025-02-02 19:10:27,787 - INFO - 正在抓取文章 900045
2025-02-02 19:10:27,797 - INFO - 文章 900047 回應狀態碼: 200
2025-02-02 19:10:27,797 - INFO - 文章 900047 不符合條件或解析失敗
2025-02-02 19:10:27,797 - INFO - 文章 900046 回應狀態碼: 200
2025-02-02 19:10:27,802 - INFO - 文章 900044 回應狀態碼: 200
2025-02-02 19:10:27,803 - INFO - 文章 900046 不符合條件或解析失敗
2025-02-02 19:10:27,803 - INFO - 文章 900045 回應狀態碼: 200
2025-02-02 19:10:27,804 - INFO - 文章 900044 不符合條件或解析失敗
2025-02-02 19:10:27,805 - INFO - 文章 900045 不符合條件或解析失敗
2025-02-02 19:10:28,485 - INFO - 正在抓取文章 900049
2025-02-02 19:10:28,487 - INFO - 正在抓取文章 900050
2025-02-02 19:10:28,489 - INFO - 正在抓取文章 900051
2025-02-02 19:10:28,489 - INFO - 正在抓取文章 900048
2025-02-02 19:10:28,493 - INFO - 文章 900049 回應狀態碼: 200
2025-02-02 19:10:28,493 - INFO - 文章 900049 不符合條件或解析失敗
2025-02-02 19:10:28,501 - INFO - 文章 900050 回應狀態碼: 200
2025-02-02 19:10:28,503 - INFO - 文章 900051 回應狀態碼: 200
2025-02-02 19:10:28,503 - INFO - 文章 900050 不符合條件或解析失敗
2025-02-02 19:10:28,504 - INFO - 文章 900048 回應狀態碼: 200
2025-02-02 19:10:28,504 - INFO - 文章 900051 不符合條件或解析失敗
2025-02-02 19:10:28,506 - INFO - 文章 900048 不符合條件或解析失敗
2025-02-02 19:10:29,298 - INFO - 正在抓取文章 900053
2025-02-02 19:10:29,300 - INFO - 正在抓取文章 900054
2025-02-02 19:10:29,300 - INFO - 正在抓取文章 900056
2025-02-02 19:10:29,304 - INFO - 正在抓取文章 900052
2025-02-02 19:10:29,304 - INFO - 文章 900053 回應狀態碼: 200
2025-02-02 19:10:29,311 - INFO - 文章 900053 不符合條件或解析失敗
2025-02-02 19:10:29,311 - INFO - 文章 900054 回應狀態碼: 200
2025-02-02 19:10:29,314 - INFO - 文章 900054 不符合條件或解析失敗
2025-02-02 19:10:29,316 - INFO - 文章 900052 回應狀態碼: 200
2025-02-02 19:10:29,316 - INFO - 文章 900052 不符合條件或解析失敗
2025-02-02 19:10:29,332 - INFO - 文章 900056 回應狀態碼: 200
2025-02-02 19:10:29,355 - INFO - 文章 900056 不符合條件或解析失敗
2025-02-02 19:10:29,993 - INFO - 正在抓取文章 900059
2025-02-02 19:10:29,995 - INFO - 正在抓取文章 900060
2025-02-02 19:10:29,995 - INFO - 正在抓取文章 900057
2025-02-02 19:10:30,000 - INFO - 正在抓取文章 900061
2025-02-02 19:10:30,030 - INFO - 文章 900059 回應狀態碼: 200
2025-02-02 19:10:30,045 - INFO - 文章 900059 不符合條件或解析失敗
2025-02-02 19:10:30,045 - INFO - 文章 900060 回應狀態碼: 200
2025-02-02 19:10:30,078 - INFO - 文章 900060 不符合條件或解析失敗
2025-02-02 19:10:30,079 - INFO - 文章 900057 回應狀態碼: 200
2025-02-02 19:10:30,085 - INFO - 文章 900061 回應狀態碼: 200
2025-02-02 19:10:30,106 - INFO - 文章 900057 不符合條件或解析失敗
2025-02-02 19:10:30,125 - INFO - 文章 900061 不符合條件或解析失敗
2025-02-02 19:10:30,855 - INFO - 正在抓取文章 900065
2025-02-02 19:10:30,855 - INFO - 正在抓取文章 900063
2025-02-02 19:10:30,857 - INFO - 正在抓取文章 900064
2025-02-02 19:10:30,865 - INFO - 正在抓取文章 900062
2025-02-02 19:10:30,890 - INFO - 文章 900063 回應狀態碼: 200
2025-02-02 19:10:30,911 - INFO - 文章 900063 不符合條件或解析失敗
2025-02-02 19:10:30,913 - INFO - 文章 900065 回應狀態碼: 200
2025-02-02 19:10:30,914 - INFO - 文章 900064 回應狀態碼: 200
2025-02-02 19:10:30,935 - INFO - 文章 900065 不符合條件或解析失敗
2025-02-02 19:10:30,935 - INFO - 文章 900062 回應狀態碼: 200
2025-02-02 19:10:30,951 - INFO - 文章 900064 不符合條件或解析失敗
2025-02-02 19:10:30,982 - INFO - 文章 900062 不符合條件或解析失敗
2025-02-02 19:10:31,546 - INFO - 正在抓取文章 900066
2025-02-02 19:10:31,546 - INFO - 正在抓取文章 900068
2025-02-02 19:10:31,546 - INFO - 正在抓取文章 900069
2025-02-02 19:10:31,554 - INFO - 正在抓取文章 900067
2025-02-02 19:10:31,563 - INFO - 文章 900069 回應狀態碼: 200
2025-02-02 19:10:31,564 - INFO - 文章 900069 不符合條件或解析失敗
2025-02-02 19:10:31,571 - INFO - 文章 900068 回應狀態碼: 200
2025-02-02 19:10:31,604 - INFO - 文章 900068 不符合條件或解析失敗
2025-02-02 19:10:31,604 - INFO - 文章 900066 回應狀態碼: 200
2025-02-02 19:10:31,613 - INFO - 文章 900066 不符合條件或解析失敗
2025-02-02 19:10:31,613 - INFO - 文章 900067 回應狀態碼: 200
2025-02-02 19:10:31,652 - INFO - 文章 900067 不符合條件或解析失敗
2025-02-02 19:10:32,452 - INFO - 正在抓取文章 900071
2025-02-02 19:10:32,452 - INFO - 正在抓取文章 900073
2025-02-02 19:10:32,452 - INFO - 正在抓取文章 900070
2025-02-02 19:10:32,464 - INFO - 文章 900071 回應狀態碼: 200
2025-02-02 19:10:32,466 - INFO - 文章 900071 不符合條件或解析失敗
2025-02-02 19:10:32,466 - INFO - 正在抓取文章 900072
2025-02-02 19:10:32,467 - INFO - 文章 900070 回應狀態碼: 200
2025-02-02 19:10:32,467 - INFO - 文章 900073 回應狀態碼: 200
2025-02-02 19:10:32,469 - INFO - 文章 900070 不符合條件或解析失敗
2025-02-02 19:10:32,469 - INFO - 文章 900073 不符合條件或解析失敗
2025-02-02 19:10:32,485 - INFO - 文章 900072 回應狀態碼: 200
2025-02-02 19:10:32,486 - INFO - 文章 900072 不符合條件或解析失敗
2025-02-02 19:10:33,114 - INFO - 正在抓取文章 900077
2025-02-02 19:10:33,114 - INFO - 正在抓取文章 900074
2025-02-02 19:10:33,117 - INFO - 正在抓取文章 900075
2025-02-02 19:10:33,117 - INFO - 正在抓取文章 900076
2025-02-02 19:10:33,131 - INFO - 文章 900074 回應狀態碼: 200
2025-02-02 19:10:33,132 - INFO - 文章 900077 回應狀態碼: 200
2025-02-02 19:10:33,132 - INFO - 文章 900075 回應狀態碼: 200
2025-02-02 19:10:33,134 - INFO - 文章 900074 不符合條件或解析失敗
2025-02-02 19:10:33,135 - INFO - 文章 900076 回應狀態碼: 200
2025-02-02 19:10:33,136 - INFO - 文章 900077 不符合條件或解析失敗
2025-02-02 19:10:33,137 - INFO - 文章 900075 不符合條件或解析失敗
2025-02-02 19:10:33,139 - INFO - 文章 900076 不符合條件或解析失敗
2025-02-02 19:10:33,970 - INFO - 正在抓取文章 900078
2025-02-02 19:10:33,971 - INFO - 正在抓取文章 900080
2025-02-02 19:10:33,971 - INFO - 正在抓取文章 900083
2025-02-02 19:10:33,971 - INFO - 正在抓取文章 900079
2025-02-02 19:10:33,971 - INFO - 文章 900078 回應狀態碼: 200
2025-02-02 19:10:33,984 - INFO - 文章 900078 不符合條件或解析失敗
2025-02-02 19:10:33,984 - INFO - 文章 900080 回應狀態碼: 200
2025-02-02 19:10:33,984 - INFO - 文章 900083 回應狀態碼: 200
2025-02-02 19:10:33,987 - INFO - 文章 900079 回應狀態碼: 200
2025-02-02 19:10:33,989 - INFO - 文章 900080 不符合條件或解析失敗
2025-02-02 19:10:33,989 - INFO - 文章 900083 不符合條件或解析失敗
2025-02-02 19:10:33,990 - INFO - 文章 900079 不符合條件或解析失敗
2025-02-02 19:10:34,642 - INFO - 正在抓取文章 900085
2025-02-02 19:10:34,643 - INFO - 正在抓取文章 900084
2025-02-02 19:10:34,643 - INFO - 正在抓取文章 900086
2025-02-02 19:10:34,643 - INFO - 正在抓取文章 900087
2025-02-02 19:10:34,652 - INFO - 文章 900085 回應狀態碼: 200
2025-02-02 19:10:34,652 - INFO - 文章 900084 回應狀態碼: 200
2025-02-02 19:10:34,652 - INFO - 文章 900085 不符合條件或解析失敗
2025-02-02 19:10:34,652 - INFO - 文章 900086 回應狀態碼: 200
2025-02-02 19:10:34,652 - INFO - 文章 900084 不符合條件或解析失敗
2025-02-02 19:10:34,660 - INFO - 文章 900087 回應狀態碼: 200
2025-02-02 19:10:34,661 - INFO - 文章 900086 不符合條件或解析失敗
2025-02-02 19:10:34,663 - INFO - 文章 900087 不符合條件或解析失敗
2025-02-02 19:10:35,491 - INFO - 正在抓取文章 900089
2025-02-02 19:10:35,491 - INFO - 正在抓取文章 900091
2025-02-02 19:10:35,491 - INFO - 正在抓取文章 900088
2025-02-02 19:10:35,492 - INFO - 正在抓取文章 900090
2025-02-02 19:10:35,504 - INFO - 文章 900089 回應狀態碼: 200
2025-02-02 19:10:35,504 - INFO - 文章 900091 回應狀態碼: 200
2025-02-02 19:10:35,504 - INFO - 文章 900088 回應狀態碼: 200
2025-02-02 19:10:35,504 - INFO - 文章 900089 不符合條件或解析失敗
2025-02-02 19:10:35,504 - INFO - 文章 900090 回應狀態碼: 200
2025-02-02 19:10:35,513 - INFO - 文章 900091 不符合條件或解析失敗
2025-02-02 19:10:35,514 - INFO - 文章 900088 不符合條件或解析失敗
2025-02-02 19:10:35,516 - INFO - 文章 900090 不符合條件或解析失敗
2025-02-02 19:10:36,164 - INFO - 正在抓取文章 900093
2025-02-02 19:10:36,164 - INFO - 正在抓取文章 900095
2025-02-02 19:10:36,164 - INFO - 正在抓取文章 900092
2025-02-02 19:10:36,164 - INFO - 正在抓取文章 900094
2025-02-02 19:10:36,167 - INFO - 文章 900093 回應狀態碼: 200
2025-02-02 19:10:36,167 - INFO - 文章 900093 不符合條件或解析失敗
2025-02-02 19:10:36,167 - INFO - 文章 900092 回應狀態碼: 200
2025-02-02 19:10:36,183 - INFO - 文章 900094 回應狀態碼: 200
2025-02-02 19:10:36,183 - INFO - 文章 900092 不符合條件或解析失敗
2025-02-02 19:10:36,192 - INFO - 文章 900094 不符合條件或解析失敗
2025-02-02 19:10:36,195 - INFO - 文章 900095 回應狀態碼: 200
2025-02-02 19:10:36,228 - INFO - 文章 900095 不符合條件或解析失敗
2025-02-02 19:10:37,019 - INFO - 正在抓取文章 900099
2025-02-02 19:10:37,019 - INFO - 正在抓取文章 900097
2025-02-02 19:10:37,022 - INFO - 正在抓取文章 900098
2025-02-02 19:10:37,022 - INFO - 文章 900099 回應狀態碼: 200
2025-02-02 19:10:37,022 - INFO - 文章 900099 不符合條件或解析失敗
2025-02-02 19:10:37,034 - INFO - 正在抓取文章 900096
2025-02-02 19:10:37,034 - INFO - 文章 900098 回應狀態碼: 200
2025-02-02 19:10:37,039 - INFO - 文章 900098 不符合條件或解析失敗
2025-02-02 19:10:37,039 - INFO - 文章 900097 回應狀態碼: 200
2025-02-02 19:10:37,040 - INFO - 文章 900097 不符合條件或解析失敗
2025-02-02 19:10:37,082 - INFO - 文章 900096 回應狀態碼: 200
2025-02-02 19:10:37,101 - INFO - 文章 900096 不符合條件或解析失敗
2025-02-02 19:10:37,668 - INFO - 正在抓取文章 900101
2025-02-02 19:10:37,668 - INFO - 正在抓取文章 900100
2025-02-02 19:10:37,669 - INFO - 正在抓取文章 900102
2025-02-02 19:10:37,673 - INFO - 正在抓取文章 900103
2025-02-02 19:10:37,673 - INFO - 文章 900101 回應狀態碼: 200
2025-02-02 19:10:37,673 - INFO - 文章 900101 不符合條件或解析失敗
2025-02-02 19:10:37,673 - INFO - 文章 900102 回應狀態碼: 200
2025-02-02 19:10:37,673 - INFO - 文章 900100 回應狀態碼: 200
2025-02-02 19:10:37,684 - INFO - 文章 900102 不符合條件或解析失敗
2025-02-02 19:10:37,685 - INFO - 文章 900100 不符合條件或解析失敗
2025-02-02 19:10:37,704 - INFO - 文章 900103 回應狀態碼: 200
2025-02-02 19:10:37,724 - INFO - 文章 900103 不符合條件或解析失敗
2025-02-02 19:10:38,602 - INFO - 正在抓取文章 900105
2025-02-02 19:10:38,602 - INFO - 正在抓取文章 900106
2025-02-02 19:10:38,603 - INFO - 正在抓取文章 900107
2025-02-02 19:10:38,610 - INFO - 正在抓取文章 900104
2025-02-02 19:10:38,610 - INFO - 文章 900105 回應狀態碼: 200
2025-02-02 19:10:38,610 - INFO - 文章 900105 不符合條件或解析失敗
2025-02-02 19:10:38,610 - INFO - 文章 900107 回應狀態碼: 200
2025-02-02 19:10:38,610 - INFO - 文章 900106 回應狀態碼: 200
2025-02-02 19:10:38,621 - INFO - 文章 900104 回應狀態碼: 200
2025-02-02 19:10:38,621 - INFO - 文章 900107 不符合條件或解析失敗
2025-02-02 19:10:38,623 - INFO - 文章 900106 不符合條件或解析失敗
2025-02-02 19:10:38,625 - INFO - 文章 900104 不符合條件或解析失敗
2025-02-02 19:10:39,173 - INFO - 正在抓取文章 900109
2025-02-02 19:10:39,174 - INFO - 正在抓取文章 900108
2025-02-02 19:10:39,175 - INFO - 正在抓取文章 900110
2025-02-02 19:10:39,175 - INFO - 正在抓取文章 900111
2025-02-02 19:10:39,175 - INFO - 文章 900109 回應狀態碼: 200
2025-02-02 19:10:39,186 - INFO - 文章 900109 不符合條件或解析失敗
2025-02-02 19:10:39,187 - INFO - 文章 900108 回應狀態碼: 200
2025-02-02 19:10:39,189 - INFO - 文章 900108 不符合條件或解析失敗
2025-02-02 19:10:39,191 - INFO - 文章 900110 回應狀態碼: 200
2025-02-02 19:10:39,192 - INFO - 文章 900110 不符合條件或解析失敗
2025-02-02 19:10:39,193 - INFO - 文章 900111 回應狀態碼: 200
2025-02-02 19:10:39,194 - INFO - 文章 900111 不符合條件或解析失敗
2025-02-02 19:10:40,126 - INFO - 正在抓取文章 900113
2025-02-02 19:10:40,127 - INFO - 正在抓取文章 900112
2025-02-02 19:10:40,127 - INFO - 正在抓取文章 900114
2025-02-02 19:10:40,128 - INFO - 正在抓取文章 900115
2025-02-02 19:10:40,140 - INFO - 文章 900113 回應狀態碼: 200
2025-02-02 19:10:40,140 - INFO - 文章 900112 回應狀態碼: 200
2025-02-02 19:10:40,141 - INFO - 文章 900113 不符合條件或解析失敗
2025-02-02 19:10:40,142 - INFO - 文章 900114 回應狀態碼: 200
2025-02-02 19:10:40,143 - INFO - 文章 900115 回應狀態碼: 200
2025-02-02 19:10:40,144 - INFO - 文章 900112 不符合條件或解析失敗
2025-02-02 19:10:40,146 - INFO - 文章 900114 不符合條件或解析失敗
2025-02-02 19:10:40,146 - INFO - 文章 900115 不符合條件或解析失敗
2025-02-02 19:10:40,695 - INFO - 正在抓取文章 900116
2025-02-02 19:10:40,696 - INFO - 正在抓取文章 900117
2025-02-02 19:10:40,697 - INFO - 正在抓取文章 900118
2025-02-02 19:10:40,698 - INFO - 正在抓取文章 900119
2025-02-02 19:10:40,707 - INFO - 文章 900116 回應狀態碼: 200
2025-02-02 19:10:40,708 - INFO - 文章 900117 回應狀態碼: 200
2025-02-02 19:10:40,709 - INFO - 文章 900116 不符合條件或解析失敗
2025-02-02 19:10:40,710 - INFO - 文章 900117 不符合條件或解析失敗
2025-02-02 19:10:40,710 - INFO - 文章 900118 回應狀態碼: 200
2025-02-02 19:10:40,712 - INFO - 文章 900119 回應狀態碼: 200
2025-02-02 19:10:40,714 - INFO - 文章 900118 不符合條件或解析失敗
2025-02-02 19:10:40,716 - INFO - 文章 900119 不符合條件或解析失敗
2025-02-02 19:10:41,647 - INFO - 正在抓取文章 900121
2025-02-02 19:10:41,647 - INFO - 正在抓取文章 900123
2025-02-02 19:10:41,647 - INFO - 正在抓取文章 900122
2025-02-02 19:10:41,647 - INFO - 正在抓取文章 900120
2025-02-02 19:10:41,656 - INFO - 文章 900121 回應狀態碼: 200
2025-02-02 19:10:41,656 - INFO - 文章 900123 回應狀態碼: 200
2025-02-02 19:10:41,656 - INFO - 文章 900121 不符合條件或解析失敗
2025-02-02 19:10:41,656 - INFO - 文章 900122 回應狀態碼: 200
2025-02-02 19:10:41,656 - INFO - 文章 900120 回應狀態碼: 200
2025-02-02 19:10:41,656 - INFO - 文章 900123 不符合條件或解析失敗
2025-02-02 19:10:41,666 - INFO - 文章 900122 不符合條件或解析失敗
2025-02-02 19:10:41,668 - INFO - 文章 900120 不符合條件或解析失敗
2025-02-02 19:10:42,212 - INFO - 正在抓取文章 900125
2025-02-02 19:10:42,212 - INFO - 正在抓取文章 900124
2025-02-02 19:10:42,213 - INFO - 正在抓取文章 900126
2025-02-02 19:10:42,213 - INFO - 正在抓取文章 900127
2025-02-02 19:10:42,225 - INFO - 文章 900124 回應狀態碼: 200
2025-02-02 19:10:42,226 - INFO - 文章 900124 不符合條件或解析失敗
2025-02-02 19:10:42,227 - INFO - 文章 900125 回應狀態碼: 200
2025-02-02 19:10:42,227 - INFO - 文章 900126 回應狀態碼: 200
2025-02-02 19:10:42,229 - INFO - 文章 900127 回應狀態碼: 200
2025-02-02 19:10:42,230 - INFO - 文章 900125 不符合條件或解析失敗
2025-02-02 19:10:42,231 - INFO - 文章 900126 不符合條件或解析失敗
2025-02-02 19:10:42,232 - INFO - 文章 900127 不符合條件或解析失敗
2025-02-02 19:10:43,170 - INFO - 正在抓取文章 900129
2025-02-02 19:10:43,171 - INFO - 正在抓取文章 900128
2025-02-02 19:10:43,171 - INFO - 正在抓取文章 900130
2025-02-02 19:10:43,173 - INFO - 正在抓取文章 900131
2025-02-02 19:10:43,184 - INFO - 文章 900129 回應狀態碼: 200
2025-02-02 19:10:43,184 - INFO - 文章 900128 回應狀態碼: 200
2025-02-02 19:10:43,187 - INFO - 文章 900130 回應狀態碼: 200
2025-02-02 19:10:43,187 - INFO - 文章 900131 回應狀態碼: 200
2025-02-02 19:10:43,191 - INFO - 文章 900129 不符合條件或解析失敗
2025-02-02 19:10:43,193 - INFO - 文章 900128 不符合條件或解析失敗
2025-02-02 19:10:43,195 - INFO - 文章 900130 不符合條件或解析失敗
2025-02-02 19:10:43,197 - INFO - 文章 900131 不符合條件或解析失敗
2025-02-02 19:10:43,733 - INFO - 正在抓取文章 900133
2025-02-02 19:10:43,733 - INFO - 正在抓取文章 900132
2025-02-02 19:10:43,734 - INFO - 正在抓取文章 900134
2025-02-02 19:10:43,734 - INFO - 正在抓取文章 900135
2025-02-02 19:10:43,734 - INFO - 文章 900133 回應狀態碼: 200
2025-02-02 19:10:43,746 - INFO - 文章 900133 不符合條件或解析失敗
2025-02-02 19:10:43,746 - INFO - 文章 900132 回應狀態碼: 200
2025-02-02 19:10:43,749 - INFO - 文章 900134 回應狀態碼: 200
2025-02-02 19:10:43,750 - INFO - 文章 900132 不符合條件或解析失敗
2025-02-02 19:10:43,751 - INFO - 文章 900134 不符合條件或解析失敗
2025-02-02 19:10:43,752 - INFO - 文章 900135 回應狀態碼: 200
2025-02-02 19:10:43,753 - INFO - 文章 900135 不符合條件或解析失敗
2025-02-02 19:10:44,702 - INFO - 正在抓取文章 900137
2025-02-02 19:10:44,703 - INFO - 正在抓取文章 900138
2025-02-02 19:10:44,705 - INFO - 正在抓取文章 900136
2025-02-02 19:10:44,705 - INFO - 正在抓取文章 900139
2025-02-02 19:10:44,714 - INFO - 文章 900138 回應狀態碼: 200
2025-02-02 19:10:44,714 - INFO - 文章 900137 回應狀態碼: 200
2025-02-02 19:10:44,714 - INFO - 文章 900138 不符合條件或解析失敗
2025-02-02 19:10:44,716 - INFO - 文章 900137 不符合條件或解析失敗
2025-02-02 19:10:44,716 - INFO - 文章 900136 回應狀態碼: 200
2025-02-02 19:10:44,721 - INFO - 文章 900139 回應狀態碼: 200
2025-02-02 19:10:44,722 - INFO - 文章 900136 不符合條件或解析失敗
2025-02-02 19:10:44,723 - INFO - 文章 900139 不符合條件或解析失敗
2025-02-02 19:10:45,253 - INFO - 正在抓取文章 900140
2025-02-02 19:10:45,254 - INFO - 正在抓取文章 900143
2025-02-02 19:10:45,254 - INFO - 正在抓取文章 900141
2025-02-02 19:10:45,255 - INFO - 正在抓取文章 900145
2025-02-02 19:10:45,270 - INFO - 文章 900143 回應狀態碼: 200
2025-02-02 19:10:45,275 - INFO - 文章 900143 不符合條件或解析失敗
2025-02-02 19:10:45,291 - INFO - 文章 900140 回應狀態碼: 200
2025-02-02 19:10:45,316 - INFO - 文章 900140 不符合條件或解析失敗
2025-02-02 19:10:45,316 - INFO - 文章 900141 回應狀態碼: 200
2025-02-02 19:10:45,316 - INFO - 文章 900145 回應狀態碼: 200
2025-02-02 19:10:45,349 - INFO - 文章 900141 不符合條件或解析失敗
2025-02-02 19:10:45,384 - INFO - 文章 900145 不符合條件或解析失敗
2025-02-02 19:10:46,225 - INFO - 正在抓取文章 900146
2025-02-02 19:10:46,226 - INFO - 正在抓取文章 900148
2025-02-02 19:10:46,226 - INFO - 正在抓取文章 900149
2025-02-02 19:10:46,232 - INFO - 正在抓取文章 900147
2025-02-02 19:10:46,412 - INFO - 文章 900148 回應狀態碼: 200
2025-02-02 19:10:46,430 - INFO - 文章 900148 不符合條件或解析失敗
2025-02-02 19:10:46,430 - INFO - 文章 900149 回應狀態碼: 200
2025-02-02 19:10:46,430 - INFO - 文章 900146 回應狀態碼: 200
2025-02-02 19:10:46,468 - INFO - 文章 900149 不符合條件或解析失敗
2025-02-02 19:10:46,493 - INFO - 文章 900146 不符合條件或解析失敗
2025-02-02 19:10:46,706 - INFO - 文章 900147 回應狀態碼: 200
2025-02-02 19:10:46,731 - INFO - 文章 900147 不符合條件或解析失敗
2025-02-02 19:10:46,817 - INFO - 正在抓取文章 900153
2025-02-02 19:10:46,817 - INFO - 正在抓取文章 900151
2025-02-02 19:10:46,818 - INFO - 正在抓取文章 900152
2025-02-02 19:10:46,824 - INFO - 正在抓取文章 900150
2025-02-02 19:10:46,896 - INFO - 文章 900153 回應狀態碼: 200
2025-02-02 19:10:46,897 - INFO - 文章 900151 回應狀態碼: 200
2025-02-02 19:10:46,897 - INFO - 文章 900153 不符合條件或解析失敗
2025-02-02 19:10:46,897 - INFO - 文章 900152 回應狀態碼: 200
2025-02-02 19:10:46,897 - INFO - 文章 900151 不符合條件或解析失敗
2025-02-02 19:10:46,897 - INFO - 文章 900152 不符合條件或解析失敗
2025-02-02 19:10:46,897 - INFO - 文章 900150 回應狀態碼: 200
2025-02-02 19:10:46,897 - INFO - 文章 900150 不符合條件或解析失敗
2025-02-02 19:10:47,934 - INFO - 正在抓取文章 900154
2025-02-02 19:10:47,936 - INFO - 正在抓取文章 900155
2025-02-02 19:10:47,936 - INFO - 正在抓取文章 900156
2025-02-02 19:10:47,939 - INFO - 正在抓取文章 900157
2025-02-02 19:10:47,948 - INFO - 文章 900155 回應狀態碼: 200
2025-02-02 19:10:47,948 - INFO - 文章 900154 回應狀態碼: 200
2025-02-02 19:10:47,948 - INFO - 文章 900155 不符合條件或解析失敗
2025-02-02 19:10:47,948 - INFO - 文章 900157 回應狀態碼: 200
2025-02-02 19:10:47,952 - INFO - 文章 900154 不符合條件或解析失敗
2025-02-02 19:10:47,953 - INFO - 文章 900156 回應狀態碼: 200
2025-02-02 19:10:47,955 - INFO - 文章 900157 不符合條件或解析失敗
2025-02-02 19:10:47,956 - INFO - 文章 900156 不符合條件或解析失敗
2025-02-02 19:10:48,398 - INFO - 正在抓取文章 900158
2025-02-02 19:10:48,398 - INFO - 正在抓取文章 900159
2025-02-02 19:10:48,401 - INFO - 正在抓取文章 900160
2025-02-02 19:10:48,401 - INFO - 正在抓取文章 900161
2025-02-02 19:10:48,412 - INFO - 文章 900159 回應狀態碼: 200
2025-02-02 19:10:48,413 - INFO - 文章 900159 不符合條件或解析失敗
2025-02-02 19:10:48,414 - INFO - 文章 900160 回應狀態碼: 200
2025-02-02 19:10:48,414 - INFO - 文章 900158 回應狀態碼: 200
2025-02-02 19:10:48,415 - INFO - 文章 900161 回應狀態碼: 200
2025-02-02 19:10:48,417 - INFO - 文章 900160 不符合條件或解析失敗
2025-02-02 19:10:48,418 - INFO - 文章 900158 不符合條件或解析失敗
2025-02-02 19:10:48,418 - INFO - 文章 900161 不符合條件或解析失敗
2025-02-02 19:10:49,457 - INFO - 正在抓取文章 900164
2025-02-02 19:10:49,457 - INFO - 正在抓取文章 900163
2025-02-02 19:10:49,457 - INFO - 正在抓取文章 900162
2025-02-02 19:10:49,457 - INFO - 正在抓取文章 900165
2025-02-02 19:10:49,467 - INFO - 文章 900163 回應狀態碼: 200
2025-02-02 19:10:49,467 - INFO - 文章 900164 回應狀態碼: 200
2025-02-02 19:10:49,467 - INFO - 文章 900162 回應狀態碼: 200
2025-02-02 19:10:49,467 - INFO - 文章 900163 不符合條件或解析失敗
2025-02-02 19:10:49,467 - INFO - 文章 900164 不符合條件或解析失敗
2025-02-02 19:10:49,467 - INFO - 文章 900165 回應狀態碼: 200
2025-02-02 19:10:49,467 - INFO - 文章 900162 不符合條件或解析失敗
2025-02-02 19:10:49,478 - INFO - 文章 900165 不符合條件或解析失敗
2025-02-02 19:10:49,923 - INFO - 正在抓取文章 900168
2025-02-02 19:10:49,923 - INFO - 正在抓取文章 900169
2025-02-02 19:10:49,923 - INFO - 正在抓取文章 900167
2025-02-02 19:10:49,923 - INFO - 正在抓取文章 900166
2025-02-02 19:10:49,925 - INFO - 文章 900169 回應狀態碼: 200
2025-02-02 19:10:49,925 - INFO - 文章 900169 不符合條件或解析失敗
2025-02-02 19:10:49,925 - INFO - 文章 900168 回應狀態碼: 200
2025-02-02 19:10:49,925 - INFO - 文章 900168 不符合條件或解析失敗
2025-02-02 19:10:49,939 - INFO - 文章 900167 回應狀態碼: 200
2025-02-02 19:10:49,940 - INFO - 文章 900166 回應狀態碼: 200
2025-02-02 19:10:49,941 - INFO - 文章 900167 不符合條件或解析失敗
2025-02-02 19:10:49,943 - INFO - 文章 900166 不符合條件或解析失敗
2025-02-02 19:10:50,976 - INFO - 正在抓取文章 900172
2025-02-02 19:10:50,977 - INFO - 正在抓取文章 900173
2025-02-02 19:10:50,987 - INFO - 正在抓取文章 900170
2025-02-02 19:10:50,989 - INFO - 正在抓取文章 900171
2025-02-02 19:10:50,989 - INFO - 文章 900172 回應狀態碼: 200
2025-02-02 19:10:50,989 - INFO - 文章 900173 回應狀態碼: 200
2025-02-02 19:10:50,993 - INFO - 文章 900172 不符合條件或解析失敗
2025-02-02 19:10:50,994 - INFO - 文章 900173 不符合條件或解析失敗
2025-02-02 19:10:50,999 - INFO - 文章 900170 回應狀態碼: 200
2025-02-02 19:10:51,000 - INFO - 文章 900170 不符合條件或解析失敗
2025-02-02 19:10:51,002 - INFO - 文章 900171 回應狀態碼: 200
2025-02-02 19:10:51,003 - INFO - 文章 900171 不符合條件或解析失敗
2025-02-02 19:10:51,425 - INFO - 正在抓取文章 900174
2025-02-02 19:10:51,426 - INFO - 正在抓取文章 900175
2025-02-02 19:10:51,426 - INFO - 正在抓取文章 900177
2025-02-02 19:10:51,426 - INFO - 正在抓取文章 900176
2025-02-02 19:10:51,431 - INFO - 文章 900175 回應狀態碼: 200
2025-02-02 19:10:51,431 - INFO - 文章 900175 不符合條件或解析失敗
2025-02-02 19:10:51,431 - INFO - 文章 900174 回應狀態碼: 200
2025-02-02 19:10:51,431 - INFO - 文章 900174 不符合條件或解析失敗
2025-02-02 19:10:51,447 - INFO - 文章 900176 回應狀態碼: 200
2025-02-02 19:10:51,448 - INFO - 文章 900176 不符合條件或解析失敗
2025-02-02 19:10:51,448 - INFO - 文章 900177 回應狀態碼: 200
2025-02-02 19:10:51,484 - INFO - 文章 900177 不符合條件或解析失敗
2025-02-02 19:10:52,501 - INFO - 正在抓取文章 900181
2025-02-02 19:10:52,501 - INFO - 正在抓取文章 900179
2025-02-02 19:10:52,504 - INFO - 正在抓取文章 900180
2025-02-02 19:10:52,510 - INFO - 正在抓取文章 900178
2025-02-02 19:10:52,510 - INFO - 文章 900181 回應狀態碼: 200
2025-02-02 19:10:52,510 - INFO - 文章 900181 不符合條件或解析失敗
2025-02-02 19:10:52,516 - INFO - 文章 900179 回應狀態碼: 200
2025-02-02 19:10:52,517 - INFO - 文章 900179 不符合條件或解析失敗
2025-02-02 19:10:52,519 - INFO - 文章 900180 回應狀態碼: 200
2025-02-02 19:10:52,520 - INFO - 文章 900180 不符合條件或解析失敗
2025-02-02 19:10:52,521 - INFO - 文章 900178 回應狀態碼: 200
2025-02-02 19:10:52,521 - INFO - 文章 900178 不符合條件或解析失敗
2025-02-02 19:10:52,931 - INFO - 正在抓取文章 900184
2025-02-02 19:10:52,933 - INFO - 正在抓取文章 900183
2025-02-02 19:10:52,934 - INFO - 正在抓取文章 900185
2025-02-02 19:10:52,936 - INFO - 正在抓取文章 900182
2025-02-02 19:10:52,936 - INFO - 文章 900184 回應狀態碼: 200
2025-02-02 19:10:52,936 - INFO - 文章 900184 不符合條件或解析失敗
2025-02-02 19:10:52,936 - INFO - 文章 900185 回應狀態碼: 200
2025-02-02 19:10:52,948 - INFO - 文章 900182 回應狀態碼: 200
2025-02-02 19:10:52,949 - INFO - 文章 900185 不符合條件或解析失敗
2025-02-02 19:10:52,950 - INFO - 文章 900182 不符合條件或解析失敗
2025-02-02 19:10:53,051 - INFO - 文章 900183 回應狀態碼: 200
2025-02-02 19:10:53,051 - INFO - 文章 900183 不符合條件或解析失敗
2025-02-02 19:10:54,010 - INFO - 正在抓取文章 900188
2025-02-02 19:10:54,011 - INFO - 正在抓取文章 900187
2025-02-02 19:10:54,018 - INFO - 正在抓取文章 900189
2025-02-02 19:10:54,020 - INFO - 正在抓取文章 900186
2025-02-02 19:10:54,022 - INFO - 文章 900188 回應狀態碼: 200
2025-02-02 19:10:54,024 - INFO - 文章 900187 回應狀態碼: 200
2025-02-02 19:10:54,024 - INFO - 文章 900188 不符合條件或解析失敗
2025-02-02 19:10:54,025 - INFO - 文章 900187 不符合條件或解析失敗
2025-02-02 19:10:54,031 - INFO - 文章 900189 回應狀態碼: 200
2025-02-02 19:10:54,032 - INFO - 文章 900189 不符合條件或解析失敗
2025-02-02 19:10:54,032 - INFO - 文章 900186 回應狀態碼: 200
2025-02-02 19:10:54,035 - INFO - 文章 900186 不符合條件或解析失敗
2025-02-02 19:10:54,436 - INFO - 正在抓取文章 900190
2025-02-02 19:10:54,437 - INFO - 正在抓取文章 900192
2025-02-02 19:10:54,437 - INFO - 正在抓取文章 900193
2025-02-02 19:10:54,437 - INFO - 正在抓取文章 900191
2025-02-02 19:10:54,449 - INFO - 文章 900190 回應狀態碼: 200
2025-02-02 19:10:54,449 - INFO - 文章 900192 回應狀態碼: 200
2025-02-02 19:10:54,451 - INFO - 文章 900190 不符合條件或解析失敗
2025-02-02 19:10:54,452 - INFO - 文章 900192 不符合條件或解析失敗
2025-02-02 19:10:54,452 - INFO - 文章 900193 回應狀態碼: 200
2025-02-02 19:10:54,454 - INFO - 文章 900191 回應狀態碼: 200
2025-02-02 19:10:54,455 - INFO - 文章 900193 不符合條件或解析失敗
2025-02-02 19:10:54,457 - INFO - 文章 900191 不符合條件或解析失敗
2025-02-02 19:10:55,528 - INFO - 正在抓取文章 900195
2025-02-02 19:10:55,529 - INFO - 正在抓取文章 900196
2025-02-02 19:10:55,529 - INFO - 正在抓取文章 900197
2025-02-02 19:10:55,530 - INFO - 正在抓取文章 900194
2025-02-02 19:10:55,539 - INFO - 文章 900195 回應狀態碼: 200
2025-02-02 19:10:55,539 - INFO - 文章 900196 回應狀態碼: 200
2025-02-02 19:10:55,539 - INFO - 文章 900195 不符合條件或解析失敗
2025-02-02 19:10:55,539 - INFO - 文章 900196 不符合條件或解析失敗
2025-02-02 19:10:55,539 - INFO - 文章 900197 回應狀態碼: 200
2025-02-02 19:10:55,539 - INFO - 文章 900194 回應狀態碼: 200
2025-02-02 19:10:55,549 - INFO - 文章 900197 不符合條件或解析失敗
2025-02-02 19:10:55,550 - INFO - 文章 900194 不符合條件或解析失敗
2025-02-02 19:10:55,953 - INFO - 正在抓取文章 900200
2025-02-02 19:10:55,953 - INFO - 正在抓取文章 900201
2025-02-02 19:10:55,961 - INFO - 正在抓取文章 900198
2025-02-02 19:10:55,962 - INFO - 正在抓取文章 900199
2025-02-02 19:10:55,962 - INFO - 文章 900201 回應狀態碼: 200
2025-02-02 19:10:55,967 - INFO - 文章 900201 不符合條件或解析失敗
2025-02-02 19:10:55,969 - INFO - 文章 900200 回應狀態碼: 200
2025-02-02 19:10:55,970 - INFO - 文章 900200 不符合條件或解析失敗
2025-02-02 19:10:55,972 - INFO - 文章 900198 回應狀態碼: 200
2025-02-02 19:10:55,973 - INFO - 文章 900198 不符合條件或解析失敗
2025-02-02 19:10:55,974 - INFO - 文章 900199 回應狀態碼: 200
2025-02-02 19:10:55,974 - INFO - 文章 900199 不符合條件或解析失敗
2025-02-02 19:10:57,039 - INFO - 正在抓取文章 900204
2025-02-02 19:10:57,039 - INFO - 正在抓取文章 900202
2025-02-02 19:10:57,039 - INFO - 正在抓取文章 900203
2025-02-02 19:10:57,043 - INFO - 正在抓取文章 900205
2025-02-02 19:10:57,052 - INFO - 文章 900204 回應狀態碼: 200
2025-02-02 19:10:57,054 - INFO - 文章 900204 不符合條件或解析失敗
2025-02-02 19:10:57,055 - INFO - 文章 900202 回應狀態碼: 200
2025-02-02 19:10:57,056 - INFO - 文章 900202 不符合條件或解析失敗
2025-02-02 19:10:57,058 - INFO - 文章 900203 回應狀態碼: 200
2025-02-02 19:10:57,059 - INFO - 文章 900203 不符合條件或解析失敗
2025-02-02 19:10:57,080 - INFO - 文章 900205 回應狀態碼: 200
2025-02-02 19:10:57,117 - INFO - 文章 900205 不符合條件或解析失敗
2025-02-02 19:10:57,475 - INFO - 正在抓取文章 900206
2025-02-02 19:10:57,475 - INFO - 正在抓取文章 900209
2025-02-02 19:10:57,475 - INFO - 正在抓取文章 900207
2025-02-02 19:10:57,475 - INFO - 正在抓取文章 900208
2025-02-02 19:10:57,487 - INFO - 文章 900206 回應狀態碼: 200
2025-02-02 19:10:57,489 - INFO - 文章 900206 不符合條件或解析失敗
2025-02-02 19:10:57,489 - INFO - 文章 900209 回應狀態碼: 200
2025-02-02 19:10:57,489 - INFO - 文章 900209 不符合條件或解析失敗
2025-02-02 19:10:57,489 - INFO - 文章 900207 回應狀態碼: 200
2025-02-02 19:10:57,489 - INFO - 文章 900208 回應狀態碼: 200
2025-02-02 19:10:57,489 - INFO - 文章 900207 不符合條件或解析失敗
2025-02-02 19:10:57,489 - INFO - 文章 900208 不符合條件或解析失敗
2025-02-02 19:10:58,561 - INFO - 正在抓取文章 900210
2025-02-02 19:10:58,566 - INFO - 正在抓取文章 900211
2025-02-02 19:10:58,569 - INFO - 正在抓取文章 900212
2025-02-02 19:10:58,570 - INFO - 正在抓取文章 900213
2025-02-02 19:10:58,573 - INFO - 文章 900210 回應狀態碼: 200
2025-02-02 19:10:58,576 - INFO - 文章 900210 不符合條件或解析失敗
2025-02-02 19:10:58,577 - INFO - 文章 900211 回應狀態碼: 200
2025-02-02 19:10:58,578 - INFO - 文章 900211 不符合條件或解析失敗
2025-02-02 19:10:58,583 - INFO - 文章 900212 回應狀態碼: 200
2025-02-02 19:10:58,584 - INFO - 文章 900213 回應狀態碼: 200
2025-02-02 19:10:58,584 - INFO - 文章 900212 不符合條件或解析失敗
2025-02-02 19:10:58,585 - INFO - 文章 900213 不符合條件或解析失敗
2025-02-02 19:10:58,989 - INFO - 正在抓取文章 900216
2025-02-02 19:10:58,990 - INFO - 正在抓取文章 900215
2025-02-02 19:10:58,990 - INFO - 正在抓取文章 900214
2025-02-02 19:10:58,990 - INFO - 正在抓取文章 900217
2025-02-02 19:10:59,024 - INFO - 文章 900216 回應狀態碼: 200
2025-02-02 19:10:59,035 - INFO - 文章 900215 回應狀態碼: 200
2025-02-02 19:10:59,045 - INFO - 文章 900216 不符合條件或解析失敗
2025-02-02 19:10:59,045 - INFO - 文章 900217 回應狀態碼: 200
2025-02-02 19:10:59,069 - INFO - 文章 900214 回應狀態碼: 200
2025-02-02 19:10:59,070 - INFO - 文章 900215 不符合條件或解析失敗
2025-02-02 19:10:59,095 - INFO - 文章 900217 不符合條件或解析失敗
2025-02-02 19:10:59,118 - INFO - 文章 900214 不符合條件或解析失敗
