2025-02-02 16:40:11,258 - INFO - 開始執行爬蟲 (模式: all)
2025-02-02 16:40:11,724 - INFO - 檢測到期刊總頁數: 1
2025-02-02 16:40:11,725 - INFO - 正在獲取第 1 頁的文章列表
2025-02-02 16:40:12,795 - INFO - 從期刊頁面共找到 20 篇新文章
2025-02-02 16:40:13,227 - INFO - 正在抓取文章 913286
2025-02-02 16:40:13,228 - INFO - 正在抓取文章 912910
2025-02-02 16:40:13,228 - INFO - 正在抓取文章 913158
2025-02-02 16:40:13,228 - INFO - 正在抓取文章 912784
2025-02-02 16:40:13,262 - INFO - 文章 913286 回應狀態碼: 200
2025-02-02 16:40:13,793 - INFO - 文章 912910 回應狀態碼: 200
2025-02-02 16:40:13,830 - INFO - 成功解析文章 912910
2025-02-02 16:40:13,831 - INFO - 文章 913158 回應狀態碼: 200
2025-02-02 16:40:13,831 - INFO - 文章 912784 回應狀態碼: 200
2025-02-02 16:40:13,847 - INFO - 成功解析文章 913158
2025-02-02 16:40:13,879 - INFO - 成功解析文章 912784
2025-02-02 16:40:14,311 - INFO - 正在抓取文章 913054
2025-02-02 16:40:14,311 - INFO - 正在抓取文章 912425
2025-02-02 16:40:14,312 - INFO - 正在抓取文章 913331
2025-02-02 16:40:14,344 - INFO - 文章 913054 回應狀態碼: 200
2025-02-02 16:40:14,372 - INFO - 成功解析文章 913054
2025-02-02 16:40:14,375 - INFO - 文章 912425 回應狀態碼: 200
2025-02-02 16:40:14,400 - INFO - 成功解析文章 913286
2025-02-02 16:40:14,408 - INFO - 文章 913331 回應狀態碼: 200
2025-02-02 16:40:14,434 - INFO - 成功解析文章 913331
2025-02-02 16:40:15,379 - INFO - 正在抓取文章 912836
2025-02-02 16:40:15,379 - INFO - 正在抓取文章 912956
2025-02-02 16:40:15,382 - INFO - 正在抓取文章 912452
2025-02-02 16:40:15,414 - INFO - 文章 912836 回應狀態碼: 200
2025-02-02 16:40:15,443 - INFO - 成功解析文章 912836
2025-02-02 16:40:15,445 - INFO - 文章 912452 回應狀態碼: 200
2025-02-02 16:40:15,445 - INFO - 文章 912956 回應狀態碼: 200
2025-02-02 16:40:15,463 - INFO - 成功解析文章 912452
2025-02-02 16:40:15,463 - INFO - 成功解析文章 912425
2025-02-02 16:40:15,498 - INFO - 成功解析文章 912956
2025-02-02 16:40:15,934 - INFO - 正在抓取文章 913225
2025-02-02 16:40:15,942 - INFO - 正在抓取文章 913112
2025-02-02 16:40:15,943 - INFO - 正在抓取文章 912355
2025-02-02 16:40:15,946 - INFO - 正在抓取文章 912485
2025-02-02 16:40:16,029 - INFO - 文章 913225 回應狀態碼: 200
2025-02-02 16:40:16,065 - INFO - 文章 912485 回應狀態碼: 200
2025-02-02 16:40:16,065 - INFO - 文章 913112 回應狀態碼: 200
2025-02-02 16:40:16,065 - INFO - 文章 912355 回應狀態碼: 200
2025-02-02 16:40:16,117 - INFO - 成功解析文章 913112
2025-02-02 16:40:16,129 - INFO - 成功解析文章 912355
2025-02-02 16:40:16,999 - INFO - 正在抓取文章 913011
2025-02-02 16:40:17,013 - INFO - 正在抓取文章 912242
2025-02-02 16:40:17,031 - INFO - 文章 913011 回應狀態碼: 200
2025-02-02 16:40:17,050 - INFO - 成功解析文章 913011
2025-02-02 16:40:17,050 - INFO - 文章 912242 回應狀態碼: 200
2025-02-02 16:40:17,083 - INFO - 成功解析文章 912242
2025-02-02 16:40:17,113 - INFO - 成功解析文章 912485
2025-02-02 16:40:17,115 - INFO - 成功解析文章 913225
2025-02-02 16:40:17,629 - INFO - 正在抓取文章 912632
2025-02-02 16:40:17,631 - INFO - 正在抓取文章 913274
2025-02-02 16:40:17,639 - INFO - 正在抓取文章 912631
2025-02-02 16:40:17,641 - INFO - 正在抓取文章 912885
2025-02-02 16:40:17,665 - INFO - 文章 912632 回應狀態碼: 200
2025-02-02 16:40:17,711 - INFO - 成功解析文章 912632
2025-02-02 16:40:17,711 - INFO - 文章 912631 回應狀態碼: 200
2025-02-02 16:40:17,712 - INFO - 文章 913274 回應狀態碼: 200
2025-02-02 16:40:17,712 - INFO - 文章 912885 回應狀態碼: 200
2025-02-02 16:40:17,730 - INFO - 成功解析文章 912631
2025-02-02 16:40:17,765 - INFO - 成功解析文章 913274
2025-02-02 16:40:17,783 - INFO - 成功解析文章 912885
2025-02-02 16:40:18,552 - INFO - 正在抓取文章 900000
2025-02-02 16:40:18,560 - INFO - 正在抓取文章 900001
2025-02-02 16:40:18,560 - INFO - 正在抓取文章 900002
2025-02-02 16:40:18,562 - INFO - 正在抓取文章 900003
2025-02-02 16:40:18,565 - INFO - 文章 900000 回應狀態碼: 200
2025-02-02 16:40:18,569 - INFO - 文章 900000 不符合條件或解析失敗
2025-02-02 16:40:18,569 - INFO - 文章 900001 回應狀態碼: 200
2025-02-02 16:40:18,569 - INFO - 文章 900001 不符合條件或解析失敗
2025-02-02 16:40:18,569 - INFO - 文章 900002 回應狀態碼: 200
2025-02-02 16:40:18,569 - INFO - 文章 900002 不符合條件或解析失敗
2025-02-02 16:40:18,582 - INFO - 文章 900003 回應狀態碼: 200
2025-02-02 16:40:18,584 - INFO - 文章 900003 不符合條件或解析失敗
2025-02-02 16:40:19,284 - INFO - 正在抓取文章 900006
2025-02-02 16:40:19,284 - INFO - 正在抓取文章 900007
2025-02-02 16:40:19,286 - INFO - 正在抓取文章 900004
2025-02-02 16:40:19,292 - INFO - 正在抓取文章 900005
2025-02-02 16:40:19,304 - INFO - 文章 900007 回應狀態碼: 200
2025-02-02 16:40:19,306 - INFO - 文章 900006 回應狀態碼: 200
2025-02-02 16:40:19,306 - INFO - 文章 900007 不符合條件或解析失敗
2025-02-02 16:40:19,314 - INFO - 文章 900006 不符合條件或解析失敗
2025-02-02 16:40:19,315 - INFO - 文章 900004 回應狀態碼: 200
2025-02-02 16:40:19,320 - INFO - 文章 900004 不符合條件或解析失敗
2025-02-02 16:40:19,320 - INFO - 文章 900005 回應狀態碼: 200
2025-02-02 16:40:19,320 - INFO - 文章 900005 不符合條件或解析失敗
2025-02-02 16:40:20,070 - INFO - 正在抓取文章 900008
2025-02-02 16:40:20,070 - INFO - 正在抓取文章 900009
2025-02-02 16:40:20,074 - INFO - 正在抓取文章 900010
2025-02-02 16:40:20,078 - INFO - 正在抓取文章 900011
2025-02-02 16:40:20,083 - INFO - 文章 900008 回應狀態碼: 200
2025-02-02 16:40:20,086 - INFO - 文章 900008 不符合條件或解析失敗
2025-02-02 16:40:20,087 - INFO - 文章 900009 回應狀態碼: 200
2025-02-02 16:40:20,088 - INFO - 文章 900009 不符合條件或解析失敗
2025-02-02 16:40:20,088 - INFO - 文章 900010 回應狀態碼: 200
2025-02-02 16:40:20,088 - INFO - 文章 900010 不符合條件或解析失敗
2025-02-02 16:40:20,088 - INFO - 文章 900011 回應狀態碼: 200
2025-02-02 16:40:20,099 - INFO - 文章 900011 不符合條件或解析失敗
2025-02-02 16:40:20,821 - INFO - 正在抓取文章 900012
2025-02-02 16:40:20,821 - INFO - 正在抓取文章 900015
2025-02-02 16:40:20,825 - INFO - 正在抓取文章 900013
2025-02-02 16:40:20,828 - INFO - 正在抓取文章 900014
2025-02-02 16:40:20,833 - INFO - 文章 900012 回應狀態碼: 200
2025-02-02 16:40:20,833 - INFO - 文章 900015 回應狀態碼: 200
2025-02-02 16:40:20,833 - INFO - 文章 900012 不符合條件或解析失敗
2025-02-02 16:40:20,833 - INFO - 文章 900015 不符合條件或解析失敗
2025-02-02 16:40:20,833 - INFO - 文章 900013 回應狀態碼: 200
2025-02-02 16:40:20,842 - INFO - 文章 900013 不符合條件或解析失敗
2025-02-02 16:40:20,842 - INFO - 文章 900014 回應狀態碼: 200
2025-02-02 16:40:20,842 - INFO - 文章 900014 不符合條件或解析失敗
2025-02-02 16:40:21,589 - INFO - 正在抓取文章 900017
2025-02-02 16:40:21,589 - INFO - 正在抓取文章 900019
2025-02-02 16:40:21,591 - INFO - 正在抓取文章 900018
2025-02-02 16:40:21,595 - INFO - 正在抓取文章 900016
2025-02-02 16:40:21,600 - INFO - 文章 900019 回應狀態碼: 200
2025-02-02 16:40:21,600 - INFO - 文章 900017 回應狀態碼: 200
2025-02-02 16:40:21,600 - INFO - 文章 900019 不符合條件或解析失敗
2025-02-02 16:40:21,600 - INFO - 文章 900017 不符合條件或解析失敗
2025-02-02 16:40:21,609 - INFO - 文章 900018 回應狀態碼: 200
2025-02-02 16:40:21,610 - INFO - 文章 900016 回應狀態碼: 200
2025-02-02 16:40:21,610 - INFO - 文章 900018 不符合條件或解析失敗
2025-02-02 16:40:21,610 - INFO - 文章 900016 不符合條件或解析失敗
2025-02-02 16:40:22,334 - INFO - 正在抓取文章 900021
2025-02-02 16:40:22,334 - INFO - 正在抓取文章 900023
2025-02-02 16:40:22,334 - INFO - 正在抓取文章 900020
2025-02-02 16:40:22,339 - INFO - 正在抓取文章 900022
2025-02-02 16:40:22,339 - INFO - 文章 900021 回應狀態碼: 200
2025-02-02 16:40:22,339 - INFO - 文章 900021 不符合條件或解析失敗
2025-02-02 16:40:22,339 - INFO - 文章 900023 回應狀態碼: 200
2025-02-02 16:40:22,351 - INFO - 文章 900020 回應狀態碼: 200
2025-02-02 16:40:22,353 - INFO - 文章 900022 回應狀態碼: 200
2025-02-02 16:40:22,354 - INFO - 文章 900023 不符合條件或解析失敗
2025-02-02 16:40:22,355 - INFO - 文章 900020 不符合條件或解析失敗
2025-02-02 16:40:22,355 - INFO - 文章 900022 不符合條件或解析失敗
2025-02-02 16:40:23,111 - INFO - 正在抓取文章 900024
2025-02-02 16:40:23,114 - INFO - 正在抓取文章 900025
2025-02-02 16:40:23,115 - INFO - 正在抓取文章 900026
2025-02-02 16:40:23,118 - INFO - 正在抓取文章 900027
2025-02-02 16:40:23,124 - INFO - 文章 900024 回應狀態碼: 200
2025-02-02 16:40:23,125 - INFO - 文章 900024 不符合條件或解析失敗
2025-02-02 16:40:23,129 - INFO - 文章 900025 回應狀態碼: 200
2025-02-02 16:40:23,131 - INFO - 文章 900026 回應狀態碼: 200
2025-02-02 16:40:23,132 - INFO - 文章 900025 不符合條件或解析失敗
2025-02-02 16:40:23,133 - INFO - 文章 900027 回應狀態碼: 200
2025-02-02 16:40:23,135 - INFO - 文章 900026 不符合條件或解析失敗
2025-02-02 16:40:23,138 - INFO - 文章 900027 不符合條件或解析失敗
2025-02-02 16:40:23,855 - INFO - 正在抓取文章 900029
2025-02-02 16:40:23,855 - INFO - 正在抓取文章 900028
2025-02-02 16:40:23,855 - INFO - 正在抓取文章 900030
2025-02-02 16:40:23,856 - INFO - 正在抓取文章 900031
2025-02-02 16:40:23,868 - INFO - 文章 900029 回應狀態碼: 200
2025-02-02 16:40:23,869 - INFO - 文章 900029 不符合條件或解析失敗
2025-02-02 16:40:23,870 - INFO - 文章 900028 回應狀態碼: 200
2025-02-02 16:40:23,873 - INFO - 文章 900030 回應狀態碼: 200
2025-02-02 16:40:23,873 - INFO - 文章 900028 不符合條件或解析失敗
2025-02-02 16:40:23,873 - INFO - 文章 900031 回應狀態碼: 200
2025-02-02 16:40:23,873 - INFO - 文章 900030 不符合條件或解析失敗
2025-02-02 16:40:23,873 - INFO - 文章 900031 不符合條件或解析失敗
2025-02-02 16:40:24,642 - INFO - 正在抓取文章 900032
2025-02-02 16:40:24,642 - INFO - 正在抓取文章 900035
2025-02-02 16:40:24,646 - INFO - 正在抓取文章 900033
2025-02-02 16:40:24,650 - INFO - 正在抓取文章 900034
2025-02-02 16:40:24,653 - INFO - 文章 900032 回應狀態碼: 200
2025-02-02 16:40:24,653 - INFO - 文章 900032 不符合條件或解析失敗
2025-02-02 16:40:24,653 - INFO - 文章 900035 回應狀態碼: 200
2025-02-02 16:40:24,659 - INFO - 文章 900033 回應狀態碼: 200
2025-02-02 16:40:24,660 - INFO - 文章 900035 不符合條件或解析失敗
2025-02-02 16:40:24,661 - INFO - 文章 900033 不符合條件或解析失敗
2025-02-02 16:40:24,661 - INFO - 文章 900034 回應狀態碼: 200
2025-02-02 16:40:24,661 - INFO - 文章 900034 不符合條件或解析失敗
2025-02-02 16:40:25,376 - INFO - 正在抓取文章 900037
2025-02-02 16:40:25,377 - INFO - 正在抓取文章 900036
2025-02-02 16:40:25,377 - INFO - 正在抓取文章 900038
2025-02-02 16:40:25,380 - INFO - 正在抓取文章 900039
2025-02-02 16:40:25,391 - INFO - 文章 900037 回應狀態碼: 200
2025-02-02 16:40:25,392 - INFO - 文章 900037 不符合條件或解析失敗
2025-02-02 16:40:25,394 - INFO - 文章 900038 回應狀態碼: 200
2025-02-02 16:40:25,395 - INFO - 文章 900039 回應狀態碼: 200
2025-02-02 16:40:25,396 - INFO - 文章 900036 回應狀態碼: 200
2025-02-02 16:40:25,397 - INFO - 文章 900038 不符合條件或解析失敗
2025-02-02 16:40:25,399 - INFO - 文章 900039 不符合條件或解析失敗
2025-02-02 16:40:25,401 - INFO - 文章 900036 不符合條件或解析失敗
2025-02-02 16:40:26,162 - INFO - 正在抓取文章 900040
2025-02-02 16:40:26,162 - INFO - 正在抓取文章 900042
2025-02-02 16:40:26,162 - INFO - 正在抓取文章 900043
2025-02-02 16:40:26,162 - INFO - 正在抓取文章 900041
2025-02-02 16:40:26,175 - INFO - 文章 900040 回應狀態碼: 200
2025-02-02 16:40:26,177 - INFO - 文章 900040 不符合條件或解析失敗
2025-02-02 16:40:26,180 - INFO - 文章 900043 回應狀態碼: 200
2025-02-02 16:40:26,181 - INFO - 文章 900042 回應狀態碼: 200
2025-02-02 16:40:26,182 - INFO - 文章 900041 回應狀態碼: 200
2025-02-02 16:40:26,183 - INFO - 文章 900043 不符合條件或解析失敗
2025-02-02 16:40:26,184 - INFO - 文章 900042 不符合條件或解析失敗
2025-02-02 16:40:26,186 - INFO - 文章 900041 不符合條件或解析失敗
2025-02-02 16:40:26,903 - INFO - 正在抓取文章 900044
2025-02-02 16:40:26,903 - INFO - 正在抓取文章 900047
2025-02-02 16:40:26,904 - INFO - 正在抓取文章 900046
2025-02-02 16:40:26,904 - INFO - 正在抓取文章 900045
2025-02-02 16:40:26,910 - INFO - 文章 900044 回應狀態碼: 200
2025-02-02 16:40:26,910 - INFO - 文章 900044 不符合條件或解析失敗
2025-02-02 16:40:26,921 - INFO - 文章 900047 回應狀態碼: 200
2025-02-02 16:40:26,922 - INFO - 文章 900046 回應狀態碼: 200
2025-02-02 16:40:26,924 - INFO - 文章 900047 不符合條件或解析失敗
2025-02-02 16:40:26,924 - INFO - 文章 900045 回應狀態碼: 200
2025-02-02 16:40:26,924 - INFO - 文章 900046 不符合條件或解析失敗
2025-02-02 16:40:26,924 - INFO - 文章 900045 不符合條件或解析失敗
2025-02-02 16:40:27,687 - INFO - 正在抓取文章 900050
2025-02-02 16:40:27,688 - INFO - 正在抓取文章 900051
2025-02-02 16:40:27,691 - INFO - 正在抓取文章 900049
2025-02-02 16:40:27,696 - INFO - 正在抓取文章 900048
2025-02-02 16:40:27,707 - INFO - 文章 900050 回應狀態碼: 200
2025-02-02 16:40:27,713 - INFO - 文章 900051 回應狀態碼: 200
2025-02-02 16:40:27,714 - INFO - 文章 900050 不符合條件或解析失敗
2025-02-02 16:40:27,714 - INFO - 文章 900051 不符合條件或解析失敗
2025-02-02 16:40:27,722 - INFO - 文章 900049 回應狀態碼: 200
2025-02-02 16:40:27,724 - INFO - 文章 900048 回應狀態碼: 200
2025-02-02 16:40:27,726 - INFO - 文章 900049 不符合條件或解析失敗
2025-02-02 16:40:27,726 - INFO - 文章 900048 不符合條件或解析失敗
2025-02-02 16:40:28,410 - INFO - 正在抓取文章 900054
2025-02-02 16:40:28,411 - INFO - 正在抓取文章 900052
2025-02-02 16:40:28,412 - INFO - 正在抓取文章 900055
2025-02-02 16:40:28,412 - INFO - 正在抓取文章 900053
2025-02-02 16:40:28,429 - INFO - 文章 900054 回應狀態碼: 200
2025-02-02 16:40:28,431 - INFO - 文章 900054 不符合條件或解析失敗
2025-02-02 16:40:28,432 - INFO - 文章 900052 回應狀態碼: 200
2025-02-02 16:40:28,432 - INFO - 文章 900052 不符合條件或解析失敗
2025-02-02 16:40:28,439 - INFO - 文章 900053 回應狀態碼: 200
2025-02-02 16:40:28,441 - INFO - 文章 900053 不符合條件或解析失敗
2025-02-02 16:40:28,465 - INFO - 文章 900055 回應狀態碼: 200
2025-02-02 16:40:28,476 - INFO - 成功解析文章 900055
2025-02-02 16:40:29,220 - INFO - 正在抓取文章 900059
2025-02-02 16:40:29,221 - INFO - 正在抓取文章 900058
2025-02-02 16:40:29,222 - INFO - 正在抓取文章 900056
2025-02-02 16:40:29,232 - INFO - 正在抓取文章 900057
2025-02-02 16:40:29,328 - INFO - 文章 900059 回應狀態碼: 200
2025-02-02 16:40:29,356 - INFO - 文章 900059 不符合條件或解析失敗
2025-02-02 16:40:29,358 - INFO - 文章 900056 回應狀態碼: 200
2025-02-02 16:40:29,378 - INFO - 文章 900056 不符合條件或解析失敗
2025-02-02 16:40:29,378 - INFO - 文章 900057 回應狀態碼: 200
2025-02-02 16:40:29,415 - INFO - 文章 900057 不符合條件或解析失敗
2025-02-02 16:40:29,592 - INFO - 文章 900058 回應狀態碼: 200
2025-02-02 16:40:29,626 - INFO - 成功解析文章 900058
2025-02-02 16:40:29,933 - INFO - 正在抓取文章 900060
2025-02-02 16:40:29,938 - INFO - 正在抓取文章 900062
2025-02-02 16:40:29,940 - INFO - 正在抓取文章 900063
2025-02-02 16:40:29,943 - INFO - 正在抓取文章 900061
2025-02-02 16:40:29,973 - INFO - 文章 900062 回應狀態碼: 200
2025-02-02 16:40:29,996 - INFO - 文章 900060 回應狀態碼: 200
2025-02-02 16:40:30,003 - INFO - 文章 900062 不符合條件或解析失敗
2025-02-02 16:40:30,004 - INFO - 文章 900063 回應狀態碼: 200
2025-02-02 16:40:30,005 - INFO - 文章 900061 回應狀態碼: 200
2025-02-02 16:40:30,030 - INFO - 文章 900060 不符合條件或解析失敗
2025-02-02 16:40:30,043 - INFO - 文章 900063 不符合條件或解析失敗
2025-02-02 16:40:30,168 - INFO - 文章 900061 不符合條件或解析失敗
2025-02-02 16:40:30,879 - INFO - 正在抓取文章 900067
2025-02-02 16:40:30,879 - INFO - 正在抓取文章 900064
2025-02-02 16:40:30,879 - INFO - 正在抓取文章 900066
2025-02-02 16:40:30,879 - INFO - 正在抓取文章 900065
2025-02-02 16:40:30,923 - INFO - 文章 900067 回應狀態碼: 200
2025-02-02 16:40:30,971 - INFO - 文章 900067 不符合條件或解析失敗
2025-02-02 16:40:30,972 - INFO - 文章 900065 回應狀態碼: 200
2025-02-02 16:40:30,972 - INFO - 文章 900064 回應狀態碼: 200
2025-02-02 16:40:30,973 - INFO - 文章 900066 回應狀態碼: 200
2025-02-02 16:40:30,995 - INFO - 文章 900065 不符合條件或解析失敗
2025-02-02 16:40:31,011 - INFO - 文章 900064 不符合條件或解析失敗
2025-02-02 16:40:31,042 - INFO - 文章 900066 不符合條件或解析失敗
2025-02-02 16:40:31,670 - INFO - 正在抓取文章 900068
2025-02-02 16:40:31,675 - INFO - 正在抓取文章 900069
2025-02-02 16:40:31,676 - INFO - 正在抓取文章 900070
2025-02-02 16:40:31,677 - INFO - 正在抓取文章 900071
2025-02-02 16:40:31,690 - INFO - 文章 900069 回應狀態碼: 200
2025-02-02 16:40:31,692 - INFO - 文章 900070 回應狀態碼: 200
2025-02-02 16:40:31,693 - INFO - 文章 900071 回應狀態碼: 200
2025-02-02 16:40:31,693 - INFO - 文章 900069 不符合條件或解析失敗
2025-02-02 16:40:31,696 - INFO - 文章 900070 不符合條件或解析失敗
2025-02-02 16:40:31,697 - INFO - 文章 900071 不符合條件或解析失敗
2025-02-02 16:40:31,715 - INFO - 文章 900068 回應狀態碼: 200
2025-02-02 16:40:31,743 - INFO - 文章 900068 不符合條件或解析失敗
2025-02-02 16:40:32,542 - INFO - 正在抓取文章 900073
2025-02-02 16:40:32,542 - INFO - 正在抓取文章 900072
2025-02-02 16:40:32,542 - INFO - 正在抓取文章 900075
2025-02-02 16:40:32,543 - INFO - 正在抓取文章 900074
2025-02-02 16:40:32,557 - INFO - 文章 900073 回應狀態碼: 200
2025-02-02 16:40:32,558 - INFO - 文章 900073 不符合條件或解析失敗
2025-02-02 16:40:32,559 - INFO - 文章 900072 回應狀態碼: 200
2025-02-02 16:40:32,562 - INFO - 文章 900075 回應狀態碼: 200
2025-02-02 16:40:32,563 - INFO - 文章 900074 回應狀態碼: 200
2025-02-02 16:40:32,564 - INFO - 文章 900072 不符合條件或解析失敗
2025-02-02 16:40:32,565 - INFO - 文章 900075 不符合條件或解析失敗
2025-02-02 16:40:32,567 - INFO - 文章 900074 不符合條件或解析失敗
2025-02-02 16:40:33,201 - INFO - 正在抓取文章 900076
2025-02-02 16:40:33,201 - INFO - 正在抓取文章 900079
2025-02-02 16:40:33,201 - INFO - 正在抓取文章 900077
2025-02-02 16:40:33,201 - INFO - 正在抓取文章 900078
2025-02-02 16:40:33,218 - INFO - 文章 900076 回應狀態碼: 200
2025-02-02 16:40:33,220 - INFO - 文章 900076 不符合條件或解析失敗
2025-02-02 16:40:33,220 - INFO - 文章 900079 回應狀態碼: 200
2025-02-02 16:40:33,220 - INFO - 文章 900077 回應狀態碼: 200
2025-02-02 16:40:33,228 - INFO - 文章 900079 不符合條件或解析失敗
2025-02-02 16:40:33,229 - INFO - 文章 900077 不符合條件或解析失敗
2025-02-02 16:40:33,230 - INFO - 文章 900078 回應狀態碼: 200
2025-02-02 16:40:33,234 - INFO - 文章 900078 不符合條件或解析失敗
2025-02-02 16:40:34,071 - INFO - 正在抓取文章 900081
2025-02-02 16:40:34,071 - INFO - 正在抓取文章 900082
2025-02-02 16:40:34,072 - INFO - 正在抓取文章 900083
2025-02-02 16:40:34,073 - INFO - 正在抓取文章 900080
2025-02-02 16:40:34,080 - INFO - 文章 900083 回應狀態碼: 200
2025-02-02 16:40:34,080 - INFO - 文章 900083 不符合條件或解析失敗
2025-02-02 16:40:34,080 - INFO - 文章 900080 回應狀態碼: 200
2025-02-02 16:40:34,094 - INFO - 文章 900080 不符合條件或解析失敗
2025-02-02 16:40:34,098 - INFO - 文章 900081 回應狀態碼: 200
2025-02-02 16:40:34,132 - INFO - 成功解析文章 900081
2025-02-02 16:40:34,132 - INFO - 文章 900082 回應狀態碼: 200
2025-02-02 16:40:34,163 - INFO - 成功解析文章 900082
2025-02-02 16:40:34,721 - INFO - 正在抓取文章 900085
2025-02-02 16:40:34,728 - INFO - 正在抓取文章 900087
2025-02-02 16:40:34,731 - INFO - 正在抓取文章 900086
2025-02-02 16:40:34,732 - INFO - 正在抓取文章 900084
2025-02-02 16:40:34,735 - INFO - 文章 900085 回應狀態碼: 200
2025-02-02 16:40:34,738 - INFO - 文章 900085 不符合條件或解析失敗
2025-02-02 16:40:34,739 - INFO - 文章 900087 回應狀態碼: 200
2025-02-02 16:40:34,739 - INFO - 文章 900087 不符合條件或解析失敗
2025-02-02 16:40:34,739 - INFO - 文章 900086 回應狀態碼: 200
2025-02-02 16:40:34,745 - INFO - 文章 900086 不符合條件或解析失敗
2025-02-02 16:40:34,747 - INFO - 文章 900084 回應狀態碼: 200
2025-02-02 16:40:34,748 - INFO - 文章 900084 不符合條件或解析失敗
2025-02-02 16:40:35,580 - INFO - 正在抓取文章 900090
2025-02-02 16:40:35,580 - INFO - 正在抓取文章 900091
2025-02-02 16:40:35,581 - INFO - 正在抓取文章 900088
2025-02-02 16:40:35,585 - INFO - 正在抓取文章 900089
2025-02-02 16:40:35,599 - INFO - 文章 900090 回應狀態碼: 200
2025-02-02 16:40:35,602 - INFO - 文章 900091 回應狀態碼: 200
2025-02-02 16:40:35,605 - INFO - 文章 900090 不符合條件或解析失敗
2025-02-02 16:40:35,606 - INFO - 文章 900091 不符合條件或解析失敗
2025-02-02 16:40:35,606 - INFO - 文章 900088 回應狀態碼: 200
2025-02-02 16:40:35,613 - INFO - 文章 900089 回應狀態碼: 200
2025-02-02 16:40:35,614 - INFO - 文章 900088 不符合條件或解析失敗
2025-02-02 16:40:35,616 - INFO - 文章 900089 不符合條件或解析失敗
2025-02-02 16:40:36,242 - INFO - 正在抓取文章 900094
2025-02-02 16:40:36,243 - INFO - 正在抓取文章 900092
2025-02-02 16:40:36,243 - INFO - 正在抓取文章 900095
2025-02-02 16:40:36,245 - INFO - 正在抓取文章 900093
2025-02-02 16:40:36,263 - INFO - 文章 900094 回應狀態碼: 200
2025-02-02 16:40:36,268 - INFO - 文章 900092 回應狀態碼: 200
2025-02-02 16:40:36,271 - INFO - 文章 900094 不符合條件或解析失敗
2025-02-02 16:40:36,272 - INFO - 文章 900092 不符合條件或解析失敗
2025-02-02 16:40:36,272 - INFO - 文章 900093 回應狀態碼: 200
2025-02-02 16:40:36,283 - INFO - 文章 900093 不符合條件或解析失敗
2025-02-02 16:40:36,287 - INFO - 文章 900095 回應狀態碼: 200
2025-02-02 16:40:36,321 - INFO - 文章 900095 不符合條件或解析失敗
2025-02-02 16:40:37,107 - INFO - 正在抓取文章 900097
2025-02-02 16:40:37,107 - INFO - 正在抓取文章 900098
2025-02-02 16:40:37,112 - INFO - 正在抓取文章 900099
2025-02-02 16:40:37,114 - INFO - 正在抓取文章 900096
2025-02-02 16:40:37,116 - INFO - 文章 900097 回應狀態碼: 200
2025-02-02 16:40:37,116 - INFO - 文章 900097 不符合條件或解析失敗
2025-02-02 16:40:37,116 - INFO - 文章 900098 回應狀態碼: 200
2025-02-02 16:40:37,125 - INFO - 文章 900099 回應狀態碼: 200
2025-02-02 16:40:37,126 - INFO - 文章 900098 不符合條件或解析失敗
2025-02-02 16:40:37,127 - INFO - 文章 900099 不符合條件或解析失敗
2025-02-02 16:40:37,146 - INFO - 文章 900096 回應狀態碼: 200
2025-02-02 16:40:37,173 - INFO - 文章 900096 不符合條件或解析失敗
2025-02-02 16:40:37,772 - INFO - 正在抓取文章 900101
2025-02-02 16:40:37,773 - INFO - 正在抓取文章 900102
2025-02-02 16:40:37,773 - INFO - 正在抓取文章 900100
2025-02-02 16:40:37,773 - INFO - 正在抓取文章 900103
2025-02-02 16:40:37,786 - INFO - 文章 900101 回應狀態碼: 200
2025-02-02 16:40:37,786 - INFO - 文章 900102 回應狀態碼: 200
2025-02-02 16:40:37,786 - INFO - 文章 900101 不符合條件或解析失敗
2025-02-02 16:40:37,786 - INFO - 文章 900100 回應狀態碼: 200
2025-02-02 16:40:37,791 - INFO - 文章 900102 不符合條件或解析失敗
2025-02-02 16:40:37,793 - INFO - 文章 900100 不符合條件或解析失敗
2025-02-02 16:40:37,815 - INFO - 文章 900103 回應狀態碼: 200
2025-02-02 16:40:37,839 - INFO - 文章 900103 不符合條件或解析失敗
2025-02-02 16:40:38,675 - INFO - 正在抓取文章 900105
2025-02-02 16:40:38,675 - INFO - 正在抓取文章 900104
2025-02-02 16:40:38,675 - INFO - 正在抓取文章 900106
2025-02-02 16:40:38,681 - INFO - 正在抓取文章 900107
2025-02-02 16:40:38,700 - INFO - 文章 900105 回應狀態碼: 200
2025-02-02 16:40:38,702 - INFO - 文章 900104 回應狀態碼: 200
2025-02-02 16:40:38,705 - INFO - 文章 900105 不符合條件或解析失敗
2025-02-02 16:40:38,707 - INFO - 文章 900106 回應狀態碼: 200
2025-02-02 16:40:38,712 - INFO - 文章 900104 不符合條件或解析失敗
2025-02-02 16:40:38,715 - INFO - 文章 900107 回應狀態碼: 200
2025-02-02 16:40:38,722 - INFO - 文章 900106 不符合條件或解析失敗
2025-02-02 16:40:38,727 - INFO - 文章 900107 不符合條件或解析失敗
2025-02-02 16:40:39,340 - INFO - 正在抓取文章 900109
2025-02-02 16:40:39,340 - INFO - 正在抓取文章 900108
2025-02-02 16:40:39,343 - INFO - 正在抓取文章 900110
2025-02-02 16:40:39,344 - INFO - 正在抓取文章 900111
2025-02-02 16:40:39,366 - INFO - 文章 900109 回應狀態碼: 200
2025-02-02 16:40:39,378 - INFO - 文章 900108 回應狀態碼: 200
2025-02-02 16:40:39,384 - INFO - 文章 900109 不符合條件或解析失敗
2025-02-02 16:40:39,387 - INFO - 文章 900110 回應狀態碼: 200
2025-02-02 16:40:39,389 - INFO - 文章 900108 不符合條件或解析失敗
2025-02-02 16:40:39,389 - INFO - 文章 900110 不符合條件或解析失敗
2025-02-02 16:40:39,389 - INFO - 文章 900111 回應狀態碼: 200
2025-02-02 16:40:39,400 - INFO - 文章 900111 不符合條件或解析失敗
2025-02-02 16:40:40,227 - INFO - 正在抓取文章 900115
2025-02-02 16:40:40,230 - INFO - 正在抓取文章 900112
2025-02-02 16:40:40,233 - INFO - 正在抓取文章 900113
2025-02-02 16:40:40,235 - INFO - 正在抓取文章 900114
2025-02-02 16:40:40,238 - INFO - 文章 900115 回應狀態碼: 200
2025-02-02 16:40:40,238 - INFO - 文章 900115 不符合條件或解析失敗
2025-02-02 16:40:40,238 - INFO - 文章 900112 回應狀態碼: 200
2025-02-02 16:40:40,238 - INFO - 文章 900112 不符合條件或解析失敗
2025-02-02 16:40:40,238 - INFO - 文章 900113 回應狀態碼: 200
2025-02-02 16:40:40,247 - INFO - 文章 900114 回應狀態碼: 200
2025-02-02 16:40:40,249 - INFO - 文章 900113 不符合條件或解析失敗
2025-02-02 16:40:40,251 - INFO - 文章 900114 不符合條件或解析失敗
2025-02-02 16:40:40,889 - INFO - 正在抓取文章 900117
2025-02-02 16:40:40,891 - INFO - 正在抓取文章 900118
2025-02-02 16:40:40,892 - INFO - 正在抓取文章 900119
2025-02-02 16:40:40,895 - INFO - 正在抓取文章 900116
2025-02-02 16:40:40,901 - INFO - 文章 900117 回應狀態碼: 200
2025-02-02 16:40:40,901 - INFO - 文章 900117 不符合條件或解析失敗
2025-02-02 16:40:40,901 - INFO - 文章 900118 回應狀態碼: 200
2025-02-02 16:40:40,901 - INFO - 文章 900118 不符合條件或解析失敗
2025-02-02 16:40:40,908 - INFO - 文章 900119 回應狀態碼: 200
2025-02-02 16:40:40,909 - INFO - 文章 900116 回應狀態碼: 200
2025-02-02 16:40:40,911 - INFO - 文章 900119 不符合條件或解析失敗
2025-02-02 16:40:40,912 - INFO - 文章 900116 不符合條件或解析失敗
2025-02-02 16:40:41,738 - INFO - 正在抓取文章 900121
2025-02-02 16:40:41,738 - INFO - 正在抓取文章 900123
2025-02-02 16:40:41,741 - INFO - 正在抓取文章 900122
2025-02-02 16:40:41,742 - INFO - 正在抓取文章 900120
2025-02-02 16:40:41,751 - INFO - 文章 900121 回應狀態碼: 200
2025-02-02 16:40:41,751 - INFO - 文章 900123 回應狀態碼: 200
2025-02-02 16:40:41,751 - INFO - 文章 900121 不符合條件或解析失敗
2025-02-02 16:40:41,751 - INFO - 文章 900122 回應狀態碼: 200
2025-02-02 16:40:41,751 - INFO - 文章 900123 不符合條件或解析失敗
2025-02-02 16:40:41,759 - INFO - 文章 900120 回應狀態碼: 200
2025-02-02 16:40:41,762 - INFO - 文章 900122 不符合條件或解析失敗
2025-02-02 16:40:41,765 - INFO - 文章 900120 不符合條件或解析失敗
2025-02-02 16:40:42,402 - INFO - 正在抓取文章 900124
2025-02-02 16:40:42,402 - INFO - 正在抓取文章 900127
2025-02-02 16:40:42,402 - INFO - 正在抓取文章 900125
2025-02-02 16:40:42,402 - INFO - 正在抓取文章 900126
2025-02-02 16:40:42,415 - INFO - 文章 900124 回應狀態碼: 200
2025-02-02 16:40:42,416 - INFO - 文章 900124 不符合條件或解析失敗
2025-02-02 16:40:42,419 - INFO - 文章 900125 回應狀態碼: 200
2025-02-02 16:40:42,420 - INFO - 文章 900127 回應狀態碼: 200
2025-02-02 16:40:42,423 - INFO - 文章 900126 回應狀態碼: 200
2025-02-02 16:40:42,423 - INFO - 文章 900125 不符合條件或解析失敗
2025-02-02 16:40:42,425 - INFO - 文章 900127 不符合條件或解析失敗
2025-02-02 16:40:42,428 - INFO - 文章 900126 不符合條件或解析失敗
2025-02-02 16:40:43,266 - INFO - 正在抓取文章 900131
2025-02-02 16:40:43,266 - INFO - 正在抓取文章 900128
2025-02-02 16:40:43,267 - INFO - 正在抓取文章 900129
2025-02-02 16:40:43,267 - INFO - 正在抓取文章 900130
2025-02-02 16:40:43,278 - INFO - 文章 900131 回應狀態碼: 200
2025-02-02 16:40:43,278 - INFO - 文章 900131 不符合條件或解析失敗
2025-02-02 16:40:43,278 - INFO - 文章 900128 回應狀態碼: 200
2025-02-02 16:40:43,286 - INFO - 文章 900129 回應狀態碼: 200
2025-02-02 16:40:43,287 - INFO - 文章 900130 回應狀態碼: 200
2025-02-02 16:40:43,288 - INFO - 文章 900128 不符合條件或解析失敗
2025-02-02 16:40:43,290 - INFO - 文章 900129 不符合條件或解析失敗
2025-02-02 16:40:43,293 - INFO - 文章 900130 不符合條件或解析失敗
2025-02-02 16:40:43,933 - INFO - 正在抓取文章 900133
2025-02-02 16:40:43,935 - INFO - 正在抓取文章 900134
2025-02-02 16:40:43,937 - INFO - 正在抓取文章 900132
2025-02-02 16:40:43,937 - INFO - 正在抓取文章 900135
2025-02-02 16:40:43,947 - INFO - 文章 900133 回應狀態碼: 200
2025-02-02 16:40:43,947 - INFO - 文章 900133 不符合條件或解析失敗
2025-02-02 16:40:43,951 - INFO - 文章 900134 回應狀態碼: 200
2025-02-02 16:40:43,952 - INFO - 文章 900134 不符合條件或解析失敗
2025-02-02 16:40:43,954 - INFO - 文章 900135 回應狀態碼: 200
2025-02-02 16:40:43,955 - INFO - 文章 900132 回應狀態碼: 200
2025-02-02 16:40:43,958 - INFO - 文章 900135 不符合條件或解析失敗
2025-02-02 16:40:43,960 - INFO - 文章 900132 不符合條件或解析失敗
2025-02-02 16:40:44,793 - INFO - 正在抓取文章 900136
2025-02-02 16:40:44,794 - INFO - 正在抓取文章 900139
2025-02-02 16:40:44,794 - INFO - 正在抓取文章 900137
2025-02-02 16:40:44,795 - INFO - 正在抓取文章 900138
2025-02-02 16:40:44,807 - INFO - 文章 900136 回應狀態碼: 200
2025-02-02 16:40:44,807 - INFO - 文章 900139 回應狀態碼: 200
2025-02-02 16:40:44,811 - INFO - 文章 900136 不符合條件或解析失敗
2025-02-02 16:40:44,813 - INFO - 文章 900138 回應狀態碼: 200
2025-02-02 16:40:44,814 - INFO - 文章 900139 不符合條件或解析失敗
2025-02-02 16:40:44,815 - INFO - 文章 900137 回應狀態碼: 200
2025-02-02 16:40:44,815 - INFO - 文章 900138 不符合條件或解析失敗
2025-02-02 16:40:44,821 - INFO - 文章 900137 不符合條件或解析失敗
2025-02-02 16:40:45,460 - INFO - 正在抓取文章 900142
2025-02-02 16:40:45,460 - INFO - 正在抓取文章 900141
2025-02-02 16:40:45,461 - INFO - 正在抓取文章 900143
2025-02-02 16:40:45,461 - INFO - 正在抓取文章 900140
2025-02-02 16:40:45,475 - INFO - 文章 900143 回應狀態碼: 200
2025-02-02 16:40:45,475 - INFO - 文章 900143 不符合條件或解析失敗
2025-02-02 16:40:45,488 - INFO - 文章 900142 回應狀態碼: 200
2025-02-02 16:40:45,525 - INFO - 成功解析文章 900142
2025-02-02 16:40:45,526 - INFO - 文章 900141 回應狀態碼: 200
2025-02-02 16:40:45,527 - INFO - 文章 900140 回應狀態碼: 200
2025-02-02 16:40:45,554 - INFO - 文章 900141 不符合條件或解析失敗
2025-02-02 16:40:45,573 - INFO - 文章 900140 不符合條件或解析失敗
2025-02-02 16:40:46,317 - INFO - 正在抓取文章 900145
2025-02-02 16:40:46,320 - INFO - 正在抓取文章 900144
2025-02-02 16:40:46,321 - INFO - 正在抓取文章 900146
2025-02-02 16:40:46,322 - INFO - 正在抓取文章 900147
2025-02-02 16:40:46,414 - INFO - 文章 900146 回應狀態碼: 200
2025-02-02 16:40:46,431 - INFO - 文章 900146 不符合條件或解析失敗
2025-02-02 16:40:46,687 - INFO - 文章 900144 回應狀態碼: 200
2025-02-02 16:40:46,712 - INFO - 文章 900147 回應狀態碼: 200
2025-02-02 16:40:46,712 - INFO - 成功解析文章 900144
2025-02-02 16:40:46,738 - INFO - 文章 900147 不符合條件或解析失敗
2025-02-02 16:40:46,738 - INFO - 文章 900145 回應狀態碼: 200
2025-02-02 16:40:46,781 - INFO - 文章 900145 不符合條件或解析失敗
2025-02-02 16:40:47,074 - INFO - 正在抓取文章 900151
2025-02-02 16:40:47,074 - INFO - 正在抓取文章 900149
2025-02-02 16:40:47,076 - INFO - 正在抓取文章 900150
2025-02-02 16:40:47,080 - INFO - 正在抓取文章 900148
2025-02-02 16:40:47,080 - INFO - 文章 900151 回應狀態碼: 200
2025-02-02 16:40:47,080 - INFO - 文章 900151 不符合條件或解析失敗
2025-02-02 16:40:47,096 - INFO - 文章 900150 回應狀態碼: 200
2025-02-02 16:40:47,096 - INFO - 文章 900150 不符合條件或解析失敗
2025-02-02 16:40:47,147 - INFO - 文章 900148 回應狀態碼: 200
2025-02-02 16:40:47,172 - INFO - 文章 900148 不符合條件或解析失敗
2025-02-02 16:40:47,172 - INFO - 文章 900149 回應狀態碼: 200
2025-02-02 16:40:47,202 - INFO - 文章 900149 不符合條件或解析失敗
2025-02-02 16:40:47,932 - INFO - 正在抓取文章 900155
2025-02-02 16:40:47,932 - INFO - 正在抓取文章 900154
2025-02-02 16:40:47,935 - INFO - 正在抓取文章 900153
2025-02-02 16:40:47,940 - INFO - 正在抓取文章 900152
2025-02-02 16:40:47,948 - INFO - 文章 900155 回應狀態碼: 200
2025-02-02 16:40:47,949 - INFO - 文章 900155 不符合條件或解析失敗
2025-02-02 16:40:47,950 - INFO - 文章 900154 回應狀態碼: 200
2025-02-02 16:40:47,953 - INFO - 文章 900154 不符合條件或解析失敗
2025-02-02 16:40:47,954 - INFO - 文章 900153 回應狀態碼: 200
2025-02-02 16:40:47,956 - INFO - 文章 900153 不符合條件或解析失敗
2025-02-02 16:40:47,957 - INFO - 文章 900152 回應狀態碼: 200
2025-02-02 16:40:47,959 - INFO - 文章 900152 不符合條件或解析失敗
2025-02-02 16:40:48,580 - INFO - 正在抓取文章 900156
2025-02-02 16:40:48,581 - INFO - 正在抓取文章 900159
2025-02-02 16:40:48,581 - INFO - 正在抓取文章 900158
2025-02-02 16:40:48,581 - INFO - 正在抓取文章 900157
2025-02-02 16:40:48,592 - INFO - 文章 900156 回應狀態碼: 200
2025-02-02 16:40:48,610 - INFO - 文章 900156 不符合條件或解析失敗
2025-02-02 16:40:48,612 - INFO - 文章 900158 回應狀態碼: 200
2025-02-02 16:40:48,613 - INFO - 文章 900159 回應狀態碼: 200
2025-02-02 16:40:48,617 - INFO - 文章 900158 不符合條件或解析失敗
2025-02-02 16:40:48,626 - INFO - 文章 900159 不符合條件或解析失敗
2025-02-02 16:40:48,627 - INFO - 文章 900157 回應狀態碼: 200
2025-02-02 16:40:48,633 - INFO - 文章 900157 不符合條件或解析失敗
2025-02-02 16:40:49,454 - INFO - 正在抓取文章 900161
2025-02-02 16:40:49,455 - INFO - 正在抓取文章 900160
2025-02-02 16:40:49,455 - INFO - 正在抓取文章 900163
2025-02-02 16:40:49,455 - INFO - 正在抓取文章 900162
2025-02-02 16:40:49,472 - INFO - 文章 900161 回應狀態碼: 200
2025-02-02 16:40:49,475 - INFO - 文章 900161 不符合條件或解析失敗
2025-02-02 16:40:49,476 - INFO - 文章 900160 回應狀態碼: 200
2025-02-02 16:40:49,480 - INFO - 文章 900163 回應狀態碼: 200
2025-02-02 16:40:49,482 - INFO - 文章 900160 不符合條件或解析失敗
2025-02-02 16:40:49,483 - INFO - 文章 900162 回應狀態碼: 200
2025-02-02 16:40:49,483 - INFO - 文章 900163 不符合條件或解析失敗
2025-02-02 16:40:49,483 - INFO - 文章 900162 不符合條件或解析失敗
2025-02-02 16:40:50,131 - INFO - 正在抓取文章 900164
2025-02-02 16:40:50,131 - INFO - 正在抓取文章 900167
2025-02-02 16:40:50,131 - INFO - 正在抓取文章 900166
2025-02-02 16:40:50,136 - INFO - 正在抓取文章 900165
2025-02-02 16:40:50,159 - INFO - 文章 900164 回應狀態碼: 200
2025-02-02 16:40:50,170 - INFO - 文章 900167 回應狀態碼: 200
2025-02-02 16:40:50,175 - INFO - 文章 900164 不符合條件或解析失敗
2025-02-02 16:40:50,178 - INFO - 文章 900166 回應狀態碼: 200
2025-02-02 16:40:50,182 - INFO - 文章 900167 不符合條件或解析失敗
2025-02-02 16:40:50,185 - INFO - 文章 900166 不符合條件或解析失敗
2025-02-02 16:40:50,187 - INFO - 文章 900165 回應狀態碼: 200
2025-02-02 16:40:50,193 - INFO - 文章 900165 不符合條件或解析失敗
2025-02-02 16:40:50,984 - INFO - 正在抓取文章 900168
2025-02-02 16:40:50,984 - INFO - 正在抓取文章 900170
2025-02-02 16:40:50,984 - INFO - 正在抓取文章 900171
2025-02-02 16:40:50,984 - INFO - 正在抓取文章 900169
2025-02-02 16:40:50,993 - INFO - 文章 900168 回應狀態碼: 200
2025-02-02 16:40:50,993 - INFO - 文章 900170 回應狀態碼: 200
2025-02-02 16:40:51,006 - INFO - 文章 900168 不符合條件或解析失敗
2025-02-02 16:40:51,009 - INFO - 文章 900170 不符合條件或解析失敗
2025-02-02 16:40:51,010 - INFO - 文章 900171 回應狀態碼: 200
2025-02-02 16:40:51,013 - INFO - 文章 900169 回應狀態碼: 200
2025-02-02 16:40:51,016 - INFO - 文章 900171 不符合條件或解析失敗
2025-02-02 16:40:51,016 - INFO - 文章 900169 不符合條件或解析失敗
2025-02-02 16:40:51,689 - INFO - 正在抓取文章 900173
2025-02-02 16:40:51,689 - INFO - 正在抓取文章 900172
2025-02-02 16:40:51,694 - INFO - 正在抓取文章 900174
2025-02-02 16:40:51,696 - INFO - 正在抓取文章 900175
2025-02-02 16:40:51,722 - INFO - 文章 900173 回應狀態碼: 200
2025-02-02 16:40:51,733 - INFO - 文章 900172 回應狀態碼: 200
2025-02-02 16:40:51,736 - INFO - 文章 900173 不符合條件或解析失敗
2025-02-02 16:40:51,736 - INFO - 文章 900172 不符合條件或解析失敗
2025-02-02 16:40:51,736 - INFO - 文章 900175 回應狀態碼: 200
2025-02-02 16:40:51,745 - INFO - 文章 900174 回應狀態碼: 200
2025-02-02 16:40:51,751 - INFO - 文章 900175 不符合條件或解析失敗
2025-02-02 16:40:51,751 - INFO - 文章 900174 不符合條件或解析失敗
2025-02-02 16:40:52,517 - INFO - 正在抓取文章 900179
2025-02-02 16:40:52,517 - INFO - 正在抓取文章 900176
2025-02-02 16:40:52,517 - INFO - 正在抓取文章 900178
2025-02-02 16:40:52,517 - INFO - 正在抓取文章 900177
2025-02-02 16:40:52,527 - INFO - 文章 900179 回應狀態碼: 200
2025-02-02 16:40:52,527 - INFO - 文章 900179 不符合條件或解析失敗
2025-02-02 16:40:52,527 - INFO - 文章 900176 回應狀態碼: 200
2025-02-02 16:40:52,527 - INFO - 文章 900176 不符合條件或解析失敗
2025-02-02 16:40:52,537 - INFO - 文章 900178 回應狀態碼: 200
2025-02-02 16:40:52,538 - INFO - 文章 900178 不符合條件或解析失敗
2025-02-02 16:40:52,561 - INFO - 文章 900177 回應狀態碼: 200
2025-02-02 16:40:52,611 - INFO - 文章 900177 不符合條件或解析失敗
2025-02-02 16:40:53,248 - INFO - 正在抓取文章 900181
2025-02-02 16:40:53,248 - INFO - 正在抓取文章 900183
2025-02-02 16:40:53,248 - INFO - 正在抓取文章 900182
2025-02-02 16:40:53,254 - INFO - 正在抓取文章 900180
2025-02-02 16:40:53,262 - INFO - 文章 900181 回應狀態碼: 200
2025-02-02 16:40:53,264 - INFO - 文章 900181 不符合條件或解析失敗
2025-02-02 16:40:53,265 - INFO - 文章 900183 回應狀態碼: 200
2025-02-02 16:40:53,265 - INFO - 文章 900182 回應狀態碼: 200
2025-02-02 16:40:53,267 - INFO - 文章 900183 不符合條件或解析失敗
2025-02-02 16:40:53,268 - INFO - 文章 900180 回應狀態碼: 200
2025-02-02 16:40:53,270 - INFO - 文章 900182 不符合條件或解析失敗
2025-02-02 16:40:53,271 - INFO - 文章 900180 不符合條件或解析失敗
2025-02-02 16:40:54,028 - INFO - 正在抓取文章 900185
2025-02-02 16:40:54,028 - INFO - 正在抓取文章 900184
2025-02-02 16:40:54,029 - INFO - 正在抓取文章 900186
2025-02-02 16:40:54,030 - INFO - 正在抓取文章 900187
2025-02-02 16:40:54,031 - INFO - 文章 900185 回應狀態碼: 200
2025-02-02 16:40:54,031 - INFO - 文章 900185 不符合條件或解析失敗
2025-02-02 16:40:54,045 - INFO - 文章 900184 回應狀態碼: 200
2025-02-02 16:40:54,046 - INFO - 文章 900186 回應狀態碼: 200
2025-02-02 16:40:54,047 - INFO - 文章 900184 不符合條件或解析失敗
2025-02-02 16:40:54,048 - INFO - 文章 900187 回應狀態碼: 200
2025-02-02 16:40:54,049 - INFO - 文章 900186 不符合條件或解析失敗
2025-02-02 16:40:54,052 - INFO - 文章 900187 不符合條件或解析失敗
2025-02-02 16:40:54,773 - INFO - 正在抓取文章 900191
2025-02-02 16:40:54,773 - INFO - 正在抓取文章 900190
2025-02-02 16:40:54,774 - INFO - 正在抓取文章 900189
2025-02-02 16:40:54,786 - INFO - 正在抓取文章 900188
2025-02-02 16:40:54,786 - INFO - 文章 900191 回應狀態碼: 200
2025-02-02 16:40:54,789 - INFO - 文章 900190 回應狀態碼: 200
2025-02-02 16:40:54,790 - INFO - 文章 900191 不符合條件或解析失敗
2025-02-02 16:40:54,791 - INFO - 文章 900189 回應狀態碼: 200
2025-02-02 16:40:54,794 - INFO - 文章 900190 不符合條件或解析失敗
2025-02-02 16:40:54,796 - INFO - 文章 900189 不符合條件或解析失敗
2025-02-02 16:40:54,796 - INFO - 文章 900188 回應狀態碼: 200
2025-02-02 16:40:54,796 - INFO - 文章 900188 不符合條件或解析失敗
2025-02-02 16:40:55,532 - INFO - 正在抓取文章 900192
2025-02-02 16:40:55,535 - INFO - 正在抓取文章 900194
2025-02-02 16:40:55,535 - INFO - 正在抓取文章 900193
2025-02-02 16:40:55,541 - INFO - 正在抓取文章 900195
2025-02-02 16:40:55,552 - INFO - 文章 900192 回應狀態碼: 200
2025-02-02 16:40:55,553 - INFO - 文章 900194 回應狀態碼: 200
2025-02-02 16:40:55,555 - INFO - 文章 900192 不符合條件或解析失敗
2025-02-02 16:40:55,558 - INFO - 文章 900194 不符合條件或解析失敗
2025-02-02 16:40:55,559 - INFO - 文章 900193 回應狀態碼: 200
2025-02-02 16:40:55,563 - INFO - 文章 900195 回應狀態碼: 200
2025-02-02 16:40:55,570 - INFO - 文章 900193 不符合條件或解析失敗
2025-02-02 16:40:55,572 - INFO - 文章 900195 不符合條件或解析失敗
2025-02-02 16:40:56,296 - INFO - 正在抓取文章 900196
2025-02-02 16:40:56,297 - INFO - 正在抓取文章 900199
2025-02-02 16:40:56,297 - INFO - 正在抓取文章 900197
2025-02-02 16:40:56,297 - INFO - 正在抓取文章 900198
2025-02-02 16:40:56,314 - INFO - 文章 900196 回應狀態碼: 200
2025-02-02 16:40:56,314 - INFO - 文章 900199 回應狀態碼: 200
2025-02-02 16:40:56,321 - INFO - 文章 900196 不符合條件或解析失敗
2025-02-02 16:40:56,325 - INFO - 文章 900199 不符合條件或解析失敗
2025-02-02 16:40:56,327 - INFO - 文章 900197 回應狀態碼: 200
2025-02-02 16:40:56,330 - INFO - 文章 900198 回應狀態碼: 200
2025-02-02 16:40:56,331 - INFO - 文章 900197 不符合條件或解析失敗
2025-02-02 16:40:56,333 - INFO - 文章 900198 不符合條件或解析失敗
2025-02-02 16:40:57,073 - INFO - 正在抓取文章 900201
2025-02-02 16:40:57,074 - INFO - 正在抓取文章 900202
2025-02-02 16:40:57,074 - INFO - 正在抓取文章 900200
2025-02-02 16:40:57,074 - INFO - 正在抓取文章 900203
2025-02-02 16:40:57,085 - INFO - 文章 900201 回應狀態碼: 200
2025-02-02 16:40:57,085 - INFO - 文章 900201 不符合條件或解析失敗
2025-02-02 16:40:57,085 - INFO - 文章 900202 回應狀態碼: 200
2025-02-02 16:40:57,091 - INFO - 文章 900202 不符合條件或解析失敗
2025-02-02 16:40:57,095 - INFO - 文章 900200 回應狀態碼: 200
2025-02-02 16:40:57,096 - INFO - 文章 900203 回應狀態碼: 200
2025-02-02 16:40:57,096 - INFO - 文章 900200 不符合條件或解析失敗
2025-02-02 16:40:57,098 - INFO - 文章 900203 不符合條件或解析失敗
2025-02-02 16:40:57,837 - INFO - 正在抓取文章 900205
2025-02-02 16:40:57,837 - INFO - 正在抓取文章 900206
2025-02-02 16:40:57,838 - INFO - 正在抓取文章 900207
2025-02-02 16:40:57,841 - INFO - 正在抓取文章 900204
2025-02-02 16:40:57,858 - INFO - 文章 900206 回應狀態碼: 200
2025-02-02 16:40:57,859 - INFO - 文章 900206 不符合條件或解析失敗
2025-02-02 16:40:57,873 - INFO - 文章 900205 回應狀態碼: 200
2025-02-02 16:40:57,873 - INFO - 文章 900207 回應狀態碼: 200
2025-02-02 16:40:57,874 - INFO - 文章 900204 回應狀態碼: 200
2025-02-02 16:40:57,916 - INFO - 文章 900205 不符合條件或解析失敗
2025-02-02 16:40:57,917 - INFO - 文章 900207 不符合條件或解析失敗
2025-02-02 16:40:57,919 - INFO - 文章 900204 不符合條件或解析失敗
2025-02-02 16:40:58,585 - INFO - 正在抓取文章 900208
2025-02-02 16:40:58,587 - INFO - 正在抓取文章 900209
2025-02-02 16:40:58,588 - INFO - 正在抓取文章 900210
2025-02-02 16:40:58,591 - INFO - 正在抓取文章 900211
2025-02-02 16:40:58,606 - INFO - 文章 900208 回應狀態碼: 200
2025-02-02 16:40:58,608 - INFO - 文章 900208 不符合條件或解析失敗
2025-02-02 16:40:58,610 - INFO - 文章 900209 回應狀態碼: 200
2025-02-02 16:40:58,613 - INFO - 文章 900209 不符合條件或解析失敗
2025-02-02 16:40:58,614 - INFO - 文章 900210 回應狀態碼: 200
2025-02-02 16:40:58,615 - INFO - 文章 900211 回應狀態碼: 200
2025-02-02 16:40:58,618 - INFO - 文章 900210 不符合條件或解析失敗
2025-02-02 16:40:58,619 - INFO - 文章 900211 不符合條件或解析失敗
2025-02-02 16:40:59,419 - INFO - 正在抓取文章 900213
2025-02-02 16:40:59,420 - INFO - 正在抓取文章 900212
2025-02-02 16:40:59,420 - INFO - 正在抓取文章 900214
2025-02-02 16:40:59,420 - INFO - 正在抓取文章 900215
2025-02-02 16:40:59,448 - INFO - 文章 900213 回應狀態碼: 200
2025-02-02 16:40:59,452 - INFO - 文章 900212 回應狀態碼: 200
2025-02-02 16:40:59,454 - INFO - 文章 900213 不符合條件或解析失敗
2025-02-02 16:40:59,456 - INFO - 文章 900212 不符合條件或解析失敗
2025-02-02 16:40:59,473 - INFO - 文章 900214 回應狀態碼: 200
2025-02-02 16:40:59,505 - INFO - 文章 900214 不符合條件或解析失敗
2025-02-02 16:40:59,506 - INFO - 文章 900215 回應狀態碼: 200
2025-02-02 16:40:59,535 - INFO - 文章 900215 不符合條件或解析失敗
2025-02-02 16:41:00,122 - INFO - 正在抓取文章 900218
2025-02-02 16:41:00,122 - INFO - 正在抓取文章 900216
2025-02-02 16:41:00,123 - INFO - 正在抓取文章 900219
2025-02-02 16:41:00,124 - INFO - 正在抓取文章 900217
2025-02-02 16:41:00,136 - INFO - 文章 900218 回應狀態碼: 200
2025-02-02 16:41:00,136 - INFO - 文章 900218 不符合條件或解析失敗
2025-02-02 16:41:00,152 - INFO - 文章 900219 回應狀態碼: 200
2025-02-02 16:41:00,155 - INFO - 文章 900219 不符合條件或解析失敗
2025-02-02 16:41:00,173 - INFO - 文章 900216 回應狀態碼: 200
2025-02-02 16:41:00,211 - INFO - 文章 900216 不符合條件或解析失敗
2025-02-02 16:41:00,211 - INFO - 文章 900217 回應狀態碼: 200
2025-02-02 16:41:00,237 - INFO - 文章 900217 不符合條件或解析失敗
2025-02-02 16:41:00,957 - INFO - 正在抓取文章 900221
2025-02-02 16:41:00,957 - INFO - 正在抓取文章 900220
2025-02-02 16:41:00,959 - INFO - 正在抓取文章 900223
2025-02-02 16:41:00,959 - INFO - 正在抓取文章 900222
2025-02-02 16:41:00,968 - INFO - 文章 900221 回應狀態碼: 200
2025-02-02 16:41:00,968 - INFO - 文章 900221 不符合條件或解析失敗
2025-02-02 16:41:00,968 - INFO - 文章 900220 回應狀態碼: 200
2025-02-02 16:41:00,968 - INFO - 文章 900220 不符合條件或解析失敗
2025-02-02 16:41:00,998 - INFO - 文章 900222 回應狀態碼: 200
2025-02-02 16:41:01,032 - INFO - 成功解析文章 900222
2025-02-02 16:41:01,034 - INFO - 文章 900223 回應狀態碼: 200
2025-02-02 16:41:01,068 - INFO - 成功解析文章 900223
2025-02-02 16:41:01,711 - INFO - 正在抓取文章 900226
2025-02-02 16:41:01,711 - INFO - 正在抓取文章 900227
2025-02-02 16:41:01,717 - INFO - 正在抓取文章 900224
2025-02-02 16:41:01,722 - INFO - 正在抓取文章 900225
2025-02-02 16:41:01,726 - INFO - 文章 900227 回應狀態碼: 200
2025-02-02 16:41:01,727 - INFO - 文章 900227 不符合條件或解析失敗
2025-02-02 16:41:01,729 - INFO - 文章 900224 回應狀態碼: 200
2025-02-02 16:41:01,731 - INFO - 文章 900224 不符合條件或解析失敗
2025-02-02 16:41:01,735 - INFO - 文章 900225 回應狀態碼: 200
2025-02-02 16:41:01,737 - INFO - 文章 900225 不符合條件或解析失敗
2025-02-02 16:41:01,766 - INFO - 文章 900226 回應狀態碼: 200
2025-02-02 16:41:01,796 - INFO - 文章 900226 不符合條件或解析失敗
2025-02-02 16:41:02,469 - INFO - 正在抓取文章 900231
2025-02-02 16:41:02,469 - INFO - 正在抓取文章 900228
2025-02-02 16:41:02,469 - INFO - 正在抓取文章 900230
2025-02-02 16:41:02,469 - INFO - 正在抓取文章 900229
2025-02-02 16:41:02,489 - INFO - 文章 900231 回應狀態碼: 200
2025-02-02 16:41:02,494 - INFO - 文章 900228 回應狀態碼: 200
2025-02-02 16:41:02,494 - INFO - 文章 900231 不符合條件或解析失敗
2025-02-02 16:41:02,502 - INFO - 文章 900228 不符合條件或解析失敗
2025-02-02 16:41:02,513 - INFO - 文章 900230 回應狀態碼: 200
2025-02-02 16:41:02,513 - INFO - 文章 900230 不符合條件或解析失敗
2025-02-02 16:41:02,728 - INFO - 文章 900229 回應狀態碼: 200
2025-02-02 16:41:02,728 - INFO - 文章 900229 不符合條件或解析失敗
2025-02-02 16:41:03,232 - INFO - 正在抓取文章 900234
2025-02-02 16:41:03,233 - INFO - 正在抓取文章 900232
2025-02-02 16:41:03,233 - INFO - 正在抓取文章 900235
2025-02-02 16:41:03,233 - INFO - 正在抓取文章 900233
2025-02-02 16:41:03,248 - INFO - 文章 900234 回應狀態碼: 200
2025-02-02 16:41:03,249 - INFO - 文章 900232 回應狀態碼: 200
2025-02-02 16:41:03,250 - INFO - 文章 900234 不符合條件或解析失敗
2025-02-02 16:41:03,251 - INFO - 文章 900232 不符合條件或解析失敗
2025-02-02 16:41:03,252 - INFO - 文章 900233 回應狀態碼: 200
2025-02-02 16:41:03,257 - INFO - 文章 900233 不符合條件或解析失敗
2025-02-02 16:41:03,504 - INFO - 文章 900235 回應狀態碼: 200
2025-02-02 16:41:03,504 - INFO - 文章 900235 不符合條件或解析失敗
2025-02-02 16:41:04,007 - INFO - 正在抓取文章 900237
2025-02-02 16:41:04,007 - INFO - 正在抓取文章 900238
2025-02-02 16:41:04,008 - INFO - 正在抓取文章 900236
2025-02-02 16:41:04,014 - INFO - 正在抓取文章 900239
2025-02-02 16:41:04,021 - INFO - 文章 900237 回應狀態碼: 200
2025-02-02 16:41:04,022 - INFO - 文章 900238 回應狀態碼: 200
2025-02-02 16:41:04,023 - INFO - 文章 900237 不符合條件或解析失敗
2025-02-02 16:41:04,024 - INFO - 文章 900238 不符合條件或解析失敗
2025-02-02 16:41:04,027 - INFO - 文章 900239 回應狀態碼: 200
2025-02-02 16:41:04,029 - INFO - 文章 900239 不符合條件或解析失敗
2025-02-02 16:41:04,045 - INFO - 文章 900236 回應狀態碼: 200
2025-02-02 16:41:04,076 - INFO - 文章 900236 不符合條件或解析失敗
2025-02-02 16:41:05,004 - INFO - 正在抓取文章 900241
2025-02-02 16:41:05,004 - INFO - 正在抓取文章 900243
2025-02-02 16:41:05,005 - INFO - 正在抓取文章 900242
2025-02-02 16:41:05,006 - INFO - 正在抓取文章 900240
2025-02-02 16:41:05,020 - INFO - 文章 900243 回應狀態碼: 200
2025-02-02 16:41:05,021 - INFO - 文章 900243 不符合條件或解析失敗
2025-02-02 16:41:05,022 - INFO - 文章 900242 回應狀態碼: 200
2025-02-02 16:41:05,023 - INFO - 文章 900240 回應狀態碼: 200
2025-02-02 16:41:05,026 - INFO - 文章 900242 不符合條件或解析失敗
2025-02-02 16:41:05,027 - INFO - 文章 900240 不符合條件或解析失敗
2025-02-02 16:41:05,040 - INFO - 文章 900241 回應狀態碼: 200
2025-02-02 16:41:05,072 - INFO - 文章 900241 不符合條件或解析失敗
2025-02-02 16:41:05,524 - INFO - 正在抓取文章 900244
2025-02-02 16:41:05,525 - INFO - 正在抓取文章 900247
2025-02-02 16:41:05,525 - INFO - 正在抓取文章 900245
2025-02-02 16:41:05,526 - INFO - 正在抓取文章 900246
2025-02-02 16:41:05,542 - INFO - 文章 900244 回應狀態碼: 200
2025-02-02 16:41:05,543 - INFO - 文章 900244 不符合條件或解析失敗
2025-02-02 16:41:05,547 - INFO - 文章 900247 回應狀態碼: 200
2025-02-02 16:41:05,549 - INFO - 文章 900247 不符合條件或解析失敗
2025-02-02 16:41:05,550 - INFO - 文章 900245 回應狀態碼: 200
2025-02-02 16:41:05,551 - INFO - 文章 900246 回應狀態碼: 200
2025-02-02 16:41:05,552 - INFO - 文章 900245 不符合條件或解析失敗
2025-02-02 16:41:05,555 - INFO - 文章 900246 不符合條件或解析失敗
2025-02-02 16:41:06,530 - INFO - 正在抓取文章 900249
2025-02-02 16:41:06,530 - INFO - 正在抓取文章 900250
2025-02-02 16:41:06,530 - INFO - 正在抓取文章 900248
2025-02-02 16:41:06,530 - INFO - 正在抓取文章 900251
2025-02-02 16:41:06,541 - INFO - 文章 900249 回應狀態碼: 200
2025-02-02 16:41:06,541 - INFO - 文章 900249 不符合條件或解析失敗
2025-02-02 16:41:06,550 - INFO - 文章 900248 回應狀態碼: 200
2025-02-02 16:41:06,551 - INFO - 文章 900250 回應狀態碼: 200
2025-02-02 16:41:06,553 - INFO - 文章 900248 不符合條件或解析失敗
2025-02-02 16:41:06,553 - INFO - 文章 900251 回應狀態碼: 200
2025-02-02 16:41:06,554 - INFO - 文章 900250 不符合條件或解析失敗
2025-02-02 16:41:06,558 - INFO - 文章 900251 不符合條件或解析失敗
2025-02-02 16:41:07,057 - INFO - 正在抓取文章 900255
2025-02-02 16:41:07,058 - INFO - 正在抓取文章 900252
2025-02-02 16:41:07,059 - INFO - 正在抓取文章 900254
2025-02-02 16:41:07,060 - INFO - 正在抓取文章 900253
2025-02-02 16:41:07,084 - INFO - 文章 900255 回應狀態碼: 200
2025-02-02 16:41:07,088 - INFO - 文章 900252 回應狀態碼: 200
2025-02-02 16:41:07,090 - INFO - 文章 900255 不符合條件或解析失敗
2025-02-02 16:41:07,094 - INFO - 文章 900254 回應狀態碼: 200
2025-02-02 16:41:07,096 - INFO - 文章 900252 不符合條件或解析失敗
2025-02-02 16:41:07,101 - INFO - 文章 900254 不符合條件或解析失敗
2025-02-02 16:41:07,103 - INFO - 文章 900253 回應狀態碼: 200
2025-02-02 16:41:07,110 - INFO - 文章 900253 不符合條件或解析失敗
2025-02-02 16:41:08,057 - INFO - 正在抓取文章 900259
2025-02-02 16:41:08,057 - INFO - 正在抓取文章 900256
2025-02-02 16:41:08,057 - INFO - 正在抓取文章 900257
2025-02-02 16:41:08,057 - INFO - 正在抓取文章 900258
2025-02-02 16:41:08,082 - INFO - 文章 900259 回應狀態碼: 200
2025-02-02 16:41:08,085 - INFO - 文章 900259 不符合條件或解析失敗
2025-02-02 16:41:08,089 - INFO - 文章 900256 回應狀態碼: 200
2025-02-02 16:41:08,090 - INFO - 文章 900256 不符合條件或解析失敗
2025-02-02 16:41:08,091 - INFO - 文章 900257 回應狀態碼: 200
2025-02-02 16:41:08,095 - INFO - 文章 900257 不符合條件或解析失敗
2025-02-02 16:41:08,096 - INFO - 文章 900258 回應狀態碼: 200
2025-02-02 16:41:08,098 - INFO - 文章 900258 不符合條件或解析失敗
2025-02-02 16:41:08,607 - INFO - 正在抓取文章 900263
2025-02-02 16:41:08,607 - INFO - 正在抓取文章 900260
2025-02-02 16:41:08,609 - INFO - 正在抓取文章 900261
2025-02-02 16:41:08,609 - INFO - 正在抓取文章 900262
2025-02-02 16:41:08,609 - INFO - 文章 900263 回應狀態碼: 200
2025-02-02 16:41:08,609 - INFO - 文章 900263 不符合條件或解析失敗
2025-02-02 16:41:08,609 - INFO - 文章 900260 回應狀態碼: 200
2025-02-02 16:41:08,625 - INFO - 文章 900260 不符合條件或解析失敗
2025-02-02 16:41:08,628 - INFO - 文章 900261 回應狀態碼: 200
2025-02-02 16:41:08,630 - INFO - 文章 900261 不符合條件或解析失敗
2025-02-02 16:41:08,647 - INFO - 文章 900262 回應狀態碼: 200
2025-02-02 16:41:08,679 - INFO - 文章 900262 不符合條件或解析失敗
2025-02-02 16:41:09,597 - INFO - 正在抓取文章 900267
2025-02-02 16:41:09,597 - INFO - 正在抓取文章 900266
2025-02-02 16:41:09,598 - INFO - 正在抓取文章 900265
2025-02-02 16:41:09,611 - INFO - 正在抓取文章 900264
2025-02-02 16:41:09,615 - INFO - 文章 900265 回應狀態碼: 200
2025-02-02 16:41:09,627 - INFO - 文章 900265 不符合條件或解析失敗
2025-02-02 16:41:09,633 - INFO - 文章 900264 回應狀態碼: 200
2025-02-02 16:41:09,645 - INFO - 文章 900264 不符合條件或解析失敗
2025-02-02 16:41:09,848 - INFO - 文章 900267 回應狀態碼: 200
2025-02-02 16:41:09,849 - INFO - 文章 900267 不符合條件或解析失敗
2025-02-02 16:41:09,895 - INFO - 文章 900266 回應狀態碼: 200
2025-02-02 16:41:09,895 - INFO - 文章 900266 不符合條件或解析失敗
2025-02-02 16:41:10,110 - INFO - 正在抓取文章 900268
2025-02-02 16:41:10,110 - INFO - 正在抓取文章 900270
2025-02-02 16:41:10,110 - INFO - 正在抓取文章 900271
2025-02-02 16:41:10,110 - INFO - 正在抓取文章 900269
2025-02-02 16:41:10,122 - INFO - 文章 900268 回應狀態碼: 200
2025-02-02 16:41:10,123 - INFO - 文章 900268 不符合條件或解析失敗
2025-02-02 16:41:10,123 - INFO - 文章 900270 回應狀態碼: 200
2025-02-02 16:41:10,125 - INFO - 文章 900270 不符合條件或解析失敗
2025-02-02 16:41:10,126 - INFO - 文章 900271 回應狀態碼: 200
2025-02-02 16:41:10,126 - INFO - 文章 900269 回應狀態碼: 200
2025-02-02 16:41:10,129 - INFO - 文章 900271 不符合條件或解析失敗
2025-02-02 16:41:10,130 - INFO - 文章 900269 不符合條件或解析失敗
2025-02-02 16:41:11,151 - INFO - 正在抓取文章 900272
2025-02-02 16:41:11,151 - INFO - 正在抓取文章 900275
2025-02-02 16:41:11,151 - INFO - 正在抓取文章 900274
2025-02-02 16:41:11,151 - INFO - 正在抓取文章 900273
2025-02-02 16:41:11,165 - INFO - 文章 900272 回應狀態碼: 200
2025-02-02 16:41:11,166 - INFO - 文章 900272 不符合條件或解析失敗
2025-02-02 16:41:11,173 - INFO - 文章 900274 回應狀態碼: 200
2025-02-02 16:41:11,174 - INFO - 文章 900273 回應狀態碼: 200
2025-02-02 16:41:11,175 - INFO - 文章 900274 不符合條件或解析失敗
2025-02-02 16:41:11,177 - INFO - 文章 900273 不符合條件或解析失敗
2025-02-02 16:41:11,186 - INFO - 文章 900275 回應狀態碼: 200
2025-02-02 16:41:11,210 - INFO - 文章 900275 不符合條件或解析失敗
2025-02-02 16:41:11,627 - INFO - 正在抓取文章 900278
2025-02-02 16:41:11,627 - INFO - 正在抓取文章 900277
2025-02-02 16:41:11,627 - INFO - 正在抓取文章 900279
2025-02-02 16:41:11,630 - INFO - 正在抓取文章 900276
2025-02-02 16:41:11,670 - INFO - 文章 900278 回應狀態碼: 200
2025-02-02 16:41:11,701 - INFO - 文章 900278 不符合條件或解析失敗
2025-02-02 16:41:11,702 - INFO - 文章 900277 回應狀態碼: 200
2025-02-02 16:41:11,702 - INFO - 文章 900279 回應狀態碼: 200
2025-02-02 16:41:11,704 - INFO - 文章 900276 回應狀態碼: 200
2025-02-02 16:41:11,723 - INFO - 文章 900277 不符合條件或解析失敗
2025-02-02 16:41:11,748 - INFO - 文章 900279 不符合條件或解析失敗
2025-02-02 16:41:11,771 - INFO - 文章 900276 不符合條件或解析失敗
2025-02-02 16:41:12,667 - INFO - 正在抓取文章 900283
2025-02-02 16:41:12,668 - INFO - 正在抓取文章 900281
2025-02-02 16:41:12,668 - INFO - 正在抓取文章 900282
2025-02-02 16:41:12,668 - INFO - 正在抓取文章 900280
2025-02-02 16:41:12,680 - INFO - 文章 900283 回應狀態碼: 200
2025-02-02 16:41:12,681 - INFO - 文章 900283 不符合條件或解析失敗
2025-02-02 16:41:12,682 - INFO - 文章 900281 回應狀態碼: 200
2025-02-02 16:41:12,683 - INFO - 文章 900282 回應狀態碼: 200
2025-02-02 16:41:12,684 - INFO - 文章 900280 回應狀態碼: 200
2025-02-02 16:41:12,685 - INFO - 文章 900281 不符合條件或解析失敗
2025-02-02 16:41:12,686 - INFO - 文章 900282 不符合條件或解析失敗
2025-02-02 16:41:12,688 - INFO - 文章 900280 不符合條件或解析失敗
2025-02-02 16:41:13,203 - INFO - 正在抓取文章 900285
2025-02-02 16:41:13,204 - INFO - 正在抓取文章 900284
2025-02-02 16:41:13,204 - INFO - 正在抓取文章 900287
2025-02-02 16:41:13,204 - INFO - 正在抓取文章 900286
2025-02-02 16:41:13,230 - INFO - 文章 900285 回應狀態碼: 200
2025-02-02 16:41:13,232 - INFO - 文章 900284 回應狀態碼: 200
2025-02-02 16:41:13,240 - INFO - 文章 900287 回應狀態碼: 200
2025-02-02 16:41:13,243 - INFO - 文章 900285 不符合條件或解析失敗
2025-02-02 16:41:13,246 - INFO - 文章 900284 不符合條件或解析失敗
2025-02-02 16:41:13,250 - INFO - 文章 900287 不符合條件或解析失敗
2025-02-02 16:41:13,252 - INFO - 文章 900286 回應狀態碼: 200
2025-02-02 16:41:13,260 - INFO - 文章 900286 不符合條件或解析失敗
2025-02-02 16:41:14,190 - INFO - 正在抓取文章 900290
2025-02-02 16:41:14,190 - INFO - 正在抓取文章 900288
2025-02-02 16:41:14,190 - INFO - 正在抓取文章 900289
2025-02-02 16:41:14,190 - INFO - 正在抓取文章 900291
2025-02-02 16:41:14,233 - INFO - 文章 900290 回應狀態碼: 200
2025-02-02 16:41:14,235 - INFO - 文章 900288 回應狀態碼: 200
2025-02-02 16:41:14,274 - INFO - 成功解析文章 900290
2025-02-02 16:41:14,276 - INFO - 文章 900289 回應狀態碼: 200
2025-02-02 16:41:14,277 - INFO - 文章 900288 不符合條件或解析失敗
2025-02-02 16:41:14,277 - INFO - 文章 900291 回應狀態碼: 200
2025-02-02 16:41:14,307 - INFO - 成功解析文章 900289
2025-02-02 16:41:14,334 - INFO - 文章 900291 不符合條件或解析失敗
2025-02-02 16:41:14,765 - INFO - 正在抓取文章 900293
2025-02-02 16:41:14,765 - INFO - 正在抓取文章 900295
2025-02-02 16:41:14,765 - INFO - 正在抓取文章 900294
2025-02-02 16:41:14,765 - INFO - 正在抓取文章 900292
2025-02-02 16:41:14,776 - INFO - 文章 900293 回應狀態碼: 200
2025-02-02 16:41:14,777 - INFO - 文章 900293 不符合條件或解析失敗
2025-02-02 16:41:14,778 - INFO - 文章 900295 回應狀態碼: 200
2025-02-02 16:41:14,779 - INFO - 文章 900295 不符合條件或解析失敗
2025-02-02 16:41:14,780 - INFO - 文章 900294 回應狀態碼: 200
2025-02-02 16:41:14,782 - INFO - 文章 900292 回應狀態碼: 200
2025-02-02 16:41:14,784 - INFO - 文章 900294 不符合條件或解析失敗
2025-02-02 16:41:14,784 - INFO - 文章 900292 不符合條件或解析失敗
2025-02-02 16:41:15,779 - INFO - 正在抓取文章 900296
2025-02-02 16:41:15,779 - INFO - 正在抓取文章 900297
2025-02-02 16:41:15,779 - INFO - 正在抓取文章 900298
2025-02-02 16:41:15,779 - INFO - 正在抓取文章 900299
2025-02-02 16:41:15,794 - INFO - 文章 900296 回應狀態碼: 200
2025-02-02 16:41:15,796 - INFO - 文章 900296 不符合條件或解析失敗
2025-02-02 16:41:15,797 - INFO - 文章 900297 回應狀態碼: 200
2025-02-02 16:41:15,797 - INFO - 文章 900297 不符合條件或解析失敗
2025-02-02 16:41:15,802 - INFO - 文章 900298 回應狀態碼: 200
2025-02-02 16:41:15,803 - INFO - 文章 900299 回應狀態碼: 200
2025-02-02 16:41:15,803 - INFO - 文章 900298 不符合條件或解析失敗
2025-02-02 16:41:15,804 - INFO - 文章 900299 不符合條件或解析失敗
2025-02-02 16:41:16,286 - INFO - 正在抓取文章 900300
2025-02-02 16:41:16,287 - INFO - 正在抓取文章 900302
2025-02-02 16:41:16,287 - INFO - 正在抓取文章 900301
2025-02-02 16:41:16,287 - INFO - 正在抓取文章 900303
2025-02-02 16:41:16,305 - INFO - 文章 900300 回應狀態碼: 200
2025-02-02 16:41:16,306 - INFO - 文章 900302 回應狀態碼: 200
2025-02-02 16:41:16,307 - INFO - 文章 900300 不符合條件或解析失敗
2025-02-02 16:41:16,308 - INFO - 文章 900301 回應狀態碼: 200
2025-02-02 16:41:16,308 - INFO - 文章 900302 不符合條件或解析失敗
2025-02-02 16:41:16,311 - INFO - 文章 900303 回應狀態碼: 200
2025-02-02 16:41:16,312 - INFO - 文章 900301 不符合條件或解析失敗
2025-02-02 16:41:16,315 - INFO - 文章 900303 不符合條件或解析失敗
2025-02-02 16:41:17,306 - INFO - 正在抓取文章 900305
2025-02-02 16:41:17,307 - INFO - 正在抓取文章 900306
2025-02-02 16:41:17,307 - INFO - 正在抓取文章 900304
2025-02-02 16:41:17,307 - INFO - 正在抓取文章 900307
2025-02-02 16:41:17,325 - INFO - 文章 900305 回應狀態碼: 200
2025-02-02 16:41:17,326 - INFO - 文章 900305 不符合條件或解析失敗
2025-02-02 16:41:17,328 - INFO - 文章 900306 回應狀態碼: 200
2025-02-02 16:41:17,329 - INFO - 文章 900306 不符合條件或解析失敗
2025-02-02 16:41:17,332 - INFO - 文章 900304 回應狀態碼: 200
2025-02-02 16:41:17,333 - INFO - 文章 900304 不符合條件或解析失敗
2025-02-02 16:41:17,334 - INFO - 文章 900307 回應狀態碼: 200
2025-02-02 16:41:17,335 - INFO - 文章 900307 不符合條件或解析失敗
2025-02-02 16:41:17,818 - INFO - 正在抓取文章 900309
2025-02-02 16:41:17,818 - INFO - 正在抓取文章 900308
2025-02-02 16:41:17,819 - INFO - 正在抓取文章 900311
2025-02-02 16:41:17,821 - INFO - 正在抓取文章 900310
2025-02-02 16:41:17,836 - INFO - 文章 900309 回應狀態碼: 200
2025-02-02 16:41:17,836 - INFO - 文章 900308 回應狀態碼: 200
2025-02-02 16:41:17,838 - INFO - 文章 900310 回應狀態碼: 200
2025-02-02 16:41:17,839 - INFO - 文章 900309 不符合條件或解析失敗
2025-02-02 16:41:17,840 - INFO - 文章 900308 不符合條件或解析失敗
2025-02-02 16:41:17,841 - INFO - 文章 900310 不符合條件或解析失敗
2025-02-02 16:41:17,861 - INFO - 文章 900311 回應狀態碼: 200
2025-02-02 16:41:17,897 - INFO - 文章 900311 不符合條件或解析失敗
2025-02-02 16:41:18,834 - INFO - 正在抓取文章 900315
2025-02-02 16:41:18,834 - INFO - 正在抓取文章 900312
2025-02-02 16:41:18,834 - INFO - 正在抓取文章 900313
2025-02-02 16:41:18,835 - INFO - 正在抓取文章 900314
2025-02-02 16:41:18,848 - INFO - 文章 900315 回應狀態碼: 200
2025-02-02 16:41:18,849 - INFO - 文章 900315 不符合條件或解析失敗
2025-02-02 16:41:18,849 - INFO - 文章 900312 回應狀態碼: 200
2025-02-02 16:41:18,851 - INFO - 文章 900313 回應狀態碼: 200
2025-02-02 16:41:18,853 - INFO - 文章 900312 不符合條件或解析失敗
2025-02-02 16:41:18,855 - INFO - 文章 900313 不符合條件或解析失敗
2025-02-02 16:41:18,858 - INFO - 文章 900314 回應狀態碼: 200
2025-02-02 16:41:18,859 - INFO - 文章 900314 不符合條件或解析失敗
2025-02-02 16:41:19,345 - INFO - 正在抓取文章 900316
2025-02-02 16:41:19,345 - INFO - 正在抓取文章 900318
2025-02-02 16:41:19,345 - INFO - 正在抓取文章 900319
2025-02-02 16:41:19,345 - INFO - 正在抓取文章 900317
2025-02-02 16:41:19,355 - INFO - 文章 900316 回應狀態碼: 200
2025-02-02 16:41:19,367 - INFO - 文章 900318 回應狀態碼: 200
2025-02-02 16:41:19,369 - INFO - 文章 900316 不符合條件或解析失敗
2025-02-02 16:41:19,371 - INFO - 文章 900318 不符合條件或解析失敗
2025-02-02 16:41:19,371 - INFO - 文章 900319 回應狀態碼: 200
2025-02-02 16:41:19,376 - INFO - 文章 900319 不符合條件或解析失敗
2025-02-02 16:41:19,377 - INFO - 文章 900317 回應狀態碼: 200
2025-02-02 16:41:19,380 - INFO - 文章 900317 不符合條件或解析失敗
2025-02-02 16:41:20,356 - INFO - 正在抓取文章 900322
2025-02-02 16:41:20,356 - INFO - 正在抓取文章 900323
2025-02-02 16:41:20,356 - INFO - 正在抓取文章 900321
2025-02-02 16:41:20,357 - INFO - 正在抓取文章 900320
2025-02-02 16:41:20,372 - INFO - 文章 900321 回應狀態碼: 200
2025-02-02 16:41:20,373 - INFO - 文章 900321 不符合條件或解析失敗
2025-02-02 16:41:20,374 - INFO - 文章 900320 回應狀態碼: 200
2025-02-02 16:41:20,375 - INFO - 文章 900320 不符合條件或解析失敗
2025-02-02 16:41:20,391 - INFO - 文章 900322 回應狀態碼: 200
2025-02-02 16:41:20,438 - INFO - 文章 900323 回應狀態碼: 200
2025-02-02 16:41:20,465 - INFO - 成功解析文章 900323
2025-02-02 16:41:20,873 - INFO - 正在抓取文章 900324
2025-02-02 16:41:20,873 - INFO - 正在抓取文章 900325
2025-02-02 16:41:20,873 - INFO - 正在抓取文章 900326
2025-02-02 16:41:20,906 - INFO - 文章 900324 回應狀態碼: 200
2025-02-02 16:41:20,929 - INFO - 文章 900324 不符合條件或解析失敗
2025-02-02 16:41:20,931 - INFO - 文章 900326 回應狀態碼: 200
2025-02-02 16:41:20,931 - INFO - 文章 900325 回應狀態碼: 200
2025-02-02 16:41:20,952 - INFO - 文章 900326 不符合條件或解析失敗
2025-02-02 16:41:20,973 - INFO - 文章 900325 不符合條件或解析失敗
2025-02-02 16:41:20,975 - INFO - 成功解析文章 900322
2025-02-02 16:41:21,966 - INFO - 正在抓取文章 900329
2025-02-02 16:41:21,967 - INFO - 正在抓取文章 900328
2025-02-02 16:41:21,967 - INFO - 正在抓取文章 900330
2025-02-02 16:41:21,968 - INFO - 正在抓取文章 900327
2025-02-02 16:41:21,970 - INFO - 文章 900329 回應狀態碼: 200
2025-02-02 16:41:21,970 - INFO - 文章 900329 不符合條件或解析失敗
2025-02-02 16:41:21,970 - INFO - 文章 900328 回應狀態碼: 200
2025-02-02 16:41:21,970 - INFO - 文章 900330 回應狀態碼: 200
2025-02-02 16:41:21,987 - INFO - 文章 900328 不符合條件或解析失敗
2025-02-02 16:41:21,989 - INFO - 文章 900330 不符合條件或解析失敗
2025-02-02 16:41:22,007 - INFO - 文章 900327 回應狀態碼: 200
2025-02-02 16:41:22,027 - INFO - 文章 900327 不符合條件或解析失敗
2025-02-02 16:41:22,430 - INFO - 正在抓取文章 900334
2025-02-02 16:41:22,431 - INFO - 正在抓取文章 900333
2025-02-02 16:41:22,431 - INFO - 正在抓取文章 900332
2025-02-02 16:41:22,443 - INFO - 文章 900333 回應狀態碼: 200
2025-02-02 16:41:22,445 - INFO - 文章 900332 回應狀態碼: 200
2025-02-02 16:41:22,446 - INFO - 文章 900333 不符合條件或解析失敗
2025-02-02 16:41:22,446 - INFO - 正在抓取文章 900331
2025-02-02 16:41:22,447 - INFO - 文章 900332 不符合條件或解析失敗
2025-02-02 16:41:22,449 - INFO - 文章 900334 回應狀態碼: 200
2025-02-02 16:41:22,454 - INFO - 文章 900334 不符合條件或解析失敗
2025-02-02 16:41:22,466 - INFO - 文章 900331 回應狀態碼: 200
2025-02-02 16:41:22,467 - INFO - 文章 900331 不符合條件或解析失敗
2025-02-02 16:41:23,470 - INFO - 正在抓取文章 900338
2025-02-02 16:41:23,471 - INFO - 正在抓取文章 900335
2025-02-02 16:41:23,471 - INFO - 正在抓取文章 900336
2025-02-02 16:41:23,472 - INFO - 正在抓取文章 900337
2025-02-02 16:41:23,487 - INFO - 文章 900338 回應狀態碼: 200
2025-02-02 16:41:23,491 - INFO - 文章 900335 回應狀態碼: 200
2025-02-02 16:41:23,494 - INFO - 文章 900338 不符合條件或解析失敗
2025-02-02 16:41:23,494 - INFO - 文章 900336 回應狀態碼: 200
2025-02-02 16:41:23,494 - INFO - 文章 900335 不符合條件或解析失敗
2025-02-02 16:41:23,502 - INFO - 文章 900336 不符合條件或解析失敗
2025-02-02 16:41:23,505 - INFO - 文章 900337 回應狀態碼: 200
2025-02-02 16:41:23,510 - INFO - 文章 900337 不符合條件或解析失敗
2025-02-02 16:41:23,956 - INFO - 正在抓取文章 900342
2025-02-02 16:41:23,956 - INFO - 正在抓取文章 900340
2025-02-02 16:41:23,956 - INFO - 正在抓取文章 900339
2025-02-02 16:41:23,956 - INFO - 正在抓取文章 900341
2025-02-02 16:41:23,971 - INFO - 文章 900342 回應狀態碼: 200
2025-02-02 16:41:23,973 - INFO - 文章 900340 回應狀態碼: 200
2025-02-02 16:41:23,974 - INFO - 文章 900342 不符合條件或解析失敗
2025-02-02 16:41:23,975 - INFO - 文章 900339 回應狀態碼: 200
2025-02-02 16:41:23,976 - INFO - 文章 900340 不符合條件或解析失敗
2025-02-02 16:41:23,978 - INFO - 文章 900341 回應狀態碼: 200
2025-02-02 16:41:23,980 - INFO - 文章 900339 不符合條件或解析失敗
2025-02-02 16:41:23,982 - INFO - 文章 900341 不符合條件或解析失敗
2025-02-02 16:41:25,008 - INFO - 正在抓取文章 900343
2025-02-02 16:41:25,008 - INFO - 正在抓取文章 900344
2025-02-02 16:41:25,008 - INFO - 正在抓取文章 900346
2025-02-02 16:41:25,008 - INFO - 正在抓取文章 900345
2025-02-02 16:41:25,274 - INFO - 文章 900343 回應狀態碼: 200
2025-02-02 16:41:25,274 - INFO - 文章 900343 不符合條件或解析失敗
2025-02-02 16:41:25,303 - INFO - 文章 900344 回應狀態碼: 200
2025-02-02 16:41:25,305 - INFO - 文章 900346 回應狀態碼: 200
2025-02-02 16:41:25,307 - INFO - 文章 900345 回應狀態碼: 200
2025-02-02 16:41:25,309 - INFO - 文章 900344 不符合條件或解析失敗
2025-02-02 16:41:25,312 - INFO - 文章 900346 不符合條件或解析失敗
2025-02-02 16:41:25,315 - INFO - 文章 900345 不符合條件或解析失敗
2025-02-02 16:41:25,483 - INFO - 正在抓取文章 900350
2025-02-02 16:41:25,485 - INFO - 正在抓取文章 900349
2025-02-02 16:41:25,485 - INFO - 正在抓取文章 900348
2025-02-02 16:41:25,490 - INFO - 正在抓取文章 900347
2025-02-02 16:41:25,500 - INFO - 文章 900350 回應狀態碼: 200
2025-02-02 16:41:25,503 - INFO - 文章 900349 回應狀態碼: 200
2025-02-02 16:41:25,506 - INFO - 文章 900350 不符合條件或解析失敗
2025-02-02 16:41:25,507 - INFO - 文章 900348 回應狀態碼: 200
2025-02-02 16:41:25,509 - INFO - 文章 900349 不符合條件或解析失敗
2025-02-02 16:41:25,511 - INFO - 文章 900347 回應狀態碼: 200
2025-02-02 16:41:25,515 - INFO - 文章 900348 不符合條件或解析失敗
2025-02-02 16:41:25,520 - INFO - 文章 900347 不符合條件或解析失敗
2025-02-02 16:41:26,774 - INFO - 正在抓取文章 900354
2025-02-02 16:41:26,774 - INFO - 正在抓取文章 900351
2025-02-02 16:41:26,775 - INFO - 正在抓取文章 900353
2025-02-02 16:41:26,775 - INFO - 正在抓取文章 900352
2025-02-02 16:41:26,780 - INFO - 文章 900354 回應狀態碼: 200
2025-02-02 16:41:26,780 - INFO - 文章 900351 回應狀態碼: 200
2025-02-02 16:41:26,780 - INFO - 文章 900354 不符合條件或解析失敗
2025-02-02 16:41:26,790 - INFO - 文章 900351 不符合條件或解析失敗
2025-02-02 16:41:26,792 - INFO - 文章 900352 回應狀態碼: 200
2025-02-02 16:41:26,793 - INFO - 文章 900353 回應狀態碼: 200
2025-02-02 16:41:26,794 - INFO - 文章 900352 不符合條件或解析失敗
2025-02-02 16:41:26,795 - INFO - 文章 900353 不符合條件或解析失敗
2025-02-02 16:41:27,018 - INFO - 正在抓取文章 900356
2025-02-02 16:41:27,018 - INFO - 正在抓取文章 900355
2025-02-02 16:41:27,018 - INFO - 正在抓取文章 900358
2025-02-02 16:41:27,018 - INFO - 正在抓取文章 900357
2025-02-02 16:41:27,027 - INFO - 文章 900356 回應狀態碼: 200
2025-02-02 16:41:27,027 - INFO - 文章 900356 不符合條件或解析失敗
2025-02-02 16:41:27,027 - INFO - 文章 900355 回應狀態碼: 200
2025-02-02 16:41:27,027 - INFO - 文章 900355 不符合條件或解析失敗
2025-02-02 16:41:27,027 - INFO - 文章 900357 回應狀態碼: 200
2025-02-02 16:41:27,044 - INFO - 文章 900357 不符合條件或解析失敗
2025-02-02 16:41:27,057 - INFO - 文章 900358 回應狀態碼: 200
2025-02-02 16:41:27,103 - INFO - 文章 900358 不符合條件或解析失敗
2025-02-02 16:41:28,297 - INFO - 正在抓取文章 900362
2025-02-02 16:41:28,297 - INFO - 正在抓取文章 900360
2025-02-02 16:41:28,297 - INFO - 正在抓取文章 900361
2025-02-02 16:41:28,306 - INFO - 正在抓取文章 900359
2025-02-02 16:41:28,308 - INFO - 文章 900362 回應狀態碼: 200
2025-02-02 16:41:28,308 - INFO - 文章 900362 不符合條件或解析失敗
2025-02-02 16:41:28,308 - INFO - 文章 900360 回應狀態碼: 200
2025-02-02 16:41:28,321 - INFO - 文章 900360 不符合條件或解析失敗
2025-02-02 16:41:28,323 - INFO - 文章 900361 回應狀態碼: 200
2025-02-02 16:41:28,325 - INFO - 文章 900361 不符合條件或解析失敗
2025-02-02 16:41:28,394 - INFO - 文章 900359 回應狀態碼: 200
2025-02-02 16:41:28,459 - INFO - 文章 900359 不符合條件或解析失敗
2025-02-02 16:41:28,527 - INFO - 正在抓取文章 900365
2025-02-02 16:41:28,529 - INFO - 正在抓取文章 900366
2025-02-02 16:41:28,529 - INFO - 正在抓取文章 900364
2025-02-02 16:41:28,536 - INFO - 正在抓取文章 900363
2025-02-02 16:41:28,538 - INFO - 文章 900365 回應狀態碼: 200
2025-02-02 16:41:28,539 - INFO - 文章 900365 不符合條件或解析失敗
2025-02-02 16:41:28,540 - INFO - 文章 900366 回應狀態碼: 200
2025-02-02 16:41:28,542 - INFO - 文章 900366 不符合條件或解析失敗
2025-02-02 16:41:28,544 - INFO - 文章 900363 回應狀態碼: 200
2025-02-02 16:41:28,544 - INFO - 文章 900363 不符合條件或解析失敗
2025-02-02 16:41:29,548 - INFO - 文章 900364 回應狀態碼: 200
2025-02-02 16:41:29,575 - INFO - 文章 900364 不符合條件或解析失敗
2025-02-02 16:41:29,809 - INFO - 正在抓取文章 900368
2025-02-02 16:41:29,809 - INFO - 正在抓取文章 900370
2025-02-02 16:41:29,810 - INFO - 正在抓取文章 900367
2025-02-02 16:41:29,815 - INFO - 正在抓取文章 900369
2025-02-02 16:41:29,831 - INFO - 文章 900368 回應狀態碼: 200
2025-02-02 16:41:29,837 - INFO - 文章 900370 回應狀態碼: 200
2025-02-02 16:41:29,838 - INFO - 文章 900368 不符合條件或解析失敗
2025-02-02 16:41:29,842 - INFO - 文章 900370 不符合條件或解析失敗
2025-02-02 16:41:29,843 - INFO - 文章 900367 回應狀態碼: 200
2025-02-02 16:41:29,848 - INFO - 文章 900369 回應狀態碼: 200
2025-02-02 16:41:29,853 - INFO - 文章 900367 不符合條件或解析失敗
2025-02-02 16:41:29,856 - INFO - 文章 900369 不符合條件或解析失敗
2025-02-02 16:41:30,045 - INFO - 正在抓取文章 900374
2025-02-02 16:41:30,045 - INFO - 正在抓取文章 900373
2025-02-02 16:41:30,046 - INFO - 正在抓取文章 900372
2025-02-02 16:41:30,046 - INFO - 正在抓取文章 900371
2025-02-02 16:41:30,060 - INFO - 文章 900374 回應狀態碼: 200
2025-02-02 16:41:30,061 - INFO - 文章 900373 回應狀態碼: 200
2025-02-02 16:41:30,062 - INFO - 文章 900374 不符合條件或解析失敗
2025-02-02 16:41:30,062 - INFO - 文章 900372 回應狀態碼: 200
2025-02-02 16:41:30,064 - INFO - 文章 900371 回應狀態碼: 200
2025-02-02 16:41:30,066 - INFO - 文章 900373 不符合條件或解析失敗
2025-02-02 16:41:30,072 - INFO - 文章 900372 不符合條件或解析失敗
2025-02-02 16:41:30,073 - INFO - 文章 900371 不符合條件或解析失敗
2025-02-02 16:41:31,346 - INFO - 正在抓取文章 900377
2025-02-02 16:41:31,346 - INFO - 正在抓取文章 900378
2025-02-02 16:41:31,347 - INFO - 正在抓取文章 900375
2025-02-02 16:41:31,347 - INFO - 正在抓取文章 900376
2025-02-02 16:41:31,370 - INFO - 文章 900377 回應狀態碼: 200
2025-02-02 16:41:31,374 - INFO - 文章 900378 回應狀態碼: 200
2025-02-02 16:41:31,378 - INFO - 文章 900377 不符合條件或解析失敗
2025-02-02 16:41:31,384 - INFO - 文章 900378 不符合條件或解析失敗
2025-02-02 16:41:31,386 - INFO - 文章 900375 回應狀態碼: 200
2025-02-02 16:41:31,390 - INFO - 文章 900375 不符合條件或解析失敗
2025-02-02 16:41:31,394 - INFO - 文章 900376 回應狀態碼: 200
2025-02-02 16:41:31,396 - INFO - 文章 900376 不符合條件或解析失敗
2025-02-02 16:41:31,575 - INFO - 正在抓取文章 900382
2025-02-02 16:41:31,575 - INFO - 正在抓取文章 900380
2025-02-02 16:41:31,576 - INFO - 正在抓取文章 900379
2025-02-02 16:41:31,576 - INFO - 正在抓取文章 900381
2025-02-02 16:41:31,589 - INFO - 文章 900382 回應狀態碼: 200
2025-02-02 16:41:31,591 - INFO - 文章 900382 不符合條件或解析失敗
2025-02-02 16:41:31,593 - INFO - 文章 900380 回應狀態碼: 200
2025-02-02 16:41:31,595 - INFO - 文章 900380 不符合條件或解析失敗
2025-02-02 16:41:31,595 - INFO - 文章 900381 回應狀態碼: 200
2025-02-02 16:41:31,597 - INFO - 文章 900379 回應狀態碼: 200
2025-02-02 16:41:31,600 - INFO - 文章 900381 不符合條件或解析失敗
2025-02-02 16:41:31,602 - INFO - 文章 900379 不符合條件或解析失敗
2025-02-02 16:41:32,892 - INFO - 正在抓取文章 900383
2025-02-02 16:41:32,892 - INFO - 正在抓取文章 900385
2025-02-02 16:41:32,892 - INFO - 正在抓取文章 900386
2025-02-02 16:41:32,892 - INFO - 正在抓取文章 900384
2025-02-02 16:41:32,896 - INFO - 文章 900383 回應狀態碼: 200
2025-02-02 16:41:32,908 - INFO - 文章 900383 不符合條件或解析失敗
2025-02-02 16:41:32,912 - INFO - 文章 900386 回應狀態碼: 200
2025-02-02 16:41:32,913 - INFO - 文章 900385 回應狀態碼: 200
2025-02-02 16:41:32,914 - INFO - 文章 900384 回應狀態碼: 200
2025-02-02 16:41:32,915 - INFO - 文章 900386 不符合條件或解析失敗
2025-02-02 16:41:32,917 - INFO - 文章 900385 不符合條件或解析失敗
2025-02-02 16:41:32,919 - INFO - 文章 900384 不符合條件或解析失敗
2025-02-02 16:41:33,099 - INFO - 正在抓取文章 900388
2025-02-02 16:41:33,099 - INFO - 正在抓取文章 900390
2025-02-02 16:41:33,099 - INFO - 正在抓取文章 900389
2025-02-02 16:41:33,099 - INFO - 正在抓取文章 900387
2025-02-02 16:41:33,099 - INFO - 文章 900388 回應狀態碼: 200
2025-02-02 16:41:33,112 - INFO - 文章 900388 不符合條件或解析失敗
2025-02-02 16:41:33,112 - INFO - 文章 900390 回應狀態碼: 200
2025-02-02 16:41:33,115 - INFO - 文章 900390 不符合條件或解析失敗
2025-02-02 16:41:33,115 - INFO - 文章 900389 回應狀態碼: 200
2025-02-02 16:41:33,117 - INFO - 文章 900387 回應狀態碼: 200
2025-02-02 16:41:33,118 - INFO - 文章 900389 不符合條件或解析失敗
2025-02-02 16:41:33,119 - INFO - 文章 900387 不符合條件或解析失敗
2025-02-02 16:41:34,410 - INFO - 正在抓取文章 900394
2025-02-02 16:41:34,410 - INFO - 正在抓取文章 900392
2025-02-02 16:41:34,411 - INFO - 正在抓取文章 900393
2025-02-02 16:41:34,412 - INFO - 正在抓取文章 900391
2025-02-02 16:41:34,421 - INFO - 文章 900394 回應狀態碼: 200
2025-02-02 16:41:34,423 - INFO - 文章 900394 不符合條件或解析失敗
2025-02-02 16:41:34,425 - INFO - 文章 900392 回應狀態碼: 200
2025-02-02 16:41:34,426 - INFO - 文章 900393 回應狀態碼: 200
2025-02-02 16:41:34,426 - INFO - 文章 900392 不符合條件或解析失敗
2025-02-02 16:41:34,428 - INFO - 文章 900391 回應狀態碼: 200
2025-02-02 16:41:34,429 - INFO - 文章 900393 不符合條件或解析失敗
2025-02-02 16:41:34,431 - INFO - 文章 900391 不符合條件或解析失敗
2025-02-02 16:41:34,613 - INFO - 正在抓取文章 900398
2025-02-02 16:41:34,613 - INFO - 正在抓取文章 900395
2025-02-02 16:41:34,614 - INFO - 正在抓取文章 900397
2025-02-02 16:41:34,614 - INFO - 正在抓取文章 900396
2025-02-02 16:41:34,631 - INFO - 文章 900398 回應狀態碼: 200
2025-02-02 16:41:34,631 - INFO - 文章 900398 不符合條件或解析失敗
2025-02-02 16:41:34,636 - INFO - 文章 900395 回應狀態碼: 200
2025-02-02 16:41:34,638 - INFO - 文章 900397 回應狀態碼: 200
2025-02-02 16:41:34,640 - INFO - 文章 900395 不符合條件或解析失敗
2025-02-02 16:41:34,641 - INFO - 文章 900396 回應狀態碼: 200
2025-02-02 16:41:34,643 - INFO - 文章 900397 不符合條件或解析失敗
2025-02-02 16:41:34,648 - INFO - 文章 900396 不符合條件或解析失敗
2025-02-02 16:41:35,930 - INFO - 正在抓取文章 900400
2025-02-02 16:41:35,930 - INFO - 正在抓取文章 900401
2025-02-02 16:41:35,930 - INFO - 正在抓取文章 900402
2025-02-02 16:41:35,930 - INFO - 正在抓取文章 900399
2025-02-02 16:41:35,952 - INFO - 文章 900400 回應狀態碼: 200
2025-02-02 16:41:35,960 - INFO - 文章 900401 回應狀態碼: 200
2025-02-02 16:41:35,968 - INFO - 文章 900400 不符合條件或解析失敗
2025-02-02 16:41:35,970 - INFO - 文章 900402 回應狀態碼: 200
2025-02-02 16:41:35,976 - INFO - 文章 900401 不符合條件或解析失敗
2025-02-02 16:41:35,982 - INFO - 文章 900402 不符合條件或解析失敗
2025-02-02 16:41:35,985 - INFO - 文章 900399 回應狀態碼: 200
2025-02-02 16:41:35,992 - INFO - 文章 900399 不符合條件或解析失敗
2025-02-02 16:41:36,137 - INFO - 正在抓取文章 900405
2025-02-02 16:41:36,137 - INFO - 正在抓取文章 900403
2025-02-02 16:41:36,137 - INFO - 正在抓取文章 900406
2025-02-02 16:41:36,137 - INFO - 正在抓取文章 900404
2025-02-02 16:41:36,148 - INFO - 文章 900405 回應狀態碼: 200
2025-02-02 16:41:36,148 - INFO - 文章 900405 不符合條件或解析失敗
2025-02-02 16:41:36,148 - INFO - 文章 900403 回應狀態碼: 200
2025-02-02 16:41:36,148 - INFO - 文章 900403 不符合條件或解析失敗
2025-02-02 16:41:36,154 - INFO - 文章 900406 回應狀態碼: 200
2025-02-02 16:41:36,155 - INFO - 文章 900406 不符合條件或解析失敗
2025-02-02 16:41:36,156 - INFO - 文章 900404 回應狀態碼: 200
2025-02-02 16:41:36,158 - INFO - 文章 900404 不符合條件或解析失敗
2025-02-02 16:41:37,488 - INFO - 正在抓取文章 900408
2025-02-02 16:41:37,488 - INFO - 正在抓取文章 900409
2025-02-02 16:41:37,488 - INFO - 正在抓取文章 900410
2025-02-02 16:41:37,489 - INFO - 正在抓取文章 900407
2025-02-02 16:41:37,500 - INFO - 文章 900408 回應狀態碼: 200
2025-02-02 16:41:37,500 - INFO - 文章 900409 回應狀態碼: 200
2025-02-02 16:41:37,510 - INFO - 文章 900410 回應狀態碼: 200
2025-02-02 16:41:37,515 - INFO - 文章 900407 回應狀態碼: 200
2025-02-02 16:41:37,518 - INFO - 文章 900408 不符合條件或解析失敗
2025-02-02 16:41:37,523 - INFO - 文章 900409 不符合條件或解析失敗
2025-02-02 16:41:37,525 - INFO - 文章 900410 不符合條件或解析失敗
2025-02-02 16:41:37,526 - INFO - 文章 900407 不符合條件或解析失敗
2025-02-02 16:41:37,649 - INFO - 正在抓取文章 900413
2025-02-02 16:41:37,649 - INFO - 正在抓取文章 900411
2025-02-02 16:41:37,649 - INFO - 正在抓取文章 900412
2025-02-02 16:41:37,651 - INFO - 正在抓取文章 900414
2025-02-02 16:41:37,662 - INFO - 文章 900413 回應狀態碼: 200
2025-02-02 16:41:37,664 - INFO - 文章 900413 不符合條件或解析失敗
2025-02-02 16:41:37,665 - INFO - 文章 900411 回應狀態碼: 200
2025-02-02 16:41:37,667 - INFO - 文章 900412 回應狀態碼: 200
2025-02-02 16:41:37,668 - INFO - 文章 900411 不符合條件或解析失敗
2025-02-02 16:41:37,669 - INFO - 文章 900414 回應狀態碼: 200
2025-02-02 16:41:37,670 - INFO - 文章 900412 不符合條件或解析失敗
2025-02-02 16:41:37,673 - INFO - 文章 900414 不符合條件或解析失敗
2025-02-02 16:41:39,031 - INFO - 正在抓取文章 900416
2025-02-02 16:41:39,031 - INFO - 正在抓取文章 900415
2025-02-02 16:41:39,031 - INFO - 正在抓取文章 900417
2025-02-02 16:41:39,031 - INFO - 正在抓取文章 900418
2025-02-02 16:41:39,052 - INFO - 文章 900415 回應狀態碼: 200
2025-02-02 16:41:39,052 - INFO - 文章 900416 回應狀態碼: 200
2025-02-02 16:41:39,052 - INFO - 文章 900415 不符合條件或解析失敗
2025-02-02 16:41:39,052 - INFO - 文章 900416 不符合條件或解析失敗
2025-02-02 16:41:39,060 - INFO - 文章 900417 回應狀態碼: 200
2025-02-02 16:41:39,064 - INFO - 文章 900418 回應狀態碼: 200
2025-02-02 16:41:39,071 - INFO - 文章 900417 不符合條件或解析失敗
2025-02-02 16:41:39,073 - INFO - 文章 900418 不符合條件或解析失敗
2025-02-02 16:41:39,175 - INFO - 正在抓取文章 900422
2025-02-02 16:41:39,175 - INFO - 正在抓取文章 900421
2025-02-02 16:41:39,175 - INFO - 正在抓取文章 900419
2025-02-02 16:41:39,176 - INFO - 正在抓取文章 900420
2025-02-02 16:41:39,185 - INFO - 文章 900422 回應狀態碼: 200
2025-02-02 16:41:39,185 - INFO - 文章 900422 不符合條件或解析失敗
2025-02-02 16:41:39,185 - INFO - 文章 900421 回應狀態碼: 200
2025-02-02 16:41:39,185 - INFO - 文章 900421 不符合條件或解析失敗
2025-02-02 16:41:39,185 - INFO - 文章 900419 回應狀態碼: 200
2025-02-02 16:41:39,195 - INFO - 文章 900419 不符合條件或解析失敗
2025-02-02 16:41:39,196 - INFO - 文章 900420 回應狀態碼: 200
2025-02-02 16:41:39,199 - INFO - 文章 900420 不符合條件或解析失敗
2025-02-02 16:41:40,567 - INFO - 正在抓取文章 900425
2025-02-02 16:41:40,567 - INFO - 正在抓取文章 900424
2025-02-02 16:41:40,567 - INFO - 正在抓取文章 900426
2025-02-02 16:41:40,572 - INFO - 正在抓取文章 900423
2025-02-02 16:41:40,572 - INFO - 文章 900424 回應狀態碼: 200
2025-02-02 16:41:40,572 - INFO - 文章 900425 回應狀態碼: 200
2025-02-02 16:41:40,572 - INFO - 文章 900424 不符合條件或解析失敗
2025-02-02 16:41:40,572 - INFO - 文章 900426 回應狀態碼: 200
2025-02-02 16:41:40,586 - INFO - 文章 900425 不符合條件或解析失敗
2025-02-02 16:41:40,586 - INFO - 文章 900423 回應狀態碼: 200
2025-02-02 16:41:40,589 - INFO - 文章 900426 不符合條件或解析失敗
2025-02-02 16:41:40,592 - INFO - 文章 900423 不符合條件或解析失敗
2025-02-02 16:41:40,685 - INFO - 正在抓取文章 900430
2025-02-02 16:41:40,685 - INFO - 正在抓取文章 900427
2025-02-02 16:41:40,686 - INFO - 正在抓取文章 900429
2025-02-02 16:41:40,686 - INFO - 正在抓取文章 900428
2025-02-02 16:41:40,703 - INFO - 文章 900427 回應狀態碼: 200
2025-02-02 16:41:40,704 - INFO - 文章 900427 不符合條件或解析失敗
2025-02-02 16:41:40,704 - INFO - 文章 900428 回應狀態碼: 200
2025-02-02 16:41:40,707 - INFO - 文章 900428 不符合條件或解析失敗
2025-02-02 16:41:40,709 - INFO - 文章 900429 回應狀態碼: 200
2025-02-02 16:41:40,710 - INFO - 文章 900429 不符合條件或解析失敗
2025-02-02 16:41:40,721 - INFO - 文章 900430 回應狀態碼: 200
2025-02-02 16:41:40,754 - INFO - 文章 900430 不符合條件或解析失敗
2025-02-02 16:41:42,090 - INFO - 正在抓取文章 900431
2025-02-02 16:41:42,091 - INFO - 正在抓取文章 900432
2025-02-02 16:41:42,091 - INFO - 正在抓取文章 900433
2025-02-02 16:41:42,091 - INFO - 正在抓取文章 900434
2025-02-02 16:41:42,105 - INFO - 文章 900431 回應狀態碼: 200
2025-02-02 16:41:42,106 - INFO - 文章 900431 不符合條件或解析失敗
2025-02-02 16:41:42,107 - INFO - 文章 900432 回應狀態碼: 200
2025-02-02 16:41:42,108 - INFO - 文章 900433 回應狀態碼: 200
2025-02-02 16:41:42,109 - INFO - 文章 900434 回應狀態碼: 200
2025-02-02 16:41:42,111 - INFO - 文章 900432 不符合條件或解析失敗
2025-02-02 16:41:42,113 - INFO - 文章 900433 不符合條件或解析失敗
2025-02-02 16:41:42,115 - INFO - 文章 900434 不符合條件或解析失敗
2025-02-02 16:41:42,256 - INFO - 正在抓取文章 900437
2025-02-02 16:41:42,256 - INFO - 正在抓取文章 900438
2025-02-02 16:41:42,256 - INFO - 正在抓取文章 900435
2025-02-02 16:41:42,256 - INFO - 正在抓取文章 900436
2025-02-02 16:41:42,271 - INFO - 文章 900437 回應狀態碼: 200
2025-02-02 16:41:42,271 - INFO - 文章 900438 回應狀態碼: 200
2025-02-02 16:41:42,272 - INFO - 文章 900437 不符合條件或解析失敗
2025-02-02 16:41:42,274 - INFO - 文章 900438 不符合條件或解析失敗
2025-02-02 16:41:42,275 - INFO - 文章 900435 回應狀態碼: 200
2025-02-02 16:41:42,276 - INFO - 文章 900436 回應狀態碼: 200
2025-02-02 16:41:42,280 - INFO - 文章 900435 不符合條件或解析失敗
2025-02-02 16:41:42,282 - INFO - 文章 900436 不符合條件或解析失敗
2025-02-02 16:41:43,617 - INFO - 正在抓取文章 900442
2025-02-02 16:41:43,617 - INFO - 正在抓取文章 900439
2025-02-02 16:41:43,617 - INFO - 正在抓取文章 900441
2025-02-02 16:41:43,617 - INFO - 正在抓取文章 900440
2025-02-02 16:41:43,630 - INFO - 文章 900442 回應狀態碼: 200
2025-02-02 16:41:43,631 - INFO - 文章 900442 不符合條件或解析失敗
2025-02-02 16:41:43,633 - INFO - 文章 900439 回應狀態碼: 200
2025-02-02 16:41:43,635 - INFO - 文章 900439 不符合條件或解析失敗
2025-02-02 16:41:43,636 - INFO - 文章 900441 回應狀態碼: 200
2025-02-02 16:41:43,637 - INFO - 文章 900440 回應狀態碼: 200
2025-02-02 16:41:43,639 - INFO - 文章 900441 不符合條件或解析失敗
2025-02-02 16:41:43,640 - INFO - 文章 900440 不符合條件或解析失敗
2025-02-02 16:41:43,779 - INFO - 正在抓取文章 900445
2025-02-02 16:41:43,779 - INFO - 正在抓取文章 900443
2025-02-02 16:41:43,780 - INFO - 正在抓取文章 900444
2025-02-02 16:41:43,780 - INFO - 正在抓取文章 900446
2025-02-02 16:41:43,789 - INFO - 文章 900445 回應狀態碼: 200
2025-02-02 16:41:43,789 - INFO - 文章 900445 不符合條件或解析失敗
2025-02-02 16:41:43,789 - INFO - 文章 900443 回應狀態碼: 200
2025-02-02 16:41:43,789 - INFO - 文章 900443 不符合條件或解析失敗
2025-02-02 16:41:43,800 - INFO - 文章 900444 回應狀態碼: 200
2025-02-02 16:41:43,801 - INFO - 文章 900446 回應狀態碼: 200
2025-02-02 16:41:43,802 - INFO - 文章 900444 不符合條件或解析失敗
2025-02-02 16:41:43,804 - INFO - 文章 900446 不符合條件或解析失敗
2025-02-02 16:41:45,143 - INFO - 正在抓取文章 900449
2025-02-02 16:41:45,143 - INFO - 正在抓取文章 900450
2025-02-02 16:41:45,150 - INFO - 正在抓取文章 900447
2025-02-02 16:41:45,152 - INFO - 正在抓取文章 900448
2025-02-02 16:41:45,156 - INFO - 文章 900449 回應狀態碼: 200
2025-02-02 16:41:45,157 - INFO - 文章 900449 不符合條件或解析失敗
2025-02-02 16:41:45,158 - INFO - 文章 900450 回應狀態碼: 200
2025-02-02 16:41:45,161 - INFO - 文章 900447 回應狀態碼: 200
2025-02-02 16:41:45,162 - INFO - 文章 900450 不符合條件或解析失敗
2025-02-02 16:41:45,164 - INFO - 文章 900448 回應狀態碼: 200
2025-02-02 16:41:45,164 - INFO - 文章 900447 不符合條件或解析失敗
2025-02-02 16:41:45,167 - INFO - 文章 900448 不符合條件或解析失敗
2025-02-02 16:41:45,289 - INFO - 正在抓取文章 900451
2025-02-02 16:41:45,289 - INFO - 正在抓取文章 900452
2025-02-02 16:41:45,290 - INFO - 正在抓取文章 900454
2025-02-02 16:41:45,290 - INFO - 正在抓取文章 900453
2025-02-02 16:41:45,304 - INFO - 文章 900452 回應狀態碼: 200
2025-02-02 16:41:45,305 - INFO - 文章 900452 不符合條件或解析失敗
2025-02-02 16:41:45,308 - INFO - 文章 900451 回應狀態碼: 200
2025-02-02 16:41:45,309 - INFO - 文章 900453 回應狀態碼: 200
2025-02-02 16:41:45,309 - INFO - 文章 900454 回應狀態碼: 200
2025-02-02 16:41:45,311 - INFO - 文章 900451 不符合條件或解析失敗
2025-02-02 16:41:45,313 - INFO - 文章 900453 不符合條件或解析失敗
2025-02-02 16:41:45,314 - INFO - 文章 900454 不符合條件或解析失敗
2025-02-02 16:41:46,669 - INFO - 正在抓取文章 900457
2025-02-02 16:41:46,669 - INFO - 正在抓取文章 900458
2025-02-02 16:41:46,669 - INFO - 正在抓取文章 900456
2025-02-02 16:41:46,670 - INFO - 正在抓取文章 900455
2025-02-02 16:41:46,689 - INFO - 文章 900457 回應狀態碼: 200
2025-02-02 16:41:46,689 - INFO - 文章 900458 回應狀態碼: 200
2025-02-02 16:41:46,690 - INFO - 文章 900456 回應狀態碼: 200
2025-02-02 16:41:46,691 - INFO - 文章 900457 不符合條件或解析失敗
2025-02-02 16:41:46,692 - INFO - 文章 900458 不符合條件或解析失敗
2025-02-02 16:41:46,693 - INFO - 文章 900455 回應狀態碼: 200
2025-02-02 16:41:46,694 - INFO - 文章 900456 不符合條件或解析失敗
2025-02-02 16:41:46,698 - INFO - 文章 900455 不符合條件或解析失敗
2025-02-02 16:41:46,806 - INFO - 正在抓取文章 900460
2025-02-02 16:41:46,806 - INFO - 正在抓取文章 900459
2025-02-02 16:41:46,806 - INFO - 正在抓取文章 900462
2025-02-02 16:41:46,806 - INFO - 正在抓取文章 900461
2025-02-02 16:41:46,821 - INFO - 文章 900460 回應狀態碼: 200
2025-02-02 16:41:46,822 - INFO - 文章 900460 不符合條件或解析失敗
2025-02-02 16:41:46,824 - INFO - 文章 900459 回應狀態碼: 200
2025-02-02 16:41:46,825 - INFO - 文章 900462 回應狀態碼: 200
2025-02-02 16:41:46,826 - INFO - 文章 900461 回應狀態碼: 200
2025-02-02 16:41:46,827 - INFO - 文章 900459 不符合條件或解析失敗
2025-02-02 16:41:46,829 - INFO - 文章 900462 不符合條件或解析失敗
2025-02-02 16:41:46,830 - INFO - 文章 900461 不符合條件或解析失敗
2025-02-02 16:41:48,200 - INFO - 正在抓取文章 900463
2025-02-02 16:41:48,200 - INFO - 正在抓取文章 900465
2025-02-02 16:41:48,200 - INFO - 正在抓取文章 900464
2025-02-02 16:41:48,201 - INFO - 正在抓取文章 900466
2025-02-02 16:41:48,210 - INFO - 文章 900463 回應狀態碼: 200
2025-02-02 16:41:48,210 - INFO - 文章 900463 不符合條件或解析失敗
2025-02-02 16:41:48,210 - INFO - 文章 900464 回應狀態碼: 200
2025-02-02 16:41:48,220 - INFO - 文章 900465 回應狀態碼: 200
2025-02-02 16:41:48,221 - INFO - 文章 900464 不符合條件或解析失敗
2025-02-02 16:41:48,222 - INFO - 文章 900466 回應狀態碼: 200
2025-02-02 16:41:48,224 - INFO - 文章 900465 不符合條件或解析失敗
2025-02-02 16:41:48,228 - INFO - 文章 900466 不符合條件或解析失敗
2025-02-02 16:41:48,335 - INFO - 正在抓取文章 900470
2025-02-02 16:41:48,335 - INFO - 正在抓取文章 900469
2025-02-02 16:41:48,335 - INFO - 正在抓取文章 900468
2025-02-02 16:41:48,341 - INFO - 正在抓取文章 900467
2025-02-02 16:41:48,369 - INFO - 文章 900470 回應狀態碼: 200
2025-02-02 16:41:48,395 - INFO - 文章 900470 不符合條件或解析失敗
2025-02-02 16:41:48,397 - INFO - 文章 900469 回應狀態碼: 200
2025-02-02 16:41:48,398 - INFO - 文章 900468 回應狀態碼: 200
2025-02-02 16:41:48,399 - INFO - 文章 900467 回應狀態碼: 200
2025-02-02 16:41:48,409 - INFO - 文章 900469 不符合條件或解析失敗
2025-02-02 16:41:48,445 - INFO - 文章 900468 不符合條件或解析失敗
2025-02-02 16:41:48,468 - INFO - 文章 900467 不符合條件或解析失敗
2025-02-02 16:41:49,710 - INFO - 正在抓取文章 900472
2025-02-02 16:41:49,710 - INFO - 正在抓取文章 900474
2025-02-02 16:41:49,711 - INFO - 正在抓取文章 900473
2025-02-02 16:41:49,711 - INFO - 正在抓取文章 900471
2025-02-02 16:41:49,749 - INFO - 文章 900472 回應狀態碼: 200
2025-02-02 16:41:49,791 - INFO - 成功解析文章 900472
2025-02-02 16:41:49,791 - INFO - 文章 900471 回應狀態碼: 200
2025-02-02 16:41:49,792 - INFO - 文章 900474 回應狀態碼: 200
2025-02-02 16:41:49,794 - INFO - 文章 900473 回應狀態碼: 200
2025-02-02 16:41:49,825 - INFO - 文章 900471 不符合條件或解析失敗
2025-02-02 16:41:49,855 - INFO - 文章 900474 不符合條件或解析失敗
2025-02-02 16:41:49,882 - INFO - 成功解析文章 900473
2025-02-02 16:41:49,899 - INFO - 正在抓取文章 900476
2025-02-02 16:41:49,899 - INFO - 正在抓取文章 900478
2025-02-02 16:41:49,899 - INFO - 正在抓取文章 900477
2025-02-02 16:41:49,900 - INFO - 正在抓取文章 900475
2025-02-02 16:41:49,911 - INFO - 文章 900476 回應狀態碼: 200
2025-02-02 16:41:49,911 - INFO - 文章 900477 回應狀態碼: 200
2025-02-02 16:41:49,911 - INFO - 文章 900478 回應狀態碼: 200
2025-02-02 16:41:49,911 - INFO - 文章 900476 不符合條件或解析失敗
2025-02-02 16:41:49,922 - INFO - 文章 900475 回應狀態碼: 200
2025-02-02 16:41:49,928 - INFO - 文章 900477 不符合條件或解析失敗
2025-02-02 16:41:49,940 - INFO - 文章 900478 不符合條件或解析失敗
2025-02-02 16:41:49,945 - INFO - 文章 900475 不符合條件或解析失敗
2025-02-02 16:41:51,295 - INFO - 正在抓取文章 900479
2025-02-02 16:41:51,295 - INFO - 正在抓取文章 900481
2025-02-02 16:41:51,295 - INFO - 正在抓取文章 900480
2025-02-02 16:41:51,295 - INFO - 正在抓取文章 900482
2025-02-02 16:41:51,312 - INFO - 文章 900479 回應狀態碼: 200
2025-02-02 16:41:51,316 - INFO - 文章 900481 回應狀態碼: 200
2025-02-02 16:41:51,317 - INFO - 文章 900479 不符合條件或解析失敗
2025-02-02 16:41:51,320 - INFO - 文章 900481 不符合條件或解析失敗
2025-02-02 16:41:51,321 - INFO - 文章 900480 回應狀態碼: 200
2025-02-02 16:41:51,323 - INFO - 文章 900482 回應狀態碼: 200
2025-02-02 16:41:51,327 - INFO - 文章 900480 不符合條件或解析失敗
2025-02-02 16:41:51,329 - INFO - 文章 900482 不符合條件或解析失敗
2025-02-02 16:41:51,459 - INFO - 正在抓取文章 900486
2025-02-02 16:41:51,459 - INFO - 正在抓取文章 900483
2025-02-02 16:41:51,459 - INFO - 正在抓取文章 900485
2025-02-02 16:41:51,460 - INFO - 正在抓取文章 900484
2025-02-02 16:41:51,474 - INFO - 文章 900486 回應狀態碼: 200
2025-02-02 16:41:51,475 - INFO - 文章 900483 回應狀態碼: 200
2025-02-02 16:41:51,476 - INFO - 文章 900486 不符合條件或解析失敗
2025-02-02 16:41:51,477 - INFO - 文章 900485 回應狀態碼: 200
2025-02-02 16:41:51,478 - INFO - 文章 900483 不符合條件或解析失敗
2025-02-02 16:41:51,480 - INFO - 文章 900484 回應狀態碼: 200
2025-02-02 16:41:51,482 - INFO - 文章 900485 不符合條件或解析失敗
2025-02-02 16:41:51,485 - INFO - 文章 900484 不符合條件或解析失敗
2025-02-02 16:41:52,825 - INFO - 正在抓取文章 900487
2025-02-02 16:41:52,825 - INFO - 正在抓取文章 900490
2025-02-02 16:41:52,826 - INFO - 正在抓取文章 900489
2025-02-02 16:41:52,826 - INFO - 正在抓取文章 900488
2025-02-02 16:41:52,839 - INFO - 文章 900487 回應狀態碼: 200
2025-02-02 16:41:52,840 - INFO - 文章 900490 回應狀態碼: 200
2025-02-02 16:41:52,841 - INFO - 文章 900487 不符合條件或解析失敗
2025-02-02 16:41:52,842 - INFO - 文章 900490 不符合條件或解析失敗
2025-02-02 16:41:52,845 - INFO - 文章 900488 回應狀態碼: 200
2025-02-02 16:41:52,846 - INFO - 文章 900489 回應狀態碼: 200
2025-02-02 16:41:52,847 - INFO - 文章 900488 不符合條件或解析失敗
2025-02-02 16:41:52,849 - INFO - 文章 900489 不符合條件或解析失敗
2025-02-02 16:41:52,984 - INFO - 正在抓取文章 900492
2025-02-02 16:41:52,984 - INFO - 正在抓取文章 900493
2025-02-02 16:41:52,984 - INFO - 正在抓取文章 900494
2025-02-02 16:41:52,984 - INFO - 正在抓取文章 900491
2025-02-02 16:41:53,004 - INFO - 文章 900492 回應狀態碼: 200
2025-02-02 16:41:53,005 - INFO - 文章 900492 不符合條件或解析失敗
2025-02-02 16:41:53,012 - INFO - 文章 900493 回應狀態碼: 200
2025-02-02 16:41:53,013 - INFO - 文章 900494 回應狀態碼: 200
2025-02-02 16:41:53,013 - INFO - 文章 900491 回應狀態碼: 200
2025-02-02 16:41:53,014 - INFO - 文章 900493 不符合條件或解析失敗
2025-02-02 16:41:53,016 - INFO - 文章 900494 不符合條件或解析失敗
2025-02-02 16:41:53,017 - INFO - 文章 900491 不符合條件或解析失敗
2025-02-02 16:41:54,344 - INFO - 正在抓取文章 900497
2025-02-02 16:41:54,344 - INFO - 正在抓取文章 900495
2025-02-02 16:41:54,344 - INFO - 正在抓取文章 900498
2025-02-02 16:41:54,344 - INFO - 正在抓取文章 900496
2025-02-02 16:41:54,348 - INFO - 文章 900497 回應狀態碼: 200
2025-02-02 16:41:54,348 - INFO - 文章 900497 不符合條件或解析失敗
2025-02-02 16:41:54,348 - INFO - 文章 900495 回應狀態碼: 200
2025-02-02 16:41:54,362 - INFO - 文章 900498 回應狀態碼: 200
2025-02-02 16:41:54,364 - INFO - 文章 900495 不符合條件或解析失敗
2025-02-02 16:41:54,364 - INFO - 文章 900496 回應狀態碼: 200
2025-02-02 16:41:54,366 - INFO - 文章 900498 不符合條件或解析失敗
2025-02-02 16:41:54,369 - INFO - 文章 900496 不符合條件或解析失敗
2025-02-02 16:41:54,520 - INFO - 正在抓取文章 900501
2025-02-02 16:41:54,521 - INFO - 正在抓取文章 900502
2025-02-02 16:41:54,521 - INFO - 正在抓取文章 900500
2025-02-02 16:41:54,533 - INFO - 文章 900501 回應狀態碼: 200
2025-02-02 16:41:54,533 - INFO - 正在抓取文章 900499
2025-02-02 16:41:54,534 - INFO - 文章 900501 不符合條件或解析失敗
2025-02-02 16:41:54,536 - INFO - 文章 900502 回應狀態碼: 200
2025-02-02 16:41:54,536 - INFO - 文章 900500 回應狀態碼: 200
2025-02-02 16:41:54,540 - INFO - 文章 900502 不符合條件或解析失敗
2025-02-02 16:41:54,542 - INFO - 文章 900500 不符合條件或解析失敗
2025-02-02 16:41:54,548 - INFO - 文章 900499 回應狀態碼: 200
2025-02-02 16:41:54,549 - INFO - 文章 900499 不符合條件或解析失敗
2025-02-02 16:41:55,849 - INFO - 正在抓取文章 900506
2025-02-02 16:41:55,849 - INFO - 正在抓取文章 900504
2025-02-02 16:41:55,849 - INFO - 正在抓取文章 900505
2025-02-02 16:41:55,849 - INFO - 正在抓取文章 900503
2025-02-02 16:41:55,853 - INFO - 文章 900506 回應狀態碼: 200
2025-02-02 16:41:55,853 - INFO - 文章 900504 回應狀態碼: 200
2025-02-02 16:41:55,865 - INFO - 文章 900506 不符合條件或解析失敗
2025-02-02 16:41:55,866 - INFO - 文章 900505 回應狀態碼: 200
2025-02-02 16:41:55,866 - INFO - 文章 900503 回應狀態碼: 200
2025-02-02 16:41:55,869 - INFO - 文章 900504 不符合條件或解析失敗
2025-02-02 16:41:55,872 - INFO - 文章 900505 不符合條件或解析失敗
2025-02-02 16:41:55,873 - INFO - 文章 900503 不符合條件或解析失敗
2025-02-02 16:41:56,040 - INFO - 正在抓取文章 900507
2025-02-02 16:41:56,040 - INFO - 正在抓取文章 900509
2025-02-02 16:41:56,040 - INFO - 正在抓取文章 900508
2025-02-02 16:41:56,040 - INFO - 正在抓取文章 900510
2025-02-02 16:41:56,075 - INFO - 文章 900507 回應狀態碼: 200
2025-02-02 16:41:56,103 - INFO - 文章 900507 不符合條件或解析失敗
2025-02-02 16:41:56,103 - INFO - 文章 900509 回應狀態碼: 200
2025-02-02 16:41:56,103 - INFO - 文章 900508 回應狀態碼: 200
2025-02-02 16:41:56,103 - INFO - 文章 900510 回應狀態碼: 200
2025-02-02 16:41:56,140 - INFO - 文章 900509 不符合條件或解析失敗
2025-02-02 16:41:56,162 - INFO - 文章 900508 不符合條件或解析失敗
2025-02-02 16:41:56,185 - INFO - 文章 900510 不符合條件或解析失敗
2025-02-02 16:41:57,377 - INFO - 正在抓取文章 900512
2025-02-02 16:41:57,377 - INFO - 正在抓取文章 900513
2025-02-02 16:41:57,377 - INFO - 正在抓取文章 900514
2025-02-02 16:41:57,382 - INFO - 正在抓取文章 900511
2025-02-02 16:41:57,424 - INFO - 文章 900514 回應狀態碼: 200
2025-02-02 16:41:57,449 - INFO - 文章 900511 回應狀態碼: 200
2025-02-02 16:41:57,468 - INFO - 文章 900514 不符合條件或解析失敗
2025-02-02 16:41:57,476 - INFO - 文章 900511 不符合條件或解析失敗
2025-02-02 16:41:57,477 - INFO - 文章 900512 回應狀態碼: 200
2025-02-02 16:41:57,511 - INFO - 成功解析文章 900512
2025-02-02 16:41:57,512 - INFO - 文章 900513 回應狀態碼: 200
2025-02-02 16:41:57,542 - INFO - 成功解析文章 900513
2025-02-02 16:41:57,607 - INFO - 正在抓取文章 900518
2025-02-02 16:41:57,607 - INFO - 正在抓取文章 900517
2025-02-02 16:41:57,607 - INFO - 正在抓取文章 900516
2025-02-02 16:41:57,607 - INFO - 正在抓取文章 900515
2025-02-02 16:41:57,649 - INFO - 文章 900517 回應狀態碼: 200
2025-02-02 16:41:57,699 - INFO - 文章 900517 不符合條件或解析失敗
2025-02-02 16:41:57,707 - INFO - 文章 900515 回應狀態碼: 200
2025-02-02 16:41:57,732 - INFO - 文章 900516 回應狀態碼: 200
2025-02-02 16:41:57,744 - INFO - 文章 900515 不符合條件或解析失敗
2025-02-02 16:41:57,746 - INFO - 文章 900518 回應狀態碼: 200
2025-02-02 16:41:57,770 - INFO - 文章 900516 不符合條件或解析失敗
2025-02-02 16:41:57,798 - INFO - 文章 900518 不符合條件或解析失敗
2025-02-02 16:41:58,978 - INFO - 正在抓取文章 900519
2025-02-02 16:41:58,978 - INFO - 正在抓取文章 900522
2025-02-02 16:41:58,978 - INFO - 正在抓取文章 900521
2025-02-02 16:41:58,980 - INFO - 正在抓取文章 900520
2025-02-02 16:41:58,992 - INFO - 文章 900519 回應狀態碼: 200
2025-02-02 16:41:58,995 - INFO - 文章 900519 不符合條件或解析失敗
2025-02-02 16:41:58,998 - INFO - 文章 900521 回應狀態碼: 200
2025-02-02 16:41:58,999 - INFO - 文章 900522 回應狀態碼: 200
2025-02-02 16:41:59,000 - INFO - 文章 900520 回應狀態碼: 200
2025-02-02 16:41:59,001 - INFO - 文章 900521 不符合條件或解析失敗
2025-02-02 16:41:59,002 - INFO - 文章 900522 不符合條件或解析失敗
2025-02-02 16:41:59,004 - INFO - 文章 900520 不符合條件或解析失敗
2025-02-02 16:41:59,271 - INFO - 正在抓取文章 900526
2025-02-02 16:41:59,271 - INFO - 正在抓取文章 900524
2025-02-02 16:41:59,271 - INFO - 正在抓取文章 900525
2025-02-02 16:41:59,271 - INFO - 正在抓取文章 900523
2025-02-02 16:41:59,359 - INFO - 文章 900525 回應狀態碼: 200
2025-02-02 16:41:59,379 - INFO - 文章 900525 不符合條件或解析失敗
2025-02-02 16:41:59,385 - INFO - 文章 900524 回應狀態碼: 200
2025-02-02 16:41:59,402 - INFO - 文章 900526 回應狀態碼: 200
2025-02-02 16:41:59,417 - INFO - 文章 900524 不符合條件或解析失敗
2025-02-02 16:41:59,443 - INFO - 文章 900526 不符合條件或解析失敗
2025-02-02 16:41:59,545 - INFO - 文章 900523 回應狀態碼: 200
2025-02-02 16:41:59,546 - INFO - 文章 900523 不符合條件或解析失敗
2025-02-02 16:42:00,496 - INFO - 正在抓取文章 900529
2025-02-02 16:42:00,496 - INFO - 正在抓取文章 900528
2025-02-02 16:42:00,497 - INFO - 正在抓取文章 900530
2025-02-02 16:42:00,498 - INFO - 正在抓取文章 900527
2025-02-02 16:42:00,504 - INFO - 文章 900529 回應狀態碼: 200
2025-02-02 16:42:00,511 - INFO - 文章 900529 不符合條件或解析失敗
2025-02-02 16:42:00,511 - INFO - 文章 900528 回應狀態碼: 200
2025-02-02 16:42:00,511 - INFO - 文章 900528 不符合條件或解析失敗
2025-02-02 16:42:00,515 - INFO - 文章 900530 回應狀態碼: 200
2025-02-02 16:42:00,518 - INFO - 文章 900530 不符合條件或解析失敗
2025-02-02 16:42:00,535 - INFO - 文章 900527 回應狀態碼: 200
2025-02-02 16:42:00,676 - INFO - 文章 900527 不符合條件或解析失敗
2025-02-02 16:42:00,887 - INFO - 正在抓取文章 900533
2025-02-02 16:42:00,888 - INFO - 正在抓取文章 900532
2025-02-02 16:42:00,890 - INFO - 正在抓取文章 900531
2025-02-02 16:42:00,890 - INFO - 正在抓取文章 900534
2025-02-02 16:42:00,901 - INFO - 文章 900533 回應狀態碼: 200
2025-02-02 16:42:00,902 - INFO - 文章 900533 不符合條件或解析失敗
2025-02-02 16:42:00,908 - INFO - 文章 900531 回應狀態碼: 200
2025-02-02 16:42:00,910 - INFO - 文章 900531 不符合條件或解析失敗
2025-02-02 16:42:01,156 - INFO - 文章 900534 回應狀態碼: 200
2025-02-02 16:42:01,171 - INFO - 文章 900534 不符合條件或解析失敗
2025-02-02 16:42:01,338 - INFO - 文章 900532 回應狀態碼: 200
2025-02-02 16:42:01,371 - INFO - 文章 900532 不符合條件或解析失敗
2025-02-02 16:42:02,177 - INFO - 正在抓取文章 900535
2025-02-02 16:42:02,177 - INFO - 正在抓取文章 900536
2025-02-02 16:42:02,182 - INFO - 正在抓取文章 900537
2025-02-02 16:42:02,183 - INFO - 正在抓取文章 900538
2025-02-02 16:42:02,190 - INFO - 文章 900535 回應狀態碼: 200
2025-02-02 16:42:02,190 - INFO - 文章 900536 回應狀態碼: 200
2025-02-02 16:42:02,191 - INFO - 文章 900535 不符合條件或解析失敗
2025-02-02 16:42:02,193 - INFO - 文章 900536 不符合條件或解析失敗
2025-02-02 16:42:02,194 - INFO - 文章 900537 回應狀態碼: 200
2025-02-02 16:42:02,197 - INFO - 文章 900538 回應狀態碼: 200
2025-02-02 16:42:02,199 - INFO - 文章 900537 不符合條件或解析失敗
2025-02-02 16:42:02,201 - INFO - 文章 900538 不符合條件或解析失敗
2025-02-02 16:42:02,872 - INFO - 正在抓取文章 900540
2025-02-02 16:42:02,872 - INFO - 正在抓取文章 900539
2025-02-02 16:42:02,872 - INFO - 正在抓取文章 900542
2025-02-02 16:42:02,873 - INFO - 正在抓取文章 900541
2025-02-02 16:42:02,889 - INFO - 文章 900540 回應狀態碼: 200
2025-02-02 16:42:02,890 - INFO - 文章 900539 回應狀態碼: 200
2025-02-02 16:42:02,892 - INFO - 文章 900540 不符合條件或解析失敗
2025-02-02 16:42:02,894 - INFO - 文章 900539 不符合條件或解析失敗
2025-02-02 16:42:02,896 - INFO - 文章 900542 回應狀態碼: 200
2025-02-02 16:42:02,897 - INFO - 文章 900541 回應狀態碼: 200
2025-02-02 16:42:02,903 - INFO - 文章 900542 不符合條件或解析失敗
2025-02-02 16:42:02,905 - INFO - 文章 900541 不符合條件或解析失敗
2025-02-02 16:42:03,702 - INFO - 正在抓取文章 900545
2025-02-02 16:42:03,703 - INFO - 正在抓取文章 900546
2025-02-02 16:42:03,703 - INFO - 正在抓取文章 900544
2025-02-02 16:42:03,703 - INFO - 正在抓取文章 900543
2025-02-02 16:42:03,725 - INFO - 文章 900545 回應狀態碼: 200
2025-02-02 16:42:03,739 - INFO - 文章 900546 回應狀態碼: 200
2025-02-02 16:42:03,745 - INFO - 文章 900545 不符合條件或解析失敗
2025-02-02 16:42:03,747 - INFO - 文章 900544 回應狀態碼: 200
2025-02-02 16:42:03,749 - INFO - 文章 900546 不符合條件或解析失敗
2025-02-02 16:42:03,752 - INFO - 文章 900543 回應狀態碼: 200
2025-02-02 16:42:03,756 - INFO - 文章 900544 不符合條件或解析失敗
2025-02-02 16:42:03,763 - INFO - 文章 900543 不符合條件或解析失敗
2025-02-02 16:42:04,398 - INFO - 正在抓取文章 900549
2025-02-02 16:42:04,399 - INFO - 正在抓取文章 900548
2025-02-02 16:42:04,399 - INFO - 正在抓取文章 900550
2025-02-02 16:42:04,399 - INFO - 正在抓取文章 900547
2025-02-02 16:42:04,417 - INFO - 文章 900549 回應狀態碼: 200
2025-02-02 16:42:04,418 - INFO - 文章 900548 回應狀態碼: 200
2025-02-02 16:42:04,420 - INFO - 文章 900549 不符合條件或解析失敗
2025-02-02 16:42:04,421 - INFO - 文章 900550 回應狀態碼: 200
2025-02-02 16:42:04,423 - INFO - 文章 900548 不符合條件或解析失敗
2025-02-02 16:42:04,424 - INFO - 文章 900547 回應狀態碼: 200
2025-02-02 16:42:04,425 - INFO - 文章 900550 不符合條件或解析失敗
2025-02-02 16:42:04,428 - INFO - 文章 900547 不符合條件或解析失敗
2025-02-02 16:42:05,253 - INFO - 正在抓取文章 900551
2025-02-02 16:42:05,253 - INFO - 正在抓取文章 900552
2025-02-02 16:42:05,253 - INFO - 正在抓取文章 900554
2025-02-02 16:42:05,253 - INFO - 正在抓取文章 900553
2025-02-02 16:42:05,279 - INFO - 文章 900551 回應狀態碼: 200
2025-02-02 16:42:05,287 - INFO - 文章 900552 回應狀態碼: 200
2025-02-02 16:42:05,288 - INFO - 文章 900551 不符合條件或解析失敗
2025-02-02 16:42:05,292 - INFO - 文章 900552 不符合條件或解析失敗
2025-02-02 16:42:05,302 - INFO - 文章 900553 回應狀態碼: 200
2025-02-02 16:42:05,304 - INFO - 文章 900553 不符合條件或解析失敗
2025-02-02 16:42:05,319 - INFO - 文章 900554 回應狀態碼: 200
2025-02-02 16:42:05,930 - INFO - 正在抓取文章 900556
2025-02-02 16:42:05,930 - INFO - 正在抓取文章 900557
2025-02-02 16:42:05,931 - INFO - 正在抓取文章 900555
2025-02-02 16:42:05,942 - INFO - 文章 900557 回應狀態碼: 200
2025-02-02 16:42:05,942 - INFO - 文章 900557 不符合條件或解析失敗
2025-02-02 16:42:05,963 - INFO - 文章 900556 回應狀態碼: 200
2025-02-02 16:42:05,987 - INFO - 文章 900556 不符合條件或解析失敗
2025-02-02 16:42:06,008 - INFO - 文章 900555 回應狀態碼: 200
2025-02-02 16:42:06,008 - INFO - 成功解析文章 900554
2025-02-02 16:42:06,043 - INFO - 成功解析文章 900555
2025-02-02 16:42:06,794 - INFO - 正在抓取文章 900560
2025-02-02 16:42:06,794 - INFO - 正在抓取文章 900559
2025-02-02 16:42:06,794 - INFO - 正在抓取文章 900561
2025-02-02 16:42:06,807 - INFO - 正在抓取文章 900558
2025-02-02 16:42:06,815 - INFO - 文章 900560 回應狀態碼: 200
2025-02-02 16:42:06,823 - INFO - 文章 900560 不符合條件或解析失敗
2025-02-02 16:42:06,824 - INFO - 文章 900559 回應狀態碼: 200
2025-02-02 16:42:06,830 - INFO - 文章 900559 不符合條件或解析失敗
2025-02-02 16:42:06,836 - INFO - 文章 900558 回應狀態碼: 200
2025-02-02 16:42:06,837 - INFO - 文章 900558 不符合條件或解析失敗
2025-02-02 16:42:06,848 - INFO - 文章 900561 回應狀態碼: 200
2025-02-02 16:42:06,884 - INFO - 文章 900561 不符合條件或解析失敗
2025-02-02 16:42:07,442 - INFO - 正在抓取文章 900562
2025-02-02 16:42:07,443 - INFO - 正在抓取文章 900564
2025-02-02 16:42:07,443 - INFO - 正在抓取文章 900565
2025-02-02 16:42:07,443 - INFO - 正在抓取文章 900563
2025-02-02 16:42:07,467 - INFO - 文章 900564 回應狀態碼: 200
2025-02-02 16:42:07,470 - INFO - 文章 900564 不符合條件或解析失敗
2025-02-02 16:42:07,481 - INFO - 文章 900562 回應狀態碼: 200
2025-02-02 16:42:07,482 - INFO - 文章 900563 回應狀態碼: 200
2025-02-02 16:42:07,483 - INFO - 文章 900565 回應狀態碼: 200
2025-02-02 16:42:07,521 - INFO - 文章 900562 不符合條件或解析失敗
2025-02-02 16:42:07,523 - INFO - 文章 900563 不符合條件或解析失敗
2025-02-02 16:42:07,525 - INFO - 文章 900565 不符合條件或解析失敗
2025-02-02 16:42:08,332 - INFO - 正在抓取文章 900566
2025-02-02 16:42:08,332 - INFO - 正在抓取文章 900568
2025-02-02 16:42:08,332 - INFO - 正在抓取文章 900569
2025-02-02 16:42:08,333 - INFO - 正在抓取文章 900567
2025-02-02 16:42:08,356 - INFO - 文章 900566 回應狀態碼: 200
2025-02-02 16:42:08,360 - INFO - 文章 900566 不符合條件或解析失敗
2025-02-02 16:42:08,365 - INFO - 文章 900568 回應狀態碼: 200
2025-02-02 16:42:08,367 - INFO - 文章 900569 回應狀態碼: 200
2025-02-02 16:42:08,371 - INFO - 文章 900568 不符合條件或解析失敗
2025-02-02 16:42:08,372 - INFO - 文章 900567 回應狀態碼: 200
2025-02-02 16:42:08,374 - INFO - 文章 900569 不符合條件或解析失敗
2025-02-02 16:42:08,379 - INFO - 文章 900567 不符合條件或解析失敗
2025-02-02 16:42:09,027 - INFO - 正在抓取文章 900572
2025-02-02 16:42:09,027 - INFO - 正在抓取文章 900571
2025-02-02 16:42:09,027 - INFO - 正在抓取文章 900573
2025-02-02 16:42:09,027 - INFO - 正在抓取文章 900570
2025-02-02 16:42:09,046 - INFO - 文章 900572 回應狀態碼: 200
2025-02-02 16:42:09,052 - INFO - 文章 900571 回應狀態碼: 200
2025-02-02 16:42:09,056 - INFO - 文章 900572 不符合條件或解析失敗
2025-02-02 16:42:09,061 - INFO - 文章 900571 不符合條件或解析失敗
2025-02-02 16:42:09,063 - INFO - 文章 900573 回應狀態碼: 200
2025-02-02 16:42:09,069 - INFO - 文章 900570 回應狀態碼: 200
2025-02-02 16:42:09,073 - INFO - 文章 900573 不符合條件或解析失敗
2025-02-02 16:42:09,075 - INFO - 文章 900570 不符合條件或解析失敗
2025-02-02 16:42:09,869 - INFO - 正在抓取文章 900574
2025-02-02 16:42:09,869 - INFO - 正在抓取文章 900577
2025-02-02 16:42:09,869 - INFO - 正在抓取文章 900576
2025-02-02 16:42:09,869 - INFO - 正在抓取文章 900575
2025-02-02 16:42:09,879 - INFO - 文章 900574 回應狀態碼: 200
2025-02-02 16:42:09,879 - INFO - 文章 900574 不符合條件或解析失敗
2025-02-02 16:42:09,879 - INFO - 文章 900577 回應狀態碼: 200
2025-02-02 16:42:09,879 - INFO - 文章 900577 不符合條件或解析失敗
2025-02-02 16:42:09,879 - INFO - 文章 900576 回應狀態碼: 200
2025-02-02 16:42:09,887 - INFO - 文章 900575 回應狀態碼: 200
2025-02-02 16:42:09,888 - INFO - 文章 900576 不符合條件或解析失敗
2025-02-02 16:42:09,889 - INFO - 文章 900575 不符合條件或解析失敗
2025-02-02 16:42:10,571 - INFO - 正在抓取文章 900580
2025-02-02 16:42:10,571 - INFO - 正在抓取文章 900581
2025-02-02 16:42:10,575 - INFO - 正在抓取文章 900578
2025-02-02 16:42:10,578 - INFO - 正在抓取文章 900579
2025-02-02 16:42:10,597 - INFO - 文章 900580 回應狀態碼: 200
2025-02-02 16:42:10,617 - INFO - 文章 900580 不符合條件或解析失敗
2025-02-02 16:42:10,619 - INFO - 文章 900581 回應狀態碼: 200
2025-02-02 16:42:10,622 - INFO - 文章 900578 回應狀態碼: 200
2025-02-02 16:42:10,625 - INFO - 文章 900581 不符合條件或解析失敗
2025-02-02 16:42:10,629 - INFO - 文章 900579 回應狀態碼: 200
2025-02-02 16:42:10,632 - INFO - 文章 900578 不符合條件或解析失敗
2025-02-02 16:42:10,636 - INFO - 文章 900579 不符合條件或解析失敗
2025-02-02 16:42:11,379 - INFO - 正在抓取文章 900585
2025-02-02 16:42:11,380 - INFO - 正在抓取文章 900583
2025-02-02 16:42:11,381 - INFO - 正在抓取文章 900582
2025-02-02 16:42:11,382 - INFO - 正在抓取文章 900584
2025-02-02 16:42:11,412 - INFO - 文章 900585 回應狀態碼: 200
2025-02-02 16:42:11,420 - INFO - 文章 900583 回應狀態碼: 200
2025-02-02 16:42:11,421 - INFO - 文章 900585 不符合條件或解析失敗
2025-02-02 16:42:11,424 - INFO - 文章 900582 回應狀態碼: 200
2025-02-02 16:42:11,426 - INFO - 文章 900583 不符合條件或解析失敗
2025-02-02 16:42:11,432 - INFO - 文章 900584 回應狀態碼: 200
2025-02-02 16:42:11,434 - INFO - 文章 900582 不符合條件或解析失敗
2025-02-02 16:42:11,440 - INFO - 文章 900584 不符合條件或解析失敗
2025-02-02 16:42:12,138 - INFO - 正在抓取文章 900589
2025-02-02 16:42:12,138 - INFO - 正在抓取文章 900587
2025-02-02 16:42:12,138 - INFO - 正在抓取文章 900586
2025-02-02 16:42:12,138 - INFO - 正在抓取文章 900588
2025-02-02 16:42:12,156 - INFO - 文章 900587 回應狀態碼: 200
2025-02-02 16:42:12,157 - INFO - 文章 900589 回應狀態碼: 200
2025-02-02 16:42:12,158 - INFO - 文章 900587 不符合條件或解析失敗
2025-02-02 16:42:12,158 - INFO - 文章 900586 回應狀態碼: 200
2025-02-02 16:42:12,159 - INFO - 文章 900589 不符合條件或解析失敗
2025-02-02 16:42:12,160 - INFO - 文章 900588 回應狀態碼: 200
2025-02-02 16:42:12,162 - INFO - 文章 900586 不符合條件或解析失敗
2025-02-02 16:42:12,165 - INFO - 文章 900588 不符合條件或解析失敗
