2025-02-05 19:33:49,927 - INFO - 初始化更新模式: recent
2025-02-05 19:33:49,927 - INFO - 更新時間範圍: 2025-01-06 到 2025-02-05
2025-02-05 19:33:49,927 - INFO - 開始檢查文章更新 (檢查範圍: 2025-01-06 到 2025-02-05)
2025-02-05 19:33:50,437 - INFO - 檢測到期刊總頁數: 1
2025-02-05 19:33:50,439 - INFO - 正在檢查第 1 頁的文章列表
2025-02-05 19:33:51,461 - INFO - 第 1 頁沒有找到新文章，停止檢查
2025-02-05 19:33:51,461 - INFO - 找到 0 篇待檢查文章
2025-02-05 19:33:51,478 - INFO - 更新完成：成功 0 篇，失敗 0 篇
2025-02-05 19:33:51,478 - INFO - 更新程序結束
2025-02-05 19:41:11,533 - INFO - 初始化更新模式: recent
2025-02-05 19:41:11,533 - INFO - 更新時間範圍: 2025-01-06 到 2025-02-05
2025-02-05 19:41:11,547 - INFO - 開始檢查特定文章: 913375
2025-02-05 19:41:15,968 - ERROR - 無法抓取文章 913375
2025-02-05 19:41:15,968 - INFO - 開始檢查文章更新 (檢查範圍: 2025-01-06 到 2025-02-05)
2025-02-05 19:41:17,487 - INFO - 檢測到期刊總頁數: 1
2025-02-05 19:41:17,487 - INFO - 正在檢查第 1 頁的文章列表
2025-02-05 19:41:17,520 - INFO - 第 1 頁沒有找到新文章，停止檢查
2025-02-05 19:41:17,520 - INFO - 找到 0 篇待檢查文章
2025-02-05 19:41:17,537 - INFO - 更新完成：成功 0 篇，失敗 0 篇
2025-02-05 19:41:17,539 - INFO - 更新程序結束
2025-02-05 19:43:41,798 - INFO - 初始化更新模式: recent
2025-02-05 19:43:41,798 - INFO - 更新時間範圍: 2025-01-06 到 2025-02-05
2025-02-05 19:43:41,798 - INFO - 開始檢查特定文章: 913375
2025-02-05 19:43:42,348 - INFO - 文章 913375 抓取成功，開始保存
2025-02-05 19:43:43,404 - INFO - 已成功更新文章目錄，新增 1 篇文章
2025-02-05 19:43:43,408 - INFO - 成功抓取並保存文章 913375
2025-02-05 19:43:43,408 - INFO - 開始檢查文章更新 (檢查範圍: 2025-01-06 到 2025-02-05)
2025-02-05 19:43:43,893 - INFO - 檢測到期刊總頁數: 1
2025-02-05 19:43:43,896 - INFO - 正在檢查第 1 頁的文章列表
2025-02-05 19:43:44,938 - INFO - 第 1 頁沒有找到新文章，停止檢查
2025-02-05 19:43:44,941 - INFO - 找到 0 篇待檢查文章
2025-02-05 19:43:44,945 - INFO - 更新完成：成功 0 篇，失敗 0 篇
2025-02-05 19:43:44,949 - INFO - 更新程序結束
