2025-04-14 21:24:07,007 - INFO - === 開始執行PDF合併程式 ===
2025-04-14 21:24:07,007 - INFO - 開始處理路徑: C:\Users\tom89\Documents\GitHub\landnote\landnotev3\高點法律考古題
2025-04-14 21:24:07,007 - INFO - 創建主輸出資料夾: C:\Users\tom89\Documents\GitHub\landnote\landnotev3\高點法律考古題\合併後PDF檔案
2025-04-14 21:24:07,007 - INFO - 處理考試類型: 中華郵政-專業職一-儲匯法規
2025-04-14 21:24:07,007 - INFO - 處理科目: 口腔病理學
2025-04-14 21:24:07,007 - INFO - 排序後的檔案順序: ['102年_中華郵政-專業職一-儲匯法規_口腔病理學.pdf']
2025-04-14 21:24:07,007 - INFO - 處理檔案: 102年_中華郵政-專業職一-儲匯法規_口腔病理學.pdf
2025-04-14 21:24:07,119 - INFO - 合併完成 (成功):
- 處理檔案數: 1
- 輸入總頁數: 1
- 輸出總頁數: 1
- 輸出檔案: C:\Users\tom89\Documents\GitHub\landnote\landnotev3\高點法律考古題\合併後PDF檔案\中華郵政-專業職一-儲匯法規\中華郵政-專業職一-儲匯法規_口腔病理學_2013至2013年_合併.pdf
2025-04-14 21:24:07,119 - INFO - 完成 中華郵政-專業職一-儲匯法規/口腔病理學 資料夾處理，合併了 1 個PDF檔案
2025-04-14 21:24:07,120 - INFO - 處理科目: 民法概要
2025-04-14 21:24:07,120 - INFO - 排序後的檔案順序: ['102年_中華郵政-專業職一-儲匯法規_民法概要.pdf', '100年_中華郵政-專業職一-儲匯法規_民法概要.pdf']
2025-04-14 21:24:07,120 - INFO - 處理檔案: 102年_中華郵政-專業職一-儲匯法規_民法概要.pdf
2025-04-14 21:24:07,132 - INFO - 處理檔案: 100年_中華郵政-專業職一-儲匯法規_民法概要.pdf
2025-04-14 21:24:07,262 - INFO - 合併完成 (成功):
- 處理檔案數: 2
- 輸入總頁數: 2
- 輸出總頁數: 2
- 輸出檔案: C:\Users\tom89\Documents\GitHub\landnote\landnotev3\高點法律考古題\合併後PDF檔案\中華郵政-專業職一-儲匯法規\中華郵政-專業職一-儲匯法規_民法概要_2011至2013年_合併.pdf
2025-04-14 21:24:07,262 - INFO - 完成 中華郵政-專業職一-儲匯法規/民法概要 資料夾處理，合併了 2 個PDF檔案
2025-04-14 21:24:07,262 - INFO - 處理科目: 銀行法及票據法
2025-04-14 21:24:07,262 - INFO - 排序後的檔案順序: ['100年_中華郵政-專業職一-儲匯法規_銀行法及票據法.pdf']
2025-04-14 21:24:07,262 - INFO - 處理檔案: 100年_中華郵政-專業職一-儲匯法規_銀行法及票據法.pdf
2025-04-14 21:24:07,347 - INFO - 合併完成 (成功):
- 處理檔案數: 1
- 輸入總頁數: 1
- 輸出總頁數: 1
- 輸出檔案: C:\Users\tom89\Documents\GitHub\landnote\landnotev3\高點法律考古題\合併後PDF檔案\中華郵政-專業職一-儲匯法規\中華郵政-專業職一-儲匯法規_銀行法及票據法_2011至2011年_合併.pdf
2025-04-14 21:24:07,347 - INFO - 完成 中華郵政-專業職一-儲匯法規/銀行法及票據法 資料夾處理，合併了 1 個PDF檔案
2025-04-14 21:24:07,347 - INFO - 處理科目: 銀行法概要及票據法概要
2025-04-14 21:24:07,347 - INFO - 排序後的檔案順序: ['100年_中華郵政-專業職一-儲匯法規_銀行法概要及票據法概要.pdf']
2025-04-14 21:24:07,347 - INFO - 處理檔案: 100年_中華郵政-專業職一-儲匯法規_銀行法概要及票據法概要.pdf
2025-04-14 21:24:07,429 - INFO - 合併完成 (成功):
- 處理檔案數: 1
- 輸入總頁數: 1
- 輸出總頁數: 1
- 輸出檔案: C:\Users\tom89\Documents\GitHub\landnote\landnotev3\高點法律考古題\合併後PDF檔案\中華郵政-專業職一-儲匯法規\中華郵政-專業職一-儲匯法規_銀行法概要及票據法概要_2011至2011年_合併.pdf
2025-04-14 21:24:07,430 - INFO - 完成 中華郵政-專業職一-儲匯法規/銀行法概要及票據法概要 資料夾處理，合併了 1 個PDF檔案
2025-04-14 21:24:07,430 - INFO - 處理考試類型: 中華郵政-專業職一-法律事務
2025-04-14 21:24:07,431 - INFO - 處理科目: 民事訴訟法及強制執行法
2025-04-14 21:24:07,431 - INFO - 排序後的檔案順序: ['102年_中華郵政-專業職一-法律事務_民事訴訟法及強制執行法.pdf', '101年_中華郵政-專業職一-法律事務_民事訴訟法及強制執行法.pdf', '100年_中華郵政-專業職一-法律事務_民事訴訟法及強制執行法.pdf']
2025-04-14 21:24:07,432 - INFO - 處理檔案: 102年_中華郵政-專業職一-法律事務_民事訴訟法及強制執行法.pdf
2025-04-14 21:24:07,445 - INFO - 處理檔案: 101年_中華郵政-專業職一-法律事務_民事訴訟法及強制執行法.pdf
2025-04-14 21:24:07,458 - INFO - 處理檔案: 100年_中華郵政-專業職一-法律事務_民事訴訟法及強制執行法.pdf
2025-04-14 21:24:07,659 - INFO - 合併完成 (成功):
- 處理檔案數: 3
- 輸入總頁數: 3
- 輸出總頁數: 3
- 輸出檔案: C:\Users\tom89\Documents\GitHub\landnote\landnotev3\高點法律考古題\合併後PDF檔案\中華郵政-專業職一-法律事務\中華郵政-專業職一-法律事務_民事訴訟法及強制執行法_2011至2013年_合併.pdf
2025-04-14 21:24:07,659 - INFO - 完成 中華郵政-專業職一-法律事務/民事訴訟法及強制執行法 資料夾處理，合併了 3 個PDF檔案
2025-04-14 21:24:07,659 - INFO - 處理科目: 民法
2025-04-14 21:24:07,659 - INFO - 排序後的檔案順序: ['102年_中華郵政-專業職一-法律事務_民法.pdf', '101年_中華郵政-專業職一-法律事務_民法.pdf', '100年_中華郵政-專業職一-法律事務_民法.pdf']
2025-04-14 21:24:07,659 - INFO - 處理檔案: 102年_中華郵政-專業職一-法律事務_民法.pdf
2025-04-14 21:24:07,674 - INFO - 處理檔案: 101年_中華郵政-專業職一-法律事務_民法.pdf
2025-04-14 21:24:07,686 - ERROR - PDF 驗證失敗 101年_中華郵政-專業職一-法律事務_民法.pdf: Failed to open file 'C:\\Users\\tom89\\Documents\\GitHub\\landnote\\landnotev3\\高點法律考古題\\中華郵政-專業職一-法律事務\\民法\\101年_中華郵政-專業職一-法律事務_民法.pdf'.
2025-04-14 21:24:07,686 - WARNING - 檔案 101年_中華郵政-專業職一-法律事務_民法.pdf 無法正常打開，跳過
2025-04-14 21:24:07,686 - INFO - 處理檔案: 100年_中華郵政-專業職一-法律事務_民法.pdf
2025-04-14 21:24:07,703 - WARNING - 無法獲取 C:\Users\tom89\Documents\GitHub\landnote\landnotev3\高點法律考古題\中華郵政-專業職一-法律事務\民法\101年_中華郵政-專業職一-法律事務_民法.pdf 的頁數
2025-04-14 21:24:07,850 - INFO - 合併完成 (成功):
- 處理檔案數: 2
- 輸入總頁數: 2
- 輸出總頁數: 2
- 輸出檔案: C:\Users\tom89\Documents\GitHub\landnote\landnotev3\高點法律考古題\合併後PDF檔案\中華郵政-專業職一-法律事務\中華郵政-專業職一-法律事務_民法_2011至2013年_合併.pdf
2025-04-14 21:24:07,850 - INFO - 完成 中華郵政-專業職一-法律事務/民法 資料夾處理，合併了 2 個PDF檔案
2025-04-14 21:24:07,850 - INFO - 處理考試類型: 中華郵政-專業職一-法律事務、儲匯法規
2025-04-14 21:24:07,850 - INFO - 處理科目: 民法
2025-04-14 21:24:07,850 - INFO - 排序後的檔案順序: ['100年_中華郵政-專業職一-法律事務、儲匯法規_民法.pdf']
2025-04-14 21:24:07,850 - INFO - 處理檔案: 100年_中華郵政-專業職一-法律事務、儲匯法規_民法.pdf
2025-04-14 21:24:07,933 - INFO - 合併完成 (成功):
- 處理檔案數: 1
- 輸入總頁數: 1
- 輸出總頁數: 1
- 輸出檔案: C:\Users\tom89\Documents\GitHub\landnote\landnotev3\高點法律考古題\合併後PDF檔案\中華郵政-專業職一-法律事務、儲匯法規\中華郵政-專業職一-法律事務、儲匯法規_民法_2011至2011年_合併.pdf
2025-04-14 21:24:07,934 - INFO - 完成 中華郵政-專業職一-法律事務、儲匯法規/民法 資料夾處理，合併了 1 個PDF檔案
2025-04-14 21:24:07,934 - INFO - 處理考試類型: 中華郵政-營運職-法務
2025-04-14 21:24:07,935 - INFO - 處理科目: 保險法規
2025-04-14 21:24:07,935 - INFO - 排序後的檔案順序: ['97年_中華郵政-營運職-法務_保險法規.pdf']
2025-04-14 21:24:07,935 - INFO - 處理檔案: 97年_中華郵政-營運職-法務_保險法規.pdf
2025-04-14 21:24:07,980 - INFO - 合併完成 (成功):
- 處理檔案數: 1
- 輸入總頁數: 1
- 輸出總頁數: 1
- 輸出檔案: C:\Users\tom89\Documents\GitHub\landnote\landnotev3\高點法律考古題\合併後PDF檔案\中華郵政-營運職-法務\中華郵政-營運職-法務_保險法規_2008至2008年_合併.pdf
2025-04-14 21:24:07,980 - INFO - 完成 中華郵政-營運職-法務/保險法規 資料夾處理，合併了 1 個PDF檔案
2025-04-14 21:24:07,980 - INFO - 處理科目: 民法及商事法
2025-04-14 21:24:07,980 - INFO - 排序後的檔案順序: ['97年_中華郵政-營運職-法務_民法及商事法.pdf', '96年_中華郵政-營運職-法務_民法及商事法.pdf']
2025-04-14 21:24:07,980 - INFO - 處理檔案: 97年_中華郵政-營運職-法務_民法及商事法.pdf
2025-04-14 21:24:07,996 - INFO - 處理檔案: 96年_中華郵政-營運職-法務_民法及商事法.pdf
2025-04-14 21:24:08,081 - INFO - 合併完成 (成功):
- 處理檔案數: 2
- 輸入總頁數: 3
- 輸出總頁數: 3
- 輸出檔案: C:\Users\tom89\Documents\GitHub\landnote\landnotev3\高點法律考古題\合併後PDF檔案\中華郵政-營運職-法務\中華郵政-營運職-法務_民法及商事法_2007至2008年_合併.pdf
2025-04-14 21:24:08,082 - INFO - 完成 中華郵政-營運職-法務/民法及商事法 資料夾處理，合併了 2 個PDF檔案
2025-04-14 21:24:08,082 - INFO - 處理科目: 郵政法規
2025-04-14 21:24:08,082 - INFO - 排序後的檔案順序: ['96年_中華郵政-營運職-法務_郵政法規.pdf']
2025-04-14 21:24:08,083 - INFO - 處理檔案: 96年_中華郵政-營運職-法務_郵政法規.pdf
2025-04-14 21:24:08,131 - INFO - 合併完成 (成功):
- 處理檔案數: 1
- 輸入總頁數: 2
- 輸出總頁數: 2
- 輸出檔案: C:\Users\tom89\Documents\GitHub\landnote\landnotev3\高點法律考古題\合併後PDF檔案\中華郵政-營運職-法務\中華郵政-營運職-法務_郵政法規_2007至2007年_合併.pdf
2025-04-14 21:24:08,131 - INFO - 完成 中華郵政-營運職-法務/郵政法規 資料夾處理，合併了 1 個PDF檔案
2025-04-14 21:24:08,131 - INFO - 處理考試類型: 中華郵政-營運職-法務 1
2025-04-14 21:24:08,131 - INFO - 處理科目: 民事訴訟法及強制執行法
2025-04-14 21:24:08,131 - INFO - 排序後的檔案順序: ['99年_中華郵政-營運職-法務 1_民事訴訟法及強制執行法.pdf']
2025-04-14 21:24:08,131 - INFO - 處理檔案: 99年_中華郵政-營運職-法務 1_民事訴訟法及強制執行法.pdf
2025-04-14 21:24:08,191 - INFO - 合併完成 (成功):
- 處理檔案數: 1
- 輸入總頁數: 1
- 輸出總頁數: 1
- 輸出檔案: C:\Users\tom89\Documents\GitHub\landnote\landnotev3\高點法律考古題\合併後PDF檔案\中華郵政-營運職-法務 1\中華郵政-營運職-法務 1_民事訴訟法及強制執行法_2010至2010年_合併.pdf
2025-04-14 21:24:08,191 - INFO - 完成 中華郵政-營運職-法務 1/民事訴訟法及強制執行法 資料夾處理，合併了 1 個PDF檔案
2025-04-14 21:24:08,191 - INFO - 處理科目: 民法及商事法
2025-04-14 21:24:08,191 - INFO - 排序後的檔案順序: ['99年_中華郵政-營運職-法務 1_民法及商事法.pdf']
2025-04-14 21:24:08,191 - INFO - 處理檔案: 99年_中華郵政-營運職-法務 1_民法及商事法.pdf
2025-04-14 21:24:08,248 - INFO - 合併完成 (成功):
- 處理檔案數: 1
- 輸入總頁數: 1
- 輸出總頁數: 1
- 輸出檔案: C:\Users\tom89\Documents\GitHub\landnote\landnotev3\高點法律考古題\合併後PDF檔案\中華郵政-營運職-法務 1\中華郵政-營運職-法務 1_民法及商事法_2010至2010年_合併.pdf
2025-04-14 21:24:08,249 - INFO - 完成 中華郵政-營運職-法務 1/民法及商事法 資料夾處理，合併了 1 個PDF檔案
2025-04-14 21:24:08,249 - INFO - 處理考試類型: 中華郵政-營運職-法務 2
2025-04-14 21:24:08,250 - INFO - 處理科目: 民事訴訟法及強制執行法
2025-04-14 21:24:08,250 - INFO - 排序後的檔案順序: ['99年_中華郵政-營運職-法務 2_民事訴訟法及強制執行法.pdf']
2025-04-14 21:24:08,251 - INFO - 處理檔案: 99年_中華郵政-營運職-法務 2_民事訴訟法及強制執行法.pdf
2025-04-14 21:24:08,302 - INFO - 合併完成 (成功):
- 處理檔案數: 1
- 輸入總頁數: 1
- 輸出總頁數: 1
- 輸出檔案: C:\Users\tom89\Documents\GitHub\landnote\landnotev3\高點法律考古題\合併後PDF檔案\中華郵政-營運職-法務 2\中華郵政-營運職-法務 2_民事訴訟法及強制執行法_2010至2010年_合併.pdf
2025-04-14 21:24:08,302 - INFO - 完成 中華郵政-營運職-法務 2/民事訴訟法及強制執行法 資料夾處理，合併了 1 個PDF檔案
2025-04-14 21:24:08,302 - INFO - 處理科目: 民法及商事法
2025-04-14 21:24:08,302 - INFO - 排序後的檔案順序: ['99年_中華郵政-營運職-法務 2_民法及商事法.pdf']
2025-04-14 21:24:08,302 - INFO - 處理檔案: 99年_中華郵政-營運職-法務 2_民法及商事法.pdf
2025-04-14 21:24:08,354 - INFO - 合併完成 (成功):
- 處理檔案數: 1
- 輸入總頁數: 1
- 輸出總頁數: 1
- 輸出檔案: C:\Users\tom89\Documents\GitHub\landnote\landnotev3\高點法律考古題\合併後PDF檔案\中華郵政-營運職-法務 2\中華郵政-營運職-法務 2_民法及商事法_2010至2010年_合併.pdf
2025-04-14 21:24:08,354 - INFO - 完成 中華郵政-營運職-法務 2/民法及商事法 資料夾處理，合併了 1 個PDF檔案
2025-04-14 21:24:08,354 - INFO - 處理考試類型: 中華電信-法務類專業職第一類專員
2025-04-14 21:24:08,354 - INFO - 處理科目: 公司法
2025-04-14 21:24:08,354 - INFO - 排序後的檔案順序: ['96年_中華電信-法務類專業職第一類專員_公司法.pdf']
2025-04-14 21:24:08,354 - INFO - 處理檔案: 96年_中華電信-法務類專業職第一類專員_公司法.pdf
2025-04-14 21:24:08,416 - INFO - 合併完成 (成功):
- 處理檔案數: 1
- 輸入總頁數: 2
- 輸出總頁數: 2
- 輸出檔案: C:\Users\tom89\Documents\GitHub\landnote\landnotev3\高點法律考古題\合併後PDF檔案\中華電信-法務類專業職第一類專員\中華電信-法務類專業職第一類專員_公司法_2007至2007年_合併.pdf
2025-04-14 21:24:08,416 - INFO - 完成 中華電信-法務類專業職第一類專員/公司法 資料夾處理，合併了 1 個PDF檔案
2025-04-14 21:24:08,417 - INFO - 處理考試類型: 地方政府特考三等-法制
2025-04-14 21:24:08,417 - INFO - 處理科目: 刑法
2025-04-14 21:24:08,419 - INFO - 排序後的檔案順序: ['113年_地方政府特考三等-法制_刑法.pdf', '112年_地方政府特考三等-法制_刑法.pdf', '111年_地方政府特考三等-法制_刑法.pdf', '110年_地方政府特考三等-法制_刑法.pdf', '109年_地方政府特考三等-法制_刑法.pdf', '108年_地方政府特考三等-法制_刑法.pdf', '107年_地方政府特考三等-法制_刑法.pdf', '106年_地方政府特考三等-法制_刑法.pdf', '105年_地方政府特考三等-法制_刑法.pdf', '104年_地方政府特考三等-法制_刑法.pdf', '103年_地方政府特考三等-法制_刑法.pdf', '102年_地方政府特考三等-法制_刑法.pdf', '101年_地方政府特考三等-法制_刑法.pdf']
2025-04-14 21:24:08,419 - INFO - 處理檔案: 113年_地方政府特考三等-法制_刑法.pdf
2025-04-14 21:24:08,452 - INFO - 處理檔案: 112年_地方政府特考三等-法制_刑法.pdf
2025-04-14 21:24:08,474 - INFO - 處理檔案: 111年_地方政府特考三等-法制_刑法.pdf
2025-04-14 21:24:08,498 - INFO - 處理檔案: 110年_地方政府特考三等-法制_刑法.pdf
2025-04-14 21:24:08,521 - INFO - 處理檔案: 109年_地方政府特考三等-法制_刑法.pdf
2025-04-14 21:24:08,549 - INFO - 處理檔案: 108年_地方政府特考三等-法制_刑法.pdf
2025-04-14 21:24:08,580 - INFO - 處理檔案: 107年_地方政府特考三等-法制_刑法.pdf
2025-04-14 21:24:08,603 - INFO - 處理檔案: 106年_地方政府特考三等-法制_刑法.pdf
2025-04-14 21:24:08,632 - INFO - 處理檔案: 105年_地方政府特考三等-法制_刑法.pdf
2025-04-14 21:24:08,651 - INFO - 處理檔案: 104年_地方政府特考三等-法制_刑法.pdf
2025-04-14 21:24:08,671 - INFO - 處理檔案: 103年_地方政府特考三等-法制_刑法.pdf
2025-04-14 21:24:08,691 - INFO - 處理檔案: 102年_地方政府特考三等-法制_刑法.pdf
2025-04-14 21:24:08,718 - INFO - 處理檔案: 101年_地方政府特考三等-法制_刑法.pdf
2025-04-14 21:24:09,789 - INFO - 合併完成 (成功):
- 處理檔案數: 13
- 輸入總頁數: 50
- 輸出總頁數: 50
- 輸出檔案: C:\Users\tom89\Documents\GitHub\landnote\landnotev3\高點法律考古題\合併後PDF檔案\地方政府特考三等-法制\地方政府特考三等-法制_刑法_2012至2024年_合併.pdf
2025-04-14 21:24:09,789 - INFO - 完成 地方政府特考三等-法制/刑法 資料夾處理，合併了 13 個PDF檔案
2025-04-14 21:24:09,804 - INFO - 處理科目: 商事法
2025-04-14 21:24:09,804 - INFO - 排序後的檔案順序: ['112年_地方政府特考三等-法制_商事法.pdf', '111年_地方政府特考三等-法制_商事法.pdf', '110年_地方政府特考三等-法制_商事法.pdf', '109年_地方政府特考三等-法制_商事法.pdf', '108年_地方政府特考三等-法制_商事法.pdf', '107年_地方政府特考三等-法制_商事法.pdf', '106年_地方政府特考三等-法制_商事法.pdf', '105年_地方政府特考三等-法制_商事法.pdf', '104年_地方政府特考三等-法制_商事法.pdf', '103年_地方政府特考三等-法制_商事法.pdf', '102年_地方政府特考三等-法制_商事法.pdf']
2025-04-14 21:24:09,804 - INFO - 處理檔案: 112年_地方政府特考三等-法制_商事法.pdf
2025-04-14 21:24:09,833 - INFO - 處理檔案: 111年_地方政府特考三等-法制_商事法.pdf
2025-04-14 21:24:09,855 - INFO - 處理檔案: 110年_地方政府特考三等-法制_商事法.pdf
2025-04-14 21:24:09,885 - INFO - 處理檔案: 109年_地方政府特考三等-法制_商事法.pdf
2025-04-14 21:24:09,915 - INFO - 處理檔案: 108年_地方政府特考三等-法制_商事法.pdf
2025-04-14 21:24:09,952 - INFO - 處理檔案: 107年_地方政府特考三等-法制_商事法.pdf
2025-04-14 21:24:09,983 - INFO - 處理檔案: 106年_地方政府特考三等-法制_商事法.pdf
2025-04-14 21:24:10,020 - INFO - 處理檔案: 105年_地方政府特考三等-法制_商事法.pdf
2025-04-14 21:24:10,039 - INFO - 處理檔案: 104年_地方政府特考三等-法制_商事法.pdf
2025-04-14 21:24:10,073 - INFO - 處理檔案: 103年_地方政府特考三等-法制_商事法.pdf
2025-04-14 21:24:10,103 - INFO - 處理檔案: 102年_地方政府特考三等-法制_商事法.pdf
2025-04-14 21:24:10,895 - INFO - 合併完成 (成功):
- 處理檔案數: 11
- 輸入總頁數: 44
- 輸出總頁數: 44
- 輸出檔案: C:\Users\tom89\Documents\GitHub\landnote\landnotev3\高點法律考古題\合併後PDF檔案\地方政府特考三等-法制\地方政府特考三等-法制_商事法_2013至2023年_合併.pdf
2025-04-14 21:24:10,895 - INFO - 完成 地方政府特考三等-法制/商事法 資料夾處理，合併了 11 個PDF檔案
2025-04-14 21:24:10,895 - INFO - 處理科目: 國文
2025-04-14 21:24:10,895 - INFO - 排序後的檔案順序: ['109年_地方政府特考三等-法制_國文.pdf', '103年_地方政府特考三等-法制_國文.pdf']
2025-04-14 21:24:10,895 - INFO - 處理檔案: 109年_地方政府特考三等-法制_國文.pdf
2025-04-14 21:24:10,916 - INFO - 處理檔案: 103年_地方政府特考三等-法制_國文.pdf
2025-04-14 21:24:11,015 - INFO - 合併完成 (成功):
- 處理檔案數: 2
- 輸入總頁數: 4
- 輸出總頁數: 4
- 輸出檔案: C:\Users\tom89\Documents\GitHub\landnote\landnotev3\高點法律考古題\合併後PDF檔案\地方政府特考三等-法制\地方政府特考三等-法制_國文_2014至2020年_合併.pdf
2025-04-14 21:24:11,015 - INFO - 完成 地方政府特考三等-法制/國文 資料夾處理，合併了 2 個PDF檔案
2025-04-14 21:24:11,015 - INFO - 處理科目: 國文( 作文、公文與測驗)
2025-04-14 21:24:11,015 - INFO - 排序後的檔案順序: ['111年_地方政府特考三等-法制_國文( 作文、公文與測驗).pdf', '110年_地方政府特考三等-法制_國文( 作文、公文與測驗).pdf', '108年_地方政府特考三等-法制_國文( 作文、公文與測驗).pdf', '105年_地方政府特考三等-法制_國文( 作文、公文與測驗).pdf', '104年_地方政府特考三等-法制_國文( 作文、公文與測驗).pdf', '102年_地方政府特考三等-法制_國文( 作文、公文與測驗).pdf']
2025-04-14 21:24:11,015 - INFO - 處理檔案: 111年_地方政府特考三等-法制_國文( 作文、公文與測驗).pdf
2025-04-14 21:24:11,050 - INFO - 處理檔案: 110年_地方政府特考三等-法制_國文( 作文、公文與測驗).pdf
2025-04-14 21:24:11,069 - INFO - 處理檔案: 108年_地方政府特考三等-法制_國文( 作文、公文與測驗).pdf
2025-04-14 21:24:11,089 - INFO - 處理檔案: 105年_地方政府特考三等-法制_國文( 作文、公文與測驗).pdf
2025-04-14 21:24:11,106 - INFO - 處理檔案: 104年_地方政府特考三等-法制_國文( 作文、公文與測驗).pdf
2025-04-14 21:24:11,132 - INFO - 處理檔案: 102年_地方政府特考三等-法制_國文( 作文、公文與測驗).pdf
2025-04-14 21:24:11,481 - INFO - 合併完成 (成功):
- 處理檔案數: 6
- 輸入總頁數: 16
- 輸出總頁數: 16
- 輸出檔案: C:\Users\tom89\Documents\GitHub\landnote\landnotev3\高點法律考古題\合併後PDF檔案\地方政府特考三等-法制\地方政府特考三等-法制_國文( 作文、公文與測驗)_2013至2022年_合併.pdf
2025-04-14 21:24:11,481 - INFO - 完成 地方政府特考三等-法制/國文( 作文、公文與測驗) 資料夾處理，合併了 6 個PDF檔案
2025-04-14 21:24:11,481 - INFO - 處理科目: 國文（作文與測驗）
2025-04-14 21:24:11,485 - INFO - 排序後的檔案順序: ['113年_地方政府特考三等-法制_國文（作文與測驗）.pdf', '112年_地方政府特考三等-法制_國文（作文與測驗）.pdf']
2025-04-14 21:24:11,485 - INFO - 處理檔案: 113年_地方政府特考三等-法制_國文（作文與測驗）.pdf
2025-04-14 21:24:11,512 - INFO - 處理檔案: 112年_地方政府特考三等-法制_國文（作文與測驗）.pdf
2025-04-14 21:24:11,647 - INFO - 合併完成 (成功):
- 處理檔案數: 2
- 輸入總頁數: 5
- 輸出總頁數: 5
- 輸出檔案: C:\Users\tom89\Documents\GitHub\landnote\landnotev3\高點法律考古題\合併後PDF檔案\地方政府特考三等-法制\地方政府特考三等-法制_國文（作文與測驗）_2023至2024年_合併.pdf
2025-04-14 21:24:11,647 - INFO - 完成 地方政府特考三等-法制/國文（作文與測驗） 資料夾處理，合併了 2 個PDF檔案
2025-04-14 21:24:11,647 - INFO - 處理科目: 民事訴訟法與刑事訴訟法
2025-04-14 21:24:11,647 - INFO - 排序後的檔案順序: ['113年_地方政府特考三等-法制_民事訴訟法與刑事訴訟法.pdf', '112年_地方政府特考三等-法制_民事訴訟法與刑事訴訟法.pdf', '111年_地方政府特考三等-法制_民事訴訟法與刑事訴訟法.pdf', '110年_地方政府特考三等-法制_民事訴訟法與刑事訴訟法.pdf', '109年_地方政府特考三等-法制_民事訴訟法與刑事訴訟法.pdf', '108年_地方政府特考三等-法制_民事訴訟法與刑事訴訟法.pdf', '107年_地方政府特考三等-法制_民事訴訟法與刑事訴訟法.pdf', '106年_地方政府特考三等-法制_民事訴訟法與刑事訴訟法.pdf', '105年_地方政府特考三等-法制_民事訴訟法與刑事訴訟法.pdf', '104年_地方政府特考三等-法制_民事訴訟法與刑事訴訟法.pdf', '103年_地方政府特考三等-法制_民事訴訟法與刑事訴訟法.pdf', '102年_地方政府特考三等-法制_民事訴訟法與刑事訴訟法.pdf', '101年_地方政府特考三等-法制_民事訴訟法與刑事訴訟法.pdf']
2025-04-14 21:24:11,647 - INFO - 處理檔案: 113年_地方政府特考三等-法制_民事訴訟法與刑事訴訟法.pdf
2025-04-14 21:24:11,683 - INFO - 處理檔案: 112年_地方政府特考三等-法制_民事訴訟法與刑事訴訟法.pdf
2025-04-14 21:24:11,705 - INFO - 處理檔案: 111年_地方政府特考三等-法制_民事訴訟法與刑事訴訟法.pdf
2025-04-14 21:24:11,717 - INFO - 處理檔案: 110年_地方政府特考三等-法制_民事訴訟法與刑事訴訟法.pdf
2025-04-14 21:24:11,750 - INFO - 處理檔案: 109年_地方政府特考三等-法制_民事訴訟法與刑事訴訟法.pdf
2025-04-14 21:24:11,773 - INFO - 處理檔案: 108年_地方政府特考三等-法制_民事訴訟法與刑事訴訟法.pdf
2025-04-14 21:24:11,790 - INFO - 處理檔案: 107年_地方政府特考三等-法制_民事訴訟法與刑事訴訟法.pdf
2025-04-14 21:24:11,824 - INFO - 處理檔案: 106年_地方政府特考三等-法制_民事訴訟法與刑事訴訟法.pdf
2025-04-14 21:24:11,850 - INFO - 處理檔案: 105年_地方政府特考三等-法制_民事訴訟法與刑事訴訟法.pdf
2025-04-14 21:24:11,883 - INFO - 處理檔案: 104年_地方政府特考三等-法制_民事訴訟法與刑事訴訟法.pdf
2025-04-14 21:24:11,902 - INFO - 處理檔案: 103年_地方政府特考三等-法制_民事訴訟法與刑事訴訟法.pdf
2025-04-14 21:24:11,919 - INFO - 處理檔案: 102年_地方政府特考三等-法制_民事訴訟法與刑事訴訟法.pdf
2025-04-14 21:24:11,939 - INFO - 處理檔案: 101年_地方政府特考三等-法制_民事訴訟法與刑事訴訟法.pdf
2025-04-14 21:24:12,841 - INFO - 合併完成 (成功):
- 處理檔案數: 13
- 輸入總頁數: 58
- 輸出總頁數: 58
- 輸出檔案: C:\Users\tom89\Documents\GitHub\landnote\landnotev3\高點法律考古題\合併後PDF檔案\地方政府特考三等-法制\地方政府特考三等-法制_民事訴訟法與刑事訴訟法_2012至2024年_合併.pdf
2025-04-14 21:24:12,841 - INFO - 完成 地方政府特考三等-法制/民事訴訟法與刑事訴訟法 資料夾處理，合併了 13 個PDF檔案
2025-04-14 21:24:12,841 - INFO - 處理科目: 民法
2025-04-14 21:24:12,841 - INFO - 排序後的檔案順序: ['113年_地方政府特考三等-法制_民法.pdf', '112年_地方政府特考三等-法制_民法.pdf', '111年_地方政府特考三等-法制_民法.pdf', '110年_地方政府特考三等-法制_民法.pdf', '109年_地方政府特考三等-法制_民法.pdf', '108年_地方政府特考三等-法制_民法.pdf', '107年_地方政府特考三等-法制_民法.pdf', '106年_地方政府特考三等-法制_民法.pdf', '105年_地方政府特考三等-法制_民法.pdf', '104年_地方政府特考三等-法制_民法.pdf', '103年_地方政府特考三等-法制_民法.pdf', '101年_地方政府特考三等-法制_民法.pdf']
2025-04-14 21:24:12,841 - INFO - 處理檔案: 113年_地方政府特考三等-法制_民法.pdf
2025-04-14 21:24:12,901 - INFO - 處理檔案: 112年_地方政府特考三等-法制_民法.pdf
2025-04-14 21:24:12,968 - INFO - 處理檔案: 111年_地方政府特考三等-法制_民法.pdf
2025-04-14 21:24:13,002 - INFO - 處理檔案: 110年_地方政府特考三等-法制_民法.pdf
2025-04-14 21:24:13,024 - INFO - 處理檔案: 109年_地方政府特考三等-法制_民法.pdf
2025-04-14 21:24:13,044 - INFO - 處理檔案: 108年_地方政府特考三等-法制_民法.pdf
2025-04-14 21:24:13,068 - INFO - 處理檔案: 107年_地方政府特考三等-法制_民法.pdf
2025-04-14 21:24:13,091 - INFO - 處理檔案: 106年_地方政府特考三等-法制_民法.pdf
2025-04-14 21:24:13,108 - INFO - 處理檔案: 105年_地方政府特考三等-法制_民法.pdf
2025-04-14 21:24:13,138 - INFO - 處理檔案: 104年_地方政府特考三等-法制_民法.pdf
2025-04-14 21:24:13,158 - INFO - 處理檔案: 103年_地方政府特考三等-法制_民法.pdf
2025-04-14 21:24:13,180 - INFO - 處理檔案: 101年_地方政府特考三等-法制_民法.pdf
2025-04-14 21:24:14,059 - INFO - 合併完成 (成功):
- 處理檔案數: 12
- 輸入總頁數: 63
- 輸出總頁數: 63
- 輸出檔案: C:\Users\tom89\Documents\GitHub\landnote\landnotev3\高點法律考古題\合併後PDF檔案\地方政府特考三等-法制\地方政府特考三等-法制_民法_2012至2024年_合併.pdf
2025-04-14 21:24:14,059 - INFO - 完成 地方政府特考三等-法制/民法 資料夾處理，合併了 12 個PDF檔案
2025-04-14 21:24:14,059 - INFO - 處理科目: 法學知識與英文
2025-04-14 21:24:14,059 - INFO - 排序後的檔案順序: ['104年_地方政府特考三等-法制_法學知識與英文.pdf', '103年_地方政府特考三等-法制_法學知識與英文.pdf', '102年_地方政府特考三等-法制_法學知識與英文.pdf']
2025-04-14 21:24:14,059 - INFO - 處理檔案: 104年_地方政府特考三等-法制_法學知識與英文.pdf
2025-04-14 21:24:14,085 - INFO - 處理檔案: 103年_地方政府特考三等-法制_法學知識與英文.pdf
2025-04-14 21:24:14,108 - INFO - 處理檔案: 102年_地方政府特考三等-法制_法學知識與英文.pdf
2025-04-14 21:24:14,649 - INFO - 合併完成 (成功):
- 處理檔案數: 3
- 輸入總頁數: 15
- 輸出總頁數: 15
- 輸出檔案: C:\Users\tom89\Documents\GitHub\landnote\landnotev3\高點法律考古題\合併後PDF檔案\地方政府特考三等-法制\地方政府特考三等-法制_法學知識與英文_2013至2015年_合併.pdf
2025-04-14 21:24:14,649 - INFO - 完成 地方政府特考三等-法制/法學知識與英文 資料夾處理，合併了 3 個PDF檔案
2025-04-14 21:24:14,649 - INFO - 處理科目: 法學知識與英文（包括中華民國憲法、法學緒論、英文）
2025-04-14 21:24:14,649 - INFO - 排序後的檔案順序: ['113年_地方政府特考三等-法制_法學知識與英文（包括中華民國憲法、法學緒論、英文）.pdf', '112年_地方政府特考三等-法制_法學知識與英文（包括中華民國憲法、法學緒論、英文）.pdf', '111年_地方政府特考三等-法制_法學知識與英文（包括中華民國憲法、法學緒論、英文）.pdf', '110年_地方政府特考三等-法制_法學知識與英文（包括中華民國憲法、法學緒論、英文）.pdf', '109年_地方政府特考三等-法制_法學知識與英文（包括中華民國憲法、法學緒論、英文）.pdf', '108年_地方政府特考三等-法制_法學知識與英文（包括中華民國憲法、法學緒論、英文）.pdf', '107年_地方政府特考三等-法制_法學知識與英文（包括中華民國憲法、法學緒論、英文）.pdf', '106年_地方政府特考三等-法制_法學知識與英文（包括中華民國憲法、法學緒論、英文）.pdf', '105年_地方政府特考三等-法制_法學知識與英文（包括中華民國憲法、法學緒論、英文）.pdf']
2025-04-14 21:24:14,665 - INFO - 處理檔案: 113年_地方政府特考三等-法制_法學知識與英文（包括中華民國憲法、法學緒論、英文）.pdf
2025-04-14 21:24:14,691 - INFO - 處理檔案: 112年_地方政府特考三等-法制_法學知識與英文（包括中華民國憲法、法學緒論、英文）.pdf
2025-04-14 21:24:14,710 - INFO - 處理檔案: 111年_地方政府特考三等-法制_法學知識與英文（包括中華民國憲法、法學緒論、英文）.pdf
2025-04-14 21:24:14,736 - INFO - 處理檔案: 110年_地方政府特考三等-法制_法學知識與英文（包括中華民國憲法、法學緒論、英文）.pdf
2025-04-14 21:24:14,758 - INFO - 處理檔案: 109年_地方政府特考三等-法制_法學知識與英文（包括中華民國憲法、法學緒論、英文）.pdf
2025-04-14 21:24:14,785 - INFO - 處理檔案: 108年_地方政府特考三等-法制_法學知識與英文（包括中華民國憲法、法學緒論、英文）.pdf
2025-04-14 21:24:14,808 - INFO - 處理檔案: 107年_地方政府特考三等-法制_法學知識與英文（包括中華民國憲法、法學緒論、英文）.pdf
2025-04-14 21:24:14,837 - INFO - 處理檔案: 106年_地方政府特考三等-法制_法學知識與英文（包括中華民國憲法、法學緒論、英文）.pdf
2025-04-14 21:24:14,860 - INFO - 處理檔案: 105年_地方政府特考三等-法制_法學知識與英文（包括中華民國憲法、法學緒論、英文）.pdf
2025-04-14 21:24:15,695 - INFO - 合併完成 (成功):
- 處理檔案數: 9
- 輸入總頁數: 47
- 輸出總頁數: 47
- 輸出檔案: C:\Users\tom89\Documents\GitHub\landnote\landnotev3\高點法律考古題\合併後PDF檔案\地方政府特考三等-法制\地方政府特考三等-法制_法學知識與英文（包括中華民國憲法、法學緒論、英文）_2016至2024年_合併.pdf
2025-04-14 21:24:15,695 - INFO - 完成 地方政府特考三等-法制/法學知識與英文（包括中華民國憲法、法學緒論、英文） 資料夾處理，合併了 9 個PDF檔案
2025-04-14 21:24:15,695 - INFO - 處理科目: 立法程序與技術
2025-04-14 21:24:15,695 - INFO - 排序後的檔案順序: ['113年_地方政府特考三等-法制_立法程序與技術.pdf', '112年_地方政府特考三等-法制_立法程序與技術.pdf', '111年_地方政府特考三等-法制_立法程序與技術.pdf', '110年_地方政府特考三等-法制_立法程序與技術.pdf', '109年_地方政府特考三等-法制_立法程序與技術.pdf', '108年_地方政府特考三等-法制_立法程序與技術.pdf', '107年_地方政府特考三等-法制_立法程序與技術.pdf', '106年_地方政府特考三等-法制_立法程序與技術.pdf', '105年_地方政府特考三等-法制_立法程序與技術.pdf', '103年_地方政府特考三等-法制_立法程序與技術.pdf', '101年_地方政府特考三等-法制_立法程序與技術.pdf']
2025-04-14 21:24:15,695 - INFO - 處理檔案: 113年_地方政府特考三等-法制_立法程序與技術.pdf
2025-04-14 21:24:15,720 - INFO - 處理檔案: 112年_地方政府特考三等-法制_立法程序與技術.pdf
2025-04-14 21:24:15,755 - INFO - 處理檔案: 111年_地方政府特考三等-法制_立法程序與技術.pdf
2025-04-14 21:24:15,777 - INFO - 處理檔案: 110年_地方政府特考三等-法制_立法程序與技術.pdf
2025-04-14 21:24:15,821 - INFO - 處理檔案: 109年_地方政府特考三等-法制_立法程序與技術.pdf
2025-04-14 21:24:15,854 - INFO - 處理檔案: 108年_地方政府特考三等-法制_立法程序與技術.pdf
2025-04-14 21:24:15,887 - INFO - 處理檔案: 107年_地方政府特考三等-法制_立法程序與技術.pdf
2025-04-14 21:24:15,909 - INFO - 處理檔案: 106年_地方政府特考三等-法制_立法程序與技術.pdf
2025-04-14 21:24:15,939 - INFO - 處理檔案: 105年_地方政府特考三等-法制_立法程序與技術.pdf
2025-04-14 21:24:15,957 - INFO - 處理檔案: 103年_地方政府特考三等-法制_立法程序與技術.pdf
2025-04-14 21:24:15,979 - INFO - 處理檔案: 101年_地方政府特考三等-法制_立法程序與技術.pdf
2025-04-14 21:24:16,609 - INFO - 合併完成 (成功):
- 處理檔案數: 11
- 輸入總頁數: 47
- 輸出總頁數: 47
- 輸出檔案: C:\Users\tom89\Documents\GitHub\landnote\landnotev3\高點法律考古題\合併後PDF檔案\地方政府特考三等-法制\地方政府特考三等-法制_立法程序與技術_2012至2024年_合併.pdf
2025-04-14 21:24:16,609 - INFO - 完成 地方政府特考三等-法制/立法程序與技術 資料夾處理，合併了 11 個PDF檔案
2025-04-14 21:24:16,609 - INFO - 處理科目: 行政法
2025-04-14 21:24:16,609 - INFO - 排序後的檔案順序: ['113年_地方政府特考三等-法制_行政法.pdf', '112年_地方政府特考三等-法制_行政法.pdf', '111年_地方政府特考三等-法制_行政法.pdf', '110年_地方政府特考三等-法制_行政法.pdf', '109年_地方政府特考三等-法制_行政法.pdf', '108年_地方政府特考三等-法制_行政法.pdf', '107年_地方政府特考三等-法制_行政法.pdf', '106年_地方政府特考三等-法制_行政法.pdf', '105年_地方政府特考三等-法制_行政法.pdf', '104年_地方政府特考三等-法制_行政法.pdf', '103年_地方政府特考三等-法制_行政法.pdf', '102年_地方政府特考三等-法制_行政法.pdf', '101年_地方政府特考三等-法制_行政法.pdf']
2025-04-14 21:24:16,609 - INFO - 處理檔案: 113年_地方政府特考三等-法制_行政法.pdf
2025-04-14 21:24:16,672 - INFO - 處理檔案: 112年_地方政府特考三等-法制_行政法.pdf
2025-04-14 21:24:16,694 - INFO - 處理檔案: 111年_地方政府特考三等-法制_行政法.pdf
2025-04-14 21:24:16,740 - INFO - 處理檔案: 110年_地方政府特考三等-法制_行政法.pdf
2025-04-14 21:24:16,771 - INFO - 處理檔案: 109年_地方政府特考三等-法制_行政法.pdf
2025-04-14 21:24:16,822 - INFO - 處理檔案: 108年_地方政府特考三等-法制_行政法.pdf
2025-04-14 21:24:16,855 - INFO - 處理檔案: 107年_地方政府特考三等-法制_行政法.pdf
2025-04-14 21:24:16,874 - INFO - 處理檔案: 106年_地方政府特考三等-法制_行政法.pdf
2025-04-14 21:24:16,904 - INFO - 處理檔案: 105年_地方政府特考三等-法制_行政法.pdf
2025-04-14 21:24:16,925 - INFO - 處理檔案: 104年_地方政府特考三等-法制_行政法.pdf
2025-04-14 21:24:16,945 - INFO - 處理檔案: 103年_地方政府特考三等-法制_行政法.pdf
2025-04-14 21:24:16,962 - INFO - 處理檔案: 102年_地方政府特考三等-法制_行政法.pdf
2025-04-14 21:24:16,980 - INFO - 處理檔案: 101年_地方政府特考三等-法制_行政法.pdf
2025-04-14 21:24:18,035 - INFO - 合併完成 (成功):
- 處理檔案數: 13
- 輸入總頁數: 68
- 輸出總頁數: 68
- 輸出檔案: C:\Users\tom89\Documents\GitHub\landnote\landnotev3\高點法律考古題\合併後PDF檔案\地方政府特考三等-法制\地方政府特考三等-法制_行政法_2012至2024年_合併.pdf
2025-04-14 21:24:18,035 - INFO - 完成 地方政府特考三等-法制/行政法 資料夾處理，合併了 13 個PDF檔案
2025-04-14 21:24:18,035 - INFO - 處理考試類型: 地方政府特考三等-法律廉政
2025-04-14 21:24:18,035 - INFO - 處理科目: 公務員法（包括任用、服務、保障、考績、懲戒、交代、行政中立、利益衝突迴避與財產申報）
2025-04-14 21:24:18,035 - INFO - 排序後的檔案順序: ['113年_地方政府特考三等-法律廉政_公務員法（包括任用、服務、保障、考績、懲戒、交代、行政中立、利益衝突迴避與財產申報）.pdf', '112年_地方政府特考三等-法律廉政_公務員法（包括任用、服務、保障、考績、懲戒、交代、行政中立、利益衝突迴避與財產申報）.pdf', '111年_地方政府特考三等-法律廉政_公務員法（包括任用、服務、保障、考績、懲戒、交代、行政中立、利益衝突迴避與財產申報）.pdf', '108年_地方政府特考三等-法律廉政_公務員法（包括任用、服務、保障、考績、懲戒、交代、行政中立、利益衝突迴避與財產申報）.pdf', '107年_地方政府特考三等-法律廉政_公務員法（包括任用、服務、保障、考績、懲戒、交代、行政中立、利益衝突迴避與財產申報）.pdf', '106年_地方政府特考三等-法律廉政_公務員法（包括任用、服務、保障、考績、懲戒、交代、行政中立、利益衝突迴避與財產申報）.pdf', '105年_地方政府特考三等-法律廉政_公務員法（包括任用、服務、保障、考績、懲戒、交代、行政中立、利益衝突迴避與財產申報）.pdf', '104年_地方政府特考三等-法律廉政_公務員法（包括任用、服務、保障、考績、懲戒、交代、行政中立、利益衝突迴避與財產申報）.pdf', '102年_地方政府特考三等-法律廉政_公務員法（包括任用、服務、保障、考績、懲戒、交代、行政中立、利益衝突迴避與財產申報）.pdf']
2025-04-14 21:24:18,035 - INFO - 處理檔案: 113年_地方政府特考三等-法律廉政_公務員法（包括任用、服務、保障、考績、懲戒、交代、行政中立、利益衝突迴避與財產申報）.pdf
2025-04-14 21:24:18,064 - INFO - 處理檔案: 112年_地方政府特考三等-法律廉政_公務員法（包括任用、服務、保障、考績、懲戒、交代、行政中立、利益衝突迴避與財產申報）.pdf
2025-04-14 21:24:18,079 - INFO - 處理檔案: 111年_地方政府特考三等-法律廉政_公務員法（包括任用、服務、保障、考績、懲戒、交代、行政中立、利益衝突迴避與財產申報）.pdf
2025-04-14 21:24:18,110 - INFO - 處理檔案: 108年_地方政府特考三等-法律廉政_公務員法（包括任用、服務、保障、考績、懲戒、交代、行政中立、利益衝突迴避與財產申報）.pdf
2025-04-14 21:24:18,128 - INFO - 處理檔案: 107年_地方政府特考三等-法律廉政_公務員法（包括任用、服務、保障、考績、懲戒、交代、行政中立、利益衝突迴避與財產申報）.pdf
2025-04-14 21:24:18,160 - INFO - 處理檔案: 106年_地方政府特考三等-法律廉政_公務員法（包括任用、服務、保障、考績、懲戒、交代、行政中立、利益衝突迴避與財產申報）.pdf
2025-04-14 21:24:18,185 - INFO - 處理檔案: 105年_地方政府特考三等-法律廉政_公務員法（包括任用、服務、保障、考績、懲戒、交代、行政中立、利益衝突迴避與財產申報）.pdf
2025-04-14 21:24:18,211 - INFO - 處理檔案: 104年_地方政府特考三等-法律廉政_公務員法（包括任用、服務、保障、考績、懲戒、交代、行政中立、利益衝突迴避與財產申報）.pdf
2025-04-14 21:24:18,228 - INFO - 處理檔案: 102年_地方政府特考三等-法律廉政_公務員法（包括任用、服務、保障、考績、懲戒、交代、行政中立、利益衝突迴避與財產申報）.pdf
2025-04-14 21:24:18,743 - INFO - 合併完成 (成功):
- 處理檔案數: 9
- 輸入總頁數: 37
- 輸出總頁數: 37
- 輸出檔案: C:\Users\tom89\Documents\GitHub\landnote\landnotev3\高點法律考古題\合併後PDF檔案\地方政府特考三等-法律廉政\地方政府特考三等-法律廉政_公務員法（包括任用、服務、保障、考績、懲戒、交代、行政中立、利益衝突迴避與財產申報）_2013至2024年_合併.pdf
2025-04-14 21:24:18,743 - INFO - 完成 地方政府特考三等-法律廉政/公務員法（包括任用、服務、保障、考績、懲戒、交代、行政中立、利益衝突迴避與財產申報） 資料夾處理，合併了 9 個PDF檔案
2025-04-14 21:24:18,743 - INFO - 處理科目: 公務員法（包括任用、服務、考績、懲戒、行政中立、利益衝突迴避與財產申報）
2025-04-14 21:24:18,743 - INFO - 排序後的檔案順序: ['110年_地方政府特考三等-法律廉政_公務員法（包括任用、服務、考績、懲戒、行政中立、利益衝突迴避與財產申報）.pdf', '109年_地方政府特考三等-法律廉政_公務員法（包括任用、服務、考績、懲戒、行政中立、利益衝突迴避與財產申報）.pdf', '103年_地方政府特考三等-法律廉政_公務員法（包括任用、服務、考績、懲戒、行政中立、利益衝突迴避與財產申報）.pdf', '101年_地方政府特考三等-法律廉政_公務員法（包括任用、服務、考績、懲戒、行政中立、利益衝突迴避與財產申報）.pdf']
2025-04-14 21:24:18,743 - INFO - 處理檔案: 110年_地方政府特考三等-法律廉政_公務員法（包括任用、服務、考績、懲戒、行政中立、利益衝突迴避與財產申報）.pdf
2025-04-14 21:24:18,780 - INFO - 處理檔案: 109年_地方政府特考三等-法律廉政_公務員法（包括任用、服務、考績、懲戒、行政中立、利益衝突迴避與財產申報）.pdf
2025-04-14 21:24:18,811 - INFO - 處理檔案: 103年_地方政府特考三等-法律廉政_公務員法（包括任用、服務、考績、懲戒、行政中立、利益衝突迴避與財產申報）.pdf
2025-04-14 21:24:18,829 - INFO - 處理檔案: 101年_地方政府特考三等-法律廉政_公務員法（包括任用、服務、考績、懲戒、行政中立、利益衝突迴避與財產申報）.pdf
2025-04-14 21:24:19,085 - INFO - 合併完成 (成功):
- 處理檔案數: 4
- 輸入總頁數: 14
- 輸出總頁數: 14
- 輸出檔案: C:\Users\tom89\Documents\GitHub\landnote\landnotev3\高點法律考古題\合併後PDF檔案\地方政府特考三等-法律廉政\地方政府特考三等-法律廉政_公務員法（包括任用、服務、考績、懲戒、行政中立、利益衝突迴避與財產申報）_2012至2021年_合併.pdf
2025-04-14 21:24:19,085 - INFO - 完成 地方政府特考三等-法律廉政/公務員法（包括任用、服務、考績、懲戒、行政中立、利益衝突迴避與財產申報） 資料夾處理，合併了 4 個PDF檔案
2025-04-14 21:24:19,085 - INFO - 處理科目: 刑事訴訟法
2025-04-14 21:24:19,085 - INFO - 排序後的檔案順序: ['112年_地方政府特考三等-法律廉政_刑事訴訟法.pdf', '111年_地方政府特考三等-法律廉政_刑事訴訟法.pdf', '110年_地方政府特考三等-法律廉政_刑事訴訟法.pdf', '109年_地方政府特考三等-法律廉政_刑事訴訟法.pdf', '108年_地方政府特考三等-法律廉政_刑事訴訟法.pdf', '107年_地方政府特考三等-法律廉政_刑事訴訟法.pdf', '105年_地方政府特考三等-法律廉政_刑事訴訟法.pdf', '104年_地方政府特考三等-法律廉政_刑事訴訟法.pdf', '103年_地方政府特考三等-法律廉政_刑事訴訟法.pdf']
2025-04-14 21:24:19,085 - INFO - 處理檔案: 112年_地方政府特考三等-法律廉政_刑事訴訟法.pdf
2025-04-14 21:24:19,127 - INFO - 處理檔案: 111年_地方政府特考三等-法律廉政_刑事訴訟法.pdf
2025-04-14 21:24:19,158 - INFO - 處理檔案: 110年_地方政府特考三等-法律廉政_刑事訴訟法.pdf
2025-04-14 21:24:19,208 - INFO - 處理檔案: 109年_地方政府特考三等-法律廉政_刑事訴訟法.pdf
2025-04-14 21:24:19,229 - INFO - 處理檔案: 108年_地方政府特考三等-法律廉政_刑事訴訟法.pdf
2025-04-14 21:24:19,257 - INFO - 處理檔案: 107年_地方政府特考三等-法律廉政_刑事訴訟法.pdf
2025-04-14 21:24:19,280 - INFO - 處理檔案: 105年_地方政府特考三等-法律廉政_刑事訴訟法.pdf
2025-04-14 21:24:19,297 - INFO - 處理檔案: 104年_地方政府特考三等-法律廉政_刑事訴訟法.pdf
2025-04-14 21:24:19,314 - INFO - 處理檔案: 103年_地方政府特考三等-法律廉政_刑事訴訟法.pdf
2025-04-14 21:24:19,844 - INFO - 合併完成 (成功):
- 處理檔案數: 9
- 輸入總頁數: 33
- 輸出總頁數: 33
- 輸出檔案: C:\Users\tom89\Documents\GitHub\landnote\landnotev3\高點法律考古題\合併後PDF檔案\地方政府特考三等-法律廉政\地方政府特考三等-法律廉政_刑事訴訟法_2014至2023年_合併.pdf
2025-04-14 21:24:19,844 - INFO - 完成 地方政府特考三等-法律廉政/刑事訴訟法 資料夾處理，合併了 9 個PDF檔案
2025-04-14 21:24:19,844 - INFO - 處理科目: 刑法
2025-04-14 21:24:19,844 - INFO - 排序後的檔案順序: ['112年_地方政府特考三等-法律廉政_刑法.pdf', '111年_地方政府特考三等-法律廉政_刑法.pdf', '110年_地方政府特考三等-法律廉政_刑法.pdf', '109年_地方政府特考三等-法律廉政_刑法.pdf', '108年_地方政府特考三等-法律廉政_刑法.pdf', '107年_地方政府特考三等-法律廉政_刑法.pdf', '106年_地方政府特考三等-法律廉政_刑法.pdf', '105年_地方政府特考三等-法律廉政_刑法.pdf', '104年_地方政府特考三等-法律廉政_刑法.pdf', '103年_地方政府特考三等-法律廉政_刑法.pdf', '101年_地方政府特考三等-法律廉政_刑法.pdf']
2025-04-14 21:24:19,844 - INFO - 處理檔案: 112年_地方政府特考三等-法律廉政_刑法.pdf
2025-04-14 21:24:19,879 - INFO - 處理檔案: 111年_地方政府特考三等-法律廉政_刑法.pdf
2025-04-14 21:24:19,897 - INFO - 處理檔案: 110年_地方政府特考三等-法律廉政_刑法.pdf
2025-04-14 21:24:19,924 - INFO - 處理檔案: 109年_地方政府特考三等-法律廉政_刑法.pdf
2025-04-14 21:24:19,974 - INFO - 處理檔案: 108年_地方政府特考三等-法律廉政_刑法.pdf
2025-04-14 21:24:19,996 - INFO - 處理檔案: 107年_地方政府特考三等-法律廉政_刑法.pdf
2025-04-14 21:24:20,024 - INFO - 處理檔案: 106年_地方政府特考三等-法律廉政_刑法.pdf
2025-04-14 21:24:20,045 - INFO - 處理檔案: 105年_地方政府特考三等-法律廉政_刑法.pdf
2025-04-14 21:24:20,062 - INFO - 處理檔案: 104年_地方政府特考三等-法律廉政_刑法.pdf
2025-04-14 21:24:20,081 - INFO - 處理檔案: 103年_地方政府特考三等-法律廉政_刑法.pdf
2025-04-14 21:24:20,098 - INFO - 處理檔案: 101年_地方政府特考三等-法律廉政_刑法.pdf
2025-04-14 21:24:20,987 - INFO - 合併完成 (成功):
- 處理檔案數: 11
- 輸入總頁數: 40
- 輸出總頁數: 40
- 輸出檔案: C:\Users\tom89\Documents\GitHub\landnote\landnotev3\高點法律考古題\合併後PDF檔案\地方政府特考三等-法律廉政\地方政府特考三等-法律廉政_刑法_2012至2023年_合併.pdf
2025-04-14 21:24:20,987 - INFO - 完成 地方政府特考三等-法律廉政/刑法 資料夾處理，合併了 11 個PDF檔案
2025-04-14 21:24:20,987 - INFO - 處理科目: 刑法與刑事訴訟法
2025-04-14 21:24:20,987 - INFO - 排序後的檔案順序: ['113年_地方政府特考三等-法律廉政_刑法與刑事訴訟法.pdf']
2025-04-14 21:24:20,987 - INFO - 處理檔案: 113年_地方政府特考三等-法律廉政_刑法與刑事訴訟法.pdf
2025-04-14 21:24:21,108 - INFO - 合併完成 (成功):
- 處理檔案數: 1
- 輸入總頁數: 5
- 輸出總頁數: 5
- 輸出檔案: C:\Users\tom89\Documents\GitHub\landnote\landnotev3\高點法律考古題\合併後PDF檔案\地方政府特考三等-法律廉政\地方政府特考三等-法律廉政_刑法與刑事訴訟法_2024至2024年_合併.pdf
2025-04-14 21:24:21,108 - INFO - 完成 地方政府特考三等-法律廉政/刑法與刑事訴訟法 資料夾處理，合併了 1 個PDF檔案
2025-04-14 21:24:21,108 - INFO - 處理科目: 國文
2025-04-14 21:24:21,108 - INFO - 排序後的檔案順序: ['109年_地方政府特考三等-法律廉政_國文.pdf', '103年_地方政府特考三等-法律廉政_國文.pdf']
2025-04-14 21:24:21,108 - INFO - 處理檔案: 109年_地方政府特考三等-法律廉政_國文.pdf
2025-04-14 21:24:21,131 - INFO - 處理檔案: 103年_地方政府特考三等-法律廉政_國文.pdf
2025-04-14 21:24:21,238 - INFO - 合併完成 (成功):
- 處理檔案數: 2
- 輸入總頁數: 4
- 輸出總頁數: 4
- 輸出檔案: C:\Users\tom89\Documents\GitHub\landnote\landnotev3\高點法律考古題\合併後PDF檔案\地方政府特考三等-法律廉政\地方政府特考三等-法律廉政_國文_2014至2020年_合併.pdf
2025-04-14 21:24:21,238 - INFO - 完成 地方政府特考三等-法律廉政/國文 資料夾處理，合併了 2 個PDF檔案
2025-04-14 21:24:21,238 - INFO - 處理科目: 國文( 作文、公文與測驗)
2025-04-14 21:24:21,239 - INFO - 排序後的檔案順序: ['111年_地方政府特考三等-法律廉政_國文( 作文、公文與測驗).pdf', '110年_地方政府特考三等-法律廉政_國文( 作文、公文與測驗).pdf', '108年_地方政府特考三等-法律廉政_國文( 作文、公文與測驗).pdf', '105年_地方政府特考三等-法律廉政_國文( 作文、公文與測驗).pdf', '104年_地方政府特考三等-法律廉政_國文( 作文、公文與測驗).pdf', '102年_地方政府特考三等-法律廉政_國文( 作文、公文與測驗).pdf']
2025-04-14 21:24:21,239 - INFO - 處理檔案: 111年_地方政府特考三等-法律廉政_國文( 作文、公文與測驗).pdf
2025-04-14 21:24:21,269 - INFO - 處理檔案: 110年_地方政府特考三等-法律廉政_國文( 作文、公文與測驗).pdf
2025-04-14 21:24:21,294 - INFO - 處理檔案: 108年_地方政府特考三等-法律廉政_國文( 作文、公文與測驗).pdf
2025-04-14 21:24:21,323 - INFO - 處理檔案: 105年_地方政府特考三等-法律廉政_國文( 作文、公文與測驗).pdf
2025-04-14 21:24:21,342 - INFO - 處理檔案: 104年_地方政府特考三等-法律廉政_國文( 作文、公文與測驗).pdf
2025-04-14 21:24:21,365 - INFO - 處理檔案: 102年_地方政府特考三等-法律廉政_國文( 作文、公文與測驗).pdf
2025-04-14 21:24:21,723 - INFO - 合併完成 (成功):
- 處理檔案數: 6
- 輸入總頁數: 16
- 輸出總頁數: 16
- 輸出檔案: C:\Users\tom89\Documents\GitHub\landnote\landnotev3\高點法律考古題\合併後PDF檔案\地方政府特考三等-法律廉政\地方政府特考三等-法律廉政_國文( 作文、公文與測驗)_2013至2022年_合併.pdf
2025-04-14 21:24:21,723 - INFO - 完成 地方政府特考三等-法律廉政/國文( 作文、公文與測驗) 資料夾處理，合併了 6 個PDF檔案
2025-04-14 21:24:21,723 - INFO - 處理科目: 國文（作文與測驗）
2025-04-14 21:24:21,723 - INFO - 排序後的檔案順序: ['113年_地方政府特考三等-法律廉政_國文（作文與測驗）.pdf', '112年_地方政府特考三等-法律廉政_國文（作文與測驗）.pdf']
2025-04-14 21:24:21,723 - INFO - 處理檔案: 113年_地方政府特考三等-法律廉政_國文（作文與測驗）.pdf
2025-04-14 21:24:21,748 - INFO - 處理檔案: 112年_地方政府特考三等-法律廉政_國文（作文與測驗）.pdf
2025-04-14 21:24:21,876 - INFO - 合併完成 (成功):
- 處理檔案數: 2
- 輸入總頁數: 5
- 輸出總頁數: 5
- 輸出檔案: C:\Users\tom89\Documents\GitHub\landnote\landnotev3\高點法律考古題\合併後PDF檔案\地方政府特考三等-法律廉政\地方政府特考三等-法律廉政_國文（作文與測驗）_2023至2024年_合併.pdf
2025-04-14 21:24:21,891 - INFO - 完成 地方政府特考三等-法律廉政/國文（作文與測驗） 資料夾處理，合併了 2 個PDF檔案
2025-04-14 21:24:21,891 - INFO - 處理科目: 心理學
2025-04-14 21:24:21,891 - INFO - 排序後的檔案順序: ['103年_地方政府特考三等-法律廉政_心理學.pdf']
2025-04-14 21:24:21,891 - INFO - 處理檔案: 103年_地方政府特考三等-法律廉政_心理學.pdf
2025-04-14 21:24:21,942 - INFO - 合併完成 (成功):
- 處理檔案數: 1
- 輸入總頁數: 3
- 輸出總頁數: 3
- 輸出檔案: C:\Users\tom89\Documents\GitHub\landnote\landnotev3\高點法律考古題\合併後PDF檔案\地方政府特考三等-法律廉政\地方政府特考三等-法律廉政_心理學_2014至2014年_合併.pdf
2025-04-14 21:24:21,942 - INFO - 完成 地方政府特考三等-法律廉政/心理學 資料夾處理，合併了 1 個PDF檔案
2025-04-14 21:24:21,942 - INFO - 處理科目: 法學知識與英文
2025-04-14 21:24:21,942 - INFO - 排序後的檔案順序: ['104年_地方政府特考三等-法律廉政_法學知識與英文.pdf', '103年_地方政府特考三等-法律廉政_法學知識與英文.pdf', '102年_地方政府特考三等-法律廉政_法學知識與英文.pdf']
2025-04-14 21:24:21,942 - INFO - 處理檔案: 104年_地方政府特考三等-法律廉政_法學知識與英文.pdf
2025-04-14 21:24:21,975 - INFO - 處理檔案: 103年_地方政府特考三等-法律廉政_法學知識與英文.pdf
2025-04-14 21:24:22,015 - INFO - 處理檔案: 102年_地方政府特考三等-法律廉政_法學知識與英文.pdf
2025-04-14 21:24:22,623 - INFO - 合併完成 (成功):
- 處理檔案數: 3
- 輸入總頁數: 15
- 輸出總頁數: 15
- 輸出檔案: C:\Users\tom89\Documents\GitHub\landnote\landnotev3\高點法律考古題\合併後PDF檔案\地方政府特考三等-法律廉政\地方政府特考三等-法律廉政_法學知識與英文_2013至2015年_合併.pdf
2025-04-14 21:24:22,623 - INFO - 完成 地方政府特考三等-法律廉政/法學知識與英文 資料夾處理，合併了 3 個PDF檔案
2025-04-14 21:24:22,623 - INFO - 處理科目: 法學知識與英文（包括中華民國憲法、法學緒論、英文）
2025-04-14 21:24:22,624 - INFO - 排序後的檔案順序: ['113年_地方政府特考三等-法律廉政_法學知識與英文（包括中華民國憲法、法學緒論、英文）.pdf', '112年_地方政府特考三等-法律廉政_法學知識與英文（包括中華民國憲法、法學緒論、英文）.pdf', '111年_地方政府特考三等-法律廉政_法學知識與英文（包括中華民國憲法、法學緒論、英文）.pdf', '110年_地方政府特考三等-法律廉政_法學知識與英文（包括中華民國憲法、法學緒論、英文）.pdf', '109年_地方政府特考三等-法律廉政_法學知識與英文（包括中華民國憲法、法學緒論、英文）.pdf', '108年_地方政府特考三等-法律廉政_法學知識與英文（包括中華民國憲法、法學緒論、英文）.pdf', '107年_地方政府特考三等-法律廉政_法學知識與英文（包括中華民國憲法、法學緒論、英文）.pdf', '106年_地方政府特考三等-法律廉政_法學知識與英文（包括中華民國憲法、法學緒論、英文）.pdf', '105年_地方政府特考三等-法律廉政_法學知識與英文（包括中華民國憲法、法學緒論、英文）.pdf']
2025-04-14 21:24:22,624 - INFO - 處理檔案: 113年_地方政府特考三等-法律廉政_法學知識與英文（包括中華民國憲法、法學緒論、英文）.pdf
2025-04-14 21:24:22,649 - INFO - 處理檔案: 112年_地方政府特考三等-法律廉政_法學知識與英文（包括中華民國憲法、法學緒論、英文）.pdf
2025-04-14 21:24:22,667 - INFO - 處理檔案: 111年_地方政府特考三等-法律廉政_法學知識與英文（包括中華民國憲法、法學緒論、英文）.pdf
2025-04-14 21:24:22,699 - INFO - 處理檔案: 110年_地方政府特考三等-法律廉政_法學知識與英文（包括中華民國憲法、法學緒論、英文）.pdf
2025-04-14 21:24:22,717 - INFO - 處理檔案: 109年_地方政府特考三等-法律廉政_法學知識與英文（包括中華民國憲法、法學緒論、英文）.pdf
2025-04-14 21:24:22,743 - INFO - 處理檔案: 108年_地方政府特考三等-法律廉政_法學知識與英文（包括中華民國憲法、法學緒論、英文）.pdf
2025-04-14 21:24:22,766 - INFO - 處理檔案: 107年_地方政府特考三等-法律廉政_法學知識與英文（包括中華民國憲法、法學緒論、英文）.pdf
2025-04-14 21:24:22,796 - INFO - 處理檔案: 106年_地方政府特考三等-法律廉政_法學知識與英文（包括中華民國憲法、法學緒論、英文）.pdf
2025-04-14 21:24:22,816 - INFO - 處理檔案: 105年_地方政府特考三等-法律廉政_法學知識與英文（包括中華民國憲法、法學緒論、英文）.pdf
2025-04-14 21:24:23,617 - INFO - 合併完成 (成功):
- 處理檔案數: 9
- 輸入總頁數: 47
- 輸出總頁數: 47
- 輸出檔案: C:\Users\tom89\Documents\GitHub\landnote\landnotev3\高點法律考古題\合併後PDF檔案\地方政府特考三等-法律廉政\地方政府特考三等-法律廉政_法學知識與英文（包括中華民國憲法、法學緒論、英文）_2016至2024年_合併.pdf
2025-04-14 21:24:23,617 - INFO - 完成 地方政府特考三等-法律廉政/法學知識與英文（包括中華民國憲法、法學緒論、英文） 資料夾處理，合併了 9 個PDF檔案
2025-04-14 21:24:23,617 - INFO - 處理科目: 社會學
2025-04-14 21:24:23,617 - INFO - 排序後的檔案順序: ['112年_地方政府特考三等-法律廉政_社會學.pdf', '111年_地方政府特考三等-法律廉政_社會學.pdf', '110年_地方政府特考三等-法律廉政_社會學.pdf', '109年_地方政府特考三等-法律廉政_社會學.pdf', '108年_地方政府特考三等-法律廉政_社會學.pdf', '107年_地方政府特考三等-法律廉政_社會學.pdf', '106年_地方政府特考三等-法律廉政_社會學.pdf', '105年_地方政府特考三等-法律廉政_社會學.pdf', '104年_地方政府特考三等-法律廉政_社會學.pdf', '103年_地方政府特考三等-法律廉政_社會學.pdf', '102年_地方政府特考三等-法律廉政_社會學.pdf', '101年_地方政府特考三等-法律廉政_社會學.pdf', '100年_地方政府特考三等-法律廉政_社會學.pdf', '99年_地方政府特考三等-法律廉政_社會學.pdf']
2025-04-14 21:24:23,617 - INFO - 處理檔案: 112年_地方政府特考三等-法律廉政_社會學.pdf
2025-04-14 21:24:23,643 - INFO - 處理檔案: 111年_地方政府特考三等-法律廉政_社會學.pdf
2025-04-14 21:24:23,667 - INFO - 處理檔案: 110年_地方政府特考三等-法律廉政_社會學.pdf
2025-04-14 21:24:23,738 - INFO - 處理檔案: 109年_地方政府特考三等-法律廉政_社會學.pdf
2025-04-14 21:24:23,765 - INFO - 處理檔案: 108年_地方政府特考三等-法律廉政_社會學.pdf
2025-04-14 21:24:23,795 - INFO - 處理檔案: 107年_地方政府特考三等-法律廉政_社會學.pdf
2025-04-14 21:24:23,817 - INFO - 處理檔案: 106年_地方政府特考三等-法律廉政_社會學.pdf
2025-04-14 21:24:23,849 - INFO - 處理檔案: 105年_地方政府特考三等-法律廉政_社會學.pdf
2025-04-14 21:24:23,868 - INFO - 處理檔案: 104年_地方政府特考三等-法律廉政_社會學.pdf
2025-04-14 21:24:23,900 - INFO - 處理檔案: 103年_地方政府特考三等-法律廉政_社會學.pdf
2025-04-14 21:24:23,929 - INFO - 處理檔案: 102年_地方政府特考三等-法律廉政_社會學.pdf
2025-04-14 21:24:23,962 - INFO - 處理檔案: 101年_地方政府特考三等-法律廉政_社會學.pdf
2025-04-14 21:24:23,995 - INFO - 處理檔案: 100年_地方政府特考三等-法律廉政_社會學.pdf
2025-04-14 21:24:24,016 - INFO - 處理檔案: 99年_地方政府特考三等-法律廉政_社會學.pdf
2025-04-14 21:24:25,289 - INFO - 合併完成 (成功):
- 處理檔案數: 14
- 輸入總頁數: 73
- 輸出總頁數: 73
- 輸出檔案: C:\Users\tom89\Documents\GitHub\landnote\landnotev3\高點法律考古題\合併後PDF檔案\地方政府特考三等-法律廉政\地方政府特考三等-法律廉政_社會學_2010至2023年_合併.pdf
2025-04-14 21:24:25,289 - INFO - 完成 地方政府特考三等-法律廉政/社會學 資料夾處理，合併了 14 個PDF檔案
2025-04-14 21:24:25,289 - INFO - 處理科目: 行政學
2025-04-14 21:24:25,289 - INFO - 排序後的檔案順序: ['113年_地方政府特考三等-法律廉政_行政學.pdf', '112年_地方政府特考三等-法律廉政_行政學.pdf', '111年_地方政府特考三等-法律廉政_行政學.pdf', '110年_地方政府特考三等-法律廉政_行政學.pdf', '109年_地方政府特考三等-法律廉政_行政學.pdf', '108年_地方政府特考三等-法律廉政_行政學.pdf', '107年_地方政府特考三等-法律廉政_行政學.pdf', '106年_地方政府特考三等-法律廉政_行政學.pdf', '105年_地方政府特考三等-法律廉政_行政學.pdf', '104年_地方政府特考三等-法律廉政_行政學.pdf', '103年_地方政府特考三等-法律廉政_行政學.pdf', '102年_地方政府特考三等-法律廉政_行政學.pdf', '101年_地方政府特考三等-法律廉政_行政學.pdf', '100年_地方政府特考三等-法律廉政_行政學.pdf', '99年_地方政府特考三等-法律廉政_行政學.pdf']
2025-04-14 21:24:25,289 - INFO - 處理檔案: 113年_地方政府特考三等-法律廉政_行政學.pdf
2025-04-14 21:24:25,330 - INFO - 處理檔案: 112年_地方政府特考三等-法律廉政_行政學.pdf
2025-04-14 21:24:25,352 - INFO - 處理檔案: 111年_地方政府特考三等-法律廉政_行政學.pdf
2025-04-14 21:24:25,380 - INFO - 處理檔案: 110年_地方政府特考三等-法律廉政_行政學.pdf
2025-04-14 21:24:25,401 - INFO - 處理檔案: 109年_地方政府特考三等-法律廉政_行政學.pdf
2025-04-14 21:24:25,419 - INFO - 處理檔案: 108年_地方政府特考三等-法律廉政_行政學.pdf
2025-04-14 21:24:25,453 - INFO - 處理檔案: 107年_地方政府特考三等-法律廉政_行政學.pdf
2025-04-14 21:24:25,496 - INFO - 處理檔案: 106年_地方政府特考三等-法律廉政_行政學.pdf
2025-04-14 21:24:25,518 - INFO - 處理檔案: 105年_地方政府特考三等-法律廉政_行政學.pdf
2025-04-14 21:24:25,535 - INFO - 處理檔案: 104年_地方政府特考三等-法律廉政_行政學.pdf
2025-04-14 21:24:25,563 - INFO - 處理檔案: 103年_地方政府特考三等-法律廉政_行政學.pdf
2025-04-14 21:24:25,583 - INFO - 處理檔案: 102年_地方政府特考三等-法律廉政_行政學.pdf
2025-04-14 21:24:25,602 - INFO - 處理檔案: 101年_地方政府特考三等-法律廉政_行政學.pdf
2025-04-14 21:24:25,620 - INFO - 處理檔案: 100年_地方政府特考三等-法律廉政_行政學.pdf
2025-04-14 21:24:25,648 - INFO - 處理檔案: 99年_地方政府特考三等-法律廉政_行政學.pdf
2025-04-14 21:24:26,826 - INFO - 合併完成 (成功):
- 處理檔案數: 15
- 輸入總頁數: 69
- 輸出總頁數: 69
- 輸出檔案: C:\Users\tom89\Documents\GitHub\landnote\landnotev3\高點法律考古題\合併後PDF檔案\地方政府特考三等-法律廉政\地方政府特考三等-法律廉政_行政學_2010至2024年_合併.pdf
2025-04-14 21:24:26,826 - INFO - 完成 地方政府特考三等-法律廉政/行政學 資料夾處理，合併了 15 個PDF檔案
2025-04-14 21:24:26,826 - INFO - 處理科目: 行政法
2025-04-14 21:24:26,842 - INFO - 排序後的檔案順序: ['113年_地方政府特考三等-法律廉政_行政法.pdf', '112年_地方政府特考三等-法律廉政_行政法.pdf', '111年_地方政府特考三等-法律廉政_行政法.pdf', '110年_地方政府特考三等-法律廉政_行政法.pdf', '109年_地方政府特考三等-法律廉政_行政法.pdf', '108年_地方政府特考三等-法律廉政_行政法.pdf', '107年_地方政府特考三等-法律廉政_行政法.pdf', '106年_地方政府特考三等-法律廉政_行政法.pdf', '105年_地方政府特考三等-法律廉政_行政法.pdf', '104年_地方政府特考三等-法律廉政_行政法.pdf', '103年_地方政府特考三等-法律廉政_行政法.pdf', '102年_地方政府特考三等-法律廉政_行政法.pdf', '101年_地方政府特考三等-法律廉政_行政法.pdf', '100年_地方政府特考三等-法律廉政_行政法.pdf', '99年_地方政府特考三等-法律廉政_行政法.pdf']
2025-04-14 21:24:26,842 - INFO - 處理檔案: 113年_地方政府特考三等-法律廉政_行政法.pdf
2025-04-14 21:24:26,864 - INFO - 處理檔案: 112年_地方政府特考三等-法律廉政_行政法.pdf
2025-04-14 21:24:26,885 - INFO - 處理檔案: 111年_地方政府特考三等-法律廉政_行政法.pdf
2025-04-14 21:24:26,915 - INFO - 處理檔案: 110年_地方政府特考三等-法律廉政_行政法.pdf
2025-04-14 21:24:26,946 - INFO - 處理檔案: 109年_地方政府特考三等-法律廉政_行政法.pdf
2025-04-14 21:24:26,986 - INFO - 處理檔案: 108年_地方政府特考三等-法律廉政_行政法.pdf
2025-04-14 21:24:27,007 - INFO - 處理檔案: 107年_地方政府特考三等-法律廉政_行政法.pdf
2025-04-14 21:24:27,036 - INFO - 處理檔案: 106年_地方政府特考三等-法律廉政_行政法.pdf
2025-04-14 21:24:27,053 - INFO - 處理檔案: 105年_地方政府特考三等-法律廉政_行政法.pdf
2025-04-14 21:24:27,081 - INFO - 處理檔案: 104年_地方政府特考三等-法律廉政_行政法.pdf
2025-04-14 21:24:27,102 - INFO - 處理檔案: 103年_地方政府特考三等-法律廉政_行政法.pdf
2025-04-14 21:24:27,120 - INFO - 處理檔案: 102年_地方政府特考三等-法律廉政_行政法.pdf
2025-04-14 21:24:27,137 - INFO - 處理檔案: 101年_地方政府特考三等-法律廉政_行政法.pdf
2025-04-14 21:24:27,148 - INFO - 處理檔案: 100年_地方政府特考三等-法律廉政_行政法.pdf
2025-04-14 21:24:27,181 - INFO - 處理檔案: 99年_地方政府特考三等-法律廉政_行政法.pdf
2025-04-14 21:24:28,675 - INFO - 合併完成 (成功):
- 處理檔案數: 15
- 輸入總頁數: 86
- 輸出總頁數: 86
- 輸出檔案: C:\Users\tom89\Documents\GitHub\landnote\landnotev3\高點法律考古題\合併後PDF檔案\地方政府特考三等-法律廉政\地方政府特考三等-法律廉政_行政法_2010至2024年_合併.pdf
2025-04-14 21:24:28,675 - INFO - 完成 地方政府特考三等-法律廉政/行政法 資料夾處理，合併了 15 個PDF檔案
2025-04-14 21:24:28,675 - INFO - 處理考試類型: 地方政府特考四等-法律廉政
2025-04-14 21:24:28,675 - INFO - 處理科目: 公務員法（包括任用、服務、保障、考績、懲戒、交代、行政中立、利益衝突迴避與財產申報）
2025-04-14 21:24:28,675 - INFO - 排序後的檔案順序: ['102年_地方政府特考四等-法律廉政_公務員法（包括任用、服務、保障、考績、懲戒、交代、行政中立、利益衝突迴避與財產申報）.pdf']
2025-04-14 21:24:28,675 - INFO - 處理檔案: 102年_地方政府特考四等-法律廉政_公務員法（包括任用、服務、保障、考績、懲戒、交代、行政中立、利益衝突迴避與財產申報）.pdf
2025-04-14 21:24:28,732 - INFO - 合併完成 (成功):
- 處理檔案數: 1
- 輸入總頁數: 3
- 輸出總頁數: 3
- 輸出檔案: C:\Users\tom89\Documents\GitHub\landnote\landnotev3\高點法律考古題\合併後PDF檔案\地方政府特考四等-法律廉政\地方政府特考四等-法律廉政_公務員法（包括任用、服務、保障、考績、懲戒、交代、行政中立、利益衝突迴避與財產申報）_2013至2013年_合併.pdf
2025-04-14 21:24:28,748 - INFO - 完成 地方政府特考四等-法律廉政/公務員法（包括任用、服務、保障、考績、懲戒、交代、行政中立、利益衝突迴避與財產申報） 資料夾處理，合併了 1 個PDF檔案
2025-04-14 21:24:28,748 - INFO - 處理科目: 公務員法（包括任用、服務、保障、考績、懲戒、交代、行政中立、利益衝突迴避與財產申報）概要
2025-04-14 21:24:28,748 - INFO - 排序後的檔案順序: ['113年_地方政府特考四等-法律廉政_公務員法（包括任用、服務、保障、考績、懲戒、交代、行政中立、利益衝突迴避與財產申報）概要.pdf', '112年_地方政府特考四等-法律廉政_公務員法（包括任用、服務、保障、考績、懲戒、交代、行政中立、利益衝突迴避與財產申報）概要.pdf', '111年_地方政府特考四等-法律廉政_公務員法（包括任用、服務、保障、考績、懲戒、交代、行政中立、利益衝突迴避與財產申報）概要.pdf', '108年_地方政府特考四等-法律廉政_公務員法（包括任用、服務、保障、考績、懲戒、交代、行政中立、利益衝突迴避與財產申報）概要.pdf', '107年_地方政府特考四等-法律廉政_公務員法（包括任用、服務、保障、考績、懲戒、交代、行政中立、利益衝突迴避與財產申報）概要.pdf', '105年_地方政府特考四等-法律廉政_公務員法（包括任用、服務、保障、考績、懲戒、交代、行政中立、利益衝突迴避與財產申報）概要.pdf', '104年_地方政府特考四等-法律廉政_公務員法（包括任用、服務、保障、考績、懲戒、交代、行政中立、利益衝突迴避與財產申報）概要.pdf', '103年_地方政府特考四等-法律廉政_公務員法（包括任用、服務、保障、考績、懲戒、交代、行政中立、利益衝突迴避與財產申報）概要.pdf']
2025-04-14 21:24:28,748 - INFO - 處理檔案: 113年_地方政府特考四等-法律廉政_公務員法（包括任用、服務、保障、考績、懲戒、交代、行政中立、利益衝突迴避與財產申報）概要.pdf
2025-04-14 21:24:28,769 - INFO - 處理檔案: 112年_地方政府特考四等-法律廉政_公務員法（包括任用、服務、保障、考績、懲戒、交代、行政中立、利益衝突迴避與財產申報）概要.pdf
2025-04-14 21:24:28,782 - INFO - 處理檔案: 111年_地方政府特考四等-法律廉政_公務員法（包括任用、服務、保障、考績、懲戒、交代、行政中立、利益衝突迴避與財產申報）概要.pdf
2025-04-14 21:24:28,815 - INFO - 處理檔案: 108年_地方政府特考四等-法律廉政_公務員法（包括任用、服務、保障、考績、懲戒、交代、行政中立、利益衝突迴避與財產申報）概要.pdf
2025-04-14 21:24:28,837 - INFO - 處理檔案: 107年_地方政府特考四等-法律廉政_公務員法（包括任用、服務、保障、考績、懲戒、交代、行政中立、利益衝突迴避與財產申報）概要.pdf
2025-04-14 21:24:28,853 - INFO - 處理檔案: 105年_地方政府特考四等-法律廉政_公務員法（包括任用、服務、保障、考績、懲戒、交代、行政中立、利益衝突迴避與財產申報）概要.pdf
2025-04-14 21:24:28,884 - INFO - 處理檔案: 104年_地方政府特考四等-法律廉政_公務員法（包括任用、服務、保障、考績、懲戒、交代、行政中立、利益衝突迴避與財產申報）概要.pdf
2025-04-14 21:24:28,905 - INFO - 處理檔案: 103年_地方政府特考四等-法律廉政_公務員法（包括任用、服務、保障、考績、懲戒、交代、行政中立、利益衝突迴避與財產申報）概要.pdf
2025-04-14 21:24:29,414 - INFO - 合併完成 (成功):
- 處理檔案數: 8
- 輸入總頁數: 30
- 輸出總頁數: 30
- 輸出檔案: C:\Users\tom89\Documents\GitHub\landnote\landnotev3\高點法律考古題\合併後PDF檔案\地方政府特考四等-法律廉政\地方政府特考四等-法律廉政_公務員法（包括任用、服務、保障、考績、懲戒、交代、行政中立、利益衝突迴避與財產申報）概要_2014至2024年_合併.pdf
2025-04-14 21:24:29,414 - INFO - 完成 地方政府特考四等-法律廉政/公務員法（包括任用、服務、保障、考績、懲戒、交代、行政中立、利益衝突迴避與財產申報）概要 資料夾處理，合併了 8 個PDF檔案
2025-04-14 21:24:29,414 - INFO - 處理科目: 公務員法（包括任用、服務、考績、懲戒、行政中立、利益衝突迴避與財產申報）概要
2025-04-14 21:24:29,414 - INFO - 排序後的檔案順序: ['110年_地方政府特考四等-法律廉政_公務員法（包括任用、服務、考績、懲戒、行政中立、利益衝突迴避與財產申報）概要.pdf', '109年_地方政府特考四等-法律廉政_公務員法（包括任用、服務、考績、懲戒、行政中立、利益衝突迴避與財產申報）概要.pdf', '106年_地方政府特考四等-法律廉政_公務員法（包括任用、服務、考績、懲戒、行政中立、利益衝突迴避與財產申報）概要.pdf', '101年_地方政府特考四等-法律廉政_公務員法（包括任用、服務、考績、懲戒、行政中立、利益衝突迴避與財產申報）概要.pdf']
2025-04-14 21:24:29,414 - INFO - 處理檔案: 110年_地方政府特考四等-法律廉政_公務員法（包括任用、服務、考績、懲戒、行政中立、利益衝突迴避與財產申報）概要.pdf
2025-04-14 21:24:29,442 - INFO - 處理檔案: 109年_地方政府特考四等-法律廉政_公務員法（包括任用、服務、考績、懲戒、行政中立、利益衝突迴避與財產申報）概要.pdf
2025-04-14 21:24:29,478 - INFO - 處理檔案: 106年_地方政府特考四等-法律廉政_公務員法（包括任用、服務、考績、懲戒、行政中立、利益衝突迴避與財產申報）概要.pdf
2025-04-14 21:24:29,500 - INFO - 處理檔案: 101年_地方政府特考四等-法律廉政_公務員法（包括任用、服務、考績、懲戒、行政中立、利益衝突迴避與財產申報）概要.pdf
2025-04-14 21:24:29,775 - INFO - 合併完成 (成功):
- 處理檔案數: 4
- 輸入總頁數: 14
- 輸出總頁數: 14
- 輸出檔案: C:\Users\tom89\Documents\GitHub\landnote\landnotev3\高點法律考古題\合併後PDF檔案\地方政府特考四等-法律廉政\地方政府特考四等-法律廉政_公務員法（包括任用、服務、考績、懲戒、行政中立、利益衝突迴避與財產申報）概要_2012至2021年_合併.pdf
2025-04-14 21:24:29,775 - INFO - 完成 地方政府特考四等-法律廉政/公務員法（包括任用、服務、考績、懲戒、行政中立、利益衝突迴避與財產申報）概要 資料夾處理，合併了 4 個PDF檔案
2025-04-14 21:24:29,775 - INFO - 處理科目: 刑事訴訟法概要
2025-04-14 21:24:29,775 - INFO - 排序後的檔案順序: ['112年_地方政府特考四等-法律廉政_刑事訴訟法概要.pdf', '111年_地方政府特考四等-法律廉政_刑事訴訟法概要.pdf', '110年_地方政府特考四等-法律廉政_刑事訴訟法概要.pdf', '109年_地方政府特考四等-法律廉政_刑事訴訟法概要.pdf', '108年_地方政府特考四等-法律廉政_刑事訴訟法概要.pdf', '107年_地方政府特考四等-法律廉政_刑事訴訟法概要.pdf', '106年_地方政府特考四等-法律廉政_刑事訴訟法概要.pdf', '105年_地方政府特考四等-法律廉政_刑事訴訟法概要.pdf', '104年_地方政府特考四等-法律廉政_刑事訴訟法概要.pdf', '103年_地方政府特考四等-法律廉政_刑事訴訟法概要.pdf', '101年_地方政府特考四等-法律廉政_刑事訴訟法概要.pdf']
2025-04-14 21:24:29,775 - INFO - 處理檔案: 112年_地方政府特考四等-法律廉政_刑事訴訟法概要.pdf
2025-04-14 21:24:29,803 - INFO - 處理檔案: 111年_地方政府特考四等-法律廉政_刑事訴訟法概要.pdf
2025-04-14 21:24:29,822 - INFO - 處理檔案: 110年_地方政府特考四等-法律廉政_刑事訴訟法概要.pdf
2025-04-14 21:24:29,850 - INFO - 處理檔案: 109年_地方政府特考四等-法律廉政_刑事訴訟法概要.pdf
2025-04-14 21:24:29,873 - INFO - 處理檔案: 108年_地方政府特考四等-法律廉政_刑事訴訟法概要.pdf
2025-04-14 21:24:29,901 - INFO - 處理檔案: 107年_地方政府特考四等-法律廉政_刑事訴訟法概要.pdf
2025-04-14 21:24:29,923 - INFO - 處理檔案: 106年_地方政府特考四等-法律廉政_刑事訴訟法概要.pdf
2025-04-14 21:24:29,952 - INFO - 處理檔案: 105年_地方政府特考四等-法律廉政_刑事訴訟法概要.pdf
2025-04-14 21:24:29,985 - INFO - 處理檔案: 104年_地方政府特考四等-法律廉政_刑事訴訟法概要.pdf
2025-04-14 21:24:30,006 - INFO - 處理檔案: 103年_地方政府特考四等-法律廉政_刑事訴訟法概要.pdf
2025-04-14 21:24:30,040 - INFO - 處理檔案: 101年_地方政府特考四等-法律廉政_刑事訴訟法概要.pdf
2025-04-14 21:24:30,609 - INFO - 合併完成 (成功):
- 處理檔案數: 11
- 輸入總頁數: 38
- 輸出總頁數: 38
- 輸出檔案: C:\Users\tom89\Documents\GitHub\landnote\landnotev3\高點法律考古題\合併後PDF檔案\地方政府特考四等-法律廉政\地方政府特考四等-法律廉政_刑事訴訟法概要_2012至2023年_合併.pdf
2025-04-14 21:24:30,609 - INFO - 完成 地方政府特考四等-法律廉政/刑事訴訟法概要 資料夾處理，合併了 11 個PDF檔案
2025-04-14 21:24:30,609 - INFO - 處理科目: 刑法概要
2025-04-14 21:24:30,609 - INFO - 排序後的檔案順序: ['112年_地方政府特考四等-法律廉政_刑法概要.pdf', '111年_地方政府特考四等-法律廉政_刑法概要.pdf', '110年_地方政府特考四等-法律廉政_刑法概要.pdf', '109年_地方政府特考四等-法律廉政_刑法概要.pdf', '108年_地方政府特考四等-法律廉政_刑法概要.pdf', '107年_地方政府特考四等-法律廉政_刑法概要.pdf', '106年_地方政府特考四等-法律廉政_刑法概要.pdf', '105年_地方政府特考四等-法律廉政_刑法概要.pdf', '104年_地方政府特考四等-法律廉政_刑法概要.pdf', '103年_地方政府特考四等-法律廉政_刑法概要.pdf', '102年_地方政府特考四等-法律廉政_刑法概要.pdf']
2025-04-14 21:24:30,609 - INFO - 處理檔案: 112年_地方政府特考四等-法律廉政_刑法概要.pdf
2025-04-14 21:24:30,640 - INFO - 處理檔案: 111年_地方政府特考四等-法律廉政_刑法概要.pdf
2025-04-14 21:24:30,657 - INFO - 處理檔案: 110年_地方政府特考四等-法律廉政_刑法概要.pdf
2025-04-14 21:24:30,684 - INFO - 處理檔案: 109年_地方政府特考四等-法律廉政_刑法概要.pdf
2025-04-14 21:24:30,707 - INFO - 處理檔案: 108年_地方政府特考四等-法律廉政_刑法概要.pdf
2025-04-14 21:24:30,724 - INFO - 處理檔案: 107年_地方政府特考四等-法律廉政_刑法概要.pdf
2025-04-14 21:24:30,749 - INFO - 處理檔案: 106年_地方政府特考四等-法律廉政_刑法概要.pdf
2025-04-14 21:24:30,773 - INFO - 處理檔案: 105年_地方政府特考四等-法律廉政_刑法概要.pdf
2025-04-14 21:24:30,800 - INFO - 處理檔案: 104年_地方政府特考四等-法律廉政_刑法概要.pdf
2025-04-14 21:24:30,823 - INFO - 處理檔案: 103年_地方政府特考四等-法律廉政_刑法概要.pdf
2025-04-14 21:24:30,840 - INFO - 處理檔案: 102年_地方政府特考四等-法律廉政_刑法概要.pdf
2025-04-14 21:24:31,517 - INFO - 合併完成 (成功):
- 處理檔案數: 11
- 輸入總頁數: 43
- 輸出總頁數: 43
- 輸出檔案: C:\Users\tom89\Documents\GitHub\landnote\landnotev3\高點法律考古題\合併後PDF檔案\地方政府特考四等-法律廉政\地方政府特考四等-法律廉政_刑法概要_2013至2023年_合併.pdf
2025-04-14 21:24:31,517 - INFO - 完成 地方政府特考四等-法律廉政/刑法概要 資料夾處理，合併了 11 個PDF檔案
2025-04-14 21:24:31,517 - INFO - 處理科目: 刑法與刑事訴訟法概要
2025-04-14 21:24:31,533 - INFO - 排序後的檔案順序: ['113年_地方政府特考四等-法律廉政_刑法與刑事訴訟法概要.pdf']
2025-04-14 21:24:31,533 - INFO - 處理檔案: 113年_地方政府特考四等-法律廉政_刑法與刑事訴訟法概要.pdf
2025-04-14 21:24:31,638 - INFO - 合併完成 (成功):
- 處理檔案數: 1
- 輸入總頁數: 5
- 輸出總頁數: 5
- 輸出檔案: C:\Users\tom89\Documents\GitHub\landnote\landnotev3\高點法律考古題\合併後PDF檔案\地方政府特考四等-法律廉政\地方政府特考四等-法律廉政_刑法與刑事訴訟法概要_2024至2024年_合併.pdf
2025-04-14 21:24:31,638 - INFO - 完成 地方政府特考四等-法律廉政/刑法與刑事訴訟法概要 資料夾處理，合併了 1 個PDF檔案
2025-04-14 21:24:31,638 - INFO - 處理科目: 國文
2025-04-14 21:24:31,640 - INFO - 排序後的檔案順序: ['103年_地方政府特考四等-法律廉政_國文.pdf']
2025-04-14 21:24:31,640 - INFO - 處理檔案: 103年_地方政府特考四等-法律廉政_國文.pdf
2025-04-14 21:24:31,695 - INFO - 合併完成 (成功):
- 處理檔案數: 1
- 輸入總頁數: 2
- 輸出總頁數: 2
- 輸出檔案: C:\Users\tom89\Documents\GitHub\landnote\landnotev3\高點法律考古題\合併後PDF檔案\地方政府特考四等-法律廉政\地方政府特考四等-法律廉政_國文_2014至2014年_合併.pdf
2025-04-14 21:24:31,695 - INFO - 完成 地方政府特考四等-法律廉政/國文 資料夾處理，合併了 1 個PDF檔案
2025-04-14 21:24:31,695 - INFO - 處理科目: 國文( 作文、公文與測驗)
2025-04-14 21:24:31,695 - INFO - 排序後的檔案順序: ['111年_地方政府特考四等-法律廉政_國文( 作文、公文與測驗).pdf', '110年_地方政府特考四等-法律廉政_國文( 作文、公文與測驗).pdf', '109年_地方政府特考四等-法律廉政_國文( 作文、公文與測驗).pdf', '108年_地方政府特考四等-法律廉政_國文( 作文、公文與測驗).pdf', '107年_地方政府特考四等-法律廉政_國文( 作文、公文與測驗).pdf', '106年_地方政府特考四等-法律廉政_國文( 作文、公文與測驗).pdf', '105年_地方政府特考四等-法律廉政_國文( 作文、公文與測驗).pdf', '104年_地方政府特考四等-法律廉政_國文( 作文、公文與測驗).pdf', '102年_地方政府特考四等-法律廉政_國文( 作文、公文與測驗).pdf']
2025-04-14 21:24:31,695 - INFO - 處理檔案: 111年_地方政府特考四等-法律廉政_國文( 作文、公文與測驗).pdf
2025-04-14 21:24:31,720 - INFO - 處理檔案: 110年_地方政府特考四等-法律廉政_國文( 作文、公文與測驗).pdf
2025-04-14 21:24:31,740 - INFO - 處理檔案: 109年_地方政府特考四等-法律廉政_國文( 作文、公文與測驗).pdf
2025-04-14 21:24:31,752 - INFO - 處理檔案: 108年_地方政府特考四等-法律廉政_國文( 作文、公文與測驗).pdf
2025-04-14 21:24:31,770 - INFO - 處理檔案: 107年_地方政府特考四等-法律廉政_國文( 作文、公文與測驗).pdf
2025-04-14 21:24:31,806 - INFO - 處理檔案: 106年_地方政府特考四等-法律廉政_國文( 作文、公文與測驗).pdf
2025-04-14 21:24:31,824 - INFO - 處理檔案: 105年_地方政府特考四等-法律廉政_國文( 作文、公文與測驗).pdf
2025-04-14 21:24:31,851 - INFO - 處理檔案: 104年_地方政府特考四等-法律廉政_國文( 作文、公文與測驗).pdf
2025-04-14 21:24:31,870 - INFO - 處理檔案: 102年_地方政府特考四等-法律廉政_國文( 作文、公文與測驗).pdf
2025-04-14 21:24:32,315 - INFO - 合併完成 (成功):
- 處理檔案數: 9
- 輸入總頁數: 22
- 輸出總頁數: 22
- 輸出檔案: C:\Users\tom89\Documents\GitHub\landnote\landnotev3\高點法律考古題\合併後PDF檔案\地方政府特考四等-法律廉政\地方政府特考四等-法律廉政_國文( 作文、公文與測驗)_2013至2022年_合併.pdf
2025-04-14 21:24:32,315 - INFO - 完成 地方政府特考四等-法律廉政/國文( 作文、公文與測驗) 資料夾處理，合併了 9 個PDF檔案
2025-04-14 21:24:32,315 - INFO - 處理科目: 國文（作文與測驗）
2025-04-14 21:24:32,315 - INFO - 排序後的檔案順序: ['113年_地方政府特考四等-法律廉政_國文（作文與測驗）.pdf', '112年_地方政府特考四等-法律廉政_國文（作文與測驗）.pdf']
2025-04-14 21:24:32,315 - INFO - 處理檔案: 113年_地方政府特考四等-法律廉政_國文（作文與測驗）.pdf
2025-04-14 21:24:32,338 - INFO - 處理檔案: 112年_地方政府特考四等-法律廉政_國文（作文與測驗）.pdf
2025-04-14 21:24:32,484 - INFO - 合併完成 (成功):
- 處理檔案數: 2
- 輸入總頁數: 6
- 輸出總頁數: 6
- 輸出檔案: C:\Users\tom89\Documents\GitHub\landnote\landnotev3\高點法律考古題\合併後PDF檔案\地方政府特考四等-法律廉政\地方政府特考四等-法律廉政_國文（作文與測驗）_2023至2024年_合併.pdf
2025-04-14 21:24:32,484 - INFO - 完成 地方政府特考四等-法律廉政/國文（作文與測驗） 資料夾處理，合併了 2 個PDF檔案
2025-04-14 21:24:32,484 - INFO - 處理科目: 法學知識與英文
2025-04-14 21:24:32,484 - INFO - 排序後的檔案順序: ['103年_地方政府特考四等-法律廉政_法學知識與英文.pdf', '102年_地方政府特考四等-法律廉政_法學知識與英文.pdf']
2025-04-14 21:24:32,484 - INFO - 處理檔案: 103年_地方政府特考四等-法律廉政_法學知識與英文.pdf
2025-04-14 21:24:32,510 - INFO - 處理檔案: 102年_地方政府特考四等-法律廉政_法學知識與英文.pdf
2025-04-14 21:24:32,714 - INFO - 合併完成 (成功):
- 處理檔案數: 2
- 輸入總頁數: 10
- 輸出總頁數: 10
- 輸出檔案: C:\Users\tom89\Documents\GitHub\landnote\landnotev3\高點法律考古題\合併後PDF檔案\地方政府特考四等-法律廉政\地方政府特考四等-法律廉政_法學知識與英文_2013至2014年_合併.pdf
2025-04-14 21:24:32,714 - INFO - 完成 地方政府特考四等-法律廉政/法學知識與英文 資料夾處理，合併了 2 個PDF檔案
2025-04-14 21:24:32,714 - INFO - 處理科目: 法學知識與英文（包括中華民國憲法、法學緒論、英文）
2025-04-14 21:24:32,714 - INFO - 排序後的檔案順序: ['113年_地方政府特考四等-法律廉政_法學知識與英文（包括中華民國憲法、法學緒論、英文）.pdf', '112年_地方政府特考四等-法律廉政_法學知識與英文（包括中華民國憲法、法學緒論、英文）.pdf', '111年_地方政府特考四等-法律廉政_法學知識與英文（包括中華民國憲法、法學緒論、英文）.pdf', '110年_地方政府特考四等-法律廉政_法學知識與英文（包括中華民國憲法、法學緒論、英文）.pdf', '109年_地方政府特考四等-法律廉政_法學知識與英文（包括中華民國憲法、法學緒論、英文）.pdf', '108年_地方政府特考四等-法律廉政_法學知識與英文（包括中華民國憲法、法學緒論、英文）.pdf', '107年_地方政府特考四等-法律廉政_法學知識與英文（包括中華民國憲法、法學緒論、英文）.pdf', '106年_地方政府特考四等-法律廉政_法學知識與英文（包括中華民國憲法、法學緒論、英文）.pdf', '105年_地方政府特考四等-法律廉政_法學知識與英文（包括中華民國憲法、法學緒論、英文）.pdf', '104年_地方政府特考四等-法律廉政_法學知識與英文（包括中華民國憲法、法學緒論、英文）.pdf']
2025-04-14 21:24:32,714 - INFO - 處理檔案: 113年_地方政府特考四等-法律廉政_法學知識與英文（包括中華民國憲法、法學緒論、英文）.pdf
2025-04-14 21:24:32,736 - INFO - 處理檔案: 112年_地方政府特考四等-法律廉政_法學知識與英文（包括中華民國憲法、法學緒論、英文）.pdf
2025-04-14 21:24:32,759 - INFO - 處理檔案: 111年_地方政府特考四等-法律廉政_法學知識與英文（包括中華民國憲法、法學緒論、英文）.pdf
2025-04-14 21:24:32,792 - INFO - 處理檔案: 110年_地方政府特考四等-法律廉政_法學知識與英文（包括中華民國憲法、法學緒論、英文）.pdf
2025-04-14 21:24:32,818 - INFO - 處理檔案: 109年_地方政府特考四等-法律廉政_法學知識與英文（包括中華民國憲法、法學緒論、英文）.pdf
2025-04-14 21:24:32,840 - INFO - 處理檔案: 108年_地方政府特考四等-法律廉政_法學知識與英文（包括中華民國憲法、法學緒論、英文）.pdf
2025-04-14 21:24:32,859 - INFO - 處理檔案: 107年_地方政府特考四等-法律廉政_法學知識與英文（包括中華民國憲法、法學緒論、英文）.pdf
2025-04-14 21:24:32,932 - INFO - 處理檔案: 106年_地方政府特考四等-法律廉政_法學知識與英文（包括中華民國憲法、法學緒論、英文）.pdf
2025-04-14 21:24:32,953 - INFO - 處理檔案: 105年_地方政府特考四等-法律廉政_法學知識與英文（包括中華民國憲法、法學緒論、英文）.pdf
2025-04-14 21:24:33,005 - INFO - 處理檔案: 104年_地方政府特考四等-法律廉政_法學知識與英文（包括中華民國憲法、法學緒論、英文）.pdf
2025-04-14 21:24:33,873 - INFO - 合併完成 (成功):
- 處理檔案數: 10
- 輸入總頁數: 52
- 輸出總頁數: 52
- 輸出檔案: C:\Users\tom89\Documents\GitHub\landnote\landnotev3\高點法律考古題\合併後PDF檔案\地方政府特考四等-法律廉政\地方政府特考四等-法律廉政_法學知識與英文（包括中華民國憲法、法學緒論、英文）_2015至2024年_合併.pdf
2025-04-14 21:24:33,873 - INFO - 完成 地方政府特考四等-法律廉政/法學知識與英文（包括中華民國憲法、法學緒論、英文） 資料夾處理，合併了 10 個PDF檔案
2025-04-14 21:24:33,873 - INFO - 處理科目: 行政法概要
2025-04-14 21:24:33,873 - INFO - 排序後的檔案順序: ['113年_地方政府特考四等-法律廉政_行政法概要.pdf', '112年_地方政府特考四等-法律廉政_行政法概要.pdf', '111年_地方政府特考四等-法律廉政_行政法概要.pdf', '110年_地方政府特考四等-法律廉政_行政法概要.pdf', '109年_地方政府特考四等-法律廉政_行政法概要.pdf', '108年_地方政府特考四等-法律廉政_行政法概要.pdf', '107年_地方政府特考四等-法律廉政_行政法概要.pdf', '106年_地方政府特考四等-法律廉政_行政法概要.pdf', '105年_地方政府特考四等-法律廉政_行政法概要.pdf', '104年_地方政府特考四等-法律廉政_行政法概要.pdf', '103年_地方政府特考四等-法律廉政_行政法概要.pdf', '102年_地方政府特考四等-法律廉政_行政法概要.pdf', '101年_地方政府特考四等-法律廉政_行政法概要.pdf', '100年_地方政府特考四等-法律廉政_行政法概要.pdf', '99年_地方政府特考四等-法律廉政_行政法概要.pdf']
2025-04-14 21:24:33,874 - INFO - 處理檔案: 113年_地方政府特考四等-法律廉政_行政法概要.pdf
2025-04-14 21:24:33,892 - INFO - 處理檔案: 112年_地方政府特考四等-法律廉政_行政法概要.pdf
2025-04-14 21:24:33,913 - INFO - 處理檔案: 111年_地方政府特考四等-法律廉政_行政法概要.pdf
2025-04-14 21:24:33,943 - INFO - 處理檔案: 110年_地方政府特考四等-法律廉政_行政法概要.pdf
2025-04-14 21:24:33,970 - INFO - 處理檔案: 109年_地方政府特考四等-法律廉政_行政法概要.pdf
2025-04-14 21:24:34,021 - INFO - 處理檔案: 108年_地方政府特考四等-法律廉政_行政法概要.pdf
2025-04-14 21:24:34,043 - INFO - 處理檔案: 107年_地方政府特考四等-法律廉政_行政法概要.pdf
2025-04-14 21:24:34,071 - INFO - 處理檔案: 106年_地方政府特考四等-法律廉政_行政法概要.pdf
2025-04-14 21:24:34,092 - INFO - 處理檔案: 105年_地方政府特考四等-法律廉政_行政法概要.pdf
2025-04-14 21:24:34,110 - INFO - 處理檔案: 104年_地方政府特考四等-法律廉政_行政法概要.pdf
2025-04-14 21:24:34,121 - INFO - 處理檔案: 103年_地方政府特考四等-法律廉政_行政法概要.pdf
2025-04-14 21:24:34,159 - INFO - 處理檔案: 102年_地方政府特考四等-法律廉政_行政法概要.pdf
2025-04-14 21:24:34,186 - INFO - 處理檔案: 101年_地方政府特考四等-法律廉政_行政法概要.pdf
2025-04-14 21:24:34,205 - INFO - 處理檔案: 100年_地方政府特考四等-法律廉政_行政法概要.pdf
2025-04-14 21:24:34,224 - INFO - 處理檔案: 99年_地方政府特考四等-法律廉政_行政法概要.pdf
2025-04-14 21:24:35,572 - INFO - 合併完成 (成功):
- 處理檔案數: 15
- 輸入總頁數: 81
- 輸出總頁數: 81
- 輸出檔案: C:\Users\tom89\Documents\GitHub\landnote\landnotev3\高點法律考古題\合併後PDF檔案\地方政府特考四等-法律廉政\地方政府特考四等-法律廉政_行政法概要_2010至2024年_合併.pdf
2025-04-14 21:24:35,572 - INFO - 完成 地方政府特考四等-法律廉政/行政法概要 資料夾處理，合併了 15 個PDF檔案
2025-04-14 21:24:35,572 - INFO - 處理考試類型: 專技高考-律師
2025-04-14 21:24:35,572 - INFO - 處理科目: 中華民國憲法
2025-04-14 21:24:35,572 - INFO - 排序後的檔案順序: ['99年_專技高考-律師_中華民國憲法.pdf', '98年_專技高考-律師_中華民國憲法.pdf', '97年_專技高考-律師_中華民國憲法.pdf', '96年_專技高考-律師_中華民國憲法.pdf', '95年_專技高考-律師_中華民國憲法.pdf', '94年_專技高考-律師_中華民國憲法.pdf', '93年_專技高考-律師_中華民國憲法.pdf', '92年_專技高考-律師_中華民國憲法.pdf', '91年_專技高考-律師_中華民國憲法.pdf', '90年_專技高考-律師_中華民國憲法.pdf', '89年_專技高考-律師_中華民國憲法.pdf']
2025-04-14 21:24:35,572 - INFO - 處理檔案: 99年_專技高考-律師_中華民國憲法.pdf
2025-04-14 21:24:35,609 - INFO - 處理檔案: 98年_專技高考-律師_中華民國憲法.pdf
2025-04-14 21:24:35,628 - INFO - 處理檔案: 97年_專技高考-律師_中華民國憲法.pdf
2025-04-14 21:24:35,644 - INFO - 處理檔案: 96年_專技高考-律師_中華民國憲法.pdf
2025-04-14 21:24:35,675 - INFO - 處理檔案: 95年_專技高考-律師_中華民國憲法.pdf
2025-04-14 21:24:35,695 - INFO - 處理檔案: 94年_專技高考-律師_中華民國憲法.pdf
2025-04-14 21:24:35,712 - INFO - 處理檔案: 93年_專技高考-律師_中華民國憲法.pdf
2025-04-14 21:24:35,739 - INFO - 處理檔案: 92年_專技高考-律師_中華民國憲法.pdf
2025-04-14 21:24:35,756 - INFO - 處理檔案: 91年_專技高考-律師_中華民國憲法.pdf
2025-04-14 21:24:35,775 - INFO - 處理檔案: 90年_專技高考-律師_中華民國憲法.pdf
2025-04-14 21:24:35,795 - INFO - 處理檔案: 89年_專技高考-律師_中華民國憲法.pdf
2025-04-14 21:24:36,901 - INFO - 合併完成 (成功):
- 處理檔案數: 11
- 輸入總頁數: 61
- 輸出總頁數: 61
- 輸出檔案: C:\Users\tom89\Documents\GitHub\landnote\landnotev3\高點法律考古題\合併後PDF檔案\專技高考-律師\專技高考-律師_中華民國憲法_2000至2010年_合併.pdf
2025-04-14 21:24:36,901 - INFO - 完成 專技高考-律師/中華民國憲法 資料夾處理，合併了 11 個PDF檔案
2025-04-14 21:24:36,901 - INFO - 處理科目: 刑事訴訟法
2025-04-14 21:24:36,901 - INFO - 排序後的檔案順序: ['99年_專技高考-律師_刑事訴訟法.pdf', '98年_專技高考-律師_刑事訴訟法.pdf', '97年_專技高考-律師_刑事訴訟法.pdf', '96年_專技高考-律師_刑事訴訟法.pdf', '95年_專技高考-律師_刑事訴訟法.pdf', '94年_專技高考-律師_刑事訴訟法.pdf', '93年_專技高考-律師_刑事訴訟法.pdf', '92年_專技高考-律師_刑事訴訟法.pdf', '89年_專技高考-律師_刑事訴訟法.pdf']
2025-04-14 21:24:36,901 - INFO - 處理檔案: 99年_專技高考-律師_刑事訴訟法.pdf
2025-04-14 21:24:36,942 - INFO - 處理檔案: 98年_專技高考-律師_刑事訴訟法.pdf
2025-04-14 21:24:36,962 - INFO - 處理檔案: 97年_專技高考-律師_刑事訴訟法.pdf
2025-04-14 21:24:36,979 - INFO - 處理檔案: 96年_專技高考-律師_刑事訴訟法.pdf
2025-04-14 21:24:37,010 - INFO - 處理檔案: 95年_專技高考-律師_刑事訴訟法.pdf
2025-04-14 21:24:37,042 - INFO - 處理檔案: 94年_專技高考-律師_刑事訴訟法.pdf
2025-04-14 21:24:37,091 - INFO - 處理檔案: 93年_專技高考-律師_刑事訴訟法.pdf
2025-04-14 21:24:37,130 - INFO - 處理檔案: 92年_專技高考-律師_刑事訴訟法.pdf
2025-04-14 21:24:37,144 - INFO - 處理檔案: 89年_專技高考-律師_刑事訴訟法.pdf
2025-04-14 21:24:38,171 - INFO - 合併完成 (成功):
- 處理檔案數: 9
- 輸入總頁數: 53
- 輸出總頁數: 53
- 輸出檔案: C:\Users\tom89\Documents\GitHub\landnote\landnotev3\高點法律考古題\合併後PDF檔案\專技高考-律師\專技高考-律師_刑事訴訟法_2000至2010年_合併.pdf
2025-04-14 21:24:38,171 - INFO - 完成 專技高考-律師/刑事訴訟法 資料夾處理，合併了 9 個PDF檔案
2025-04-14 21:24:38,171 - INFO - 處理科目: 刑法
2025-04-14 21:24:38,171 - INFO - 排序後的檔案順序: ['99年_專技高考-律師_刑法.pdf', '98年_專技高考-律師_刑法.pdf', '97年_專技高考-律師_刑法.pdf', '96年_專技高考-律師_刑法.pdf', '95年_專技高考-律師_刑法.pdf', '94年_專技高考-律師_刑法.pdf', '93年_專技高考-律師_刑法.pdf', '92年_專技高考-律師_刑法.pdf', '91年_專技高考-律師_刑法.pdf', '90年_專技高考-律師_刑法.pdf', '89年_專技高考-律師_刑法.pdf']
2025-04-14 21:24:38,171 - INFO - 處理檔案: 99年_專技高考-律師_刑法.pdf
2025-04-14 21:24:38,192 - INFO - 處理檔案: 98年_專技高考-律師_刑法.pdf
2025-04-14 21:24:38,227 - INFO - 處理檔案: 97年_專技高考-律師_刑法.pdf
2025-04-14 21:24:38,247 - INFO - 處理檔案: 96年_專技高考-律師_刑法.pdf
2025-04-14 21:24:38,275 - INFO - 處理檔案: 95年_專技高考-律師_刑法.pdf
2025-04-14 21:24:38,324 - INFO - 處理檔案: 94年_專技高考-律師_刑法.pdf
2025-04-14 21:24:38,356 - INFO - 處理檔案: 93年_專技高考-律師_刑法.pdf
2025-04-14 21:24:38,376 - INFO - 處理檔案: 92年_專技高考-律師_刑法.pdf
2025-04-14 21:24:38,394 - INFO - 處理檔案: 91年_專技高考-律師_刑法.pdf
2025-04-14 21:24:38,414 - INFO - 處理檔案: 90年_專技高考-律師_刑法.pdf
2025-04-14 21:24:38,430 - INFO - 處理檔案: 89年_專技高考-律師_刑法.pdf
2025-04-14 21:24:39,666 - INFO - 合併完成 (成功):
- 處理檔案數: 11
- 輸入總頁數: 61
- 輸出總頁數: 61
- 輸出檔案: C:\Users\tom89\Documents\GitHub\landnote\landnotev3\高點法律考古題\合併後PDF檔案\專技高考-律師\專技高考-律師_刑法_2000至2010年_合併.pdf
2025-04-14 21:24:39,666 - INFO - 完成 專技高考-律師/刑法 資料夾處理，合併了 11 個PDF檔案
2025-04-14 21:24:39,666 - INFO - 處理科目: 商事法與國際私法
2025-04-14 21:24:39,666 - INFO - 排序後的檔案順序: ['99年_專技高考-律師_商事法與國際私法.pdf', '98年_專技高考-律師_商事法與國際私法.pdf', '97年_專技高考-律師_商事法與國際私法.pdf', '96年_專技高考-律師_商事法與國際私法.pdf', '95年_專技高考-律師_商事法與國際私法.pdf', '94年_專技高考-律師_商事法與國際私法.pdf', '93年_專技高考-律師_商事法與國際私法.pdf', '92年_專技高考-律師_商事法與國際私法.pdf', '91年_專技高考-律師_商事法與國際私法.pdf', '90年_專技高考-律師_商事法與國際私法.pdf', '89年_專技高考-律師_商事法與國際私法.pdf']
2025-04-14 21:24:39,666 - INFO - 處理檔案: 99年_專技高考-律師_商事法與國際私法.pdf
2025-04-14 21:24:39,696 - INFO - 處理檔案: 98年_專技高考-律師_商事法與國際私法.pdf
2025-04-14 21:24:39,715 - INFO - 處理檔案: 97年_專技高考-律師_商事法與國際私法.pdf
2025-04-14 21:24:39,762 - INFO - 處理檔案: 96年_專技高考-律師_商事法與國際私法.pdf
2025-04-14 21:24:39,805 - INFO - 處理檔案: 95年_專技高考-律師_商事法與國際私法.pdf
2025-04-14 21:24:39,835 - INFO - 處理檔案: 94年_專技高考-律師_商事法與國際私法.pdf
2025-04-14 21:24:39,849 - INFO - 處理檔案: 93年_專技高考-律師_商事法與國際私法.pdf
2025-04-14 21:24:39,878 - INFO - 處理檔案: 92年_專技高考-律師_商事法與國際私法.pdf
2025-04-14 21:24:39,898 - INFO - 處理檔案: 91年_專技高考-律師_商事法與國際私法.pdf
2025-04-14 21:24:39,910 - INFO - 處理檔案: 90年_專技高考-律師_商事法與國際私法.pdf
2025-04-14 21:24:39,927 - INFO - 處理檔案: 89年_專技高考-律師_商事法與國際私法.pdf
2025-04-14 21:24:41,142 - INFO - 合併完成 (成功):
- 處理檔案數: 11
- 輸入總頁數: 60
- 輸出總頁數: 60
- 輸出檔案: C:\Users\tom89\Documents\GitHub\landnote\landnotev3\高點法律考古題\合併後PDF檔案\專技高考-律師\專技高考-律師_商事法與國際私法_2000至2010年_合併.pdf
2025-04-14 21:24:41,142 - INFO - 完成 專技高考-律師/商事法與國際私法 資料夾處理，合併了 11 個PDF檔案
2025-04-14 21:24:41,142 - INFO - 處理科目: 民事訴訟法
2025-04-14 21:24:41,142 - INFO - 排序後的檔案順序: ['99年_專技高考-律師_民事訴訟法.pdf', '98年_專技高考-律師_民事訴訟法.pdf', '97年_專技高考-律師_民事訴訟法.pdf', '96年_專技高考-律師_民事訴訟法.pdf', '95年_專技高考-律師_民事訴訟法.pdf', '94年_專技高考-律師_民事訴訟法.pdf', '93年_專技高考-律師_民事訴訟法.pdf', '92年_專技高考-律師_民事訴訟法.pdf', '91年_專技高考-律師_民事訴訟法.pdf', '90年_專技高考-律師_民事訴訟法.pdf', '89年_專技高考-律師_民事訴訟法.pdf']
2025-04-14 21:24:41,142 - INFO - 處理檔案: 99年_專技高考-律師_民事訴訟法.pdf
2025-04-14 21:24:41,181 - INFO - 處理檔案: 98年_專技高考-律師_民事訴訟法.pdf
2025-04-14 21:24:41,211 - INFO - 處理檔案: 97年_專技高考-律師_民事訴訟法.pdf
2025-04-14 21:24:41,261 - INFO - 處理檔案: 96年_專技高考-律師_民事訴訟法.pdf
2025-04-14 21:24:41,289 - INFO - 處理檔案: 95年_專技高考-律師_民事訴訟法.pdf
2025-04-14 21:24:41,315 - INFO - 處理檔案: 94年_專技高考-律師_民事訴訟法.pdf
2025-04-14 21:24:41,342 - INFO - 處理檔案: 93年_專技高考-律師_民事訴訟法.pdf
2025-04-14 21:24:41,363 - INFO - 處理檔案: 92年_專技高考-律師_民事訴訟法.pdf
2025-04-14 21:24:41,380 - INFO - 處理檔案: 91年_專技高考-律師_民事訴訟法.pdf
2025-04-14 21:24:41,397 - INFO - 處理檔案: 90年_專技高考-律師_民事訴訟法.pdf
2025-04-14 21:24:41,413 - INFO - 處理檔案: 89年_專技高考-律師_民事訴訟法.pdf
2025-04-14 21:24:42,467 - INFO - 合併完成 (成功):
- 處理檔案數: 11
- 輸入總頁數: 54
- 輸出總頁數: 54
- 輸出檔案: C:\Users\tom89\Documents\GitHub\landnote\landnotev3\高點法律考古題\合併後PDF檔案\專技高考-律師\專技高考-律師_民事訴訟法_2000至2010年_合併.pdf
2025-04-14 21:24:42,467 - INFO - 完成 專技高考-律師/民事訴訟法 資料夾處理，合併了 11 個PDF檔案
2025-04-14 21:24:42,467 - INFO - 處理科目: 民法
2025-04-14 21:24:42,467 - INFO - 排序後的檔案順序: ['99年_專技高考-律師_民法.pdf', '98年_專技高考-律師_民法.pdf', '97年_專技高考-律師_民法.pdf', '96年_專技高考-律師_民法.pdf', '95年_專技高考-律師_民法.pdf', '94年_專技高考-律師_民法.pdf', '93年_專技高考-律師_民法.pdf', '92年_專技高考-律師_民法.pdf', '91年_專技高考-律師_民法.pdf', '90年_專技高考-律師_民法.pdf', '89年_專技高考-律師_民法.pdf']
2025-04-14 21:24:42,467 - INFO - 處理檔案: 99年_專技高考-律師_民法.pdf
2025-04-14 21:24:42,510 - INFO - 處理檔案: 98年_專技高考-律師_民法.pdf
2025-04-14 21:24:42,532 - INFO - 處理檔案: 97年_專技高考-律師_民法.pdf
2025-04-14 21:24:42,550 - INFO - 處理檔案: 96年_專技高考-律師_民法.pdf
2025-04-14 21:24:42,581 - INFO - 處理檔案: 95年_專技高考-律師_民法.pdf
2025-04-14 21:24:42,600 - INFO - 處理檔案: 94年_專技高考-律師_民法.pdf
2025-04-14 21:24:42,617 - INFO - 處理檔案: 93年_專技高考-律師_民法.pdf
2025-04-14 21:24:42,646 - INFO - 處理檔案: 92年_專技高考-律師_民法.pdf
2025-04-14 21:24:42,666 - INFO - 處理檔案: 91年_專技高考-律師_民法.pdf
2025-04-14 21:24:42,684 - INFO - 處理檔案: 90年_專技高考-律師_民法.pdf
2025-04-14 21:24:42,701 - INFO - 處理檔案: 89年_專技高考-律師_民法.pdf
2025-04-14 21:24:43,844 - INFO - 合併完成 (成功):
- 處理檔案數: 11
- 輸入總頁數: 69
- 輸出總頁數: 69
- 輸出檔案: C:\Users\tom89\Documents\GitHub\landnote\landnotev3\高點法律考古題\合併後PDF檔案\專技高考-律師\專技高考-律師_民法_2000至2010年_合併.pdf
2025-04-14 21:24:43,844 - INFO - 完成 專技高考-律師/民法 資料夾處理，合併了 11 個PDF檔案
2025-04-14 21:24:43,844 - INFO - 處理科目: 行政法與強制執行法
2025-04-14 21:24:43,844 - INFO - 排序後的檔案順序: ['99年_專技高考-律師_行政法與強制執行法.pdf', '98年_專技高考-律師_行政法與強制執行法.pdf', '97年_專技高考-律師_行政法與強制執行法.pdf', '96年_專技高考-律師_行政法與強制執行法.pdf', '95年_專技高考-律師_行政法與強制執行法.pdf', '94年_專技高考-律師_行政法與強制執行法.pdf', '93年_專技高考-律師_行政法與強制執行法.pdf', '92年_專技高考-律師_行政法與強制執行法.pdf', '91年_專技高考-律師_行政法與強制執行法.pdf', '90年_專技高考-律師_行政法與強制執行法.pdf', '89年_專技高考-律師_行政法與強制執行法.pdf']
2025-04-14 21:24:43,844 - INFO - 處理檔案: 99年_專技高考-律師_行政法與強制執行法.pdf
2025-04-14 21:24:43,936 - INFO - 處理檔案: 98年_專技高考-律師_行政法與強制執行法.pdf
2025-04-14 21:24:43,963 - INFO - 處理檔案: 97年_專技高考-律師_行政法與強制執行法.pdf
2025-04-14 21:24:43,984 - INFO - 處理檔案: 96年_專技高考-律師_行政法與強制執行法.pdf
2025-04-14 21:24:44,032 - INFO - 處理檔案: 95年_專技高考-律師_行政法與強制執行法.pdf
2025-04-14 21:24:44,063 - INFO - 處理檔案: 94年_專技高考-律師_行政法與強制執行法.pdf
2025-04-14 21:24:44,091 - INFO - 處理檔案: 93年_專技高考-律師_行政法與強制執行法.pdf
2025-04-14 21:24:44,096 - INFO - 處理檔案: 92年_專技高考-律師_行政法與強制執行法.pdf
2025-04-14 21:24:44,147 - INFO - 處理檔案: 91年_專技高考-律師_行政法與強制執行法.pdf
2025-04-14 21:24:44,167 - INFO - 處理檔案: 90年_專技高考-律師_行政法與強制執行法.pdf
2025-04-14 21:24:44,185 - INFO - 處理檔案: 89年_專技高考-律師_行政法與強制執行法.pdf
2025-04-14 21:24:45,246 - INFO - 合併完成 (成功):
- 處理檔案數: 11
- 輸入總頁數: 56
- 輸出總頁數: 56
- 輸出檔案: C:\Users\tom89\Documents\GitHub\landnote\landnotev3\高點法律考古題\合併後PDF檔案\專技高考-律師\專技高考-律師_行政法與強制執行法_2000至2010年_合併.pdf
2025-04-14 21:24:45,246 - INFO - 完成 專技高考-律師/行政法與強制執行法 資料夾處理，合併了 11 個PDF檔案
2025-04-14 21:24:45,246 - INFO - 處理考試類型: 專技高考-律師第一試
2025-04-14 21:24:45,246 - INFO - 處理科目: 綜合法學(一)：刑法、刑事訴訟法、法律倫理
2025-04-14 21:24:45,246 - INFO - 排序後的檔案順序: ['109年_專技高考-律師第一試_綜合法學(一)：刑法、刑事訴訟法、法律倫理.pdf', '108年_專技高考-律師第一試_綜合法學(一)：刑法、刑事訴訟法、法律倫理.pdf', '106年_專技高考-律師第一試_綜合法學(一)：刑法、刑事訴訟法、法律倫理.pdf', '105年_專技高考-律師第一試_綜合法學(一)：刑法、刑事訴訟法、法律倫理.pdf', '104年_專技高考-律師第一試_綜合法學(一)：刑法、刑事訴訟法、法律倫理.pdf', '103年_專技高考-律師第一試_綜合法學(一)：刑法、刑事訴訟法、法律倫理.pdf', '102年_專技高考-律師第一試_綜合法學(一)：刑法、刑事訴訟法、法律倫理.pdf', '101年_專技高考-律師第一試_綜合法學(一)：刑法、刑事訴訟法、法律倫理.pdf', '100年_專技高考-律師第一試_綜合法學(一)：刑法、刑事訴訟法、法律倫理.pdf']
2025-04-14 21:24:45,246 - INFO - 處理檔案: 109年_專技高考-律師第一試_綜合法學(一)：刑法、刑事訴訟法、法律倫理.pdf
2025-04-14 21:24:45,284 - INFO - 處理檔案: 108年_專技高考-律師第一試_綜合法學(一)：刑法、刑事訴訟法、法律倫理.pdf
2025-04-14 21:24:45,332 - INFO - 處理檔案: 106年_專技高考-律師第一試_綜合法學(一)：刑法、刑事訴訟法、法律倫理.pdf
2025-04-14 21:24:45,401 - INFO - 處理檔案: 105年_專技高考-律師第一試_綜合法學(一)：刑法、刑事訴訟法、法律倫理.pdf
2025-04-14 21:24:45,430 - INFO - 處理檔案: 104年_專技高考-律師第一試_綜合法學(一)：刑法、刑事訴訟法、法律倫理.pdf
2025-04-14 21:24:45,463 - INFO - 處理檔案: 103年_專技高考-律師第一試_綜合法學(一)：刑法、刑事訴訟法、法律倫理.pdf
2025-04-14 21:24:45,531 - INFO - 處理檔案: 102年_專技高考-律師第一試_綜合法學(一)：刑法、刑事訴訟法、法律倫理.pdf
2025-04-14 21:24:45,551 - INFO - 處理檔案: 101年_專技高考-律師第一試_綜合法學(一)：刑法、刑事訴訟法、法律倫理.pdf
2025-04-14 21:24:45,581 - INFO - 處理檔案: 100年_專技高考-律師第一試_綜合法學(一)：刑法、刑事訴訟法、法律倫理.pdf
2025-04-14 21:24:45,616 - ERROR - 添加檔案 100年_專技高考-律師第一試_綜合法學(一)：刑法、刑事訴訟法、法律倫理.pdf 時發生錯誤: '/Root'
2025-04-14 21:24:45,616 - ERROR - 跳過此檔案並繼續處理其他檔案
2025-04-14 21:24:47,479 - INFO - 合併完成 (成功):
- 處理檔案數: 8
- 輸入總頁數: 90
- 輸出總頁數: 90
- 輸出檔案: C:\Users\tom89\Documents\GitHub\landnote\landnotev3\高點法律考古題\合併後PDF檔案\專技高考-律師第一試\專技高考-律師第一試_綜合法學(一)：刑法、刑事訴訟法、法律倫理_2011至2020年_合併.pdf
2025-04-14 21:24:47,479 - INFO - 完成 專技高考-律師第一試/綜合法學(一)：刑法、刑事訴訟法、法律倫理 資料夾處理，合併了 8 個PDF檔案
2025-04-14 21:24:47,479 - INFO - 處理科目: 綜合法學(一)：憲法、行政法、國際公法、國際私法
2025-04-14 21:24:47,479 - INFO - 排序後的檔案順序: ['108年_專技高考-律師第一試_綜合法學(一)：憲法、行政法、國際公法、國際私法.pdf', '106年_專技高考-律師第一試_綜合法學(一)：憲法、行政法、國際公法、國際私法.pdf', '105年_專技高考-律師第一試_綜合法學(一)：憲法、行政法、國際公法、國際私法.pdf', '104年_專技高考-律師第一試_綜合法學(一)：憲法、行政法、國際公法、國際私法.pdf', '103年_專技高考-律師第一試_綜合法學(一)：憲法、行政法、國際公法、國際私法.pdf', '102年_專技高考-律師第一試_綜合法學(一)：憲法、行政法、國際公法、國際私法.pdf', '101年_專技高考-律師第一試_綜合法學(一)：憲法、行政法、國際公法、國際私法.pdf', '100年_專技高考-律師第一試_綜合法學(一)：憲法、行政法、國際公法、國際私法.pdf']
2025-04-14 21:24:47,479 - INFO - 處理檔案: 108年_專技高考-律師第一試_綜合法學(一)：憲法、行政法、國際公法、國際私法.pdf
2025-04-14 21:24:47,566 - INFO - 處理檔案: 106年_專技高考-律師第一試_綜合法學(一)：憲法、行政法、國際公法、國際私法.pdf
2025-04-14 21:24:47,615 - INFO - 處理檔案: 105年_專技高考-律師第一試_綜合法學(一)：憲法、行政法、國際公法、國際私法.pdf
2025-04-14 21:24:47,648 - INFO - 處理檔案: 104年_專技高考-律師第一試_綜合法學(一)：憲法、行政法、國際公法、國際私法.pdf
2025-04-14 21:24:47,682 - INFO - 處理檔案: 103年_專技高考-律師第一試_綜合法學(一)：憲法、行政法、國際公法、國際私法.pdf
2025-04-14 21:24:47,756 - INFO - 處理檔案: 102年_專技高考-律師第一試_綜合法學(一)：憲法、行政法、國際公法、國際私法.pdf
2025-04-14 21:24:47,787 - INFO - 處理檔案: 101年_專技高考-律師第一試_綜合法學(一)：憲法、行政法、國際公法、國際私法.pdf
2025-04-14 21:24:47,865 - INFO - 處理檔案: 100年_專技高考-律師第一試_綜合法學(一)：憲法、行政法、國際公法、國際私法.pdf
2025-04-14 21:24:49,254 - INFO - 合併完成 (成功):
- 處理檔案數: 8
- 輸入總頁數: 88
- 輸出總頁數: 88
- 輸出檔案: C:\Users\tom89\Documents\GitHub\landnote\landnotev3\高點法律考古題\合併後PDF檔案\專技高考-律師第一試\專技高考-律師第一試_綜合法學(一)：憲法、行政法、國際公法、國際私法_2011至2019年_合併.pdf
2025-04-14 21:24:49,255 - INFO - 完成 專技高考-律師第一試/綜合法學(一)：憲法、行政法、國際公法、國際私法 資料夾處理，合併了 8 個PDF檔案
2025-04-14 21:24:49,255 - INFO - 處理科目: 綜合法學(二)：公司法、保險法、票據法、海商法、證券交易法、法學英文
2025-04-14 21:24:49,256 - INFO - 排序後的檔案順序: ['108年_專技高考-律師第一試_綜合法學(二)：公司法、保險法、票據法、海商法、證券交易法、法學英文.pdf', '106年_專技高考-律師第一試_綜合法學(二)：公司法、保險法、票據法、海商法、證券交易法、法學英文.pdf', '105年_專技高考-律師第一試_綜合法學(二)：公司法、保險法、票據法、海商法、證券交易法、法學英文.pdf', '104年_專技高考-律師第一試_綜合法學(二)：公司法、保險法、票據法、海商法、證券交易法、法學英文.pdf', '103年_專技高考-律師第一試_綜合法學(二)：公司法、保險法、票據法、海商法、證券交易法、法學英文.pdf', '102年_專技高考-律師第一試_綜合法學(二)：公司法、保險法、票據法、海商法、證券交易法、法學英文.pdf', '101年_專技高考-律師第一試_綜合法學(二)：公司法、保險法、票據法、海商法、證券交易法、法學英文.pdf', '100年_專技高考-律師第一試_綜合法學(二)：公司法、保險法、票據法、海商法、證券交易法、法學英文.pdf']
2025-04-14 21:24:49,257 - INFO - 處理檔案: 108年_專技高考-律師第一試_綜合法學(二)：公司法、保險法、票據法、海商法、證券交易法、法學英文.pdf
2025-04-14 21:24:49,301 - INFO - 處理檔案: 106年_專技高考-律師第一試_綜合法學(二)：公司法、保險法、票據法、海商法、證券交易法、法學英文.pdf
2025-04-14 21:24:49,335 - INFO - 處理檔案: 105年_專技高考-律師第一試_綜合法學(二)：公司法、保險法、票據法、海商法、證券交易法、法學英文.pdf
2025-04-14 21:24:49,371 - INFO - 處理檔案: 104年_專技高考-律師第一試_綜合法學(二)：公司法、保險法、票據法、海商法、證券交易法、法學英文.pdf
2025-04-14 21:24:49,417 - INFO - 處理檔案: 103年_專技高考-律師第一試_綜合法學(二)：公司法、保險法、票據法、海商法、證券交易法、法學英文.pdf
2025-04-14 21:24:49,452 - INFO - 處理檔案: 102年_專技高考-律師第一試_綜合法學(二)：公司法、保險法、票據法、海商法、證券交易法、法學英文.pdf
2025-04-14 21:24:49,485 - INFO - 處理檔案: 101年_專技高考-律師第一試_綜合法學(二)：公司法、保險法、票據法、海商法、證券交易法、法學英文.pdf
2025-04-14 21:24:49,532 - INFO - 處理檔案: 100年_專技高考-律師第一試_綜合法學(二)：公司法、保險法、票據法、海商法、證券交易法、法學英文.pdf
2025-04-14 21:24:50,950 - INFO - 合併完成 (成功):
- 處理檔案數: 8
- 輸入總頁數: 89
- 輸出總頁數: 89
- 輸出檔案: C:\Users\tom89\Documents\GitHub\landnote\landnotev3\高點法律考古題\合併後PDF檔案\專技高考-律師第一試\專技高考-律師第一試_綜合法學(二)：公司法、保險法、票據法、海商法、證券交易法、法學英文_2011至2019年_合併.pdf
2025-04-14 21:24:50,950 - INFO - 完成 專技高考-律師第一試/綜合法學(二)：公司法、保險法、票據法、海商法、證券交易法、法學英文 資料夾處理，合併了 8 個PDF檔案
2025-04-14 21:24:50,950 - INFO - 處理科目: 綜合法學(二)：公司法、保險法、票據法、證券交易法、強制執行法、法學英文
2025-04-14 21:24:50,950 - INFO - 排序後的檔案順序: ['109年_專技高考-律師第一試_綜合法學(二)：公司法、保險法、票據法、證券交易法、強制執行法、法學英文.pdf']
2025-04-14 21:24:50,950 - INFO - 處理檔案: 109年_專技高考-律師第一試_綜合法學(二)：公司法、保險法、票據法、證券交易法、強制執行法、法學英文.pdf
2025-04-14 21:24:51,034 - INFO - 合併完成 (成功):
- 處理檔案數: 1
- 輸入總頁數: 9
- 輸出總頁數: 9
- 輸出檔案: C:\Users\tom89\Documents\GitHub\landnote\landnotev3\高點法律考古題\合併後PDF檔案\專技高考-律師第一試\專技高考-律師第一試_綜合法學(二)：公司法、保險法、票據法、證券交易法、強制執行法、法學英文_2020至2020年_合併.pdf
2025-04-14 21:24:51,034 - INFO - 完成 專技高考-律師第一試/綜合法學(二)：公司法、保險法、票據法、證券交易法、強制執行法、法學英文 資料夾處理，合併了 1 個PDF檔案
2025-04-14 21:24:51,034 - INFO - 處理科目: 綜合法學(二)：民法、民事訴訟法
2025-04-14 21:24:51,034 - INFO - 排序後的檔案順序: ['109年_專技高考-律師第一試_綜合法學(二)：民法、民事訴訟法.pdf', '108年_專技高考-律師第一試_綜合法學(二)：民法、民事訴訟法.pdf', '106年_專技高考-律師第一試_綜合法學(二)：民法、民事訴訟法.pdf', '105年_專技高考-律師第一試_綜合法學(二)：民法、民事訴訟法.pdf', '104年_專技高考-律師第一試_綜合法學(二)：民法、民事訴訟法.pdf', '103年_專技高考-律師第一試_綜合法學(二)：民法、民事訴訟法.pdf', '102年_專技高考-律師第一試_綜合法學(二)：民法、民事訴訟法.pdf', '101年_專技高考-律師第一試_綜合法學(二)：民法、民事訴訟法.pdf', '100年_專技高考-律師第一試_綜合法學(二)：民法、民事訴訟法.pdf']
2025-04-14 21:24:51,034 - INFO - 處理檔案: 109年_專技高考-律師第一試_綜合法學(二)：民法、民事訴訟法.pdf
2025-04-14 21:24:51,087 - INFO - 處理檔案: 108年_專技高考-律師第一試_綜合法學(二)：民法、民事訴訟法.pdf
2025-04-14 21:24:51,119 - INFO - 處理檔案: 106年_專技高考-律師第一試_綜合法學(二)：民法、民事訴訟法.pdf
2025-04-14 21:24:51,169 - INFO - 處理檔案: 105年_專技高考-律師第一試_綜合法學(二)：民法、民事訴訟法.pdf
2025-04-14 21:24:51,219 - INFO - 處理檔案: 104年_專技高考-律師第一試_綜合法學(二)：民法、民事訴訟法.pdf
2025-04-14 21:24:51,274 - INFO - 處理檔案: 103年_專技高考-律師第一試_綜合法學(二)：民法、民事訴訟法.pdf
2025-04-14 21:24:51,314 - INFO - 處理檔案: 102年_專技高考-律師第一試_綜合法學(二)：民法、民事訴訟法.pdf
2025-04-14 21:24:51,351 - INFO - 處理檔案: 101年_專技高考-律師第一試_綜合法學(二)：民法、民事訴訟法.pdf
2025-04-14 21:24:51,389 - INFO - 處理檔案: 100年_專技高考-律師第一試_綜合法學(二)：民法、民事訴訟法.pdf
2025-04-14 21:24:53,321 - INFO - 合併完成 (成功):
- 處理檔案數: 9
- 輸入總頁數: 106
- 輸出總頁數: 106
- 輸出檔案: C:\Users\tom89\Documents\GitHub\landnote\landnotev3\高點法律考古題\合併後PDF檔案\專技高考-律師第一試\專技高考-律師第一試_綜合法學(二)：民法、民事訴訟法_2011至2020年_合併.pdf
2025-04-14 21:24:53,321 - INFO - 完成 專技高考-律師第一試/綜合法學(二)：民法、民事訴訟法 資料夾處理，合併了 9 個PDF檔案
2025-04-14 21:24:53,321 - INFO - 處理考試類型: 專技高考-律師第二試
2025-04-14 21:24:53,321 - INFO - 處理科目: 公司法、保險法與證券交易法
2025-04-14 21:24:53,321 - INFO - 排序後的檔案順序: ['107年_專技高考-律師第二試_公司法、保險法與證券交易法.pdf', '106年_專技高考-律師第二試_公司法、保險法與證券交易法.pdf', '105年_專技高考-律師第二試_公司法、保險法與證券交易法.pdf', '104年_專技高考-律師第二試_公司法、保險法與證券交易法.pdf']
2025-04-14 21:24:53,321 - INFO - 處理檔案: 107年_專技高考-律師第二試_公司法、保險法與證券交易法.pdf
2025-04-14 21:24:53,361 - INFO - 處理檔案: 106年_專技高考-律師第二試_公司法、保險法與證券交易法.pdf
2025-04-14 21:24:53,394 - INFO - 處理檔案: 105年_專技高考-律師第二試_公司法、保險法與證券交易法.pdf
2025-04-14 21:24:53,426 - INFO - 處理檔案: 104年_專技高考-律師第二試_公司法、保險法與證券交易法.pdf
2025-04-14 21:24:53,704 - INFO - 合併完成 (成功):
- 處理檔案數: 4
- 輸入總頁數: 18
- 輸出總頁數: 18
- 輸出檔案: C:\Users\tom89\Documents\GitHub\landnote\landnotev3\高點法律考古題\合併後PDF檔案\專技高考-律師第二試\專技高考-律師第二試_公司法、保險法與證券交易法_2015至2018年_合併.pdf
2025-04-14 21:24:53,704 - INFO - 完成 專技高考-律師第二試/公司法、保險法與證券交易法 資料夾處理，合併了 4 個PDF檔案
2025-04-14 21:24:53,704 - INFO - 處理科目: 刑法與刑事訴訟法
2025-04-14 21:24:53,704 - INFO - 排序後的檔案順序: ['107年_專技高考-律師第二試_刑法與刑事訴訟法.pdf', '106年_專技高考-律師第二試_刑法與刑事訴訟法.pdf', '105年_專技高考-律師第二試_刑法與刑事訴訟法.pdf', '104年_專技高考-律師第二試_刑法與刑事訴訟法.pdf', '103年_專技高考-律師第二試_刑法與刑事訴訟法.pdf', '102年_專技高考-律師第二試_刑法與刑事訴訟法.pdf', '101年_專技高考-律師第二試_刑法與刑事訴訟法.pdf', '100年_專技高考-律師第二試_刑法與刑事訴訟法.pdf']
2025-04-14 21:24:53,704 - INFO - 處理檔案: 107年_專技高考-律師第二試_刑法與刑事訴訟法.pdf
2025-04-14 21:24:53,766 - INFO - 處理檔案: 106年_專技高考-律師第二試_刑法與刑事訴訟法.pdf
2025-04-14 21:24:53,799 - INFO - 處理檔案: 105年_專技高考-律師第二試_刑法與刑事訴訟法.pdf
2025-04-14 21:24:53,831 - INFO - 處理檔案: 104年_專技高考-律師第二試_刑法與刑事訴訟法.pdf
2025-04-14 21:24:53,849 - INFO - 處理檔案: 103年_專技高考-律師第二試_刑法與刑事訴訟法.pdf
2025-04-14 21:24:53,868 - INFO - 處理檔案: 102年_專技高考-律師第二試_刑法與刑事訴訟法.pdf
2025-04-14 21:24:53,891 - INFO - 處理檔案: 101年_專技高考-律師第二試_刑法與刑事訴訟法.pdf
2025-04-14 21:24:53,929 - INFO - 處理檔案: 100年_專技高考-律師第二試_刑法與刑事訴訟法.pdf
2025-04-14 21:24:54,661 - INFO - 合併完成 (成功):
- 處理檔案數: 8
- 輸入總頁數: 55
- 輸出總頁數: 55
- 輸出檔案: C:\Users\tom89\Documents\GitHub\landnote\landnotev3\高點法律考古題\合併後PDF檔案\專技高考-律師第二試\專技高考-律師第二試_刑法與刑事訴訟法_2011至2018年_合併.pdf
2025-04-14 21:24:54,661 - INFO - 完成 專技高考-律師第二試/刑法與刑事訴訟法 資料夾處理，合併了 8 個PDF檔案
2025-04-14 21:24:54,661 - INFO - 處理科目: 勞動社會法
2025-04-14 21:24:54,662 - INFO - 排序後的檔案順序: ['107年_專技高考-律師第二試_勞動社會法.pdf', '106年_專技高考-律師第二試_勞動社會法.pdf', '105年_專技高考-律師第二試_勞動社會法.pdf', '104年_專技高考-律師第二試_勞動社會法.pdf']
2025-04-14 21:24:54,662 - INFO - 處理檔案: 107年_專技高考-律師第二試_勞動社會法.pdf
2025-04-14 21:24:54,705 - INFO - 處理檔案: 106年_專技高考-律師第二試_勞動社會法.pdf
2025-04-14 21:24:54,737 - INFO - 處理檔案: 105年_專技高考-律師第二試_勞動社會法.pdf
2025-04-14 21:24:54,792 - INFO - 處理檔案: 104年_專技高考-律師第二試_勞動社會法.pdf
2025-04-14 21:24:55,048 - INFO - 合併完成 (成功):
- 處理檔案數: 4
- 輸入總頁數: 17
- 輸出總頁數: 17
- 輸出檔案: C:\Users\tom89\Documents\GitHub\landnote\landnotev3\高點法律考古題\合併後PDF檔案\專技高考-律師第二試\專技高考-律師第二試_勞動社會法_2015至2018年_合併.pdf
2025-04-14 21:24:55,048 - INFO - 完成 專技高考-律師第二試/勞動社會法 資料夾處理，合併了 4 個PDF檔案
2025-04-14 21:24:55,048 - INFO - 處理科目: 商事法（公司法、保險法、票據法、證券交易法）
2025-04-14 21:24:55,048 - INFO - 排序後的檔案順序: ['103年_專技高考-律師第二試_商事法（公司法、保險法、票據法、證券交易法）.pdf', '102年_專技高考-律師第二試_商事法（公司法、保險法、票據法、證券交易法）.pdf', '101年_專技高考-律師第二試_商事法（公司法、保險法、票據法、證券交易法）.pdf', '100年_專技高考-律師第二試_商事法（公司法、保險法、票據法、證券交易法）.pdf']
2025-04-14 21:24:55,048 - INFO - 處理檔案: 103年_專技高考-律師第二試_商事法（公司法、保險法、票據法、證券交易法）.pdf
2025-04-14 21:24:55,077 - INFO - 處理檔案: 102年_專技高考-律師第二試_商事法（公司法、保險法、票據法、證券交易法）.pdf
2025-04-14 21:24:55,094 - INFO - 處理檔案: 101年_專技高考-律師第二試_商事法（公司法、保險法、票據法、證券交易法）.pdf
2025-04-14 21:24:55,128 - INFO - 處理檔案: 100年_專技高考-律師第二試_商事法（公司法、保險法、票據法、證券交易法）.pdf
2025-04-14 21:24:55,380 - INFO - 合併完成 (成功):
- 處理檔案數: 4
- 輸入總頁數: 28
- 輸出總頁數: 28
- 輸出檔案: C:\Users\tom89\Documents\GitHub\landnote\landnotev3\高點法律考古題\合併後PDF檔案\專技高考-律師第二試\專技高考-律師第二試_商事法（公司法、保險法、票據法、證券交易法）_2011至2014年_合併.pdf
2025-04-14 21:24:55,380 - INFO - 完成 專技高考-律師第二試/商事法（公司法、保險法、票據法、證券交易法） 資料夾處理，合併了 4 個PDF檔案
2025-04-14 21:24:55,380 - INFO - 處理科目: 國文( 作文、公文與測驗)
2025-04-14 21:24:55,380 - INFO - 排序後的檔案順序: ['107年_專技高考-律師第二試_國文( 作文、公文與測驗).pdf']
2025-04-14 21:24:55,380 - INFO - 處理檔案: 107年_專技高考-律師第二試_國文( 作文、公文與測驗).pdf
2025-04-14 21:24:55,469 - INFO - 合併完成 (成功):
- 處理檔案數: 1
- 輸入總頁數: 3
- 輸出總頁數: 3
- 輸出檔案: C:\Users\tom89\Documents\GitHub\landnote\landnotev3\高點法律考古題\合併後PDF檔案\專技高考-律師第二試\專技高考-律師第二試_國文( 作文、公文與測驗)_2018至2018年_合併.pdf
2025-04-14 21:24:55,470 - INFO - 完成 專技高考-律師第二試/國文( 作文、公文與測驗) 資料夾處理，合併了 1 個PDF檔案
2025-04-14 21:24:55,470 - INFO - 處理科目: 國文（作文與測驗）
2025-04-14 21:24:55,471 - INFO - 排序後的檔案順序: ['106年_專技高考-律師第二試_國文（作文與測驗）.pdf', '105年_專技高考-律師第二試_國文（作文與測驗）.pdf', '104年_專技高考-律師第二試_國文（作文與測驗）.pdf']
2025-04-14 21:24:55,471 - INFO - 處理檔案: 106年_專技高考-律師第二試_國文（作文與測驗）.pdf
2025-04-14 21:24:55,492 - INFO - 處理檔案: 105年_專技高考-律師第二試_國文（作文與測驗）.pdf
2025-04-14 21:24:55,523 - INFO - 處理檔案: 104年_專技高考-律師第二試_國文（作文與測驗）.pdf
2025-04-14 21:24:55,763 - INFO - 合併完成 (成功):
- 處理檔案數: 3
- 輸入總頁數: 12
- 輸出總頁數: 12
- 輸出檔案: C:\Users\tom89\Documents\GitHub\landnote\landnotev3\高點法律考古題\合併後PDF檔案\專技高考-律師第二試\專技高考-律師第二試_國文（作文與測驗）_2015至2017年_合併.pdf
2025-04-14 21:24:55,763 - INFO - 完成 專技高考-律師第二試/國文（作文與測驗） 資料夾處理，合併了 3 個PDF檔案
2025-04-14 21:24:55,763 - INFO - 處理科目: 憲法與行政法
2025-04-14 21:24:55,763 - INFO - 排序後的檔案順序: ['107年_專技高考-律師第二試_憲法與行政法.pdf', '106年_專技高考-律師第二試_憲法與行政法.pdf', '105年_專技高考-律師第二試_憲法與行政法.pdf', '104年_專技高考-律師第二試_憲法與行政法.pdf', '103年_專技高考-律師第二試_憲法與行政法.pdf', '102年_專技高考-律師第二試_憲法與行政法.pdf', '101年_專技高考-律師第二試_憲法與行政法.pdf', '100年_專技高考-律師第二試_憲法與行政法.pdf']
2025-04-14 21:24:55,763 - INFO - 處理檔案: 107年_專技高考-律師第二試_憲法與行政法.pdf
2025-04-14 21:24:55,806 - INFO - 處理檔案: 106年_專技高考-律師第二試_憲法與行政法.pdf
2025-04-14 21:24:55,840 - INFO - 處理檔案: 105年_專技高考-律師第二試_憲法與行政法.pdf
2025-04-14 21:24:55,859 - INFO - 處理檔案: 104年_專技高考-律師第二試_憲法與行政法.pdf
2025-04-14 21:24:55,879 - INFO - 處理檔案: 103年_專技高考-律師第二試_憲法與行政法.pdf
2025-04-14 21:24:55,896 - INFO - 處理檔案: 102年_專技高考-律師第二試_憲法與行政法.pdf
2025-04-14 21:24:55,928 - INFO - 處理檔案: 101年_專技高考-律師第二試_憲法與行政法.pdf
2025-04-14 21:24:55,989 - INFO - 處理檔案: 100年_專技高考-律師第二試_憲法與行政法.pdf
2025-04-14 21:24:56,829 - INFO - 合併完成 (成功):
- 處理檔案數: 8
- 輸入總頁數: 62
- 輸出總頁數: 62
- 輸出檔案: C:\Users\tom89\Documents\GitHub\landnote\landnotev3\高點法律考古題\合併後PDF檔案\專技高考-律師第二試\專技高考-律師第二試_憲法與行政法_2011至2018年_合併.pdf
2025-04-14 21:24:56,829 - INFO - 完成 專技高考-律師第二試/憲法與行政法 資料夾處理，合併了 8 個PDF檔案
2025-04-14 21:24:56,829 - INFO - 處理科目: 智慧財產權法
2025-04-14 21:24:56,829 - INFO - 排序後的檔案順序: ['107年_專技高考-律師第二試_智慧財產權法.pdf', '106年_專技高考-律師第二試_智慧財產權法.pdf', '105年_專技高考-律師第二試_智慧財產權法.pdf', '104年_專技高考-律師第二試_智慧財產權法.pdf']
2025-04-14 21:24:56,829 - INFO - 處理檔案: 107年_專技高考-律師第二試_智慧財產權法.pdf
2025-04-14 21:24:56,859 - INFO - 處理檔案: 106年_專技高考-律師第二試_智慧財產權法.pdf
2025-04-14 21:24:56,891 - INFO - 處理檔案: 105年_專技高考-律師第二試_智慧財產權法.pdf
2025-04-14 21:24:56,942 - INFO - 處理檔案: 104年_專技高考-律師第二試_智慧財產權法.pdf
2025-04-14 21:24:57,276 - INFO - 合併完成 (成功):
- 處理檔案數: 4
- 輸入總頁數: 18
- 輸出總頁數: 18
- 輸出檔案: C:\Users\tom89\Documents\GitHub\landnote\landnotev3\高點法律考古題\合併後PDF檔案\專技高考-律師第二試\專技高考-律師第二試_智慧財產權法_2015至2018年_合併.pdf
2025-04-14 21:24:57,277 - INFO - 完成 專技高考-律師第二試/智慧財產權法 資料夾處理，合併了 4 個PDF檔案
2025-04-14 21:24:57,277 - INFO - 處理科目: 民法與民事訴訟法
2025-04-14 21:24:57,277 - INFO - 排序後的檔案順序: ['102年_專技高考-律師第二試_民法與民事訴訟法.pdf', '101年_專技高考-律師第二試_民法與民事訴訟法.pdf', '100年_專技高考-律師第二試_民法與民事訴訟法.pdf']
2025-04-14 21:24:57,278 - INFO - 處理檔案: 102年_專技高考-律師第二試_民法與民事訴訟法.pdf
2025-04-14 21:24:57,316 - INFO - 處理檔案: 101年_專技高考-律師第二試_民法與民事訴訟法.pdf
2025-04-14 21:24:57,359 - INFO - 處理檔案: 100年_專技高考-律師第二試_民法與民事訴訟法.pdf
2025-04-14 21:24:57,750 - INFO - 合併完成 (成功):
- 處理檔案數: 3
- 輸入總頁數: 33
- 輸出總頁數: 33
- 輸出檔案: C:\Users\tom89\Documents\GitHub\landnote\landnotev3\高點法律考古題\合併後PDF檔案\專技高考-律師第二試\專技高考-律師第二試_民法與民事訴訟法_2011至2013年_合併.pdf
2025-04-14 21:24:57,750 - INFO - 完成 專技高考-律師第二試/民法與民事訴訟法 資料夾處理，合併了 3 個PDF檔案
2025-04-14 21:24:57,750 - INFO - 處理科目: 民法與民事訴訟法（一）
2025-04-14 21:24:57,750 - INFO - 排序後的檔案順序: ['107年_專技高考-律師第二試_民法與民事訴訟法（一）.pdf', '106年_專技高考-律師第二試_民法與民事訴訟法（一）.pdf']
2025-04-14 21:24:57,750 - INFO - 處理檔案: 107年_專技高考-律師第二試_民法與民事訴訟法（一）.pdf
2025-04-14 21:24:57,793 - INFO - 處理檔案: 106年_專技高考-律師第二試_民法與民事訴訟法（一）.pdf
2025-04-14 21:24:57,974 - INFO - 合併完成 (成功):
- 處理檔案數: 2
- 輸入總頁數: 10
- 輸出總頁數: 10
- 輸出檔案: C:\Users\tom89\Documents\GitHub\landnote\landnotev3\高點法律考古題\合併後PDF檔案\專技高考-律師第二試\專技高考-律師第二試_民法與民事訴訟法（一）_2017至2018年_合併.pdf
2025-04-14 21:24:57,989 - INFO - 完成 專技高考-律師第二試/民法與民事訴訟法（一） 資料夾處理，合併了 2 個PDF檔案
2025-04-14 21:24:57,989 - INFO - 處理科目: 民法與民事訴訟法（二）
2025-04-14 21:24:57,990 - INFO - 排序後的檔案順序: ['107年_專技高考-律師第二試_民法與民事訴訟法（二）.pdf', '106年_專技高考-律師第二試_民法與民事訴訟法（二）.pdf']
2025-04-14 21:24:57,990 - INFO - 處理檔案: 107年_專技高考-律師第二試_民法與民事訴訟法（二）.pdf
2025-04-14 21:24:58,012 - INFO - 處理檔案: 106年_專技高考-律師第二試_民法與民事訴訟法（二）.pdf
